<?xml version="1.0" encoding="UTF-8"?>
<testsuite xmlns:xsi="http://www.w3.org/2001/XMLSchema-instance" xsi:schemaLocation="https://maven.apache.org/surefire/maven-surefire-plugin/xsd/surefire-test-report.xsd" name="pt.upa.transporter.ws.it.ExampleIT" time="55.996" tests="30" errors="0" skipped="0" failures="1">
  <properties>
    <property name="java.runtime.name" value="Java(TM) SE Runtime Environment"/>
    <property name="sun.boot.library.path" value="/usr/local/jdk1.8.0_74/jre/lib/amd64"/>
    <property name="java.vm.version" value="25.74-b02"/>
    <property name="java.vm.vendor" value="Oracle Corporation"/>
    <property name="maven.multiModuleProjectDirectory" value="/home/facas/SD_trab/T_46-project/transporter-ws-cli"/>
    <property name="java.vendor.url" value="http://java.oracle.com/"/>
    <property name="path.separator" value=":"/>
    <property name="guice.disable.misplaced.annotation.check" value="true"/>
    <property name="java.vm.name" value="Java HotSpot(TM) 64-Bit Server VM"/>
    <property name="file.encoding.pkg" value="sun.io"/>
    <property name="user.country" value="PT"/>
    <property name="sun.java.launcher" value="SUN_STANDARD"/>
    <property name="sun.os.patch.level" value="unknown"/>
    <property name="java.vm.specification.name" value="Java Virtual Machine Specification"/>
    <property name="user.dir" value="/home/facas/SD_trab/T_46-project/transporter-ws-cli"/>
    <property name="java.runtime.version" value="1.8.0_74-b02"/>
    <property name="java.awt.graphicsenv" value="sun.awt.X11GraphicsEnvironment"/>
    <property name="java.endorsed.dirs" value="/usr/local/jdk1.8.0_74/jre/lib/endorsed"/>
    <property name="os.arch" value="amd64"/>
    <property name="java.io.tmpdir" value="/tmp"/>
    <property name="line.separator" value="&#10;"/>
    <property name="java.vm.specification.vendor" value="Oracle Corporation"/>
    <property name="os.name" value="Linux"/>
    <property name="classworlds.conf" value="/usr/local/apache-maven-3.3.9/bin/m2.conf"/>
    <property name="sun.jnu.encoding" value="UTF-8"/>
    <property name="java.library.path" value="/usr/java/packages/lib/amd64:/usr/lib64:/lib64:/lib:/usr/lib"/>
    <property name="java.specification.name" value="Java Platform API Specification"/>
    <property name="java.class.version" value="52.0"/>
    <property name="sun.management.compiler" value="HotSpot 64-Bit Tiered Compilers"/>
    <property name="os.version" value="3.13.0-83-generic"/>
    <property name="user.home" value="/home/facas"/>
    <property name="user.timezone" value="Europe/Lisbon"/>
    <property name="java.awt.printerjob" value="sun.print.PSPrinterJob"/>
    <property name="file.encoding" value="UTF-8"/>
    <property name="java.specification.version" value="1.8"/>
    <property name="user.name" value="facas"/>
    <property name="java.class.path" value="/usr/local/apache-maven-3.3.9/boot/plexus-classworlds-2.5.2.jar"/>
    <property name="java.vm.specification.version" value="1.8"/>
    <property name="sun.arch.data.model" value="64"/>
    <property name="java.home" value="/usr/local/jdk1.8.0_74/jre"/>
    <property name="sun.java.command" value="org.codehaus.plexus.classworlds.launcher.Launcher verify"/>
    <property name="java.specification.vendor" value="Oracle Corporation"/>
    <property name="user.language" value="pt"/>
    <property name="awt.toolkit" value="sun.awt.X11.XToolkit"/>
    <property name="java.vm.info" value="mixed mode"/>
    <property name="java.version" value="1.8.0_74"/>
    <property name="java.ext.dirs" value="/usr/local/jdk1.8.0_74/jre/lib/ext:/usr/java/packages/lib/ext"/>
    <property name="securerandom.source" value="file:/dev/./urandom"/>
    <property name="sun.boot.class.path" value="/usr/local/jdk1.8.0_74/jre/lib/resources.jar:/usr/local/jdk1.8.0_74/jre/lib/rt.jar:/usr/local/jdk1.8.0_74/jre/lib/sunrsasign.jar:/usr/local/jdk1.8.0_74/jre/lib/jsse.jar:/usr/local/jdk1.8.0_74/jre/lib/jce.jar:/usr/local/jdk1.8.0_74/jre/lib/charsets.jar:/usr/local/jdk1.8.0_74/jre/lib/jfr.jar:/usr/local/jdk1.8.0_74/jre/classes"/>
    <property name="java.vendor" value="Oracle Corporation"/>
    <property name="maven.home" value="/usr/local/apache-maven-3.3.9"/>
    <property name="file.separator" value="/"/>
    <property name="java.vendor.url.bug" value="http://bugreport.sun.com/bugreport/"/>
    <property name="sun.cpu.endian" value="little"/>
    <property name="sun.io.unicode.encoding" value="UnicodeLittle"/>
    <property name="sun.desktop" value="gnome"/>
    <property name="sun.cpu.isalist" value=""/>
  </properties>
  <testcase name="testRequestJob10" classname="pt.upa.transporter.ws.it.ExampleIT" time="1.219"/>
  <testcase name="testRequestJob11" classname="pt.upa.transporter.ws.it.ExampleIT" time="0.997"/>
  <testcase name="testRequestJob12" classname="pt.upa.transporter.ws.it.ExampleIT" time="0.815"/>
  <testcase name="testRequestJob13" classname="pt.upa.transporter.ws.it.ExampleIT" time="0.752"/>
  <testcase name="testRequestJob14" classname="pt.upa.transporter.ws.it.ExampleIT" time="0.663"/>
  <testcase name="testRequestJob15" classname="pt.upa.transporter.ws.it.ExampleIT" time="0.631"/>
  <testcase name="testRequestJob16" classname="pt.upa.transporter.ws.it.ExampleIT" time="0.621"/>
  <testcase name="testRequestJob17" classname="pt.upa.transporter.ws.it.ExampleIT" time="1.86"/>
  <testcase name="testPing" classname="pt.upa.transporter.ws.it.ExampleIT" time="0.659"/>
  <testcase name="testRequestJob" classname="pt.upa.transporter.ws.it.ExampleIT" time="0.565"/>
  <testcase name="testClearJobs" classname="pt.upa.transporter.ws.it.ExampleIT" time="1.386"/>
  <testcase name="testJobStatus1" classname="pt.upa.transporter.ws.it.ExampleIT" time="0.763"/>
  <testcase name="testJobStatus2" classname="pt.upa.transporter.ws.it.ExampleIT" time="0.8"/>
  <testcase name="testRequestJob1" classname="pt.upa.transporter.ws.it.ExampleIT" time="0.451"/>
  <testcase name="testRequestJob2" classname="pt.upa.transporter.ws.it.ExampleIT" time="0.465"/>
  <testcase name="testRequestJob3" classname="pt.upa.transporter.ws.it.ExampleIT" time="0.606"/>
  <testcase name="testRequestJob4" classname="pt.upa.transporter.ws.it.ExampleIT" time="0.657"/>
  <testcase name="testRequestJob5" classname="pt.upa.transporter.ws.it.ExampleIT" time="0.597"/>
  <testcase name="testRequestJob6" classname="pt.upa.transporter.ws.it.ExampleIT" time="0.599"/>
  <testcase name="testRequestJob7" classname="pt.upa.transporter.ws.it.ExampleIT" time="0.608"/>
  <testcase name="testRequestJob8" classname="pt.upa.transporter.ws.it.ExampleIT" time="0.648"/>
  <testcase name="testRequestJob9" classname="pt.upa.transporter.ws.it.ExampleIT" time="0.595"/>
  <testcase name="testDecideJob" classname="pt.upa.transporter.ws.it.ExampleIT" time="0.583"/>
  <testcase name="testDecideJob1" classname="pt.upa.transporter.ws.it.ExampleIT" time="0.813"/>
  <testcase name="testDecideJob2" classname="pt.upa.transporter.ws.it.ExampleIT" time="0.856"/>
  <testcase name="testDecideJob3" classname="pt.upa.transporter.ws.it.ExampleIT" time="0.778"/>
  <testcase name="testDecideJob4" classname="pt.upa.transporter.ws.it.ExampleIT" time="17.254"/>
  <testcase name="testDecideJob5" classname="pt.upa.transporter.ws.it.ExampleIT" time="14.091">
    <failure type="java.lang.AssertionError">java.lang.AssertionError
	at pt.upa.transporter.ws.it.ExampleIT.testDecideJob5(ExampleIT.java:293)
</failure>
    <system-out><![CDATA[Outbound SOAP message:
<S:Envelope xmlns:S="http://schemas.xmlsoap.org/soap/envelope/" xmlns:SOAP-ENV="http://schemas.xmlsoap.org/soap/envelope/"><SOAP-ENV:Header/><S:Body><ns2:requestJob xmlns:ns2="http://ws.transporter.upa.pt/"><origin>Lisboa</origin><destination>Coimbra</destination><price>10</price></ns2:requestJob></S:Body></S:Envelope>
AddHeaderHandler: Handling message.
Text:
[S:Body: null]
Bytes:
5B533A426F64793A206E756C6C5D
Signing ...
Caught exception in handleMessage: java.lang.NullPointerException
Continue normal processing...
AddHeaderHandler: Handling message.
Text:
[S:Body: null]
Bytes:
5B533A426F64793A206E756C6C5D
got 'UpaTransporter1'
Contacting UDDI at http://localhost:9090
Looking for 'Ca'
Found http://localhost:8090/ca-ws/endpoint
Creating stub ...
Setting endpoint address ...
[
[
  Version: V1
  Subject: CN=DistributedSystems, OU=DEI, O=IST, L=Lisbon, ST=Lisbon, C=PT
  Signature Algorithm: SHA256withRSA, OID = 1.2.840.113549.1.1.11

  Key:  Sun RSA public key, 2048 bits
  modulus: 26667733344901105960569751727828569487214718708670945411188295642815606009560465347954545110592222944090982918465809468419238097364240524173209724878583398722100079734240131613765957603945675438531277654589865657668875533447087897042522082820053362269921081494634218619103722283987100002127744495735659330377296158667180517233635226043251542377330609155607362306352555072875158429670985653207961321353434474546723452521700302196843309492385382168858877968545394718449793701241526884292374101949696866959127615458759504166010855854580719538864213377660845095685904776645547354617687492052899918169806504259680521841033
  public exponent: 65537
  Validity: [From: Thu May 12 17:06:51 WEST 2016,
               To: Wed Aug 10 17:06:51 WEST 2016]
  Issuer: C=PT, L=Lisbon, O=IST, OU=DEI, CN=DistributedSystems
  SerialNumber: [    e012b535 b8ce9382]

]
  Algorithm: [SHA256withRSA]
  Signature:
0000: 26 0A 45 7B D7 52 8A 8F   BE 4A 66 D8 54 FC 68 C3  &.E..R...Jf.T.h.
0010: 07 08 D8 44 DB D3 C7 BB   DF C4 0D 18 28 67 D4 30  ...D........(g.0
0020: 15 3D 66 17 A9 74 76 FA   56 61 99 2F 46 EE 96 DF  .=f..tv.Va./F...
0030: 92 9C 25 F4 7B D3 39 73   40 C1 8C B4 3A EF A5 23  ..%...9s@...:..#
0040: 95 06 4F 35 39 79 13 AF   44 7A 82 C4 E5 E8 E9 7E  ..O59y..Dz......
0050: C7 A5 C8 A5 C4 BB ED 1A   FA EF C1 B2 80 1F 7F A8  ................
0060: 1E 67 EE 56 2D 28 B8 55   1C 80 E9 2B 0E 59 12 B2  .g.V-(.U...+.Y..
0070: 35 B6 86 94 01 F9 F0 BF   61 5F BB 14 74 1B 12 C7  5.......a_..t...
0080: 81 90 F4 53 6B A9 C1 C8   D3 2F 83 09 D4 1F B0 76  ...Sk..../.....v
0090: B6 4A 83 1F DD F0 36 BD   FC F0 E8 D3 60 E9 88 74  .J....6.....`..t
00A0: D6 0D F4 92 ED A0 27 B1   B0 8E 0F E0 B8 04 6B F9  ......'.......k.
00B0: D5 FF E2 7E A2 E7 08 E1   08 9D 2D 17 14 A9 B8 44  ..........-....D
00C0: 33 63 DB 1C 96 0A D4 46   0F FF 5D 88 86 36 B6 A8  3c.....F..]..6..
00D0: 0A F2 97 30 17 3B B1 DB   4F AE DF 35 08 8E 82 58  ...0.;..O..5...X
00E0: 42 5B E2 F8 4D CE BB E9   D7 07 1F C3 00 5C C4 78  B[..M........\.x
00F0: AA 02 86 4D CF D2 66 FE   47 80 7C CB E6 0C DD 2F  ...M..f.G....../

]
Caught exception in handleMessage: java.lang.NullPointerException
Continue normal processing...
Inbound SOAP message:
<S:Envelope xmlns:S="http://schemas.xmlsoap.org/soap/envelope/" xmlns:SOAP-ENV="http://schemas.xmlsoap.org/soap/envelope/"><SOAP-ENV:Header><d:myHeader xmlns:d="http://demo">IEGRPc962kg+hlwcSZ2tSpA/WIcuXLqc0Dt7tLnzsnmUSvYpBqSIurGK1XLkdJJnolwU1ulBn8cRy8yeKQudj1ii32rLCNrXQGPfqq0SKVsY+8CYkqoYxnYwDqFYEl0EezEFgQSz7OjxY4aVj1euEZYHz++LcOLfwQiDMwW4lieRNRRjFR5PLHA2WUnZyRq5RqCjD8YuH+rStV8GhqlQV7OeWUsmNARh5MVGHtH+58I6kOZsLVMToLR62YfvGebEvxrvRQNGPFfQjNAB+4jGiqSE5ChIZqqakMhQeCu9sKG4WDyxqy7SEGSFyTBa5vBwBnxlytVku0XJXTwN2vsbag==</d:myHeader><e:myRequestHeader xmlns:e="urn:example">UpaTransporter1</e:myRequestHeader><e:myID xmlns:e="http://demo">51c8bf66-6800-44ff-a8a4-8bae6d8abe65</e:myID><d:myHeader1 xmlns:d="http://demo">D+ZytJ5eGaKUtdt0NTzeP7ldJvcMFVZCs1jIXaQ3CJM5MBsh7QOWtoqzvEiOLsLN9B+gVQdAs6Qo1zIIyghPubnc7M4xjhHGosVMvRNseFwmcYsoXCdSMbO8JkC2Qew1ebonK1FF5U1IOj+Bn8s6KV7+DSbvsgGyxQyrIgtLX1ZlMO1Fwwc7B3ZngXlvtNsMCvXvA2E3Z/WN/pW2zyVVgtl5+e1bmyHCg5xi8mnkOr8Iv35WIxib6oELr0pIdoSmq9Fl1AvG3EvvC34sloZEwkvxsngbRKkSRyeV8VYW3Scx1vmaLBIR/BNzDYE1pKOPfm5+NDRtVifaivxpwl1hvw==</d:myHeader1></SOAP-ENV:Header><S:Body><ns2:requestJobResponse xmlns:ns2="http://ws.transporter.upa.pt/"><return><companyName>UpaTransporter1</companyName><jobIdentifier>0</jobIdentifier><jobOrigin>Lisboa</jobOrigin><jobDestination>Coimbra</jobDestination><jobPrice>5</jobPrice><jobState>PROPOSED</jobState></return></ns2:requestJobResponse></S:Body></S:Envelope>
Outbound SOAP message:
<S:Envelope xmlns:S="http://schemas.xmlsoap.org/soap/envelope/" xmlns:SOAP-ENV="http://schemas.xmlsoap.org/soap/envelope/"><SOAP-ENV:Header/><S:Body><ns2:decideJob xmlns:ns2="http://ws.transporter.upa.pt/"><id>0</id><accept>true</accept></ns2:decideJob></S:Body></S:Envelope>
AddHeaderHandler: Handling message.
Text:
[S:Body: null]
Bytes:
5B533A426F64793A206E756C6C5D
Signing ...
Caught exception in handleMessage: java.lang.NullPointerException
Continue normal processing...
AddHeaderHandler: Handling message.
Text:
[S:Body: null]
Bytes:
5B533A426F64793A206E756C6C5D
got 'UpaTransporter1'
Contacting UDDI at http://localhost:9090
Looking for 'Ca'
Found http://localhost:8090/ca-ws/endpoint
Creating stub ...
Setting endpoint address ...
[
[
  Version: V1
  Subject: CN=DistributedSystems, OU=DEI, O=IST, L=Lisbon, ST=Lisbon, C=PT
  Signature Algorithm: SHA256withRSA, OID = 1.2.840.113549.1.1.11

  Key:  Sun RSA public key, 2048 bits
  modulus: 26667733344901105960569751727828569487214718708670945411188295642815606009560465347954545110592222944090982918465809468419238097364240524173209724878583398722100079734240131613765957603945675438531277654589865657668875533447087897042522082820053362269921081494634218619103722283987100002127744495735659330377296158667180517233635226043251542377330609155607362306352555072875158429670985653207961321353434474546723452521700302196843309492385382168858877968545394718449793701241526884292374101949696866959127615458759504166010855854580719538864213377660845095685904776645547354617687492052899918169806504259680521841033
  public exponent: 65537
  Validity: [From: Thu May 12 17:06:51 WEST 2016,
               To: Wed Aug 10 17:06:51 WEST 2016]
  Issuer: C=PT, L=Lisbon, O=IST, OU=DEI, CN=DistributedSystems
  SerialNumber: [    e012b535 b8ce9382]

]
  Algorithm: [SHA256withRSA]
  Signature:
0000: 26 0A 45 7B D7 52 8A 8F   BE 4A 66 D8 54 FC 68 C3  &.E..R...Jf.T.h.
0010: 07 08 D8 44 DB D3 C7 BB   DF C4 0D 18 28 67 D4 30  ...D........(g.0
0020: 15 3D 66 17 A9 74 76 FA   56 61 99 2F 46 EE 96 DF  .=f..tv.Va./F...
0030: 92 9C 25 F4 7B D3 39 73   40 C1 8C B4 3A EF A5 23  ..%...9s@...:..#
0040: 95 06 4F 35 39 79 13 AF   44 7A 82 C4 E5 E8 E9 7E  ..O59y..Dz......
0050: C7 A5 C8 A5 C4 BB ED 1A   FA EF C1 B2 80 1F 7F A8  ................
0060: 1E 67 EE 56 2D 28 B8 55   1C 80 E9 2B 0E 59 12 B2  .g.V-(.U...+.Y..
0070: 35 B6 86 94 01 F9 F0 BF   61 5F BB 14 74 1B 12 C7  5.......a_..t...
0080: 81 90 F4 53 6B A9 C1 C8   D3 2F 83 09 D4 1F B0 76  ...Sk..../.....v
0090: B6 4A 83 1F DD F0 36 BD   FC F0 E8 D3 60 E9 88 74  .J....6.....`..t
00A0: D6 0D F4 92 ED A0 27 B1   B0 8E 0F E0 B8 04 6B F9  ......'.......k.
00B0: D5 FF E2 7E A2 E7 08 E1   08 9D 2D 17 14 A9 B8 44  ..........-....D
00C0: 33 63 DB 1C 96 0A D4 46   0F FF 5D 88 86 36 B6 A8  3c.....F..]..6..
00D0: 0A F2 97 30 17 3B B1 DB   4F AE DF 35 08 8E 82 58  ...0.;..O..5...X
00E0: 42 5B E2 F8 4D CE BB E9   D7 07 1F C3 00 5C C4 78  B[..M........\.x
00F0: AA 02 86 4D CF D2 66 FE   47 80 7C CB E6 0C DD 2F  ...M..f.G....../

]
Caught exception in handleMessage: java.lang.NullPointerException
Continue normal processing...
Inbound SOAP message:
<S:Envelope xmlns:S="http://schemas.xmlsoap.org/soap/envelope/" xmlns:SOAP-ENV="http://schemas.xmlsoap.org/soap/envelope/"><SOAP-ENV:Header><d:myHeader xmlns:d="http://demo">IEGRPc962kg+hlwcSZ2tSpA/WIcuXLqc0Dt7tLnzsnmUSvYpBqSIurGK1XLkdJJnolwU1ulBn8cRy8yeKQudj1ii32rLCNrXQGPfqq0SKVsY+8CYkqoYxnYwDqFYEl0EezEFgQSz7OjxY4aVj1euEZYHz++LcOLfwQiDMwW4lieRNRRjFR5PLHA2WUnZyRq5RqCjD8YuH+rStV8GhqlQV7OeWUsmNARh5MVGHtH+58I6kOZsLVMToLR62YfvGebEvxrvRQNGPFfQjNAB+4jGiqSE5ChIZqqakMhQeCu9sKG4WDyxqy7SEGSFyTBa5vBwBnxlytVku0XJXTwN2vsbag==</d:myHeader><e:myRequestHeader xmlns:e="urn:example">UpaTransporter1</e:myRequestHeader><e:myID xmlns:e="http://demo">240595e1-34ab-4d11-8a1b-b3a42d0553ea</e:myID><d:myHeader1 xmlns:d="http://demo">HkHVJNK05yMDZXQhEmdbPXOc5vbQn9HqEz8mfxqeEE44rDiIh8Pgu/ai1SdsXCYmSaunCLLq+jCDibob+yqqwoTis3g9UkXrJOYj0EQU/srtOWxfESYbYxsaEE/+3b/+EdP1aToF5XcUOq9pLZyLG5ig4JLHdLkeFHM9Slh4GF3KUCnCfLS7oBZBKEbNUnSlQQW/QMN7gsP+fxSkg1LkxAPAZhbZvGLP2hIvE9ElvLh2W8oJ0RqQix4gpG1MWAX28aRGNBy+aK0RvJfeMyXJa8Lwz0/9rRhFiQGNSBUU7Cjji6qVKM1qQvcyyGCjeuIA4yk2P4slu2SqtRTKJNThmQ==</d:myHeader1></SOAP-ENV:Header><S:Body><ns2:decideJobResponse xmlns:ns2="http://ws.transporter.upa.pt/"><return><companyName>UpaTransporter1</companyName><jobIdentifier>0</jobIdentifier><jobOrigin>Lisboa</jobOrigin><jobDestination>Coimbra</jobDestination><jobPrice>5</jobPrice><jobState>ACCEPTED</jobState></return></ns2:decideJobResponse></S:Body></S:Envelope>
Outbound SOAP message:
<S:Envelope xmlns:S="http://schemas.xmlsoap.org/soap/envelope/" xmlns:SOAP-ENV="http://schemas.xmlsoap.org/soap/envelope/"><SOAP-ENV:Header/><S:Body><ns2:jobStatus xmlns:ns2="http://ws.transporter.upa.pt/"><id>0</id></ns2:jobStatus></S:Body></S:Envelope>
AddHeaderHandler: Handling message.
Text:
[S:Body: null]
Bytes:
5B533A426F64793A206E756C6C5D
Signing ...
Caught exception in handleMessage: java.lang.NullPointerException
Continue normal processing...
AddHeaderHandler: Handling message.
Text:
[S:Body: null]
Bytes:
5B533A426F64793A206E756C6C5D
got 'UpaTransporter1'
Contacting UDDI at http://localhost:9090
Looking for 'Ca'
Found http://localhost:8090/ca-ws/endpoint
Creating stub ...
Setting endpoint address ...
[
[
  Version: V1
  Subject: CN=DistributedSystems, OU=DEI, O=IST, L=Lisbon, ST=Lisbon, C=PT
  Signature Algorithm: SHA256withRSA, OID = 1.2.840.113549.1.1.11

  Key:  Sun RSA public key, 2048 bits
  modulus: 26667733344901105960569751727828569487214718708670945411188295642815606009560465347954545110592222944090982918465809468419238097364240524173209724878583398722100079734240131613765957603945675438531277654589865657668875533447087897042522082820053362269921081494634218619103722283987100002127744495735659330377296158667180517233635226043251542377330609155607362306352555072875158429670985653207961321353434474546723452521700302196843309492385382168858877968545394718449793701241526884292374101949696866959127615458759504166010855854580719538864213377660845095685904776645547354617687492052899918169806504259680521841033
  public exponent: 65537
  Validity: [From: Thu May 12 17:06:51 WEST 2016,
               To: Wed Aug 10 17:06:51 WEST 2016]
  Issuer: C=PT, L=Lisbon, O=IST, OU=DEI, CN=DistributedSystems
  SerialNumber: [    e012b535 b8ce9382]

]
  Algorithm: [SHA256withRSA]
  Signature:
0000: 26 0A 45 7B D7 52 8A 8F   BE 4A 66 D8 54 FC 68 C3  &.E..R...Jf.T.h.
0010: 07 08 D8 44 DB D3 C7 BB   DF C4 0D 18 28 67 D4 30  ...D........(g.0
0020: 15 3D 66 17 A9 74 76 FA   56 61 99 2F 46 EE 96 DF  .=f..tv.Va./F...
0030: 92 9C 25 F4 7B D3 39 73   40 C1 8C B4 3A EF A5 23  ..%...9s@...:..#
0040: 95 06 4F 35 39 79 13 AF   44 7A 82 C4 E5 E8 E9 7E  ..O59y..Dz......
0050: C7 A5 C8 A5 C4 BB ED 1A   FA EF C1 B2 80 1F 7F A8  ................
0060: 1E 67 EE 56 2D 28 B8 55   1C 80 E9 2B 0E 59 12 B2  .g.V-(.U...+.Y..
0070: 35 B6 86 94 01 F9 F0 BF   61 5F BB 14 74 1B 12 C7  5.......a_..t...
0080: 81 90 F4 53 6B A9 C1 C8   D3 2F 83 09 D4 1F B0 76  ...Sk..../.....v
0090: B6 4A 83 1F DD F0 36 BD   FC F0 E8 D3 60 E9 88 74  .J....6.....`..t
00A0: D6 0D F4 92 ED A0 27 B1   B0 8E 0F E0 B8 04 6B F9  ......'.......k.
00B0: D5 FF E2 7E A2 E7 08 E1   08 9D 2D 17 14 A9 B8 44  ..........-....D
00C0: 33 63 DB 1C 96 0A D4 46   0F FF 5D 88 86 36 B6 A8  3c.....F..]..6..
00D0: 0A F2 97 30 17 3B B1 DB   4F AE DF 35 08 8E 82 58  ...0.;..O..5...X
00E0: 42 5B E2 F8 4D CE BB E9   D7 07 1F C3 00 5C C4 78  B[..M........\.x
00F0: AA 02 86 4D CF D2 66 FE   47 80 7C CB E6 0C DD 2F  ...M..f.G....../

]
Caught exception in handleMessage: java.lang.NullPointerException
Continue normal processing...
Inbound SOAP message:
<S:Envelope xmlns:S="http://schemas.xmlsoap.org/soap/envelope/" xmlns:SOAP-ENV="http://schemas.xmlsoap.org/soap/envelope/"><SOAP-ENV:Header><d:myHeader xmlns:d="http://demo">IEGRPc962kg+hlwcSZ2tSpA/WIcuXLqc0Dt7tLnzsnmUSvYpBqSIurGK1XLkdJJnolwU1ulBn8cRy8yeKQudj1ii32rLCNrXQGPfqq0SKVsY+8CYkqoYxnYwDqFYEl0EezEFgQSz7OjxY4aVj1euEZYHz++LcOLfwQiDMwW4lieRNRRjFR5PLHA2WUnZyRq5RqCjD8YuH+rStV8GhqlQV7OeWUsmNARh5MVGHtH+58I6kOZsLVMToLR62YfvGebEvxrvRQNGPFfQjNAB+4jGiqSE5ChIZqqakMhQeCu9sKG4WDyxqy7SEGSFyTBa5vBwBnxlytVku0XJXTwN2vsbag==</d:myHeader><e:myRequestHeader xmlns:e="urn:example">UpaTransporter1</e:myRequestHeader><e:myID xmlns:e="http://demo">1d356c15-3b75-42de-bb8f-25af2af331d2</e:myID><d:myHeader1 xmlns:d="http://demo">0kEgGk/r+vDwuh/iU+j3T+opma1hL2n5PrrUqMjolU24/qd1IG9THRBOofw7YoWceAlx46KGZGBOnDLsluwec90xkN2uqAnxcqfDV3KIWoNplG7IurITQ20IHMH93JzsOQgxMcWNKYo+p3Gi6kLRtxYwah4CEY9oOoAXVnfGeUxVTOSKjcpYTBIPr4LiaAJ91QF6WrbOIJf0S5aUwNEe65k89T80s4fnuGpefoEwkVzuGh/l40dpiBIZQNBnh/WmSODBeHVJVI8rRLLMAZ4ctbfOdDF0yXxlsjrHOxLPvbmxSn4EFISicBtFv3Ym95rrXnkXEa5Ajk5wSX9sGdzj8A==</d:myHeader1></SOAP-ENV:Header><S:Body><ns2:jobStatusResponse xmlns:ns2="http://ws.transporter.upa.pt/"><return><companyName>UpaTransporter1</companyName><jobIdentifier>0</jobIdentifier><jobOrigin>Lisboa</jobOrigin><jobDestination>Coimbra</jobDestination><jobPrice>5</jobPrice><jobState>ACCEPTED</jobState></return></ns2:jobStatusResponse></S:Body></S:Envelope>
Outbound SOAP message:
<S:Envelope xmlns:S="http://schemas.xmlsoap.org/soap/envelope/" xmlns:SOAP-ENV="http://schemas.xmlsoap.org/soap/envelope/"><SOAP-ENV:Header/><S:Body><ns2:jobStatus xmlns:ns2="http://ws.transporter.upa.pt/"><id>0</id></ns2:jobStatus></S:Body></S:Envelope>
AddHeaderHandler: Handling message.
Text:
[S:Body: null]
Bytes:
5B533A426F64793A206E756C6C5D
Signing ...
Caught exception in handleMessage: java.lang.NullPointerException
Continue normal processing...
AddHeaderHandler: Handling message.
Text:
[S:Body: null]
Bytes:
5B533A426F64793A206E756C6C5D
got 'UpaTransporter1'
Contacting UDDI at http://localhost:9090
Looking for 'Ca'
Found http://localhost:8090/ca-ws/endpoint
Creating stub ...
Setting endpoint address ...
[
[
  Version: V1
  Subject: CN=DistributedSystems, OU=DEI, O=IST, L=Lisbon, ST=Lisbon, C=PT
  Signature Algorithm: SHA256withRSA, OID = 1.2.840.113549.1.1.11

  Key:  Sun RSA public key, 2048 bits
  modulus: 26667733344901105960569751727828569487214718708670945411188295642815606009560465347954545110592222944090982918465809468419238097364240524173209724878583398722100079734240131613765957603945675438531277654589865657668875533447087897042522082820053362269921081494634218619103722283987100002127744495735659330377296158667180517233635226043251542377330609155607362306352555072875158429670985653207961321353434474546723452521700302196843309492385382168858877968545394718449793701241526884292374101949696866959127615458759504166010855854580719538864213377660845095685904776645547354617687492052899918169806504259680521841033
  public exponent: 65537
  Validity: [From: Thu May 12 17:06:51 WEST 2016,
               To: Wed Aug 10 17:06:51 WEST 2016]
  Issuer: C=PT, L=Lisbon, O=IST, OU=DEI, CN=DistributedSystems
  SerialNumber: [    e012b535 b8ce9382]

]
  Algorithm: [SHA256withRSA]
  Signature:
0000: 26 0A 45 7B D7 52 8A 8F   BE 4A 66 D8 54 FC 68 C3  &.E..R...Jf.T.h.
0010: 07 08 D8 44 DB D3 C7 BB   DF C4 0D 18 28 67 D4 30  ...D........(g.0
0020: 15 3D 66 17 A9 74 76 FA   56 61 99 2F 46 EE 96 DF  .=f..tv.Va./F...
0030: 92 9C 25 F4 7B D3 39 73   40 C1 8C B4 3A EF A5 23  ..%...9s@...:..#
0040: 95 06 4F 35 39 79 13 AF   44 7A 82 C4 E5 E8 E9 7E  ..O59y..Dz......
0050: C7 A5 C8 A5 C4 BB ED 1A   FA EF C1 B2 80 1F 7F A8  ................
0060: 1E 67 EE 56 2D 28 B8 55   1C 80 E9 2B 0E 59 12 B2  .g.V-(.U...+.Y..
0070: 35 B6 86 94 01 F9 F0 BF   61 5F BB 14 74 1B 12 C7  5.......a_..t...
0080: 81 90 F4 53 6B A9 C1 C8   D3 2F 83 09 D4 1F B0 76  ...Sk..../.....v
0090: B6 4A 83 1F DD F0 36 BD   FC F0 E8 D3 60 E9 88 74  .J....6.....`..t
00A0: D6 0D F4 92 ED A0 27 B1   B0 8E 0F E0 B8 04 6B F9  ......'.......k.
00B0: D5 FF E2 7E A2 E7 08 E1   08 9D 2D 17 14 A9 B8 44  ..........-....D
00C0: 33 63 DB 1C 96 0A D4 46   0F FF 5D 88 86 36 B6 A8  3c.....F..]..6..
00D0: 0A F2 97 30 17 3B B1 DB   4F AE DF 35 08 8E 82 58  ...0.;..O..5...X
00E0: 42 5B E2 F8 4D CE BB E9   D7 07 1F C3 00 5C C4 78  B[..M........\.x
00F0: AA 02 86 4D CF D2 66 FE   47 80 7C CB E6 0C DD 2F  ...M..f.G....../

]
Caught exception in handleMessage: java.lang.NullPointerException
Continue normal processing...
Inbound SOAP message:
<S:Envelope xmlns:S="http://schemas.xmlsoap.org/soap/envelope/" xmlns:SOAP-ENV="http://schemas.xmlsoap.org/soap/envelope/"><SOAP-ENV:Header><d:myHeader xmlns:d="http://demo">IEGRPc962kg+hlwcSZ2tSpA/WIcuXLqc0Dt7tLnzsnmUSvYpBqSIurGK1XLkdJJnolwU1ulBn8cRy8yeKQudj1ii32rLCNrXQGPfqq0SKVsY+8CYkqoYxnYwDqFYEl0EezEFgQSz7OjxY4aVj1euEZYHz++LcOLfwQiDMwW4lieRNRRjFR5PLHA2WUnZyRq5RqCjD8YuH+rStV8GhqlQV7OeWUsmNARh5MVGHtH+58I6kOZsLVMToLR62YfvGebEvxrvRQNGPFfQjNAB+4jGiqSE5ChIZqqakMhQeCu9sKG4WDyxqy7SEGSFyTBa5vBwBnxlytVku0XJXTwN2vsbag==</d:myHeader><e:myRequestHeader xmlns:e="urn:example">UpaTransporter1</e:myRequestHeader><e:myID xmlns:e="http://demo">05b2d955-f203-4053-97ed-e2b8134d0a53</e:myID><d:myHeader1 xmlns:d="http://demo">TWZCLnTbgzciTBLSRAW/Z78pQ4wxAvw6NYTOSzQzjdNOe3XMVMgzhJMRk/DPUB7Rt4S/JmU8ZPAQquzc6zuC/gYGBI3APyH3ed0ag73MbzukXEThtpQJNi3ekDh4vTOZiLlJSyRkDC4KmrG7eKdn9xeXTA49vaqAiCSbVzrmjdKBmSipjFm9UzH/h2/4naEvIhOCPAcnCOwUnnrd5Jfyg3fka+HR8s0Fkdlwb+27o4bSRTxv8R8m/XsRSxc1IlSr5L6qb7LxHkMxYRI3C2Sj5yGcd+RYAFDY7OJtp8D4ueHVW1x1B+QhzS4NI8LlWfcsAF/MXg3hADe1Ofsro4C20Q==</d:myHeader1></SOAP-ENV:Header><S:Body><ns2:jobStatusResponse xmlns:ns2="http://ws.transporter.upa.pt/"><return><companyName>UpaTransporter1</companyName><jobIdentifier>0</jobIdentifier><jobOrigin>Lisboa</jobOrigin><jobDestination>Coimbra</jobDestination><jobPrice>5</jobPrice><jobState>ACCEPTED</jobState></return></ns2:jobStatusResponse></S:Body></S:Envelope>
Outbound SOAP message:
<S:Envelope xmlns:S="http://schemas.xmlsoap.org/soap/envelope/" xmlns:SOAP-ENV="http://schemas.xmlsoap.org/soap/envelope/"><SOAP-ENV:Header/><S:Body><ns2:jobStatus xmlns:ns2="http://ws.transporter.upa.pt/"><id>0</id></ns2:jobStatus></S:Body></S:Envelope>
AddHeaderHandler: Handling message.
Text:
[S:Body: null]
Bytes:
5B533A426F64793A206E756C6C5D
Signing ...
Caught exception in handleMessage: java.lang.NullPointerException
Continue normal processing...
AddHeaderHandler: Handling message.
Text:
[S:Body: null]
Bytes:
5B533A426F64793A206E756C6C5D
got 'UpaTransporter1'
Contacting UDDI at http://localhost:9090
Looking for 'Ca'
Found http://localhost:8090/ca-ws/endpoint
Creating stub ...
Setting endpoint address ...
[
[
  Version: V1
  Subject: CN=DistributedSystems, OU=DEI, O=IST, L=Lisbon, ST=Lisbon, C=PT
  Signature Algorithm: SHA256withRSA, OID = 1.2.840.113549.1.1.11

  Key:  Sun RSA public key, 2048 bits
  modulus: 26667733344901105960569751727828569487214718708670945411188295642815606009560465347954545110592222944090982918465809468419238097364240524173209724878583398722100079734240131613765957603945675438531277654589865657668875533447087897042522082820053362269921081494634218619103722283987100002127744495735659330377296158667180517233635226043251542377330609155607362306352555072875158429670985653207961321353434474546723452521700302196843309492385382168858877968545394718449793701241526884292374101949696866959127615458759504166010855854580719538864213377660845095685904776645547354617687492052899918169806504259680521841033
  public exponent: 65537
  Validity: [From: Thu May 12 17:06:51 WEST 2016,
               To: Wed Aug 10 17:06:51 WEST 2016]
  Issuer: C=PT, L=Lisbon, O=IST, OU=DEI, CN=DistributedSystems
  SerialNumber: [    e012b535 b8ce9382]

]
  Algorithm: [SHA256withRSA]
  Signature:
0000: 26 0A 45 7B D7 52 8A 8F   BE 4A 66 D8 54 FC 68 C3  &.E..R...Jf.T.h.
0010: 07 08 D8 44 DB D3 C7 BB   DF C4 0D 18 28 67 D4 30  ...D........(g.0
0020: 15 3D 66 17 A9 74 76 FA   56 61 99 2F 46 EE 96 DF  .=f..tv.Va./F...
0030: 92 9C 25 F4 7B D3 39 73   40 C1 8C B4 3A EF A5 23  ..%...9s@...:..#
0040: 95 06 4F 35 39 79 13 AF   44 7A 82 C4 E5 E8 E9 7E  ..O59y..Dz......
0050: C7 A5 C8 A5 C4 BB ED 1A   FA EF C1 B2 80 1F 7F A8  ................
0060: 1E 67 EE 56 2D 28 B8 55   1C 80 E9 2B 0E 59 12 B2  .g.V-(.U...+.Y..
0070: 35 B6 86 94 01 F9 F0 BF   61 5F BB 14 74 1B 12 C7  5.......a_..t...
0080: 81 90 F4 53 6B A9 C1 C8   D3 2F 83 09 D4 1F B0 76  ...Sk..../.....v
0090: B6 4A 83 1F DD F0 36 BD   FC F0 E8 D3 60 E9 88 74  .J....6.....`..t
00A0: D6 0D F4 92 ED A0 27 B1   B0 8E 0F E0 B8 04 6B F9  ......'.......k.
00B0: D5 FF E2 7E A2 E7 08 E1   08 9D 2D 17 14 A9 B8 44  ..........-....D
00C0: 33 63 DB 1C 96 0A D4 46   0F FF 5D 88 86 36 B6 A8  3c.....F..]..6..
00D0: 0A F2 97 30 17 3B B1 DB   4F AE DF 35 08 8E 82 58  ...0.;..O..5...X
00E0: 42 5B E2 F8 4D CE BB E9   D7 07 1F C3 00 5C C4 78  B[..M........\.x
00F0: AA 02 86 4D CF D2 66 FE   47 80 7C CB E6 0C DD 2F  ...M..f.G....../

]
Caught exception in handleMessage: java.lang.NullPointerException
Continue normal processing...
Inbound SOAP message:
<S:Envelope xmlns:S="http://schemas.xmlsoap.org/soap/envelope/" xmlns:SOAP-ENV="http://schemas.xmlsoap.org/soap/envelope/"><SOAP-ENV:Header><d:myHeader xmlns:d="http://demo">IEGRPc962kg+hlwcSZ2tSpA/WIcuXLqc0Dt7tLnzsnmUSvYpBqSIurGK1XLkdJJnolwU1ulBn8cRy8yeKQudj1ii32rLCNrXQGPfqq0SKVsY+8CYkqoYxnYwDqFYEl0EezEFgQSz7OjxY4aVj1euEZYHz++LcOLfwQiDMwW4lieRNRRjFR5PLHA2WUnZyRq5RqCjD8YuH+rStV8GhqlQV7OeWUsmNARh5MVGHtH+58I6kOZsLVMToLR62YfvGebEvxrvRQNGPFfQjNAB+4jGiqSE5ChIZqqakMhQeCu9sKG4WDyxqy7SEGSFyTBa5vBwBnxlytVku0XJXTwN2vsbag==</d:myHeader><e:myRequestHeader xmlns:e="urn:example">UpaTransporter1</e:myRequestHeader><e:myID xmlns:e="http://demo">7ee5cd76-0cd6-4d9f-8a08-fe60dc0fc0ff</e:myID><d:myHeader1 xmlns:d="http://demo">yt3csBRjon7rv7S97ehIpabChbiF/ziEL/BcL/HrVGPe1tVH7T37nlMeJH7PeZOrnfOjBfDoxgznwSkkiIR/ulZLi0lIIqINEFAWmKFrbZ12sLeJyXPsSkxw65juH3BjO7cJVcoSTYHAPmBr1c2FFxPnZOlV12OY451sUA86qfkBo0RQjX9P5UCYoASlgexBLNVCppopNyHdMbT5CdN3X7AU5PISOXcwwYJgr5sAdxZjTE+k++eaXIwjeA+DkHUl8fB2F+O77Vcdg8+2TdHM0BlSCq+fKEmssaL7EQWD20QFCKOnxeMQanWWiJ48rH4JoEHPCS+yQaTNOUyvzdu1sA==</d:myHeader1></SOAP-ENV:Header><S:Body><ns2:jobStatusResponse xmlns:ns2="http://ws.transporter.upa.pt/"><return><companyName>UpaTransporter1</companyName><jobIdentifier>0</jobIdentifier><jobOrigin>Lisboa</jobOrigin><jobDestination>Coimbra</jobDestination><jobPrice>5</jobPrice><jobState>ACCEPTED</jobState></return></ns2:jobStatusResponse></S:Body></S:Envelope>
Outbound SOAP message:
<S:Envelope xmlns:S="http://schemas.xmlsoap.org/soap/envelope/" xmlns:SOAP-ENV="http://schemas.xmlsoap.org/soap/envelope/"><SOAP-ENV:Header/><S:Body><ns2:jobStatus xmlns:ns2="http://ws.transporter.upa.pt/"><id>0</id></ns2:jobStatus></S:Body></S:Envelope>
AddHeaderHandler: Handling message.
Text:
[S:Body: null]
Bytes:
5B533A426F64793A206E756C6C5D
Signing ...
Caught exception in handleMessage: java.lang.NullPointerException
Continue normal processing...
AddHeaderHandler: Handling message.
Text:
[S:Body: null]
Bytes:
5B533A426F64793A206E756C6C5D
got 'UpaTransporter1'
Contacting UDDI at http://localhost:9090
Looking for 'Ca'
Found http://localhost:8090/ca-ws/endpoint
Creating stub ...
Setting endpoint address ...
[
[
  Version: V1
  Subject: CN=DistributedSystems, OU=DEI, O=IST, L=Lisbon, ST=Lisbon, C=PT
  Signature Algorithm: SHA256withRSA, OID = 1.2.840.113549.1.1.11

  Key:  Sun RSA public key, 2048 bits
  modulus: 26667733344901105960569751727828569487214718708670945411188295642815606009560465347954545110592222944090982918465809468419238097364240524173209724878583398722100079734240131613765957603945675438531277654589865657668875533447087897042522082820053362269921081494634218619103722283987100002127744495735659330377296158667180517233635226043251542377330609155607362306352555072875158429670985653207961321353434474546723452521700302196843309492385382168858877968545394718449793701241526884292374101949696866959127615458759504166010855854580719538864213377660845095685904776645547354617687492052899918169806504259680521841033
  public exponent: 65537
  Validity: [From: Thu May 12 17:06:51 WEST 2016,
               To: Wed Aug 10 17:06:51 WEST 2016]
  Issuer: C=PT, L=Lisbon, O=IST, OU=DEI, CN=DistributedSystems
  SerialNumber: [    e012b535 b8ce9382]

]
  Algorithm: [SHA256withRSA]
  Signature:
0000: 26 0A 45 7B D7 52 8A 8F   BE 4A 66 D8 54 FC 68 C3  &.E..R...Jf.T.h.
0010: 07 08 D8 44 DB D3 C7 BB   DF C4 0D 18 28 67 D4 30  ...D........(g.0
0020: 15 3D 66 17 A9 74 76 FA   56 61 99 2F 46 EE 96 DF  .=f..tv.Va./F...
0030: 92 9C 25 F4 7B D3 39 73   40 C1 8C B4 3A EF A5 23  ..%...9s@...:..#
0040: 95 06 4F 35 39 79 13 AF   44 7A 82 C4 E5 E8 E9 7E  ..O59y..Dz......
0050: C7 A5 C8 A5 C4 BB ED 1A   FA EF C1 B2 80 1F 7F A8  ................
0060: 1E 67 EE 56 2D 28 B8 55   1C 80 E9 2B 0E 59 12 B2  .g.V-(.U...+.Y..
0070: 35 B6 86 94 01 F9 F0 BF   61 5F BB 14 74 1B 12 C7  5.......a_..t...
0080: 81 90 F4 53 6B A9 C1 C8   D3 2F 83 09 D4 1F B0 76  ...Sk..../.....v
0090: B6 4A 83 1F DD F0 36 BD   FC F0 E8 D3 60 E9 88 74  .J....6.....`..t
00A0: D6 0D F4 92 ED A0 27 B1   B0 8E 0F E0 B8 04 6B F9  ......'.......k.
00B0: D5 FF E2 7E A2 E7 08 E1   08 9D 2D 17 14 A9 B8 44  ..........-....D
00C0: 33 63 DB 1C 96 0A D4 46   0F FF 5D 88 86 36 B6 A8  3c.....F..]..6..
00D0: 0A F2 97 30 17 3B B1 DB   4F AE DF 35 08 8E 82 58  ...0.;..O..5...X
00E0: 42 5B E2 F8 4D CE BB E9   D7 07 1F C3 00 5C C4 78  B[..M........\.x
00F0: AA 02 86 4D CF D2 66 FE   47 80 7C CB E6 0C DD 2F  ...M..f.G....../

]
Caught exception in handleMessage: java.lang.NullPointerException
Continue normal processing...
Inbound SOAP message:
<S:Envelope xmlns:S="http://schemas.xmlsoap.org/soap/envelope/" xmlns:SOAP-ENV="http://schemas.xmlsoap.org/soap/envelope/"><SOAP-ENV:Header><d:myHeader xmlns:d="http://demo">IEGRPc962kg+hlwcSZ2tSpA/WIcuXLqc0Dt7tLnzsnmUSvYpBqSIurGK1XLkdJJnolwU1ulBn8cRy8yeKQudj1ii32rLCNrXQGPfqq0SKVsY+8CYkqoYxnYwDqFYEl0EezEFgQSz7OjxY4aVj1euEZYHz++LcOLfwQiDMwW4lieRNRRjFR5PLHA2WUnZyRq5RqCjD8YuH+rStV8GhqlQV7OeWUsmNARh5MVGHtH+58I6kOZsLVMToLR62YfvGebEvxrvRQNGPFfQjNAB+4jGiqSE5ChIZqqakMhQeCu9sKG4WDyxqy7SEGSFyTBa5vBwBnxlytVku0XJXTwN2vsbag==</d:myHeader><e:myRequestHeader xmlns:e="urn:example">UpaTransporter1</e:myRequestHeader><e:myID xmlns:e="http://demo">1e8eecb8-78d7-4e71-b71b-fda781f797fb</e:myID><d:myHeader1 xmlns:d="http://demo">Yb+3G42xLv8CCco5Aq26UkwS9YgAnBLpMvW/N5+/TImjuJyogGO/U3Rog39nzlnCNCszbkOYFFqTG/dMR9Ej6TXDA1rFz7uw3uJ+zvfYu3VXx69vLHacdAESTsHC2wChe8Q8JKbxzRxrAil9gwnESLbHtRQNxx8RgK88luZ1zBF2zJ7Yj6LlwIljrnMs/dho+Ud/7VTzv62Ss8i5QVN6eHYoinC86dgo7guUa8xtaoTWf7RHagCxZISEtMtAKGDBKxOB2ECMrUsjjffTy7+e2ceEkWx6pQ+mWAnIpQV60aC3h9aB7dLDz1WAr+OFkcKYQJKLdC/Z1AFLaEYEdPCIvQ==</d:myHeader1></SOAP-ENV:Header><S:Body><ns2:jobStatusResponse xmlns:ns2="http://ws.transporter.upa.pt/"><return><companyName>UpaTransporter1</companyName><jobIdentifier>0</jobIdentifier><jobOrigin>Lisboa</jobOrigin><jobDestination>Coimbra</jobDestination><jobPrice>5</jobPrice><jobState>ACCEPTED</jobState></return></ns2:jobStatusResponse></S:Body></S:Envelope>
Outbound SOAP message:
<S:Envelope xmlns:S="http://schemas.xmlsoap.org/soap/envelope/" xmlns:SOAP-ENV="http://schemas.xmlsoap.org/soap/envelope/"><SOAP-ENV:Header/><S:Body><ns2:jobStatus xmlns:ns2="http://ws.transporter.upa.pt/"><id>0</id></ns2:jobStatus></S:Body></S:Envelope>
AddHeaderHandler: Handling message.
Text:
[S:Body: null]
Bytes:
5B533A426F64793A206E756C6C5D
Signing ...
Caught exception in handleMessage: java.lang.NullPointerException
Continue normal processing...
AddHeaderHandler: Handling message.
Text:
[S:Body: null]
Bytes:
5B533A426F64793A206E756C6C5D
got 'UpaTransporter1'
Contacting UDDI at http://localhost:9090
Looking for 'Ca'
Found http://localhost:8090/ca-ws/endpoint
Creating stub ...
Setting endpoint address ...
[
[
  Version: V1
  Subject: CN=DistributedSystems, OU=DEI, O=IST, L=Lisbon, ST=Lisbon, C=PT
  Signature Algorithm: SHA256withRSA, OID = 1.2.840.113549.1.1.11

  Key:  Sun RSA public key, 2048 bits
  modulus: 26667733344901105960569751727828569487214718708670945411188295642815606009560465347954545110592222944090982918465809468419238097364240524173209724878583398722100079734240131613765957603945675438531277654589865657668875533447087897042522082820053362269921081494634218619103722283987100002127744495735659330377296158667180517233635226043251542377330609155607362306352555072875158429670985653207961321353434474546723452521700302196843309492385382168858877968545394718449793701241526884292374101949696866959127615458759504166010855854580719538864213377660845095685904776645547354617687492052899918169806504259680521841033
  public exponent: 65537
  Validity: [From: Thu May 12 17:06:51 WEST 2016,
               To: Wed Aug 10 17:06:51 WEST 2016]
  Issuer: C=PT, L=Lisbon, O=IST, OU=DEI, CN=DistributedSystems
  SerialNumber: [    e012b535 b8ce9382]

]
  Algorithm: [SHA256withRSA]
  Signature:
0000: 26 0A 45 7B D7 52 8A 8F   BE 4A 66 D8 54 FC 68 C3  &.E..R...Jf.T.h.
0010: 07 08 D8 44 DB D3 C7 BB   DF C4 0D 18 28 67 D4 30  ...D........(g.0
0020: 15 3D 66 17 A9 74 76 FA   56 61 99 2F 46 EE 96 DF  .=f..tv.Va./F...
0030: 92 9C 25 F4 7B D3 39 73   40 C1 8C B4 3A EF A5 23  ..%...9s@...:..#
0040: 95 06 4F 35 39 79 13 AF   44 7A 82 C4 E5 E8 E9 7E  ..O59y..Dz......
0050: C7 A5 C8 A5 C4 BB ED 1A   FA EF C1 B2 80 1F 7F A8  ................
0060: 1E 67 EE 56 2D 28 B8 55   1C 80 E9 2B 0E 59 12 B2  .g.V-(.U...+.Y..
0070: 35 B6 86 94 01 F9 F0 BF   61 5F BB 14 74 1B 12 C7  5.......a_..t...
0080: 81 90 F4 53 6B A9 C1 C8   D3 2F 83 09 D4 1F B0 76  ...Sk..../.....v
0090: B6 4A 83 1F DD F0 36 BD   FC F0 E8 D3 60 E9 88 74  .J....6.....`..t
00A0: D6 0D F4 92 ED A0 27 B1   B0 8E 0F E0 B8 04 6B F9  ......'.......k.
00B0: D5 FF E2 7E A2 E7 08 E1   08 9D 2D 17 14 A9 B8 44  ..........-....D
00C0: 33 63 DB 1C 96 0A D4 46   0F FF 5D 88 86 36 B6 A8  3c.....F..]..6..
00D0: 0A F2 97 30 17 3B B1 DB   4F AE DF 35 08 8E 82 58  ...0.;..O..5...X
00E0: 42 5B E2 F8 4D CE BB E9   D7 07 1F C3 00 5C C4 78  B[..M........\.x
00F0: AA 02 86 4D CF D2 66 FE   47 80 7C CB E6 0C DD 2F  ...M..f.G....../

]
Caught exception in handleMessage: java.lang.NullPointerException
Continue normal processing...
Inbound SOAP message:
<S:Envelope xmlns:S="http://schemas.xmlsoap.org/soap/envelope/" xmlns:SOAP-ENV="http://schemas.xmlsoap.org/soap/envelope/"><SOAP-ENV:Header><d:myHeader xmlns:d="http://demo">IEGRPc962kg+hlwcSZ2tSpA/WIcuXLqc0Dt7tLnzsnmUSvYpBqSIurGK1XLkdJJnolwU1ulBn8cRy8yeKQudj1ii32rLCNrXQGPfqq0SKVsY+8CYkqoYxnYwDqFYEl0EezEFgQSz7OjxY4aVj1euEZYHz++LcOLfwQiDMwW4lieRNRRjFR5PLHA2WUnZyRq5RqCjD8YuH+rStV8GhqlQV7OeWUsmNARh5MVGHtH+58I6kOZsLVMToLR62YfvGebEvxrvRQNGPFfQjNAB+4jGiqSE5ChIZqqakMhQeCu9sKG4WDyxqy7SEGSFyTBa5vBwBnxlytVku0XJXTwN2vsbag==</d:myHeader><e:myRequestHeader xmlns:e="urn:example">UpaTransporter1</e:myRequestHeader><e:myID xmlns:e="http://demo">6d857b0c-51ac-4c95-b567-0cc0a7064132</e:myID><d:myHeader1 xmlns:d="http://demo">FiWDsKrOBGmOaDZwSpDr2TS3kwVzsqJ64MOfEGXKt++evUcKtPluTZ4DmqJ5TWsUw6jTt8xmlaQnOXWjGj5cPhcMm4gOx+YkTn3i01OTTnWtNyxWYk7SSIyHzPesmi5FMTzRmdcU/U5LhITrh3cr2qUXWkMYfNvfQZqfmHRr3JbVzVqRBMeiB+1BRKFar9Az+SCqTXXXSaIJiFwP6PUVRj9ib8UoVZhOyqX9LKVfU71uo6fSxwgAgY96FVAaAzST4Fx6LeRVhXwdGqbhh1UPmHsOjNPglEYaT+PhlgPFYK4j5ckAsR0uoqBg8Ums36BHgyzCYKA8aFbQhIhZGGOhYA==</d:myHeader1></SOAP-ENV:Header><S:Body><ns2:jobStatusResponse xmlns:ns2="http://ws.transporter.upa.pt/"><return><companyName>UpaTransporter1</companyName><jobIdentifier>0</jobIdentifier><jobOrigin>Lisboa</jobOrigin><jobDestination>Coimbra</jobDestination><jobPrice>5</jobPrice><jobState>ACCEPTED</jobState></return></ns2:jobStatusResponse></S:Body></S:Envelope>
Outbound SOAP message:
<S:Envelope xmlns:S="http://schemas.xmlsoap.org/soap/envelope/" xmlns:SOAP-ENV="http://schemas.xmlsoap.org/soap/envelope/"><SOAP-ENV:Header/><S:Body><ns2:jobStatus xmlns:ns2="http://ws.transporter.upa.pt/"><id>0</id></ns2:jobStatus></S:Body></S:Envelope>
AddHeaderHandler: Handling message.
Text:
[S:Body: null]
Bytes:
5B533A426F64793A206E756C6C5D
Signing ...
Caught exception in handleMessage: java.lang.NullPointerException
Continue normal processing...
AddHeaderHandler: Handling message.
Text:
[S:Body: null]
Bytes:
5B533A426F64793A206E756C6C5D
got 'UpaTransporter1'
Contacting UDDI at http://localhost:9090
Looking for 'Ca'
Found http://localhost:8090/ca-ws/endpoint
Creating stub ...
Setting endpoint address ...
[
[
  Version: V1
  Subject: CN=DistributedSystems, OU=DEI, O=IST, L=Lisbon, ST=Lisbon, C=PT
  Signature Algorithm: SHA256withRSA, OID = 1.2.840.113549.1.1.11

  Key:  Sun RSA public key, 2048 bits
  modulus: 26667733344901105960569751727828569487214718708670945411188295642815606009560465347954545110592222944090982918465809468419238097364240524173209724878583398722100079734240131613765957603945675438531277654589865657668875533447087897042522082820053362269921081494634218619103722283987100002127744495735659330377296158667180517233635226043251542377330609155607362306352555072875158429670985653207961321353434474546723452521700302196843309492385382168858877968545394718449793701241526884292374101949696866959127615458759504166010855854580719538864213377660845095685904776645547354617687492052899918169806504259680521841033
  public exponent: 65537
  Validity: [From: Thu May 12 17:06:51 WEST 2016,
               To: Wed Aug 10 17:06:51 WEST 2016]
  Issuer: C=PT, L=Lisbon, O=IST, OU=DEI, CN=DistributedSystems
  SerialNumber: [    e012b535 b8ce9382]

]
  Algorithm: [SHA256withRSA]
  Signature:
0000: 26 0A 45 7B D7 52 8A 8F   BE 4A 66 D8 54 FC 68 C3  &.E..R...Jf.T.h.
0010: 07 08 D8 44 DB D3 C7 BB   DF C4 0D 18 28 67 D4 30  ...D........(g.0
0020: 15 3D 66 17 A9 74 76 FA   56 61 99 2F 46 EE 96 DF  .=f..tv.Va./F...
0030: 92 9C 25 F4 7B D3 39 73   40 C1 8C B4 3A EF A5 23  ..%...9s@...:..#
0040: 95 06 4F 35 39 79 13 AF   44 7A 82 C4 E5 E8 E9 7E  ..O59y..Dz......
0050: C7 A5 C8 A5 C4 BB ED 1A   FA EF C1 B2 80 1F 7F A8  ................
0060: 1E 67 EE 56 2D 28 B8 55   1C 80 E9 2B 0E 59 12 B2  .g.V-(.U...+.Y..
0070: 35 B6 86 94 01 F9 F0 BF   61 5F BB 14 74 1B 12 C7  5.......a_..t...
0080: 81 90 F4 53 6B A9 C1 C8   D3 2F 83 09 D4 1F B0 76  ...Sk..../.....v
0090: B6 4A 83 1F DD F0 36 BD   FC F0 E8 D3 60 E9 88 74  .J....6.....`..t
00A0: D6 0D F4 92 ED A0 27 B1   B0 8E 0F E0 B8 04 6B F9  ......'.......k.
00B0: D5 FF E2 7E A2 E7 08 E1   08 9D 2D 17 14 A9 B8 44  ..........-....D
00C0: 33 63 DB 1C 96 0A D4 46   0F FF 5D 88 86 36 B6 A8  3c.....F..]..6..
00D0: 0A F2 97 30 17 3B B1 DB   4F AE DF 35 08 8E 82 58  ...0.;..O..5...X
00E0: 42 5B E2 F8 4D CE BB E9   D7 07 1F C3 00 5C C4 78  B[..M........\.x
00F0: AA 02 86 4D CF D2 66 FE   47 80 7C CB E6 0C DD 2F  ...M..f.G....../

]
Caught exception in handleMessage: java.lang.NullPointerException
Continue normal processing...
Inbound SOAP message:
<S:Envelope xmlns:S="http://schemas.xmlsoap.org/soap/envelope/" xmlns:SOAP-ENV="http://schemas.xmlsoap.org/soap/envelope/"><SOAP-ENV:Header><d:myHeader xmlns:d="http://demo">IEGRPc962kg+hlwcSZ2tSpA/WIcuXLqc0Dt7tLnzsnmUSvYpBqSIurGK1XLkdJJnolwU1ulBn8cRy8yeKQudj1ii32rLCNrXQGPfqq0SKVsY+8CYkqoYxnYwDqFYEl0EezEFgQSz7OjxY4aVj1euEZYHz++LcOLfwQiDMwW4lieRNRRjFR5PLHA2WUnZyRq5RqCjD8YuH+rStV8GhqlQV7OeWUsmNARh5MVGHtH+58I6kOZsLVMToLR62YfvGebEvxrvRQNGPFfQjNAB+4jGiqSE5ChIZqqakMhQeCu9sKG4WDyxqy7SEGSFyTBa5vBwBnxlytVku0XJXTwN2vsbag==</d:myHeader><e:myRequestHeader xmlns:e="urn:example">UpaTransporter1</e:myRequestHeader><e:myID xmlns:e="http://demo">129b6411-2592-4be5-82de-3982ccc608d7</e:myID><d:myHeader1 xmlns:d="http://demo">QhEewLnVoF+D4NZDZRczUJFJU5ypawTgF4Xc9WhaY+lj2mqonzlhE1GQaNoEV3uji5loNeM4yDEle3y8Y7z/ZYKX1rAr5kNmnOgMbBNlEzAAslEjVT8alhIAD7RV55eF8oGUNtv6u67xPyOL3IQMSjBOcgUkKOPPXmeBWphs4VQbC2zEHixkcEsmS38uG1uQ8fje41bIJR+X5igsxFpZOUAPP2QeDd61As4MdtesOM3hR5nqgIvUildUF0OVUeft1vqoXlUCzQ2HvYuaJHD1KOUdsC25m1Me6TKfi5eOYaAXdLr3gl6sUAfMoZIgU951VbrNVOX2Z7udYaJwP03d9g==</d:myHeader1></SOAP-ENV:Header><S:Body><ns2:jobStatusResponse xmlns:ns2="http://ws.transporter.upa.pt/"><return><companyName>UpaTransporter1</companyName><jobIdentifier>0</jobIdentifier><jobOrigin>Lisboa</jobOrigin><jobDestination>Coimbra</jobDestination><jobPrice>5</jobPrice><jobState>ACCEPTED</jobState></return></ns2:jobStatusResponse></S:Body></S:Envelope>
Outbound SOAP message:
<S:Envelope xmlns:S="http://schemas.xmlsoap.org/soap/envelope/" xmlns:SOAP-ENV="http://schemas.xmlsoap.org/soap/envelope/"><SOAP-ENV:Header/><S:Body><ns2:jobStatus xmlns:ns2="http://ws.transporter.upa.pt/"><id>0</id></ns2:jobStatus></S:Body></S:Envelope>
AddHeaderHandler: Handling message.
Text:
[S:Body: null]
Bytes:
5B533A426F64793A206E756C6C5D
Signing ...
Caught exception in handleMessage: java.lang.NullPointerException
Continue normal processing...
AddHeaderHandler: Handling message.
Text:
[S:Body: null]
Bytes:
5B533A426F64793A206E756C6C5D
got 'UpaTransporter1'
Contacting UDDI at http://localhost:9090
Looking for 'Ca'
Found http://localhost:8090/ca-ws/endpoint
Creating stub ...
Setting endpoint address ...
[
[
  Version: V1
  Subject: CN=DistributedSystems, OU=DEI, O=IST, L=Lisbon, ST=Lisbon, C=PT
  Signature Algorithm: SHA256withRSA, OID = 1.2.840.113549.1.1.11

  Key:  Sun RSA public key, 2048 bits
  modulus: 26667733344901105960569751727828569487214718708670945411188295642815606009560465347954545110592222944090982918465809468419238097364240524173209724878583398722100079734240131613765957603945675438531277654589865657668875533447087897042522082820053362269921081494634218619103722283987100002127744495735659330377296158667180517233635226043251542377330609155607362306352555072875158429670985653207961321353434474546723452521700302196843309492385382168858877968545394718449793701241526884292374101949696866959127615458759504166010855854580719538864213377660845095685904776645547354617687492052899918169806504259680521841033
  public exponent: 65537
  Validity: [From: Thu May 12 17:06:51 WEST 2016,
               To: Wed Aug 10 17:06:51 WEST 2016]
  Issuer: C=PT, L=Lisbon, O=IST, OU=DEI, CN=DistributedSystems
  SerialNumber: [    e012b535 b8ce9382]

]
  Algorithm: [SHA256withRSA]
  Signature:
0000: 26 0A 45 7B D7 52 8A 8F   BE 4A 66 D8 54 FC 68 C3  &.E..R...Jf.T.h.
0010: 07 08 D8 44 DB D3 C7 BB   DF C4 0D 18 28 67 D4 30  ...D........(g.0
0020: 15 3D 66 17 A9 74 76 FA   56 61 99 2F 46 EE 96 DF  .=f..tv.Va./F...
0030: 92 9C 25 F4 7B D3 39 73   40 C1 8C B4 3A EF A5 23  ..%...9s@...:..#
0040: 95 06 4F 35 39 79 13 AF   44 7A 82 C4 E5 E8 E9 7E  ..O59y..Dz......
0050: C7 A5 C8 A5 C4 BB ED 1A   FA EF C1 B2 80 1F 7F A8  ................
0060: 1E 67 EE 56 2D 28 B8 55   1C 80 E9 2B 0E 59 12 B2  .g.V-(.U...+.Y..
0070: 35 B6 86 94 01 F9 F0 BF   61 5F BB 14 74 1B 12 C7  5.......a_..t...
0080: 81 90 F4 53 6B A9 C1 C8   D3 2F 83 09 D4 1F B0 76  ...Sk..../.....v
0090: B6 4A 83 1F DD F0 36 BD   FC F0 E8 D3 60 E9 88 74  .J....6.....`..t
00A0: D6 0D F4 92 ED A0 27 B1   B0 8E 0F E0 B8 04 6B F9  ......'.......k.
00B0: D5 FF E2 7E A2 E7 08 E1   08 9D 2D 17 14 A9 B8 44  ..........-....D
00C0: 33 63 DB 1C 96 0A D4 46   0F FF 5D 88 86 36 B6 A8  3c.....F..]..6..
00D0: 0A F2 97 30 17 3B B1 DB   4F AE DF 35 08 8E 82 58  ...0.;..O..5...X
00E0: 42 5B E2 F8 4D CE BB E9   D7 07 1F C3 00 5C C4 78  B[..M........\.x
00F0: AA 02 86 4D CF D2 66 FE   47 80 7C CB E6 0C DD 2F  ...M..f.G....../

]
Caught exception in handleMessage: java.lang.NullPointerException
Continue normal processing...
Inbound SOAP message:
<S:Envelope xmlns:S="http://schemas.xmlsoap.org/soap/envelope/" xmlns:SOAP-ENV="http://schemas.xmlsoap.org/soap/envelope/"><SOAP-ENV:Header><d:myHeader xmlns:d="http://demo">IEGRPc962kg+hlwcSZ2tSpA/WIcuXLqc0Dt7tLnzsnmUSvYpBqSIurGK1XLkdJJnolwU1ulBn8cRy8yeKQudj1ii32rLCNrXQGPfqq0SKVsY+8CYkqoYxnYwDqFYEl0EezEFgQSz7OjxY4aVj1euEZYHz++LcOLfwQiDMwW4lieRNRRjFR5PLHA2WUnZyRq5RqCjD8YuH+rStV8GhqlQV7OeWUsmNARh5MVGHtH+58I6kOZsLVMToLR62YfvGebEvxrvRQNGPFfQjNAB+4jGiqSE5ChIZqqakMhQeCu9sKG4WDyxqy7SEGSFyTBa5vBwBnxlytVku0XJXTwN2vsbag==</d:myHeader><e:myRequestHeader xmlns:e="urn:example">UpaTransporter1</e:myRequestHeader><e:myID xmlns:e="http://demo">6543d406-91d9-4ec3-86fc-356b265aadb1</e:myID><d:myHeader1 xmlns:d="http://demo">HLC7bkCeUBk8N+4B/69/oP2Yq7ahjolvHMFR6zyEACK5Km12znbUgHMhwmrkwApuYmIKNdFiZBX++KU0h4nO5NSE6s9TdB39o86iR05CrFk92LAWd5LxC9Kfg07En7UJI4jcXghi4q1yDLrwI03qmBFf5DemHkFUDKNIoZH1gqYr19kHovhCtzk7Ee8xyv7+EIcaAgpPdGjX3g/LMLfTgDeNiDuwdGNj892ZD2E30YOMPI1Vycsrr0eqZy7+GQj86ysXqHZVOYp0PpUvY8yZSF2CmM/IyA0MucUG4d+KNtJhpTJz5KDGj2zNQ6+qhgOMO9Gh2B9+WHWUkRaZgmTapg==</d:myHeader1></SOAP-ENV:Header><S:Body><ns2:jobStatusResponse xmlns:ns2="http://ws.transporter.upa.pt/"><return><companyName>UpaTransporter1</companyName><jobIdentifier>0</jobIdentifier><jobOrigin>Lisboa</jobOrigin><jobDestination>Coimbra</jobDestination><jobPrice>5</jobPrice><jobState>ACCEPTED</jobState></return></ns2:jobStatusResponse></S:Body></S:Envelope>
Outbound SOAP message:
<S:Envelope xmlns:S="http://schemas.xmlsoap.org/soap/envelope/" xmlns:SOAP-ENV="http://schemas.xmlsoap.org/soap/envelope/"><SOAP-ENV:Header/><S:Body><ns2:jobStatus xmlns:ns2="http://ws.transporter.upa.pt/"><id>0</id></ns2:jobStatus></S:Body></S:Envelope>
AddHeaderHandler: Handling message.
Text:
[S:Body: null]
Bytes:
5B533A426F64793A206E756C6C5D
Signing ...
Caught exception in handleMessage: java.lang.NullPointerException
Continue normal processing...
AddHeaderHandler: Handling message.
Text:
[S:Body: null]
Bytes:
5B533A426F64793A206E756C6C5D
got 'UpaTransporter1'
Contacting UDDI at http://localhost:9090
Looking for 'Ca'
Found http://localhost:8090/ca-ws/endpoint
Creating stub ...
Setting endpoint address ...
[
[
  Version: V1
  Subject: CN=DistributedSystems, OU=DEI, O=IST, L=Lisbon, ST=Lisbon, C=PT
  Signature Algorithm: SHA256withRSA, OID = 1.2.840.113549.1.1.11

  Key:  Sun RSA public key, 2048 bits
  modulus: 26667733344901105960569751727828569487214718708670945411188295642815606009560465347954545110592222944090982918465809468419238097364240524173209724878583398722100079734240131613765957603945675438531277654589865657668875533447087897042522082820053362269921081494634218619103722283987100002127744495735659330377296158667180517233635226043251542377330609155607362306352555072875158429670985653207961321353434474546723452521700302196843309492385382168858877968545394718449793701241526884292374101949696866959127615458759504166010855854580719538864213377660845095685904776645547354617687492052899918169806504259680521841033
  public exponent: 65537
  Validity: [From: Thu May 12 17:06:51 WEST 2016,
               To: Wed Aug 10 17:06:51 WEST 2016]
  Issuer: C=PT, L=Lisbon, O=IST, OU=DEI, CN=DistributedSystems
  SerialNumber: [    e012b535 b8ce9382]

]
  Algorithm: [SHA256withRSA]
  Signature:
0000: 26 0A 45 7B D7 52 8A 8F   BE 4A 66 D8 54 FC 68 C3  &.E..R...Jf.T.h.
0010: 07 08 D8 44 DB D3 C7 BB   DF C4 0D 18 28 67 D4 30  ...D........(g.0
0020: 15 3D 66 17 A9 74 76 FA   56 61 99 2F 46 EE 96 DF  .=f..tv.Va./F...
0030: 92 9C 25 F4 7B D3 39 73   40 C1 8C B4 3A EF A5 23  ..%...9s@...:..#
0040: 95 06 4F 35 39 79 13 AF   44 7A 82 C4 E5 E8 E9 7E  ..O59y..Dz......
0050: C7 A5 C8 A5 C4 BB ED 1A   FA EF C1 B2 80 1F 7F A8  ................
0060: 1E 67 EE 56 2D 28 B8 55   1C 80 E9 2B 0E 59 12 B2  .g.V-(.U...+.Y..
0070: 35 B6 86 94 01 F9 F0 BF   61 5F BB 14 74 1B 12 C7  5.......a_..t...
0080: 81 90 F4 53 6B A9 C1 C8   D3 2F 83 09 D4 1F B0 76  ...Sk..../.....v
0090: B6 4A 83 1F DD F0 36 BD   FC F0 E8 D3 60 E9 88 74  .J....6.....`..t
00A0: D6 0D F4 92 ED A0 27 B1   B0 8E 0F E0 B8 04 6B F9  ......'.......k.
00B0: D5 FF E2 7E A2 E7 08 E1   08 9D 2D 17 14 A9 B8 44  ..........-....D
00C0: 33 63 DB 1C 96 0A D4 46   0F FF 5D 88 86 36 B6 A8  3c.....F..]..6..
00D0: 0A F2 97 30 17 3B B1 DB   4F AE DF 35 08 8E 82 58  ...0.;..O..5...X
00E0: 42 5B E2 F8 4D CE BB E9   D7 07 1F C3 00 5C C4 78  B[..M........\.x
00F0: AA 02 86 4D CF D2 66 FE   47 80 7C CB E6 0C DD 2F  ...M..f.G....../

]
Caught exception in handleMessage: java.lang.NullPointerException
Continue normal processing...
Inbound SOAP message:
<S:Envelope xmlns:S="http://schemas.xmlsoap.org/soap/envelope/" xmlns:SOAP-ENV="http://schemas.xmlsoap.org/soap/envelope/"><SOAP-ENV:Header><d:myHeader xmlns:d="http://demo">IEGRPc962kg+hlwcSZ2tSpA/WIcuXLqc0Dt7tLnzsnmUSvYpBqSIurGK1XLkdJJnolwU1ulBn8cRy8yeKQudj1ii32rLCNrXQGPfqq0SKVsY+8CYkqoYxnYwDqFYEl0EezEFgQSz7OjxY4aVj1euEZYHz++LcOLfwQiDMwW4lieRNRRjFR5PLHA2WUnZyRq5RqCjD8YuH+rStV8GhqlQV7OeWUsmNARh5MVGHtH+58I6kOZsLVMToLR62YfvGebEvxrvRQNGPFfQjNAB+4jGiqSE5ChIZqqakMhQeCu9sKG4WDyxqy7SEGSFyTBa5vBwBnxlytVku0XJXTwN2vsbag==</d:myHeader><e:myRequestHeader xmlns:e="urn:example">UpaTransporter1</e:myRequestHeader><e:myID xmlns:e="http://demo">5fdced96-a713-4c25-8c36-0f23e03ec219</e:myID><d:myHeader1 xmlns:d="http://demo">rW2e8RqiM2x1zmlpAVKYVowITEbcBDOckAaYXQlociHsP+ZxRYl5BMHtUw7J87I05HbZbpzOnT/k7teBDw5UdaslA5hspJ5aKLJBj0tFDKKitTM8PENJfDL37MRt5+7xNRO2KTjv4HKHEcIEqS7mLf5KuY035byuos84tUMcS17ug698Zxz3yHRFZ9eugpdcCXcoNDsEQCwIRwmtGdeo7FSywHn//fkSntgND3N2uv4XSw6zpgwE1Z9F92g/NGA0TOTT3X4O5SBnI1qPveMf8LYdsTMbG4IBF3JdIMo+Sd3qsDP020GYXerDLAazraayUE+QlkVKh02aPYtc+sSW0A==</d:myHeader1></SOAP-ENV:Header><S:Body><ns2:jobStatusResponse xmlns:ns2="http://ws.transporter.upa.pt/"><return><companyName>UpaTransporter1</companyName><jobIdentifier>0</jobIdentifier><jobOrigin>Lisboa</jobOrigin><jobDestination>Coimbra</jobDestination><jobPrice>5</jobPrice><jobState>ACCEPTED</jobState></return></ns2:jobStatusResponse></S:Body></S:Envelope>
Outbound SOAP message:
<S:Envelope xmlns:S="http://schemas.xmlsoap.org/soap/envelope/" xmlns:SOAP-ENV="http://schemas.xmlsoap.org/soap/envelope/"><SOAP-ENV:Header/><S:Body><ns2:jobStatus xmlns:ns2="http://ws.transporter.upa.pt/"><id>0</id></ns2:jobStatus></S:Body></S:Envelope>
AddHeaderHandler: Handling message.
Text:
[S:Body: null]
Bytes:
5B533A426F64793A206E756C6C5D
Signing ...
Caught exception in handleMessage: java.lang.NullPointerException
Continue normal processing...
AddHeaderHandler: Handling message.
Text:
[S:Body: null]
Bytes:
5B533A426F64793A206E756C6C5D
got 'UpaTransporter1'
Contacting UDDI at http://localhost:9090
Looking for 'Ca'
Found http://localhost:8090/ca-ws/endpoint
Creating stub ...
Setting endpoint address ...
[
[
  Version: V1
  Subject: CN=DistributedSystems, OU=DEI, O=IST, L=Lisbon, ST=Lisbon, C=PT
  Signature Algorithm: SHA256withRSA, OID = 1.2.840.113549.1.1.11

  Key:  Sun RSA public key, 2048 bits
  modulus: 26667733344901105960569751727828569487214718708670945411188295642815606009560465347954545110592222944090982918465809468419238097364240524173209724878583398722100079734240131613765957603945675438531277654589865657668875533447087897042522082820053362269921081494634218619103722283987100002127744495735659330377296158667180517233635226043251542377330609155607362306352555072875158429670985653207961321353434474546723452521700302196843309492385382168858877968545394718449793701241526884292374101949696866959127615458759504166010855854580719538864213377660845095685904776645547354617687492052899918169806504259680521841033
  public exponent: 65537
  Validity: [From: Thu May 12 17:06:51 WEST 2016,
               To: Wed Aug 10 17:06:51 WEST 2016]
  Issuer: C=PT, L=Lisbon, O=IST, OU=DEI, CN=DistributedSystems
  SerialNumber: [    e012b535 b8ce9382]

]
  Algorithm: [SHA256withRSA]
  Signature:
0000: 26 0A 45 7B D7 52 8A 8F   BE 4A 66 D8 54 FC 68 C3  &.E..R...Jf.T.h.
0010: 07 08 D8 44 DB D3 C7 BB   DF C4 0D 18 28 67 D4 30  ...D........(g.0
0020: 15 3D 66 17 A9 74 76 FA   56 61 99 2F 46 EE 96 DF  .=f..tv.Va./F...
0030: 92 9C 25 F4 7B D3 39 73   40 C1 8C B4 3A EF A5 23  ..%...9s@...:..#
0040: 95 06 4F 35 39 79 13 AF   44 7A 82 C4 E5 E8 E9 7E  ..O59y..Dz......
0050: C7 A5 C8 A5 C4 BB ED 1A   FA EF C1 B2 80 1F 7F A8  ................
0060: 1E 67 EE 56 2D 28 B8 55   1C 80 E9 2B 0E 59 12 B2  .g.V-(.U...+.Y..
0070: 35 B6 86 94 01 F9 F0 BF   61 5F BB 14 74 1B 12 C7  5.......a_..t...
0080: 81 90 F4 53 6B A9 C1 C8   D3 2F 83 09 D4 1F B0 76  ...Sk..../.....v
0090: B6 4A 83 1F DD F0 36 BD   FC F0 E8 D3 60 E9 88 74  .J....6.....`..t
00A0: D6 0D F4 92 ED A0 27 B1   B0 8E 0F E0 B8 04 6B F9  ......'.......k.
00B0: D5 FF E2 7E A2 E7 08 E1   08 9D 2D 17 14 A9 B8 44  ..........-....D
00C0: 33 63 DB 1C 96 0A D4 46   0F FF 5D 88 86 36 B6 A8  3c.....F..]..6..
00D0: 0A F2 97 30 17 3B B1 DB   4F AE DF 35 08 8E 82 58  ...0.;..O..5...X
00E0: 42 5B E2 F8 4D CE BB E9   D7 07 1F C3 00 5C C4 78  B[..M........\.x
00F0: AA 02 86 4D CF D2 66 FE   47 80 7C CB E6 0C DD 2F  ...M..f.G....../

]
Caught exception in handleMessage: java.lang.NullPointerException
Continue normal processing...
Inbound SOAP message:
<S:Envelope xmlns:S="http://schemas.xmlsoap.org/soap/envelope/" xmlns:SOAP-ENV="http://schemas.xmlsoap.org/soap/envelope/"><SOAP-ENV:Header><d:myHeader xmlns:d="http://demo">IEGRPc962kg+hlwcSZ2tSpA/WIcuXLqc0Dt7tLnzsnmUSvYpBqSIurGK1XLkdJJnolwU1ulBn8cRy8yeKQudj1ii32rLCNrXQGPfqq0SKVsY+8CYkqoYxnYwDqFYEl0EezEFgQSz7OjxY4aVj1euEZYHz++LcOLfwQiDMwW4lieRNRRjFR5PLHA2WUnZyRq5RqCjD8YuH+rStV8GhqlQV7OeWUsmNARh5MVGHtH+58I6kOZsLVMToLR62YfvGebEvxrvRQNGPFfQjNAB+4jGiqSE5ChIZqqakMhQeCu9sKG4WDyxqy7SEGSFyTBa5vBwBnxlytVku0XJXTwN2vsbag==</d:myHeader><e:myRequestHeader xmlns:e="urn:example">UpaTransporter1</e:myRequestHeader><e:myID xmlns:e="http://demo">e1afced9-e265-4ff3-8082-a94879699c3c</e:myID><d:myHeader1 xmlns:d="http://demo">dp9WIR7Hno75Bcc+OauQJjjJ5EILhlqqolTojB+ZAz7h7n4w6z+3xYxHh8xALqZ/V83IjoLO/16DwRTZ/qv1q+dNE/BKYX2uqyu+SPaqTZkYINJ0vINdKPPEiNih9WQnECfXLhghK7xn1O/GG5PnR2vaDnJHivuQDUJEb9SEyIdT4I5I9vdbb7gmTY/rvvSWpj1X9bQLRvNdGnQlIflJwWXu1bQhbVUrJm4bjIxkMYitY0YcwXmwshrHwOlQTWgul+irfA3oTvSHJkioCpzMJTdH5yF+eMr1gCXsceghjFyIUNLF0Q4nlvpSM0ooth1t9bMKHc2NnphrkEfC0DJyPw==</d:myHeader1></SOAP-ENV:Header><S:Body><ns2:jobStatusResponse xmlns:ns2="http://ws.transporter.upa.pt/"><return><companyName>UpaTransporter1</companyName><jobIdentifier>0</jobIdentifier><jobOrigin>Lisboa</jobOrigin><jobDestination>Coimbra</jobDestination><jobPrice>5</jobPrice><jobState>ACCEPTED</jobState></return></ns2:jobStatusResponse></S:Body></S:Envelope>
Outbound SOAP message:
<S:Envelope xmlns:S="http://schemas.xmlsoap.org/soap/envelope/" xmlns:SOAP-ENV="http://schemas.xmlsoap.org/soap/envelope/"><SOAP-ENV:Header/><S:Body><ns2:jobStatus xmlns:ns2="http://ws.transporter.upa.pt/"><id>0</id></ns2:jobStatus></S:Body></S:Envelope>
AddHeaderHandler: Handling message.
Text:
[S:Body: null]
Bytes:
5B533A426F64793A206E756C6C5D
Signing ...
Caught exception in handleMessage: java.lang.NullPointerException
Continue normal processing...
AddHeaderHandler: Handling message.
Text:
[S:Body: null]
Bytes:
5B533A426F64793A206E756C6C5D
got 'UpaTransporter1'
Contacting UDDI at http://localhost:9090
Looking for 'Ca'
Found http://localhost:8090/ca-ws/endpoint
Creating stub ...
Setting endpoint address ...
[
[
  Version: V1
  Subject: CN=DistributedSystems, OU=DEI, O=IST, L=Lisbon, ST=Lisbon, C=PT
  Signature Algorithm: SHA256withRSA, OID = 1.2.840.113549.1.1.11

  Key:  Sun RSA public key, 2048 bits
  modulus: 26667733344901105960569751727828569487214718708670945411188295642815606009560465347954545110592222944090982918465809468419238097364240524173209724878583398722100079734240131613765957603945675438531277654589865657668875533447087897042522082820053362269921081494634218619103722283987100002127744495735659330377296158667180517233635226043251542377330609155607362306352555072875158429670985653207961321353434474546723452521700302196843309492385382168858877968545394718449793701241526884292374101949696866959127615458759504166010855854580719538864213377660845095685904776645547354617687492052899918169806504259680521841033
  public exponent: 65537
  Validity: [From: Thu May 12 17:06:51 WEST 2016,
               To: Wed Aug 10 17:06:51 WEST 2016]
  Issuer: C=PT, L=Lisbon, O=IST, OU=DEI, CN=DistributedSystems
  SerialNumber: [    e012b535 b8ce9382]

]
  Algorithm: [SHA256withRSA]
  Signature:
0000: 26 0A 45 7B D7 52 8A 8F   BE 4A 66 D8 54 FC 68 C3  &.E..R...Jf.T.h.
0010: 07 08 D8 44 DB D3 C7 BB   DF C4 0D 18 28 67 D4 30  ...D........(g.0
0020: 15 3D 66 17 A9 74 76 FA   56 61 99 2F 46 EE 96 DF  .=f..tv.Va./F...
0030: 92 9C 25 F4 7B D3 39 73   40 C1 8C B4 3A EF A5 23  ..%...9s@...:..#
0040: 95 06 4F 35 39 79 13 AF   44 7A 82 C4 E5 E8 E9 7E  ..O59y..Dz......
0050: C7 A5 C8 A5 C4 BB ED 1A   FA EF C1 B2 80 1F 7F A8  ................
0060: 1E 67 EE 56 2D 28 B8 55   1C 80 E9 2B 0E 59 12 B2  .g.V-(.U...+.Y..
0070: 35 B6 86 94 01 F9 F0 BF   61 5F BB 14 74 1B 12 C7  5.......a_..t...
0080: 81 90 F4 53 6B A9 C1 C8   D3 2F 83 09 D4 1F B0 76  ...Sk..../.....v
0090: B6 4A 83 1F DD F0 36 BD   FC F0 E8 D3 60 E9 88 74  .J....6.....`..t
00A0: D6 0D F4 92 ED A0 27 B1   B0 8E 0F E0 B8 04 6B F9  ......'.......k.
00B0: D5 FF E2 7E A2 E7 08 E1   08 9D 2D 17 14 A9 B8 44  ..........-....D
00C0: 33 63 DB 1C 96 0A D4 46   0F FF 5D 88 86 36 B6 A8  3c.....F..]..6..
00D0: 0A F2 97 30 17 3B B1 DB   4F AE DF 35 08 8E 82 58  ...0.;..O..5...X
00E0: 42 5B E2 F8 4D CE BB E9   D7 07 1F C3 00 5C C4 78  B[..M........\.x
00F0: AA 02 86 4D CF D2 66 FE   47 80 7C CB E6 0C DD 2F  ...M..f.G....../

]
Caught exception in handleMessage: java.lang.NullPointerException
Continue normal processing...
Inbound SOAP message:
<S:Envelope xmlns:S="http://schemas.xmlsoap.org/soap/envelope/" xmlns:SOAP-ENV="http://schemas.xmlsoap.org/soap/envelope/"><SOAP-ENV:Header><d:myHeader xmlns:d="http://demo">IEGRPc962kg+hlwcSZ2tSpA/WIcuXLqc0Dt7tLnzsnmUSvYpBqSIurGK1XLkdJJnolwU1ulBn8cRy8yeKQudj1ii32rLCNrXQGPfqq0SKVsY+8CYkqoYxnYwDqFYEl0EezEFgQSz7OjxY4aVj1euEZYHz++LcOLfwQiDMwW4lieRNRRjFR5PLHA2WUnZyRq5RqCjD8YuH+rStV8GhqlQV7OeWUsmNARh5MVGHtH+58I6kOZsLVMToLR62YfvGebEvxrvRQNGPFfQjNAB+4jGiqSE5ChIZqqakMhQeCu9sKG4WDyxqy7SEGSFyTBa5vBwBnxlytVku0XJXTwN2vsbag==</d:myHeader><e:myRequestHeader xmlns:e="urn:example">UpaTransporter1</e:myRequestHeader><e:myID xmlns:e="http://demo">2668ffd3-35a5-42ce-b2b7-fdc7ad6ad607</e:myID><d:myHeader1 xmlns:d="http://demo">wLS65pyPQuWB2KHJk9dvIkgwrF5P8FEg4s/eFSaqUoCG5PscY40hlDBPiNyQbiEca6Dz4fN1V0NwDWvxEFdku0gwenN3/AyrkT/jNdh201a+REwm1mywsz3ZMUz43jQJ3w+M2Vdn8xU/0N0dReH3BOoN7vx9i91qZCmqNOCTxFobjwVdd6a8hNCWRxRH7NjIfT17bfN3en8/Eyp2pis3iqd+szfEv81LrcdRjnfCkLQMOfXkrlLnpZ4nuGH47Zi60sVlilz/qC+v0zBHfwawEGgdooHyKXRU4UMIIhX/E3bFnys1SRPTtOEp5W7Dx0AFKdbQWM4o4l3Qt8PxbSGFNg==</d:myHeader1></SOAP-ENV:Header><S:Body><ns2:jobStatusResponse xmlns:ns2="http://ws.transporter.upa.pt/"><return><companyName>UpaTransporter1</companyName><jobIdentifier>0</jobIdentifier><jobOrigin>Lisboa</jobOrigin><jobDestination>Coimbra</jobDestination><jobPrice>5</jobPrice><jobState>ACCEPTED</jobState></return></ns2:jobStatusResponse></S:Body></S:Envelope>
Outbound SOAP message:
<S:Envelope xmlns:S="http://schemas.xmlsoap.org/soap/envelope/" xmlns:SOAP-ENV="http://schemas.xmlsoap.org/soap/envelope/"><SOAP-ENV:Header/><S:Body><ns2:jobStatus xmlns:ns2="http://ws.transporter.upa.pt/"><id>0</id></ns2:jobStatus></S:Body></S:Envelope>
AddHeaderHandler: Handling message.
Text:
[S:Body: null]
Bytes:
5B533A426F64793A206E756C6C5D
Signing ...
Caught exception in handleMessage: java.lang.NullPointerException
Continue normal processing...
AddHeaderHandler: Handling message.
Text:
[S:Body: null]
Bytes:
5B533A426F64793A206E756C6C5D
got 'UpaTransporter1'
Contacting UDDI at http://localhost:9090
Looking for 'Ca'
Found http://localhost:8090/ca-ws/endpoint
Creating stub ...
Setting endpoint address ...
[
[
  Version: V1
  Subject: CN=DistributedSystems, OU=DEI, O=IST, L=Lisbon, ST=Lisbon, C=PT
  Signature Algorithm: SHA256withRSA, OID = 1.2.840.113549.1.1.11

  Key:  Sun RSA public key, 2048 bits
  modulus: 26667733344901105960569751727828569487214718708670945411188295642815606009560465347954545110592222944090982918465809468419238097364240524173209724878583398722100079734240131613765957603945675438531277654589865657668875533447087897042522082820053362269921081494634218619103722283987100002127744495735659330377296158667180517233635226043251542377330609155607362306352555072875158429670985653207961321353434474546723452521700302196843309492385382168858877968545394718449793701241526884292374101949696866959127615458759504166010855854580719538864213377660845095685904776645547354617687492052899918169806504259680521841033
  public exponent: 65537
  Validity: [From: Thu May 12 17:06:51 WEST 2016,
               To: Wed Aug 10 17:06:51 WEST 2016]
  Issuer: C=PT, L=Lisbon, O=IST, OU=DEI, CN=DistributedSystems
  SerialNumber: [    e012b535 b8ce9382]

]
  Algorithm: [SHA256withRSA]
  Signature:
0000: 26 0A 45 7B D7 52 8A 8F   BE 4A 66 D8 54 FC 68 C3  &.E..R...Jf.T.h.
0010: 07 08 D8 44 DB D3 C7 BB   DF C4 0D 18 28 67 D4 30  ...D........(g.0
0020: 15 3D 66 17 A9 74 76 FA   56 61 99 2F 46 EE 96 DF  .=f..tv.Va./F...
0030: 92 9C 25 F4 7B D3 39 73   40 C1 8C B4 3A EF A5 23  ..%...9s@...:..#
0040: 95 06 4F 35 39 79 13 AF   44 7A 82 C4 E5 E8 E9 7E  ..O59y..Dz......
0050: C7 A5 C8 A5 C4 BB ED 1A   FA EF C1 B2 80 1F 7F A8  ................
0060: 1E 67 EE 56 2D 28 B8 55   1C 80 E9 2B 0E 59 12 B2  .g.V-(.U...+.Y..
0070: 35 B6 86 94 01 F9 F0 BF   61 5F BB 14 74 1B 12 C7  5.......a_..t...
0080: 81 90 F4 53 6B A9 C1 C8   D3 2F 83 09 D4 1F B0 76  ...Sk..../.....v
0090: B6 4A 83 1F DD F0 36 BD   FC F0 E8 D3 60 E9 88 74  .J....6.....`..t
00A0: D6 0D F4 92 ED A0 27 B1   B0 8E 0F E0 B8 04 6B F9  ......'.......k.
00B0: D5 FF E2 7E A2 E7 08 E1   08 9D 2D 17 14 A9 B8 44  ..........-....D
00C0: 33 63 DB 1C 96 0A D4 46   0F FF 5D 88 86 36 B6 A8  3c.....F..]..6..
00D0: 0A F2 97 30 17 3B B1 DB   4F AE DF 35 08 8E 82 58  ...0.;..O..5...X
00E0: 42 5B E2 F8 4D CE BB E9   D7 07 1F C3 00 5C C4 78  B[..M........\.x
00F0: AA 02 86 4D CF D2 66 FE   47 80 7C CB E6 0C DD 2F  ...M..f.G....../

]
Caught exception in handleMessage: java.lang.NullPointerException
Continue normal processing...
Inbound SOAP message:
<S:Envelope xmlns:S="http://schemas.xmlsoap.org/soap/envelope/" xmlns:SOAP-ENV="http://schemas.xmlsoap.org/soap/envelope/"><SOAP-ENV:Header><d:myHeader xmlns:d="http://demo">IEGRPc962kg+hlwcSZ2tSpA/WIcuXLqc0Dt7tLnzsnmUSvYpBqSIurGK1XLkdJJnolwU1ulBn8cRy8yeKQudj1ii32rLCNrXQGPfqq0SKVsY+8CYkqoYxnYwDqFYEl0EezEFgQSz7OjxY4aVj1euEZYHz++LcOLfwQiDMwW4lieRNRRjFR5PLHA2WUnZyRq5RqCjD8YuH+rStV8GhqlQV7OeWUsmNARh5MVGHtH+58I6kOZsLVMToLR62YfvGebEvxrvRQNGPFfQjNAB+4jGiqSE5ChIZqqakMhQeCu9sKG4WDyxqy7SEGSFyTBa5vBwBnxlytVku0XJXTwN2vsbag==</d:myHeader><e:myRequestHeader xmlns:e="urn:example">UpaTransporter1</e:myRequestHeader><e:myID xmlns:e="http://demo">cc40a4d8-3c06-42e0-b43b-fbddaf072228</e:myID><d:myHeader1 xmlns:d="http://demo">XTokQDOt8fXdoLKAv7+cT800PAVKOfUalwvghYGWYHODmBODS8k73+WJK8uXwSvEyfGA+/HIppnmvEgcHepqWgAMQAdJ+TRvQj++XbhYXauVv3p0GACG3QcCdiMuSyg4x47KmyS+bEL0g6lIS1lpra+4I4UHtlaC6t9AKZJr1TNcmret3rDxnwre3PmaObMi5wOyf1TxHexCLxquwQArkgQbzWeypzlJeEqqejQpkHvXuwZfTImO4XPwPaXmX4E8HK8MOwyjR1FxGKXJhuM5ZZVAB8QIR+dzHBOXsOs9gpRig+9MgaPg/+ZI8cDsCBBeLGWryUvn+gcY3g/ndQbEWw==</d:myHeader1></SOAP-ENV:Header><S:Body><ns2:jobStatusResponse xmlns:ns2="http://ws.transporter.upa.pt/"><return><companyName>UpaTransporter1</companyName><jobIdentifier>0</jobIdentifier><jobOrigin>Lisboa</jobOrigin><jobDestination>Coimbra</jobDestination><jobPrice>5</jobPrice><jobState>ACCEPTED</jobState></return></ns2:jobStatusResponse></S:Body></S:Envelope>
Outbound SOAP message:
<S:Envelope xmlns:S="http://schemas.xmlsoap.org/soap/envelope/" xmlns:SOAP-ENV="http://schemas.xmlsoap.org/soap/envelope/"><SOAP-ENV:Header/><S:Body><ns2:jobStatus xmlns:ns2="http://ws.transporter.upa.pt/"><id>0</id></ns2:jobStatus></S:Body></S:Envelope>
AddHeaderHandler: Handling message.
Text:
[S:Body: null]
Bytes:
5B533A426F64793A206E756C6C5D
Signing ...
Caught exception in handleMessage: java.lang.NullPointerException
Continue normal processing...
AddHeaderHandler: Handling message.
Text:
[S:Body: null]
Bytes:
5B533A426F64793A206E756C6C5D
got 'UpaTransporter1'
Contacting UDDI at http://localhost:9090
Looking for 'Ca'
Found http://localhost:8090/ca-ws/endpoint
Creating stub ...
Setting endpoint address ...
[
[
  Version: V1
  Subject: CN=DistributedSystems, OU=DEI, O=IST, L=Lisbon, ST=Lisbon, C=PT
  Signature Algorithm: SHA256withRSA, OID = 1.2.840.113549.1.1.11

  Key:  Sun RSA public key, 2048 bits
  modulus: 26667733344901105960569751727828569487214718708670945411188295642815606009560465347954545110592222944090982918465809468419238097364240524173209724878583398722100079734240131613765957603945675438531277654589865657668875533447087897042522082820053362269921081494634218619103722283987100002127744495735659330377296158667180517233635226043251542377330609155607362306352555072875158429670985653207961321353434474546723452521700302196843309492385382168858877968545394718449793701241526884292374101949696866959127615458759504166010855854580719538864213377660845095685904776645547354617687492052899918169806504259680521841033
  public exponent: 65537
  Validity: [From: Thu May 12 17:06:51 WEST 2016,
               To: Wed Aug 10 17:06:51 WEST 2016]
  Issuer: C=PT, L=Lisbon, O=IST, OU=DEI, CN=DistributedSystems
  SerialNumber: [    e012b535 b8ce9382]

]
  Algorithm: [SHA256withRSA]
  Signature:
0000: 26 0A 45 7B D7 52 8A 8F   BE 4A 66 D8 54 FC 68 C3  &.E..R...Jf.T.h.
0010: 07 08 D8 44 DB D3 C7 BB   DF C4 0D 18 28 67 D4 30  ...D........(g.0
0020: 15 3D 66 17 A9 74 76 FA   56 61 99 2F 46 EE 96 DF  .=f..tv.Va./F...
0030: 92 9C 25 F4 7B D3 39 73   40 C1 8C B4 3A EF A5 23  ..%...9s@...:..#
0040: 95 06 4F 35 39 79 13 AF   44 7A 82 C4 E5 E8 E9 7E  ..O59y..Dz......
0050: C7 A5 C8 A5 C4 BB ED 1A   FA EF C1 B2 80 1F 7F A8  ................
0060: 1E 67 EE 56 2D 28 B8 55   1C 80 E9 2B 0E 59 12 B2  .g.V-(.U...+.Y..
0070: 35 B6 86 94 01 F9 F0 BF   61 5F BB 14 74 1B 12 C7  5.......a_..t...
0080: 81 90 F4 53 6B A9 C1 C8   D3 2F 83 09 D4 1F B0 76  ...Sk..../.....v
0090: B6 4A 83 1F DD F0 36 BD   FC F0 E8 D3 60 E9 88 74  .J....6.....`..t
00A0: D6 0D F4 92 ED A0 27 B1   B0 8E 0F E0 B8 04 6B F9  ......'.......k.
00B0: D5 FF E2 7E A2 E7 08 E1   08 9D 2D 17 14 A9 B8 44  ..........-....D
00C0: 33 63 DB 1C 96 0A D4 46   0F FF 5D 88 86 36 B6 A8  3c.....F..]..6..
00D0: 0A F2 97 30 17 3B B1 DB   4F AE DF 35 08 8E 82 58  ...0.;..O..5...X
00E0: 42 5B E2 F8 4D CE BB E9   D7 07 1F C3 00 5C C4 78  B[..M........\.x
00F0: AA 02 86 4D CF D2 66 FE   47 80 7C CB E6 0C DD 2F  ...M..f.G....../

]
Caught exception in handleMessage: java.lang.NullPointerException
Continue normal processing...
Inbound SOAP message:
<S:Envelope xmlns:S="http://schemas.xmlsoap.org/soap/envelope/" xmlns:SOAP-ENV="http://schemas.xmlsoap.org/soap/envelope/"><SOAP-ENV:Header><d:myHeader xmlns:d="http://demo">IEGRPc962kg+hlwcSZ2tSpA/WIcuXLqc0Dt7tLnzsnmUSvYpBqSIurGK1XLkdJJnolwU1ulBn8cRy8yeKQudj1ii32rLCNrXQGPfqq0SKVsY+8CYkqoYxnYwDqFYEl0EezEFgQSz7OjxY4aVj1euEZYHz++LcOLfwQiDMwW4lieRNRRjFR5PLHA2WUnZyRq5RqCjD8YuH+rStV8GhqlQV7OeWUsmNARh5MVGHtH+58I6kOZsLVMToLR62YfvGebEvxrvRQNGPFfQjNAB+4jGiqSE5ChIZqqakMhQeCu9sKG4WDyxqy7SEGSFyTBa5vBwBnxlytVku0XJXTwN2vsbag==</d:myHeader><e:myRequestHeader xmlns:e="urn:example">UpaTransporter1</e:myRequestHeader><e:myID xmlns:e="http://demo">98c92f50-09bc-4ef2-850d-2e0d32dcbd11</e:myID><d:myHeader1 xmlns:d="http://demo">DGAyiUDopcaYYnnwyFup3FQ6iPsmbopqTg3JKyTb/ppGjjQN5MSGjqdbXxjdh+26ZvvBtl0K/sx+IdTaJn5RRCvzT2OtRYjwAH19mFKm89VXrZYoVow7aLUzUJEaJWgUQa6iyRYRedI8jZwom5sIMitnLYK8kFZj7BmypXY214R04hlIku5/gAH1aqJj+VvRPLxI0TgR2Cqg/Q5W8HUq6sQyoVXX/D7rufyokvkCihsMQfo2nxNMqvJMLqMm6nPkR9z2PRiH1uEkP1FnfzHD9d0dA412CFb8sLjOwABLox8gyvfJR3TS969ZT+EBW4ZKK4dL0z5/gqZpLh1VJsShug==</d:myHeader1></SOAP-ENV:Header><S:Body><ns2:jobStatusResponse xmlns:ns2="http://ws.transporter.upa.pt/"><return><companyName>UpaTransporter1</companyName><jobIdentifier>0</jobIdentifier><jobOrigin>Lisboa</jobOrigin><jobDestination>Coimbra</jobDestination><jobPrice>5</jobPrice><jobState>ACCEPTED</jobState></return></ns2:jobStatusResponse></S:Body></S:Envelope>
Outbound SOAP message:
<S:Envelope xmlns:S="http://schemas.xmlsoap.org/soap/envelope/" xmlns:SOAP-ENV="http://schemas.xmlsoap.org/soap/envelope/"><SOAP-ENV:Header/><S:Body><ns2:jobStatus xmlns:ns2="http://ws.transporter.upa.pt/"><id>0</id></ns2:jobStatus></S:Body></S:Envelope>
AddHeaderHandler: Handling message.
Text:
[S:Body: null]
Bytes:
5B533A426F64793A206E756C6C5D
Signing ...
Caught exception in handleMessage: java.lang.NullPointerException
Continue normal processing...
AddHeaderHandler: Handling message.
Text:
[S:Body: null]
Bytes:
5B533A426F64793A206E756C6C5D
got 'UpaTransporter1'
Contacting UDDI at http://localhost:9090
Looking for 'Ca'
Found http://localhost:8090/ca-ws/endpoint
Creating stub ...
Setting endpoint address ...
[
[
  Version: V1
  Subject: CN=DistributedSystems, OU=DEI, O=IST, L=Lisbon, ST=Lisbon, C=PT
  Signature Algorithm: SHA256withRSA, OID = 1.2.840.113549.1.1.11

  Key:  Sun RSA public key, 2048 bits
  modulus: 26667733344901105960569751727828569487214718708670945411188295642815606009560465347954545110592222944090982918465809468419238097364240524173209724878583398722100079734240131613765957603945675438531277654589865657668875533447087897042522082820053362269921081494634218619103722283987100002127744495735659330377296158667180517233635226043251542377330609155607362306352555072875158429670985653207961321353434474546723452521700302196843309492385382168858877968545394718449793701241526884292374101949696866959127615458759504166010855854580719538864213377660845095685904776645547354617687492052899918169806504259680521841033
  public exponent: 65537
  Validity: [From: Thu May 12 17:06:51 WEST 2016,
               To: Wed Aug 10 17:06:51 WEST 2016]
  Issuer: C=PT, L=Lisbon, O=IST, OU=DEI, CN=DistributedSystems
  SerialNumber: [    e012b535 b8ce9382]

]
  Algorithm: [SHA256withRSA]
  Signature:
0000: 26 0A 45 7B D7 52 8A 8F   BE 4A 66 D8 54 FC 68 C3  &.E..R...Jf.T.h.
0010: 07 08 D8 44 DB D3 C7 BB   DF C4 0D 18 28 67 D4 30  ...D........(g.0
0020: 15 3D 66 17 A9 74 76 FA   56 61 99 2F 46 EE 96 DF  .=f..tv.Va./F...
0030: 92 9C 25 F4 7B D3 39 73   40 C1 8C B4 3A EF A5 23  ..%...9s@...:..#
0040: 95 06 4F 35 39 79 13 AF   44 7A 82 C4 E5 E8 E9 7E  ..O59y..Dz......
0050: C7 A5 C8 A5 C4 BB ED 1A   FA EF C1 B2 80 1F 7F A8  ................
0060: 1E 67 EE 56 2D 28 B8 55   1C 80 E9 2B 0E 59 12 B2  .g.V-(.U...+.Y..
0070: 35 B6 86 94 01 F9 F0 BF   61 5F BB 14 74 1B 12 C7  5.......a_..t...
0080: 81 90 F4 53 6B A9 C1 C8   D3 2F 83 09 D4 1F B0 76  ...Sk..../.....v
0090: B6 4A 83 1F DD F0 36 BD   FC F0 E8 D3 60 E9 88 74  .J....6.....`..t
00A0: D6 0D F4 92 ED A0 27 B1   B0 8E 0F E0 B8 04 6B F9  ......'.......k.
00B0: D5 FF E2 7E A2 E7 08 E1   08 9D 2D 17 14 A9 B8 44  ..........-....D
00C0: 33 63 DB 1C 96 0A D4 46   0F FF 5D 88 86 36 B6 A8  3c.....F..]..6..
00D0: 0A F2 97 30 17 3B B1 DB   4F AE DF 35 08 8E 82 58  ...0.;..O..5...X
00E0: 42 5B E2 F8 4D CE BB E9   D7 07 1F C3 00 5C C4 78  B[..M........\.x
00F0: AA 02 86 4D CF D2 66 FE   47 80 7C CB E6 0C DD 2F  ...M..f.G....../

]
Caught exception in handleMessage: java.lang.NullPointerException
Continue normal processing...
Inbound SOAP message:
<S:Envelope xmlns:S="http://schemas.xmlsoap.org/soap/envelope/" xmlns:SOAP-ENV="http://schemas.xmlsoap.org/soap/envelope/"><SOAP-ENV:Header><d:myHeader xmlns:d="http://demo">IEGRPc962kg+hlwcSZ2tSpA/WIcuXLqc0Dt7tLnzsnmUSvYpBqSIurGK1XLkdJJnolwU1ulBn8cRy8yeKQudj1ii32rLCNrXQGPfqq0SKVsY+8CYkqoYxnYwDqFYEl0EezEFgQSz7OjxY4aVj1euEZYHz++LcOLfwQiDMwW4lieRNRRjFR5PLHA2WUnZyRq5RqCjD8YuH+rStV8GhqlQV7OeWUsmNARh5MVGHtH+58I6kOZsLVMToLR62YfvGebEvxrvRQNGPFfQjNAB+4jGiqSE5ChIZqqakMhQeCu9sKG4WDyxqy7SEGSFyTBa5vBwBnxlytVku0XJXTwN2vsbag==</d:myHeader><e:myRequestHeader xmlns:e="urn:example">UpaTransporter1</e:myRequestHeader><e:myID xmlns:e="http://demo">f306b3d8-c72f-4e39-843c-963fea397ab3</e:myID><d:myHeader1 xmlns:d="http://demo">ZpIVuVh5m4gAy5QfZskQksJKKs5Fk8R78t6WFiWfdp7ubIShCyZM8db9EKP2cmfnm+FgalR7S4SkEXe2bvhJDuOwh8zCPYPWZPUg1gjBVzzgvCXt6y4KrlzSi2cV7+L/0qaM/wlyc28qWqp8vceUOq5UMeyl1SAj8311359t3HCdShJmQKl3iPNOHpBgJgOPO0Rds5Un8A8IbKX6wr101dqP01jrxxKRaAcjjdAUXKvoBQMPHJ3PIW3V9upDhSaVIBtbAvNYKmujMFFmGU5e0uVKr9WMFUnLjzEpa2nBeM+S62zf/Vt+NW/1QyByzfzqufIitEG/p3XJ1iamlB4SyQ==</d:myHeader1></SOAP-ENV:Header><S:Body><ns2:jobStatusResponse xmlns:ns2="http://ws.transporter.upa.pt/"><return><companyName>UpaTransporter1</companyName><jobIdentifier>0</jobIdentifier><jobOrigin>Lisboa</jobOrigin><jobDestination>Coimbra</jobDestination><jobPrice>5</jobPrice><jobState>ACCEPTED</jobState></return></ns2:jobStatusResponse></S:Body></S:Envelope>
Outbound SOAP message:
<S:Envelope xmlns:S="http://schemas.xmlsoap.org/soap/envelope/" xmlns:SOAP-ENV="http://schemas.xmlsoap.org/soap/envelope/"><SOAP-ENV:Header/><S:Body><ns2:jobStatus xmlns:ns2="http://ws.transporter.upa.pt/"><id>0</id></ns2:jobStatus></S:Body></S:Envelope>
AddHeaderHandler: Handling message.
Text:
[S:Body: null]
Bytes:
5B533A426F64793A206E756C6C5D
Signing ...
Caught exception in handleMessage: java.lang.NullPointerException
Continue normal processing...
AddHeaderHandler: Handling message.
Text:
[S:Body: null]
Bytes:
5B533A426F64793A206E756C6C5D
got 'UpaTransporter1'
Contacting UDDI at http://localhost:9090
Looking for 'Ca'
Found http://localhost:8090/ca-ws/endpoint
Creating stub ...
Setting endpoint address ...
[
[
  Version: V1
  Subject: CN=DistributedSystems, OU=DEI, O=IST, L=Lisbon, ST=Lisbon, C=PT
  Signature Algorithm: SHA256withRSA, OID = 1.2.840.113549.1.1.11

  Key:  Sun RSA public key, 2048 bits
  modulus: 26667733344901105960569751727828569487214718708670945411188295642815606009560465347954545110592222944090982918465809468419238097364240524173209724878583398722100079734240131613765957603945675438531277654589865657668875533447087897042522082820053362269921081494634218619103722283987100002127744495735659330377296158667180517233635226043251542377330609155607362306352555072875158429670985653207961321353434474546723452521700302196843309492385382168858877968545394718449793701241526884292374101949696866959127615458759504166010855854580719538864213377660845095685904776645547354617687492052899918169806504259680521841033
  public exponent: 65537
  Validity: [From: Thu May 12 17:06:51 WEST 2016,
               To: Wed Aug 10 17:06:51 WEST 2016]
  Issuer: C=PT, L=Lisbon, O=IST, OU=DEI, CN=DistributedSystems
  SerialNumber: [    e012b535 b8ce9382]

]
  Algorithm: [SHA256withRSA]
  Signature:
0000: 26 0A 45 7B D7 52 8A 8F   BE 4A 66 D8 54 FC 68 C3  &.E..R...Jf.T.h.
0010: 07 08 D8 44 DB D3 C7 BB   DF C4 0D 18 28 67 D4 30  ...D........(g.0
0020: 15 3D 66 17 A9 74 76 FA   56 61 99 2F 46 EE 96 DF  .=f..tv.Va./F...
0030: 92 9C 25 F4 7B D3 39 73   40 C1 8C B4 3A EF A5 23  ..%...9s@...:..#
0040: 95 06 4F 35 39 79 13 AF   44 7A 82 C4 E5 E8 E9 7E  ..O59y..Dz......
0050: C7 A5 C8 A5 C4 BB ED 1A   FA EF C1 B2 80 1F 7F A8  ................
0060: 1E 67 EE 56 2D 28 B8 55   1C 80 E9 2B 0E 59 12 B2  .g.V-(.U...+.Y..
0070: 35 B6 86 94 01 F9 F0 BF   61 5F BB 14 74 1B 12 C7  5.......a_..t...
0080: 81 90 F4 53 6B A9 C1 C8   D3 2F 83 09 D4 1F B0 76  ...Sk..../.....v
0090: B6 4A 83 1F DD F0 36 BD   FC F0 E8 D3 60 E9 88 74  .J....6.....`..t
00A0: D6 0D F4 92 ED A0 27 B1   B0 8E 0F E0 B8 04 6B F9  ......'.......k.
00B0: D5 FF E2 7E A2 E7 08 E1   08 9D 2D 17 14 A9 B8 44  ..........-....D
00C0: 33 63 DB 1C 96 0A D4 46   0F FF 5D 88 86 36 B6 A8  3c.....F..]..6..
00D0: 0A F2 97 30 17 3B B1 DB   4F AE DF 35 08 8E 82 58  ...0.;..O..5...X
00E0: 42 5B E2 F8 4D CE BB E9   D7 07 1F C3 00 5C C4 78  B[..M........\.x
00F0: AA 02 86 4D CF D2 66 FE   47 80 7C CB E6 0C DD 2F  ...M..f.G....../

]
Caught exception in handleMessage: java.lang.NullPointerException
Continue normal processing...
Inbound SOAP message:
<S:Envelope xmlns:S="http://schemas.xmlsoap.org/soap/envelope/" xmlns:SOAP-ENV="http://schemas.xmlsoap.org/soap/envelope/"><SOAP-ENV:Header><d:myHeader xmlns:d="http://demo">IEGRPc962kg+hlwcSZ2tSpA/WIcuXLqc0Dt7tLnzsnmUSvYpBqSIurGK1XLkdJJnolwU1ulBn8cRy8yeKQudj1ii32rLCNrXQGPfqq0SKVsY+8CYkqoYxnYwDqFYEl0EezEFgQSz7OjxY4aVj1euEZYHz++LcOLfwQiDMwW4lieRNRRjFR5PLHA2WUnZyRq5RqCjD8YuH+rStV8GhqlQV7OeWUsmNARh5MVGHtH+58I6kOZsLVMToLR62YfvGebEvxrvRQNGPFfQjNAB+4jGiqSE5ChIZqqakMhQeCu9sKG4WDyxqy7SEGSFyTBa5vBwBnxlytVku0XJXTwN2vsbag==</d:myHeader><e:myRequestHeader xmlns:e="urn:example">UpaTransporter1</e:myRequestHeader><e:myID xmlns:e="http://demo">62597715-b5a9-4ded-945e-15c467de2af4</e:myID><d:myHeader1 xmlns:d="http://demo">rbQthb5MEamLJFPUTilUXhwhM+NVfY+ocTTtpvxyaFkc/YwIfyeqM58zaeDY79ju9i9J5g6GAf8YhODPv9fIBvFZIz51S0fyX1L9g4BAQFIOnMFBV72G2adFAPaA7cHUhhRJRTgIUeHBmp7kz9gtBOLeK+kdh/UL6ViSIPU94MTM5uLb1smdGAalWWOwayiHZohCm1JAyRNB1ecyP9jUXWhxZRhphLaYa3leNtC3GLp+mCQaHXUEiJfwSJwX4Hr1COLGhbT5zPsCKR2pSsC1nqKzitXYCRD0P7XiRlLoF+D3VEjInGeqnEgSueHY8vQ47/XwTUzHr4Ertr5yppDX0A==</d:myHeader1></SOAP-ENV:Header><S:Body><ns2:jobStatusResponse xmlns:ns2="http://ws.transporter.upa.pt/"><return><companyName>UpaTransporter1</companyName><jobIdentifier>0</jobIdentifier><jobOrigin>Lisboa</jobOrigin><jobDestination>Coimbra</jobDestination><jobPrice>5</jobPrice><jobState>ACCEPTED</jobState></return></ns2:jobStatusResponse></S:Body></S:Envelope>
Outbound SOAP message:
<S:Envelope xmlns:S="http://schemas.xmlsoap.org/soap/envelope/" xmlns:SOAP-ENV="http://schemas.xmlsoap.org/soap/envelope/"><SOAP-ENV:Header/><S:Body><ns2:jobStatus xmlns:ns2="http://ws.transporter.upa.pt/"><id>0</id></ns2:jobStatus></S:Body></S:Envelope>
AddHeaderHandler: Handling message.
Text:
[S:Body: null]
Bytes:
5B533A426F64793A206E756C6C5D
Signing ...
Caught exception in handleMessage: java.lang.NullPointerException
Continue normal processing...
AddHeaderHandler: Handling message.
Text:
[S:Body: null]
Bytes:
5B533A426F64793A206E756C6C5D
got 'UpaTransporter1'
Contacting UDDI at http://localhost:9090
Looking for 'Ca'
Found http://localhost:8090/ca-ws/endpoint
Creating stub ...
Setting endpoint address ...
[
[
  Version: V1
  Subject: CN=DistributedSystems, OU=DEI, O=IST, L=Lisbon, ST=Lisbon, C=PT
  Signature Algorithm: SHA256withRSA, OID = 1.2.840.113549.1.1.11

  Key:  Sun RSA public key, 2048 bits
  modulus: 26667733344901105960569751727828569487214718708670945411188295642815606009560465347954545110592222944090982918465809468419238097364240524173209724878583398722100079734240131613765957603945675438531277654589865657668875533447087897042522082820053362269921081494634218619103722283987100002127744495735659330377296158667180517233635226043251542377330609155607362306352555072875158429670985653207961321353434474546723452521700302196843309492385382168858877968545394718449793701241526884292374101949696866959127615458759504166010855854580719538864213377660845095685904776645547354617687492052899918169806504259680521841033
  public exponent: 65537
  Validity: [From: Thu May 12 17:06:51 WEST 2016,
               To: Wed Aug 10 17:06:51 WEST 2016]
  Issuer: C=PT, L=Lisbon, O=IST, OU=DEI, CN=DistributedSystems
  SerialNumber: [    e012b535 b8ce9382]

]
  Algorithm: [SHA256withRSA]
  Signature:
0000: 26 0A 45 7B D7 52 8A 8F   BE 4A 66 D8 54 FC 68 C3  &.E..R...Jf.T.h.
0010: 07 08 D8 44 DB D3 C7 BB   DF C4 0D 18 28 67 D4 30  ...D........(g.0
0020: 15 3D 66 17 A9 74 76 FA   56 61 99 2F 46 EE 96 DF  .=f..tv.Va./F...
0030: 92 9C 25 F4 7B D3 39 73   40 C1 8C B4 3A EF A5 23  ..%...9s@...:..#
0040: 95 06 4F 35 39 79 13 AF   44 7A 82 C4 E5 E8 E9 7E  ..O59y..Dz......
0050: C7 A5 C8 A5 C4 BB ED 1A   FA EF C1 B2 80 1F 7F A8  ................
0060: 1E 67 EE 56 2D 28 B8 55   1C 80 E9 2B 0E 59 12 B2  .g.V-(.U...+.Y..
0070: 35 B6 86 94 01 F9 F0 BF   61 5F BB 14 74 1B 12 C7  5.......a_..t...
0080: 81 90 F4 53 6B A9 C1 C8   D3 2F 83 09 D4 1F B0 76  ...Sk..../.....v
0090: B6 4A 83 1F DD F0 36 BD   FC F0 E8 D3 60 E9 88 74  .J....6.....`..t
00A0: D6 0D F4 92 ED A0 27 B1   B0 8E 0F E0 B8 04 6B F9  ......'.......k.
00B0: D5 FF E2 7E A2 E7 08 E1   08 9D 2D 17 14 A9 B8 44  ..........-....D
00C0: 33 63 DB 1C 96 0A D4 46   0F FF 5D 88 86 36 B6 A8  3c.....F..]..6..
00D0: 0A F2 97 30 17 3B B1 DB   4F AE DF 35 08 8E 82 58  ...0.;..O..5...X
00E0: 42 5B E2 F8 4D CE BB E9   D7 07 1F C3 00 5C C4 78  B[..M........\.x
00F0: AA 02 86 4D CF D2 66 FE   47 80 7C CB E6 0C DD 2F  ...M..f.G....../

]
Caught exception in handleMessage: java.lang.NullPointerException
Continue normal processing...
Inbound SOAP message:
<S:Envelope xmlns:S="http://schemas.xmlsoap.org/soap/envelope/" xmlns:SOAP-ENV="http://schemas.xmlsoap.org/soap/envelope/"><SOAP-ENV:Header><d:myHeader xmlns:d="http://demo">IEGRPc962kg+hlwcSZ2tSpA/WIcuXLqc0Dt7tLnzsnmUSvYpBqSIurGK1XLkdJJnolwU1ulBn8cRy8yeKQudj1ii32rLCNrXQGPfqq0SKVsY+8CYkqoYxnYwDqFYEl0EezEFgQSz7OjxY4aVj1euEZYHz++LcOLfwQiDMwW4lieRNRRjFR5PLHA2WUnZyRq5RqCjD8YuH+rStV8GhqlQV7OeWUsmNARh5MVGHtH+58I6kOZsLVMToLR62YfvGebEvxrvRQNGPFfQjNAB+4jGiqSE5ChIZqqakMhQeCu9sKG4WDyxqy7SEGSFyTBa5vBwBnxlytVku0XJXTwN2vsbag==</d:myHeader><e:myRequestHeader xmlns:e="urn:example">UpaTransporter1</e:myRequestHeader><e:myID xmlns:e="http://demo">c74de49d-f354-4e6f-9d24-f6186dbefbbf</e:myID><d:myHeader1 xmlns:d="http://demo">0hyJpuyR1oUl3SnRFE5OKu1WipdeZJclacdH8L5Y65kBr1iUbxo5fvvY1VeZ7JwlVJD2K8xvCSKbd39fj4OkkwyIIimLxzOA26JJB4kak5Xe90IaccDllVnAmY7G2G2abQj7zLHYWT8OleQW9NgL6QV8XIEPaGO/UBw2NLWdM+24xgbASOPTHKKQuRDD5Z2CMRd6C8l+VW1l7QjXfFgVZsR2713EgJL3dBLcDCNdytdjyABS18Zn7JDQ7clNzFkG8I74itfbcPgS6QHkGFkkLCmpsiwRcoemVidtlJuKq62psAlrfERLsd3DHWQBn7R+ji7LR7IeNwD8mwc42J7x6A==</d:myHeader1></SOAP-ENV:Header><S:Body><ns2:jobStatusResponse xmlns:ns2="http://ws.transporter.upa.pt/"><return><companyName>UpaTransporter1</companyName><jobIdentifier>0</jobIdentifier><jobOrigin>Lisboa</jobOrigin><jobDestination>Coimbra</jobDestination><jobPrice>5</jobPrice><jobState>ACCEPTED</jobState></return></ns2:jobStatusResponse></S:Body></S:Envelope>
Outbound SOAP message:
<S:Envelope xmlns:S="http://schemas.xmlsoap.org/soap/envelope/" xmlns:SOAP-ENV="http://schemas.xmlsoap.org/soap/envelope/"><SOAP-ENV:Header/><S:Body><ns2:jobStatus xmlns:ns2="http://ws.transporter.upa.pt/"><id>0</id></ns2:jobStatus></S:Body></S:Envelope>
AddHeaderHandler: Handling message.
Text:
[S:Body: null]
Bytes:
5B533A426F64793A206E756C6C5D
Signing ...
Caught exception in handleMessage: java.lang.NullPointerException
Continue normal processing...
AddHeaderHandler: Handling message.
Text:
[S:Body: null]
Bytes:
5B533A426F64793A206E756C6C5D
got 'UpaTransporter1'
Contacting UDDI at http://localhost:9090
Looking for 'Ca'
Found http://localhost:8090/ca-ws/endpoint
Creating stub ...
Setting endpoint address ...
[
[
  Version: V1
  Subject: CN=DistributedSystems, OU=DEI, O=IST, L=Lisbon, ST=Lisbon, C=PT
  Signature Algorithm: SHA256withRSA, OID = 1.2.840.113549.1.1.11

  Key:  Sun RSA public key, 2048 bits
  modulus: 26667733344901105960569751727828569487214718708670945411188295642815606009560465347954545110592222944090982918465809468419238097364240524173209724878583398722100079734240131613765957603945675438531277654589865657668875533447087897042522082820053362269921081494634218619103722283987100002127744495735659330377296158667180517233635226043251542377330609155607362306352555072875158429670985653207961321353434474546723452521700302196843309492385382168858877968545394718449793701241526884292374101949696866959127615458759504166010855854580719538864213377660845095685904776645547354617687492052899918169806504259680521841033
  public exponent: 65537
  Validity: [From: Thu May 12 17:06:51 WEST 2016,
               To: Wed Aug 10 17:06:51 WEST 2016]
  Issuer: C=PT, L=Lisbon, O=IST, OU=DEI, CN=DistributedSystems
  SerialNumber: [    e012b535 b8ce9382]

]
  Algorithm: [SHA256withRSA]
  Signature:
0000: 26 0A 45 7B D7 52 8A 8F   BE 4A 66 D8 54 FC 68 C3  &.E..R...Jf.T.h.
0010: 07 08 D8 44 DB D3 C7 BB   DF C4 0D 18 28 67 D4 30  ...D........(g.0
0020: 15 3D 66 17 A9 74 76 FA   56 61 99 2F 46 EE 96 DF  .=f..tv.Va./F...
0030: 92 9C 25 F4 7B D3 39 73   40 C1 8C B4 3A EF A5 23  ..%...9s@...:..#
0040: 95 06 4F 35 39 79 13 AF   44 7A 82 C4 E5 E8 E9 7E  ..O59y..Dz......
0050: C7 A5 C8 A5 C4 BB ED 1A   FA EF C1 B2 80 1F 7F A8  ................
0060: 1E 67 EE 56 2D 28 B8 55   1C 80 E9 2B 0E 59 12 B2  .g.V-(.U...+.Y..
0070: 35 B6 86 94 01 F9 F0 BF   61 5F BB 14 74 1B 12 C7  5.......a_..t...
0080: 81 90 F4 53 6B A9 C1 C8   D3 2F 83 09 D4 1F B0 76  ...Sk..../.....v
0090: B6 4A 83 1F DD F0 36 BD   FC F0 E8 D3 60 E9 88 74  .J....6.....`..t
00A0: D6 0D F4 92 ED A0 27 B1   B0 8E 0F E0 B8 04 6B F9  ......'.......k.
00B0: D5 FF E2 7E A2 E7 08 E1   08 9D 2D 17 14 A9 B8 44  ..........-....D
00C0: 33 63 DB 1C 96 0A D4 46   0F FF 5D 88 86 36 B6 A8  3c.....F..]..6..
00D0: 0A F2 97 30 17 3B B1 DB   4F AE DF 35 08 8E 82 58  ...0.;..O..5...X
00E0: 42 5B E2 F8 4D CE BB E9   D7 07 1F C3 00 5C C4 78  B[..M........\.x
00F0: AA 02 86 4D CF D2 66 FE   47 80 7C CB E6 0C DD 2F  ...M..f.G....../

]
Caught exception in handleMessage: java.lang.NullPointerException
Continue normal processing...
Inbound SOAP message:
<S:Envelope xmlns:S="http://schemas.xmlsoap.org/soap/envelope/" xmlns:SOAP-ENV="http://schemas.xmlsoap.org/soap/envelope/"><SOAP-ENV:Header><d:myHeader xmlns:d="http://demo">IEGRPc962kg+hlwcSZ2tSpA/WIcuXLqc0Dt7tLnzsnmUSvYpBqSIurGK1XLkdJJnolwU1ulBn8cRy8yeKQudj1ii32rLCNrXQGPfqq0SKVsY+8CYkqoYxnYwDqFYEl0EezEFgQSz7OjxY4aVj1euEZYHz++LcOLfwQiDMwW4lieRNRRjFR5PLHA2WUnZyRq5RqCjD8YuH+rStV8GhqlQV7OeWUsmNARh5MVGHtH+58I6kOZsLVMToLR62YfvGebEvxrvRQNGPFfQjNAB+4jGiqSE5ChIZqqakMhQeCu9sKG4WDyxqy7SEGSFyTBa5vBwBnxlytVku0XJXTwN2vsbag==</d:myHeader><e:myRequestHeader xmlns:e="urn:example">UpaTransporter1</e:myRequestHeader><e:myID xmlns:e="http://demo">bf39b770-0915-4b46-96f6-af64486670c5</e:myID><d:myHeader1 xmlns:d="http://demo">Ma32u7vSTERDgN2e17G1RKv3oaul9ZFUmiQSuyIUSSuH/OOBUUP8MZ5omx4SH5ihCaZen8Zs7axa4Ez9OgBER24vKwtYzS4LqPW5jUx4BmTAvYFeu5muROY2Bd+pqaS0dWeWuICjQtgPS9uDz7PhYE1SqvfrW/PuhljrE9CutqJjqI6r9xeycWy+uT0K7g9Ho0tN+cMkthi7saJyMNNh73Bpeb0Igs29BhS8XW1+QO67AWcq3nVDlTd+slVS0nI4scysqZppxEJBoM3jYMoumr3v8StZaEnc2lO2ZGblTFWx+OXhXkosMK38Ns7i/yqbYsaIyCul2G5mtpjcxkWpkA==</d:myHeader1></SOAP-ENV:Header><S:Body><ns2:jobStatusResponse xmlns:ns2="http://ws.transporter.upa.pt/"><return><companyName>UpaTransporter1</companyName><jobIdentifier>0</jobIdentifier><jobOrigin>Lisboa</jobOrigin><jobDestination>Coimbra</jobDestination><jobPrice>5</jobPrice><jobState>ACCEPTED</jobState></return></ns2:jobStatusResponse></S:Body></S:Envelope>
Outbound SOAP message:
<S:Envelope xmlns:S="http://schemas.xmlsoap.org/soap/envelope/" xmlns:SOAP-ENV="http://schemas.xmlsoap.org/soap/envelope/"><SOAP-ENV:Header/><S:Body><ns2:jobStatus xmlns:ns2="http://ws.transporter.upa.pt/"><id>0</id></ns2:jobStatus></S:Body></S:Envelope>
AddHeaderHandler: Handling message.
Text:
[S:Body: null]
Bytes:
5B533A426F64793A206E756C6C5D
Signing ...
Caught exception in handleMessage: java.lang.NullPointerException
Continue normal processing...
AddHeaderHandler: Handling message.
Text:
[S:Body: null]
Bytes:
5B533A426F64793A206E756C6C5D
got 'UpaTransporter1'
Contacting UDDI at http://localhost:9090
Looking for 'Ca'
Found http://localhost:8090/ca-ws/endpoint
Creating stub ...
Setting endpoint address ...
[
[
  Version: V1
  Subject: CN=DistributedSystems, OU=DEI, O=IST, L=Lisbon, ST=Lisbon, C=PT
  Signature Algorithm: SHA256withRSA, OID = 1.2.840.113549.1.1.11

  Key:  Sun RSA public key, 2048 bits
  modulus: 26667733344901105960569751727828569487214718708670945411188295642815606009560465347954545110592222944090982918465809468419238097364240524173209724878583398722100079734240131613765957603945675438531277654589865657668875533447087897042522082820053362269921081494634218619103722283987100002127744495735659330377296158667180517233635226043251542377330609155607362306352555072875158429670985653207961321353434474546723452521700302196843309492385382168858877968545394718449793701241526884292374101949696866959127615458759504166010855854580719538864213377660845095685904776645547354617687492052899918169806504259680521841033
  public exponent: 65537
  Validity: [From: Thu May 12 17:06:51 WEST 2016,
               To: Wed Aug 10 17:06:51 WEST 2016]
  Issuer: C=PT, L=Lisbon, O=IST, OU=DEI, CN=DistributedSystems
  SerialNumber: [    e012b535 b8ce9382]

]
  Algorithm: [SHA256withRSA]
  Signature:
0000: 26 0A 45 7B D7 52 8A 8F   BE 4A 66 D8 54 FC 68 C3  &.E..R...Jf.T.h.
0010: 07 08 D8 44 DB D3 C7 BB   DF C4 0D 18 28 67 D4 30  ...D........(g.0
0020: 15 3D 66 17 A9 74 76 FA   56 61 99 2F 46 EE 96 DF  .=f..tv.Va./F...
0030: 92 9C 25 F4 7B D3 39 73   40 C1 8C B4 3A EF A5 23  ..%...9s@...:..#
0040: 95 06 4F 35 39 79 13 AF   44 7A 82 C4 E5 E8 E9 7E  ..O59y..Dz......
0050: C7 A5 C8 A5 C4 BB ED 1A   FA EF C1 B2 80 1F 7F A8  ................
0060: 1E 67 EE 56 2D 28 B8 55   1C 80 E9 2B 0E 59 12 B2  .g.V-(.U...+.Y..
0070: 35 B6 86 94 01 F9 F0 BF   61 5F BB 14 74 1B 12 C7  5.......a_..t...
0080: 81 90 F4 53 6B A9 C1 C8   D3 2F 83 09 D4 1F B0 76  ...Sk..../.....v
0090: B6 4A 83 1F DD F0 36 BD   FC F0 E8 D3 60 E9 88 74  .J....6.....`..t
00A0: D6 0D F4 92 ED A0 27 B1   B0 8E 0F E0 B8 04 6B F9  ......'.......k.
00B0: D5 FF E2 7E A2 E7 08 E1   08 9D 2D 17 14 A9 B8 44  ..........-....D
00C0: 33 63 DB 1C 96 0A D4 46   0F FF 5D 88 86 36 B6 A8  3c.....F..]..6..
00D0: 0A F2 97 30 17 3B B1 DB   4F AE DF 35 08 8E 82 58  ...0.;..O..5...X
00E0: 42 5B E2 F8 4D CE BB E9   D7 07 1F C3 00 5C C4 78  B[..M........\.x
00F0: AA 02 86 4D CF D2 66 FE   47 80 7C CB E6 0C DD 2F  ...M..f.G....../

]
Caught exception in handleMessage: java.lang.NullPointerException
Continue normal processing...
Inbound SOAP message:
<S:Envelope xmlns:S="http://schemas.xmlsoap.org/soap/envelope/" xmlns:SOAP-ENV="http://schemas.xmlsoap.org/soap/envelope/"><SOAP-ENV:Header><d:myHeader xmlns:d="http://demo">IEGRPc962kg+hlwcSZ2tSpA/WIcuXLqc0Dt7tLnzsnmUSvYpBqSIurGK1XLkdJJnolwU1ulBn8cRy8yeKQudj1ii32rLCNrXQGPfqq0SKVsY+8CYkqoYxnYwDqFYEl0EezEFgQSz7OjxY4aVj1euEZYHz++LcOLfwQiDMwW4lieRNRRjFR5PLHA2WUnZyRq5RqCjD8YuH+rStV8GhqlQV7OeWUsmNARh5MVGHtH+58I6kOZsLVMToLR62YfvGebEvxrvRQNGPFfQjNAB+4jGiqSE5ChIZqqakMhQeCu9sKG4WDyxqy7SEGSFyTBa5vBwBnxlytVku0XJXTwN2vsbag==</d:myHeader><e:myRequestHeader xmlns:e="urn:example">UpaTransporter1</e:myRequestHeader><e:myID xmlns:e="http://demo">4798718e-f7b6-4564-8ff4-4154eeeb0851</e:myID><d:myHeader1 xmlns:d="http://demo">FWLBY0LivqkQBWX5ktbDp9a9KKYLCOzUOaLrcaAVeaYbkpQbyQ0Wqz1Y3nWoL0Jt0cr+xNuf/n/sP517fxJ1eP+a6QFCCaCnJeRl1Yf7yUNjBMQf0VOHDwZyQSkcr/ti4naAKAIWyCqRgnka+BdhcdxM6QPxnKTHlmWwqlPJraWjTBacE8KfKxODj0ySlQs5I0ZIuXzEBKhvHWkCRGJfW7rMbxKCko7R55y+SGV+CiSNnIQ5lkHwwM5rMKuUG5IZauOoQCSVsBZh6+iQ3fUXat27zm6SEWpq8yLkIp39jbfhXofaIQ7RA2KIX37rc+1pac+U2jA3q0s8iyymZJvAjw==</d:myHeader1></SOAP-ENV:Header><S:Body><ns2:jobStatusResponse xmlns:ns2="http://ws.transporter.upa.pt/"><return><companyName>UpaTransporter1</companyName><jobIdentifier>0</jobIdentifier><jobOrigin>Lisboa</jobOrigin><jobDestination>Coimbra</jobDestination><jobPrice>5</jobPrice><jobState>ACCEPTED</jobState></return></ns2:jobStatusResponse></S:Body></S:Envelope>
Outbound SOAP message:
<S:Envelope xmlns:S="http://schemas.xmlsoap.org/soap/envelope/" xmlns:SOAP-ENV="http://schemas.xmlsoap.org/soap/envelope/"><SOAP-ENV:Header/><S:Body><ns2:jobStatus xmlns:ns2="http://ws.transporter.upa.pt/"><id>0</id></ns2:jobStatus></S:Body></S:Envelope>
AddHeaderHandler: Handling message.
Text:
[S:Body: null]
Bytes:
5B533A426F64793A206E756C6C5D
Signing ...
Caught exception in handleMessage: java.lang.NullPointerException
Continue normal processing...
AddHeaderHandler: Handling message.
Text:
[S:Body: null]
Bytes:
5B533A426F64793A206E756C6C5D
got 'UpaTransporter1'
Contacting UDDI at http://localhost:9090
Looking for 'Ca'
Found http://localhost:8090/ca-ws/endpoint
Creating stub ...
Setting endpoint address ...
[
[
  Version: V1
  Subject: CN=DistributedSystems, OU=DEI, O=IST, L=Lisbon, ST=Lisbon, C=PT
  Signature Algorithm: SHA256withRSA, OID = 1.2.840.113549.1.1.11

  Key:  Sun RSA public key, 2048 bits
  modulus: 26667733344901105960569751727828569487214718708670945411188295642815606009560465347954545110592222944090982918465809468419238097364240524173209724878583398722100079734240131613765957603945675438531277654589865657668875533447087897042522082820053362269921081494634218619103722283987100002127744495735659330377296158667180517233635226043251542377330609155607362306352555072875158429670985653207961321353434474546723452521700302196843309492385382168858877968545394718449793701241526884292374101949696866959127615458759504166010855854580719538864213377660845095685904776645547354617687492052899918169806504259680521841033
  public exponent: 65537
  Validity: [From: Thu May 12 17:06:51 WEST 2016,
               To: Wed Aug 10 17:06:51 WEST 2016]
  Issuer: C=PT, L=Lisbon, O=IST, OU=DEI, CN=DistributedSystems
  SerialNumber: [    e012b535 b8ce9382]

]
  Algorithm: [SHA256withRSA]
  Signature:
0000: 26 0A 45 7B D7 52 8A 8F   BE 4A 66 D8 54 FC 68 C3  &.E..R...Jf.T.h.
0010: 07 08 D8 44 DB D3 C7 BB   DF C4 0D 18 28 67 D4 30  ...D........(g.0
0020: 15 3D 66 17 A9 74 76 FA   56 61 99 2F 46 EE 96 DF  .=f..tv.Va./F...
0030: 92 9C 25 F4 7B D3 39 73   40 C1 8C B4 3A EF A5 23  ..%...9s@...:..#
0040: 95 06 4F 35 39 79 13 AF   44 7A 82 C4 E5 E8 E9 7E  ..O59y..Dz......
0050: C7 A5 C8 A5 C4 BB ED 1A   FA EF C1 B2 80 1F 7F A8  ................
0060: 1E 67 EE 56 2D 28 B8 55   1C 80 E9 2B 0E 59 12 B2  .g.V-(.U...+.Y..
0070: 35 B6 86 94 01 F9 F0 BF   61 5F BB 14 74 1B 12 C7  5.......a_..t...
0080: 81 90 F4 53 6B A9 C1 C8   D3 2F 83 09 D4 1F B0 76  ...Sk..../.....v
0090: B6 4A 83 1F DD F0 36 BD   FC F0 E8 D3 60 E9 88 74  .J....6.....`..t
00A0: D6 0D F4 92 ED A0 27 B1   B0 8E 0F E0 B8 04 6B F9  ......'.......k.
00B0: D5 FF E2 7E A2 E7 08 E1   08 9D 2D 17 14 A9 B8 44  ..........-....D
00C0: 33 63 DB 1C 96 0A D4 46   0F FF 5D 88 86 36 B6 A8  3c.....F..]..6..
00D0: 0A F2 97 30 17 3B B1 DB   4F AE DF 35 08 8E 82 58  ...0.;..O..5...X
00E0: 42 5B E2 F8 4D CE BB E9   D7 07 1F C3 00 5C C4 78  B[..M........\.x
00F0: AA 02 86 4D CF D2 66 FE   47 80 7C CB E6 0C DD 2F  ...M..f.G....../

]
Caught exception in handleMessage: java.lang.NullPointerException
Continue normal processing...
Inbound SOAP message:
<S:Envelope xmlns:S="http://schemas.xmlsoap.org/soap/envelope/" xmlns:SOAP-ENV="http://schemas.xmlsoap.org/soap/envelope/"><SOAP-ENV:Header><d:myHeader xmlns:d="http://demo">IEGRPc962kg+hlwcSZ2tSpA/WIcuXLqc0Dt7tLnzsnmUSvYpBqSIurGK1XLkdJJnolwU1ulBn8cRy8yeKQudj1ii32rLCNrXQGPfqq0SKVsY+8CYkqoYxnYwDqFYEl0EezEFgQSz7OjxY4aVj1euEZYHz++LcOLfwQiDMwW4lieRNRRjFR5PLHA2WUnZyRq5RqCjD8YuH+rStV8GhqlQV7OeWUsmNARh5MVGHtH+58I6kOZsLVMToLR62YfvGebEvxrvRQNGPFfQjNAB+4jGiqSE5ChIZqqakMhQeCu9sKG4WDyxqy7SEGSFyTBa5vBwBnxlytVku0XJXTwN2vsbag==</d:myHeader><e:myRequestHeader xmlns:e="urn:example">UpaTransporter1</e:myRequestHeader><e:myID xmlns:e="http://demo">fd480901-2f6f-4416-81d8-c0727cf2611b</e:myID><d:myHeader1 xmlns:d="http://demo">Y/8W+T/uDIKqW0EYDo1aVpjDi1lOHG59cUHyo+m48xI8w0NsVsQeQxqehpyof3XxOi4okBL1A6yOXTswoPlI7r6Q9jjjwTofFQKNIqLFqNTaOVvEXNQ7aNLl8UsQw4SugFa0JQqHP1Vl/gEJk+GgrYcabbCDFeQa2XlxuudH7vlH2nSMABzn/KpUyl8N5u1VNBhWb0L05mVWcOtCOn72t2a3cQZv4A7e6sDyh89AMqLJFTpyZOKnK68lO2zPiBA+U4ASUFTh24w8e8k/VwH5jnrc+B1rAIYR/00OJAzQRnXzSqQ+ZCehmw5bOdQfldSkwwHyW/+RXwQwQBc8Gpi6Sw==</d:myHeader1></SOAP-ENV:Header><S:Body><ns2:jobStatusResponse xmlns:ns2="http://ws.transporter.upa.pt/"><return><companyName>UpaTransporter1</companyName><jobIdentifier>0</jobIdentifier><jobOrigin>Lisboa</jobOrigin><jobDestination>Coimbra</jobDestination><jobPrice>5</jobPrice><jobState>ACCEPTED</jobState></return></ns2:jobStatusResponse></S:Body></S:Envelope>
Outbound SOAP message:
<S:Envelope xmlns:S="http://schemas.xmlsoap.org/soap/envelope/" xmlns:SOAP-ENV="http://schemas.xmlsoap.org/soap/envelope/"><SOAP-ENV:Header/><S:Body><ns2:jobStatus xmlns:ns2="http://ws.transporter.upa.pt/"><id>0</id></ns2:jobStatus></S:Body></S:Envelope>
AddHeaderHandler: Handling message.
Text:
[S:Body: null]
Bytes:
5B533A426F64793A206E756C6C5D
Signing ...
Caught exception in handleMessage: java.lang.NullPointerException
Continue normal processing...
AddHeaderHandler: Handling message.
Text:
[S:Body: null]
Bytes:
5B533A426F64793A206E756C6C5D
got 'UpaTransporter1'
Contacting UDDI at http://localhost:9090
Looking for 'Ca'
Found http://localhost:8090/ca-ws/endpoint
Creating stub ...
Setting endpoint address ...
[
[
  Version: V1
  Subject: CN=DistributedSystems, OU=DEI, O=IST, L=Lisbon, ST=Lisbon, C=PT
  Signature Algorithm: SHA256withRSA, OID = 1.2.840.113549.1.1.11

  Key:  Sun RSA public key, 2048 bits
  modulus: 26667733344901105960569751727828569487214718708670945411188295642815606009560465347954545110592222944090982918465809468419238097364240524173209724878583398722100079734240131613765957603945675438531277654589865657668875533447087897042522082820053362269921081494634218619103722283987100002127744495735659330377296158667180517233635226043251542377330609155607362306352555072875158429670985653207961321353434474546723452521700302196843309492385382168858877968545394718449793701241526884292374101949696866959127615458759504166010855854580719538864213377660845095685904776645547354617687492052899918169806504259680521841033
  public exponent: 65537
  Validity: [From: Thu May 12 17:06:51 WEST 2016,
               To: Wed Aug 10 17:06:51 WEST 2016]
  Issuer: C=PT, L=Lisbon, O=IST, OU=DEI, CN=DistributedSystems
  SerialNumber: [    e012b535 b8ce9382]

]
  Algorithm: [SHA256withRSA]
  Signature:
0000: 26 0A 45 7B D7 52 8A 8F   BE 4A 66 D8 54 FC 68 C3  &.E..R...Jf.T.h.
0010: 07 08 D8 44 DB D3 C7 BB   DF C4 0D 18 28 67 D4 30  ...D........(g.0
0020: 15 3D 66 17 A9 74 76 FA   56 61 99 2F 46 EE 96 DF  .=f..tv.Va./F...
0030: 92 9C 25 F4 7B D3 39 73   40 C1 8C B4 3A EF A5 23  ..%...9s@...:..#
0040: 95 06 4F 35 39 79 13 AF   44 7A 82 C4 E5 E8 E9 7E  ..O59y..Dz......
0050: C7 A5 C8 A5 C4 BB ED 1A   FA EF C1 B2 80 1F 7F A8  ................
0060: 1E 67 EE 56 2D 28 B8 55   1C 80 E9 2B 0E 59 12 B2  .g.V-(.U...+.Y..
0070: 35 B6 86 94 01 F9 F0 BF   61 5F BB 14 74 1B 12 C7  5.......a_..t...
0080: 81 90 F4 53 6B A9 C1 C8   D3 2F 83 09 D4 1F B0 76  ...Sk..../.....v
0090: B6 4A 83 1F DD F0 36 BD   FC F0 E8 D3 60 E9 88 74  .J....6.....`..t
00A0: D6 0D F4 92 ED A0 27 B1   B0 8E 0F E0 B8 04 6B F9  ......'.......k.
00B0: D5 FF E2 7E A2 E7 08 E1   08 9D 2D 17 14 A9 B8 44  ..........-....D
00C0: 33 63 DB 1C 96 0A D4 46   0F FF 5D 88 86 36 B6 A8  3c.....F..]..6..
00D0: 0A F2 97 30 17 3B B1 DB   4F AE DF 35 08 8E 82 58  ...0.;..O..5...X
00E0: 42 5B E2 F8 4D CE BB E9   D7 07 1F C3 00 5C C4 78  B[..M........\.x
00F0: AA 02 86 4D CF D2 66 FE   47 80 7C CB E6 0C DD 2F  ...M..f.G....../

]
Caught exception in handleMessage: java.lang.NullPointerException
Continue normal processing...
Inbound SOAP message:
<S:Envelope xmlns:S="http://schemas.xmlsoap.org/soap/envelope/" xmlns:SOAP-ENV="http://schemas.xmlsoap.org/soap/envelope/"><SOAP-ENV:Header><d:myHeader xmlns:d="http://demo">IEGRPc962kg+hlwcSZ2tSpA/WIcuXLqc0Dt7tLnzsnmUSvYpBqSIurGK1XLkdJJnolwU1ulBn8cRy8yeKQudj1ii32rLCNrXQGPfqq0SKVsY+8CYkqoYxnYwDqFYEl0EezEFgQSz7OjxY4aVj1euEZYHz++LcOLfwQiDMwW4lieRNRRjFR5PLHA2WUnZyRq5RqCjD8YuH+rStV8GhqlQV7OeWUsmNARh5MVGHtH+58I6kOZsLVMToLR62YfvGebEvxrvRQNGPFfQjNAB+4jGiqSE5ChIZqqakMhQeCu9sKG4WDyxqy7SEGSFyTBa5vBwBnxlytVku0XJXTwN2vsbag==</d:myHeader><e:myRequestHeader xmlns:e="urn:example">UpaTransporter1</e:myRequestHeader><e:myID xmlns:e="http://demo">2e26b9d5-64a1-4b30-ab79-ca4add9dc922</e:myID><d:myHeader1 xmlns:d="http://demo">BZjIUbub6sLkEftK0jXoqpDcEUzP7AUGCe5zoV/NZPeSL8o+gLR8AcIhBaL/SJYap0kC7Dd8TQ+fdrN7bzRlFi4XQiuJO9UfJ81X6Ez1iFEFpnbToJBi7/kzuNRoBPw1JXLotkmQjqv4S6v9HE4EM4pqHGT6vk+7ORq7BQWtg4qgOdxmh8oowh3aKK1Spm95GB2JrzPDTt/9RlMltexVMuzrH+zHnd3Rqb9l+U+5Mkv6L2GNEhaNICiILGq0OMcb5EXDRM/9teTL37OKAVwnUg1CGUMcWDdgsq/9/gorTmBKOfEV1oxqs/ZDqT9gYJlWN8RPauet5F9z8nbNphcWuA==</d:myHeader1></SOAP-ENV:Header><S:Body><ns2:jobStatusResponse xmlns:ns2="http://ws.transporter.upa.pt/"><return><companyName>UpaTransporter1</companyName><jobIdentifier>0</jobIdentifier><jobOrigin>Lisboa</jobOrigin><jobDestination>Coimbra</jobDestination><jobPrice>5</jobPrice><jobState>ACCEPTED</jobState></return></ns2:jobStatusResponse></S:Body></S:Envelope>
Outbound SOAP message:
<S:Envelope xmlns:S="http://schemas.xmlsoap.org/soap/envelope/" xmlns:SOAP-ENV="http://schemas.xmlsoap.org/soap/envelope/"><SOAP-ENV:Header/><S:Body><ns2:jobStatus xmlns:ns2="http://ws.transporter.upa.pt/"><id>0</id></ns2:jobStatus></S:Body></S:Envelope>
AddHeaderHandler: Handling message.
Text:
[S:Body: null]
Bytes:
5B533A426F64793A206E756C6C5D
Signing ...
Caught exception in handleMessage: java.lang.NullPointerException
Continue normal processing...
AddHeaderHandler: Handling message.
Text:
[S:Body: null]
Bytes:
5B533A426F64793A206E756C6C5D
got 'UpaTransporter1'
Contacting UDDI at http://localhost:9090
Looking for 'Ca'
Found http://localhost:8090/ca-ws/endpoint
Creating stub ...
Setting endpoint address ...
[
[
  Version: V1
  Subject: CN=DistributedSystems, OU=DEI, O=IST, L=Lisbon, ST=Lisbon, C=PT
  Signature Algorithm: SHA256withRSA, OID = 1.2.840.113549.1.1.11

  Key:  Sun RSA public key, 2048 bits
  modulus: 26667733344901105960569751727828569487214718708670945411188295642815606009560465347954545110592222944090982918465809468419238097364240524173209724878583398722100079734240131613765957603945675438531277654589865657668875533447087897042522082820053362269921081494634218619103722283987100002127744495735659330377296158667180517233635226043251542377330609155607362306352555072875158429670985653207961321353434474546723452521700302196843309492385382168858877968545394718449793701241526884292374101949696866959127615458759504166010855854580719538864213377660845095685904776645547354617687492052899918169806504259680521841033
  public exponent: 65537
  Validity: [From: Thu May 12 17:06:51 WEST 2016,
               To: Wed Aug 10 17:06:51 WEST 2016]
  Issuer: C=PT, L=Lisbon, O=IST, OU=DEI, CN=DistributedSystems
  SerialNumber: [    e012b535 b8ce9382]

]
  Algorithm: [SHA256withRSA]
  Signature:
0000: 26 0A 45 7B D7 52 8A 8F   BE 4A 66 D8 54 FC 68 C3  &.E..R...Jf.T.h.
0010: 07 08 D8 44 DB D3 C7 BB   DF C4 0D 18 28 67 D4 30  ...D........(g.0
0020: 15 3D 66 17 A9 74 76 FA   56 61 99 2F 46 EE 96 DF  .=f..tv.Va./F...
0030: 92 9C 25 F4 7B D3 39 73   40 C1 8C B4 3A EF A5 23  ..%...9s@...:..#
0040: 95 06 4F 35 39 79 13 AF   44 7A 82 C4 E5 E8 E9 7E  ..O59y..Dz......
0050: C7 A5 C8 A5 C4 BB ED 1A   FA EF C1 B2 80 1F 7F A8  ................
0060: 1E 67 EE 56 2D 28 B8 55   1C 80 E9 2B 0E 59 12 B2  .g.V-(.U...+.Y..
0070: 35 B6 86 94 01 F9 F0 BF   61 5F BB 14 74 1B 12 C7  5.......a_..t...
0080: 81 90 F4 53 6B A9 C1 C8   D3 2F 83 09 D4 1F B0 76  ...Sk..../.....v
0090: B6 4A 83 1F DD F0 36 BD   FC F0 E8 D3 60 E9 88 74  .J....6.....`..t
00A0: D6 0D F4 92 ED A0 27 B1   B0 8E 0F E0 B8 04 6B F9  ......'.......k.
00B0: D5 FF E2 7E A2 E7 08 E1   08 9D 2D 17 14 A9 B8 44  ..........-....D
00C0: 33 63 DB 1C 96 0A D4 46   0F FF 5D 88 86 36 B6 A8  3c.....F..]..6..
00D0: 0A F2 97 30 17 3B B1 DB   4F AE DF 35 08 8E 82 58  ...0.;..O..5...X
00E0: 42 5B E2 F8 4D CE BB E9   D7 07 1F C3 00 5C C4 78  B[..M........\.x
00F0: AA 02 86 4D CF D2 66 FE   47 80 7C CB E6 0C DD 2F  ...M..f.G....../

]
Caught exception in handleMessage: java.lang.NullPointerException
Continue normal processing...
Inbound SOAP message:
<S:Envelope xmlns:S="http://schemas.xmlsoap.org/soap/envelope/" xmlns:SOAP-ENV="http://schemas.xmlsoap.org/soap/envelope/"><SOAP-ENV:Header><d:myHeader xmlns:d="http://demo">IEGRPc962kg+hlwcSZ2tSpA/WIcuXLqc0Dt7tLnzsnmUSvYpBqSIurGK1XLkdJJnolwU1ulBn8cRy8yeKQudj1ii32rLCNrXQGPfqq0SKVsY+8CYkqoYxnYwDqFYEl0EezEFgQSz7OjxY4aVj1euEZYHz++LcOLfwQiDMwW4lieRNRRjFR5PLHA2WUnZyRq5RqCjD8YuH+rStV8GhqlQV7OeWUsmNARh5MVGHtH+58I6kOZsLVMToLR62YfvGebEvxrvRQNGPFfQjNAB+4jGiqSE5ChIZqqakMhQeCu9sKG4WDyxqy7SEGSFyTBa5vBwBnxlytVku0XJXTwN2vsbag==</d:myHeader><e:myRequestHeader xmlns:e="urn:example">UpaTransporter1</e:myRequestHeader><e:myID xmlns:e="http://demo">8759047c-abb8-45b9-8e40-73c03e63fcd1</e:myID><d:myHeader1 xmlns:d="http://demo">CPygNf0E6RQ0VT1s0fNOZL3OJGo4WCgfWpVAIMNmaF4hO+Yfaaw7vSVy9AKZ1TVAho21VfXnN+UFn2IKBr8xkz+IPddrQLCv7iNS8QnNJ207P5Py5b9v5EPERhkY3KDsEVkV1nwklNJTOn0g2UJsJ8Y80WzM4sxcarcNVGHdCdEAzXtpCMEbFzW0+q7uHar9YFGaWn9tRPfRDKKuJvdewF2BQ+OtLcAsUCdLstlqjkSlRXiNHqNT5k7lQNwMx6vU9Az+WUCzCrQuuJGto9X6GJ+q0fjW6heg6ae7V/lmAe89HLfOMJnYI6Vuw0N5wz0KTyHYLRbQY5zReeJDhac06w==</d:myHeader1></SOAP-ENV:Header><S:Body><ns2:jobStatusResponse xmlns:ns2="http://ws.transporter.upa.pt/"><return><companyName>UpaTransporter1</companyName><jobIdentifier>0</jobIdentifier><jobOrigin>Lisboa</jobOrigin><jobDestination>Coimbra</jobDestination><jobPrice>5</jobPrice><jobState>ACCEPTED</jobState></return></ns2:jobStatusResponse></S:Body></S:Envelope>
Outbound SOAP message:
<S:Envelope xmlns:S="http://schemas.xmlsoap.org/soap/envelope/" xmlns:SOAP-ENV="http://schemas.xmlsoap.org/soap/envelope/"><SOAP-ENV:Header/><S:Body><ns2:jobStatus xmlns:ns2="http://ws.transporter.upa.pt/"><id>0</id></ns2:jobStatus></S:Body></S:Envelope>
AddHeaderHandler: Handling message.
Text:
[S:Body: null]
Bytes:
5B533A426F64793A206E756C6C5D
Signing ...
Caught exception in handleMessage: java.lang.NullPointerException
Continue normal processing...
AddHeaderHandler: Handling message.
Text:
[S:Body: null]
Bytes:
5B533A426F64793A206E756C6C5D
got 'UpaTransporter1'
Contacting UDDI at http://localhost:9090
Looking for 'Ca'
Found http://localhost:8090/ca-ws/endpoint
Creating stub ...
Setting endpoint address ...
[
[
  Version: V1
  Subject: CN=DistributedSystems, OU=DEI, O=IST, L=Lisbon, ST=Lisbon, C=PT
  Signature Algorithm: SHA256withRSA, OID = 1.2.840.113549.1.1.11

  Key:  Sun RSA public key, 2048 bits
  modulus: 26667733344901105960569751727828569487214718708670945411188295642815606009560465347954545110592222944090982918465809468419238097364240524173209724878583398722100079734240131613765957603945675438531277654589865657668875533447087897042522082820053362269921081494634218619103722283987100002127744495735659330377296158667180517233635226043251542377330609155607362306352555072875158429670985653207961321353434474546723452521700302196843309492385382168858877968545394718449793701241526884292374101949696866959127615458759504166010855854580719538864213377660845095685904776645547354617687492052899918169806504259680521841033
  public exponent: 65537
  Validity: [From: Thu May 12 17:06:51 WEST 2016,
               To: Wed Aug 10 17:06:51 WEST 2016]
  Issuer: C=PT, L=Lisbon, O=IST, OU=DEI, CN=DistributedSystems
  SerialNumber: [    e012b535 b8ce9382]

]
  Algorithm: [SHA256withRSA]
  Signature:
0000: 26 0A 45 7B D7 52 8A 8F   BE 4A 66 D8 54 FC 68 C3  &.E..R...Jf.T.h.
0010: 07 08 D8 44 DB D3 C7 BB   DF C4 0D 18 28 67 D4 30  ...D........(g.0
0020: 15 3D 66 17 A9 74 76 FA   56 61 99 2F 46 EE 96 DF  .=f..tv.Va./F...
0030: 92 9C 25 F4 7B D3 39 73   40 C1 8C B4 3A EF A5 23  ..%...9s@...:..#
0040: 95 06 4F 35 39 79 13 AF   44 7A 82 C4 E5 E8 E9 7E  ..O59y..Dz......
0050: C7 A5 C8 A5 C4 BB ED 1A   FA EF C1 B2 80 1F 7F A8  ................
0060: 1E 67 EE 56 2D 28 B8 55   1C 80 E9 2B 0E 59 12 B2  .g.V-(.U...+.Y..
0070: 35 B6 86 94 01 F9 F0 BF   61 5F BB 14 74 1B 12 C7  5.......a_..t...
0080: 81 90 F4 53 6B A9 C1 C8   D3 2F 83 09 D4 1F B0 76  ...Sk..../.....v
0090: B6 4A 83 1F DD F0 36 BD   FC F0 E8 D3 60 E9 88 74  .J....6.....`..t
00A0: D6 0D F4 92 ED A0 27 B1   B0 8E 0F E0 B8 04 6B F9  ......'.......k.
00B0: D5 FF E2 7E A2 E7 08 E1   08 9D 2D 17 14 A9 B8 44  ..........-....D
00C0: 33 63 DB 1C 96 0A D4 46   0F FF 5D 88 86 36 B6 A8  3c.....F..]..6..
00D0: 0A F2 97 30 17 3B B1 DB   4F AE DF 35 08 8E 82 58  ...0.;..O..5...X
00E0: 42 5B E2 F8 4D CE BB E9   D7 07 1F C3 00 5C C4 78  B[..M........\.x
00F0: AA 02 86 4D CF D2 66 FE   47 80 7C CB E6 0C DD 2F  ...M..f.G....../

]
Caught exception in handleMessage: java.lang.NullPointerException
Continue normal processing...
Inbound SOAP message:
<S:Envelope xmlns:S="http://schemas.xmlsoap.org/soap/envelope/" xmlns:SOAP-ENV="http://schemas.xmlsoap.org/soap/envelope/"><SOAP-ENV:Header><d:myHeader xmlns:d="http://demo">IEGRPc962kg+hlwcSZ2tSpA/WIcuXLqc0Dt7tLnzsnmUSvYpBqSIurGK1XLkdJJnolwU1ulBn8cRy8yeKQudj1ii32rLCNrXQGPfqq0SKVsY+8CYkqoYxnYwDqFYEl0EezEFgQSz7OjxY4aVj1euEZYHz++LcOLfwQiDMwW4lieRNRRjFR5PLHA2WUnZyRq5RqCjD8YuH+rStV8GhqlQV7OeWUsmNARh5MVGHtH+58I6kOZsLVMToLR62YfvGebEvxrvRQNGPFfQjNAB+4jGiqSE5ChIZqqakMhQeCu9sKG4WDyxqy7SEGSFyTBa5vBwBnxlytVku0XJXTwN2vsbag==</d:myHeader><e:myRequestHeader xmlns:e="urn:example">UpaTransporter1</e:myRequestHeader><e:myID xmlns:e="http://demo">28bed0b9-8756-43f7-a963-29426eb3ede7</e:myID><d:myHeader1 xmlns:d="http://demo">Xy33XScbke33q/W1pB6m/dYEhwl4fOG9OIIlJUaOn8Xb0DuwFZQeiadtCn44vf72sCzrKstpSsRiiH++dJoWAb93EMcra/rOM1WBTa3YEkVUpXzsuJzhbAB1S5eD/1AwqNpYXbTaxbDW1LifkZncFBhpFR7pnR23tod0hb4TPv1JzpoJplZPuYNpsoMEkhjNsjO0CND0y94Txg7FLeO2LILaoEAiHfkN2eluawa0kCbicfUFaQKtgD100DTLX5OK5G36eqb/9pODuEQONv5nAvC8s2vzu9k1qKqKKFVAYsNVnTiToBLKKViNT/lMZ6M8FLuC2PMI1f1ZhglFoKrMgw==</d:myHeader1></SOAP-ENV:Header><S:Body><ns2:jobStatusResponse xmlns:ns2="http://ws.transporter.upa.pt/"><return><companyName>UpaTransporter1</companyName><jobIdentifier>0</jobIdentifier><jobOrigin>Lisboa</jobOrigin><jobDestination>Coimbra</jobDestination><jobPrice>5</jobPrice><jobState>ACCEPTED</jobState></return></ns2:jobStatusResponse></S:Body></S:Envelope>
Outbound SOAP message:
<S:Envelope xmlns:S="http://schemas.xmlsoap.org/soap/envelope/" xmlns:SOAP-ENV="http://schemas.xmlsoap.org/soap/envelope/"><SOAP-ENV:Header/><S:Body><ns2:jobStatus xmlns:ns2="http://ws.transporter.upa.pt/"><id>0</id></ns2:jobStatus></S:Body></S:Envelope>
AddHeaderHandler: Handling message.
Text:
[S:Body: null]
Bytes:
5B533A426F64793A206E756C6C5D
Signing ...
Caught exception in handleMessage: java.lang.NullPointerException
Continue normal processing...
AddHeaderHandler: Handling message.
Text:
[S:Body: null]
Bytes:
5B533A426F64793A206E756C6C5D
got 'UpaTransporter1'
Contacting UDDI at http://localhost:9090
Looking for 'Ca'
Found http://localhost:8090/ca-ws/endpoint
Creating stub ...
Setting endpoint address ...
[
[
  Version: V1
  Subject: CN=DistributedSystems, OU=DEI, O=IST, L=Lisbon, ST=Lisbon, C=PT
  Signature Algorithm: SHA256withRSA, OID = 1.2.840.113549.1.1.11

  Key:  Sun RSA public key, 2048 bits
  modulus: 26667733344901105960569751727828569487214718708670945411188295642815606009560465347954545110592222944090982918465809468419238097364240524173209724878583398722100079734240131613765957603945675438531277654589865657668875533447087897042522082820053362269921081494634218619103722283987100002127744495735659330377296158667180517233635226043251542377330609155607362306352555072875158429670985653207961321353434474546723452521700302196843309492385382168858877968545394718449793701241526884292374101949696866959127615458759504166010855854580719538864213377660845095685904776645547354617687492052899918169806504259680521841033
  public exponent: 65537
  Validity: [From: Thu May 12 17:06:51 WEST 2016,
               To: Wed Aug 10 17:06:51 WEST 2016]
  Issuer: C=PT, L=Lisbon, O=IST, OU=DEI, CN=DistributedSystems
  SerialNumber: [    e012b535 b8ce9382]

]
  Algorithm: [SHA256withRSA]
  Signature:
0000: 26 0A 45 7B D7 52 8A 8F   BE 4A 66 D8 54 FC 68 C3  &.E..R...Jf.T.h.
0010: 07 08 D8 44 DB D3 C7 BB   DF C4 0D 18 28 67 D4 30  ...D........(g.0
0020: 15 3D 66 17 A9 74 76 FA   56 61 99 2F 46 EE 96 DF  .=f..tv.Va./F...
0030: 92 9C 25 F4 7B D3 39 73   40 C1 8C B4 3A EF A5 23  ..%...9s@...:..#
0040: 95 06 4F 35 39 79 13 AF   44 7A 82 C4 E5 E8 E9 7E  ..O59y..Dz......
0050: C7 A5 C8 A5 C4 BB ED 1A   FA EF C1 B2 80 1F 7F A8  ................
0060: 1E 67 EE 56 2D 28 B8 55   1C 80 E9 2B 0E 59 12 B2  .g.V-(.U...+.Y..
0070: 35 B6 86 94 01 F9 F0 BF   61 5F BB 14 74 1B 12 C7  5.......a_..t...
0080: 81 90 F4 53 6B A9 C1 C8   D3 2F 83 09 D4 1F B0 76  ...Sk..../.....v
0090: B6 4A 83 1F DD F0 36 BD   FC F0 E8 D3 60 E9 88 74  .J....6.....`..t
00A0: D6 0D F4 92 ED A0 27 B1   B0 8E 0F E0 B8 04 6B F9  ......'.......k.
00B0: D5 FF E2 7E A2 E7 08 E1   08 9D 2D 17 14 A9 B8 44  ..........-....D
00C0: 33 63 DB 1C 96 0A D4 46   0F FF 5D 88 86 36 B6 A8  3c.....F..]..6..
00D0: 0A F2 97 30 17 3B B1 DB   4F AE DF 35 08 8E 82 58  ...0.;..O..5...X
00E0: 42 5B E2 F8 4D CE BB E9   D7 07 1F C3 00 5C C4 78  B[..M........\.x
00F0: AA 02 86 4D CF D2 66 FE   47 80 7C CB E6 0C DD 2F  ...M..f.G....../

]
Caught exception in handleMessage: java.lang.NullPointerException
Continue normal processing...
Inbound SOAP message:
<S:Envelope xmlns:S="http://schemas.xmlsoap.org/soap/envelope/" xmlns:SOAP-ENV="http://schemas.xmlsoap.org/soap/envelope/"><SOAP-ENV:Header><d:myHeader xmlns:d="http://demo">IEGRPc962kg+hlwcSZ2tSpA/WIcuXLqc0Dt7tLnzsnmUSvYpBqSIurGK1XLkdJJnolwU1ulBn8cRy8yeKQudj1ii32rLCNrXQGPfqq0SKVsY+8CYkqoYxnYwDqFYEl0EezEFgQSz7OjxY4aVj1euEZYHz++LcOLfwQiDMwW4lieRNRRjFR5PLHA2WUnZyRq5RqCjD8YuH+rStV8GhqlQV7OeWUsmNARh5MVGHtH+58I6kOZsLVMToLR62YfvGebEvxrvRQNGPFfQjNAB+4jGiqSE5ChIZqqakMhQeCu9sKG4WDyxqy7SEGSFyTBa5vBwBnxlytVku0XJXTwN2vsbag==</d:myHeader><e:myRequestHeader xmlns:e="urn:example">UpaTransporter1</e:myRequestHeader><e:myID xmlns:e="http://demo">7e2614fd-a921-4e38-a513-74373cd4eba6</e:myID><d:myHeader1 xmlns:d="http://demo">OcputdGyEgx5lW9RFq7fMhqW8l7KrK+hk88dA374gMSKy6dHCTqEZyWXvgHhIxgGv9L74n9YuiowQQ7d65+uXYnylgz3a65wzLFNfdoITR6FSbmiDZcuAjcW1sfXx0MlNFT0AffGJ+ki3CMFPLzWz1ADHvbAM5uJZhL3OLrK4Agb6QEVO9db/0K2luPwu4F3dNOIw+0OFcqoUxLk2FjJzUiHCf86aSyLw2WVvBEIpnWZmrKSM1sYYOOwOr7lC3Gt5g3O7eRvvf2wADPrhAFDIoLEyFS3hYVKz9csVeALHrpTpB9rzwq9llCTaVLay+K74HQ4xp3NlEicrCQJHMFsEA==</d:myHeader1></SOAP-ENV:Header><S:Body><ns2:jobStatusResponse xmlns:ns2="http://ws.transporter.upa.pt/"><return><companyName>UpaTransporter1</companyName><jobIdentifier>0</jobIdentifier><jobOrigin>Lisboa</jobOrigin><jobDestination>Coimbra</jobDestination><jobPrice>5</jobPrice><jobState>ACCEPTED</jobState></return></ns2:jobStatusResponse></S:Body></S:Envelope>
Outbound SOAP message:
<S:Envelope xmlns:S="http://schemas.xmlsoap.org/soap/envelope/" xmlns:SOAP-ENV="http://schemas.xmlsoap.org/soap/envelope/"><SOAP-ENV:Header/><S:Body><ns2:jobStatus xmlns:ns2="http://ws.transporter.upa.pt/"><id>0</id></ns2:jobStatus></S:Body></S:Envelope>
AddHeaderHandler: Handling message.
Text:
[S:Body: null]
Bytes:
5B533A426F64793A206E756C6C5D
Signing ...
Caught exception in handleMessage: java.lang.NullPointerException
Continue normal processing...
AddHeaderHandler: Handling message.
Text:
[S:Body: null]
Bytes:
5B533A426F64793A206E756C6C5D
got 'UpaTransporter1'
Contacting UDDI at http://localhost:9090
Looking for 'Ca'
Found http://localhost:8090/ca-ws/endpoint
Creating stub ...
Setting endpoint address ...
[
[
  Version: V1
  Subject: CN=DistributedSystems, OU=DEI, O=IST, L=Lisbon, ST=Lisbon, C=PT
  Signature Algorithm: SHA256withRSA, OID = 1.2.840.113549.1.1.11

  Key:  Sun RSA public key, 2048 bits
  modulus: 26667733344901105960569751727828569487214718708670945411188295642815606009560465347954545110592222944090982918465809468419238097364240524173209724878583398722100079734240131613765957603945675438531277654589865657668875533447087897042522082820053362269921081494634218619103722283987100002127744495735659330377296158667180517233635226043251542377330609155607362306352555072875158429670985653207961321353434474546723452521700302196843309492385382168858877968545394718449793701241526884292374101949696866959127615458759504166010855854580719538864213377660845095685904776645547354617687492052899918169806504259680521841033
  public exponent: 65537
  Validity: [From: Thu May 12 17:06:51 WEST 2016,
               To: Wed Aug 10 17:06:51 WEST 2016]
  Issuer: C=PT, L=Lisbon, O=IST, OU=DEI, CN=DistributedSystems
  SerialNumber: [    e012b535 b8ce9382]

]
  Algorithm: [SHA256withRSA]
  Signature:
0000: 26 0A 45 7B D7 52 8A 8F   BE 4A 66 D8 54 FC 68 C3  &.E..R...Jf.T.h.
0010: 07 08 D8 44 DB D3 C7 BB   DF C4 0D 18 28 67 D4 30  ...D........(g.0
0020: 15 3D 66 17 A9 74 76 FA   56 61 99 2F 46 EE 96 DF  .=f..tv.Va./F...
0030: 92 9C 25 F4 7B D3 39 73   40 C1 8C B4 3A EF A5 23  ..%...9s@...:..#
0040: 95 06 4F 35 39 79 13 AF   44 7A 82 C4 E5 E8 E9 7E  ..O59y..Dz......
0050: C7 A5 C8 A5 C4 BB ED 1A   FA EF C1 B2 80 1F 7F A8  ................
0060: 1E 67 EE 56 2D 28 B8 55   1C 80 E9 2B 0E 59 12 B2  .g.V-(.U...+.Y..
0070: 35 B6 86 94 01 F9 F0 BF   61 5F BB 14 74 1B 12 C7  5.......a_..t...
0080: 81 90 F4 53 6B A9 C1 C8   D3 2F 83 09 D4 1F B0 76  ...Sk..../.....v
0090: B6 4A 83 1F DD F0 36 BD   FC F0 E8 D3 60 E9 88 74  .J....6.....`..t
00A0: D6 0D F4 92 ED A0 27 B1   B0 8E 0F E0 B8 04 6B F9  ......'.......k.
00B0: D5 FF E2 7E A2 E7 08 E1   08 9D 2D 17 14 A9 B8 44  ..........-....D
00C0: 33 63 DB 1C 96 0A D4 46   0F FF 5D 88 86 36 B6 A8  3c.....F..]..6..
00D0: 0A F2 97 30 17 3B B1 DB   4F AE DF 35 08 8E 82 58  ...0.;..O..5...X
00E0: 42 5B E2 F8 4D CE BB E9   D7 07 1F C3 00 5C C4 78  B[..M........\.x
00F0: AA 02 86 4D CF D2 66 FE   47 80 7C CB E6 0C DD 2F  ...M..f.G....../

]
Caught exception in handleMessage: java.lang.NullPointerException
Continue normal processing...
Inbound SOAP message:
<S:Envelope xmlns:S="http://schemas.xmlsoap.org/soap/envelope/" xmlns:SOAP-ENV="http://schemas.xmlsoap.org/soap/envelope/"><SOAP-ENV:Header><d:myHeader xmlns:d="http://demo">IEGRPc962kg+hlwcSZ2tSpA/WIcuXLqc0Dt7tLnzsnmUSvYpBqSIurGK1XLkdJJnolwU1ulBn8cRy8yeKQudj1ii32rLCNrXQGPfqq0SKVsY+8CYkqoYxnYwDqFYEl0EezEFgQSz7OjxY4aVj1euEZYHz++LcOLfwQiDMwW4lieRNRRjFR5PLHA2WUnZyRq5RqCjD8YuH+rStV8GhqlQV7OeWUsmNARh5MVGHtH+58I6kOZsLVMToLR62YfvGebEvxrvRQNGPFfQjNAB+4jGiqSE5ChIZqqakMhQeCu9sKG4WDyxqy7SEGSFyTBa5vBwBnxlytVku0XJXTwN2vsbag==</d:myHeader><e:myRequestHeader xmlns:e="urn:example">UpaTransporter1</e:myRequestHeader><e:myID xmlns:e="http://demo">56cf45ec-60ff-497c-ae99-1998a5891c6f</e:myID><d:myHeader1 xmlns:d="http://demo">ozOH64Ba0Cn9KLAyiXPV/hj/acaJww80JMv02py+cysULxXuc6oog+6WJC9ydE53BBhox6aPRqJ1BaWe70xLc5cGI6T2tmbsHU+k8k4gFSB5NoVD7wMhqQEfEeOv+ULt6OJV1/OfmolwJVbqO2i/2/4r+S7QWOPpaitfKYa0j1/JSmElojDafDlyg3SoQ5VmdCBd0qytjnEgIPGpc1yu5zgZM8B2JIBALVXYUPq3Pjz3KgcTNMUPtS4udacCbjVHogZEuyJFnZ8nOD1u7GsJ0+MG1QJ7Q8At7RN0aosP8LyP0mbi/NDt4weeffW5Pf+SKUEKYeGnoC62Nb/8d69g+w==</d:myHeader1></SOAP-ENV:Header><S:Body><ns2:jobStatusResponse xmlns:ns2="http://ws.transporter.upa.pt/"><return><companyName>UpaTransporter1</companyName><jobIdentifier>0</jobIdentifier><jobOrigin>Lisboa</jobOrigin><jobDestination>Coimbra</jobDestination><jobPrice>5</jobPrice><jobState>ACCEPTED</jobState></return></ns2:jobStatusResponse></S:Body></S:Envelope>
Outbound SOAP message:
<S:Envelope xmlns:S="http://schemas.xmlsoap.org/soap/envelope/" xmlns:SOAP-ENV="http://schemas.xmlsoap.org/soap/envelope/"><SOAP-ENV:Header/><S:Body><ns2:jobStatus xmlns:ns2="http://ws.transporter.upa.pt/"><id>0</id></ns2:jobStatus></S:Body></S:Envelope>
AddHeaderHandler: Handling message.
Text:
[S:Body: null]
Bytes:
5B533A426F64793A206E756C6C5D
Signing ...
Caught exception in handleMessage: java.lang.NullPointerException
Continue normal processing...
AddHeaderHandler: Handling message.
Text:
[S:Body: null]
Bytes:
5B533A426F64793A206E756C6C5D
got 'UpaTransporter1'
Contacting UDDI at http://localhost:9090
Looking for 'Ca'
Found http://localhost:8090/ca-ws/endpoint
Creating stub ...
Setting endpoint address ...
[
[
  Version: V1
  Subject: CN=DistributedSystems, OU=DEI, O=IST, L=Lisbon, ST=Lisbon, C=PT
  Signature Algorithm: SHA256withRSA, OID = 1.2.840.113549.1.1.11

  Key:  Sun RSA public key, 2048 bits
  modulus: 26667733344901105960569751727828569487214718708670945411188295642815606009560465347954545110592222944090982918465809468419238097364240524173209724878583398722100079734240131613765957603945675438531277654589865657668875533447087897042522082820053362269921081494634218619103722283987100002127744495735659330377296158667180517233635226043251542377330609155607362306352555072875158429670985653207961321353434474546723452521700302196843309492385382168858877968545394718449793701241526884292374101949696866959127615458759504166010855854580719538864213377660845095685904776645547354617687492052899918169806504259680521841033
  public exponent: 65537
  Validity: [From: Thu May 12 17:06:51 WEST 2016,
               To: Wed Aug 10 17:06:51 WEST 2016]
  Issuer: C=PT, L=Lisbon, O=IST, OU=DEI, CN=DistributedSystems
  SerialNumber: [    e012b535 b8ce9382]

]
  Algorithm: [SHA256withRSA]
  Signature:
0000: 26 0A 45 7B D7 52 8A 8F   BE 4A 66 D8 54 FC 68 C3  &.E..R...Jf.T.h.
0010: 07 08 D8 44 DB D3 C7 BB   DF C4 0D 18 28 67 D4 30  ...D........(g.0
0020: 15 3D 66 17 A9 74 76 FA   56 61 99 2F 46 EE 96 DF  .=f..tv.Va./F...
0030: 92 9C 25 F4 7B D3 39 73   40 C1 8C B4 3A EF A5 23  ..%...9s@...:..#
0040: 95 06 4F 35 39 79 13 AF   44 7A 82 C4 E5 E8 E9 7E  ..O59y..Dz......
0050: C7 A5 C8 A5 C4 BB ED 1A   FA EF C1 B2 80 1F 7F A8  ................
0060: 1E 67 EE 56 2D 28 B8 55   1C 80 E9 2B 0E 59 12 B2  .g.V-(.U...+.Y..
0070: 35 B6 86 94 01 F9 F0 BF   61 5F BB 14 74 1B 12 C7  5.......a_..t...
0080: 81 90 F4 53 6B A9 C1 C8   D3 2F 83 09 D4 1F B0 76  ...Sk..../.....v
0090: B6 4A 83 1F DD F0 36 BD   FC F0 E8 D3 60 E9 88 74  .J....6.....`..t
00A0: D6 0D F4 92 ED A0 27 B1   B0 8E 0F E0 B8 04 6B F9  ......'.......k.
00B0: D5 FF E2 7E A2 E7 08 E1   08 9D 2D 17 14 A9 B8 44  ..........-....D
00C0: 33 63 DB 1C 96 0A D4 46   0F FF 5D 88 86 36 B6 A8  3c.....F..]..6..
00D0: 0A F2 97 30 17 3B B1 DB   4F AE DF 35 08 8E 82 58  ...0.;..O..5...X
00E0: 42 5B E2 F8 4D CE BB E9   D7 07 1F C3 00 5C C4 78  B[..M........\.x
00F0: AA 02 86 4D CF D2 66 FE   47 80 7C CB E6 0C DD 2F  ...M..f.G....../

]
Caught exception in handleMessage: java.lang.NullPointerException
Continue normal processing...
Inbound SOAP message:
<S:Envelope xmlns:S="http://schemas.xmlsoap.org/soap/envelope/" xmlns:SOAP-ENV="http://schemas.xmlsoap.org/soap/envelope/"><SOAP-ENV:Header><d:myHeader xmlns:d="http://demo">IEGRPc962kg+hlwcSZ2tSpA/WIcuXLqc0Dt7tLnzsnmUSvYpBqSIurGK1XLkdJJnolwU1ulBn8cRy8yeKQudj1ii32rLCNrXQGPfqq0SKVsY+8CYkqoYxnYwDqFYEl0EezEFgQSz7OjxY4aVj1euEZYHz++LcOLfwQiDMwW4lieRNRRjFR5PLHA2WUnZyRq5RqCjD8YuH+rStV8GhqlQV7OeWUsmNARh5MVGHtH+58I6kOZsLVMToLR62YfvGebEvxrvRQNGPFfQjNAB+4jGiqSE5ChIZqqakMhQeCu9sKG4WDyxqy7SEGSFyTBa5vBwBnxlytVku0XJXTwN2vsbag==</d:myHeader><e:myRequestHeader xmlns:e="urn:example">UpaTransporter1</e:myRequestHeader><e:myID xmlns:e="http://demo">0225a55b-5512-47e9-a364-134fed4a0e94</e:myID><d:myHeader1 xmlns:d="http://demo">ROAwaAbOm1sTSqV6BYmjmfsaFIe4WfjQDfgg73zMLod4O2LwxQi0soQHMLDewi//i6q3bupZalK/tg7rGDqezIZmdeysszABhpum9pTmTDVkiOSGCdVQaTaO/4m3oxKDi5XClhMASswDwVEtsnXVMvGgQXDCo+h3szp4dr7/9OtHohaELPjZBho3xINoTCLc72Rr3bcXpWCTDmmkZu4MI4rF2TA/uBjSsDElDTFgi5rlKsV1wNhRYrDpROt795pyjbkjU0gLK4RG3xchVfgn/fdy9Ar28vWrWTP1EyjNEJKPxnIUjUsyYZ3zMEj2LOHO+3DuWU51r7ai2EopWXBUbg==</d:myHeader1></SOAP-ENV:Header><S:Body><ns2:jobStatusResponse xmlns:ns2="http://ws.transporter.upa.pt/"><return><companyName>UpaTransporter1</companyName><jobIdentifier>0</jobIdentifier><jobOrigin>Lisboa</jobOrigin><jobDestination>Coimbra</jobDestination><jobPrice>5</jobPrice><jobState>ACCEPTED</jobState></return></ns2:jobStatusResponse></S:Body></S:Envelope>
Outbound SOAP message:
<S:Envelope xmlns:S="http://schemas.xmlsoap.org/soap/envelope/" xmlns:SOAP-ENV="http://schemas.xmlsoap.org/soap/envelope/"><SOAP-ENV:Header/><S:Body><ns2:jobStatus xmlns:ns2="http://ws.transporter.upa.pt/"><id>0</id></ns2:jobStatus></S:Body></S:Envelope>
AddHeaderHandler: Handling message.
Text:
[S:Body: null]
Bytes:
5B533A426F64793A206E756C6C5D
Signing ...
Caught exception in handleMessage: java.lang.NullPointerException
Continue normal processing...
AddHeaderHandler: Handling message.
Text:
[S:Body: null]
Bytes:
5B533A426F64793A206E756C6C5D
got 'UpaTransporter1'
Contacting UDDI at http://localhost:9090
Looking for 'Ca'
Found http://localhost:8090/ca-ws/endpoint
Creating stub ...
Setting endpoint address ...
[
[
  Version: V1
  Subject: CN=DistributedSystems, OU=DEI, O=IST, L=Lisbon, ST=Lisbon, C=PT
  Signature Algorithm: SHA256withRSA, OID = 1.2.840.113549.1.1.11

  Key:  Sun RSA public key, 2048 bits
  modulus: 26667733344901105960569751727828569487214718708670945411188295642815606009560465347954545110592222944090982918465809468419238097364240524173209724878583398722100079734240131613765957603945675438531277654589865657668875533447087897042522082820053362269921081494634218619103722283987100002127744495735659330377296158667180517233635226043251542377330609155607362306352555072875158429670985653207961321353434474546723452521700302196843309492385382168858877968545394718449793701241526884292374101949696866959127615458759504166010855854580719538864213377660845095685904776645547354617687492052899918169806504259680521841033
  public exponent: 65537
  Validity: [From: Thu May 12 17:06:51 WEST 2016,
               To: Wed Aug 10 17:06:51 WEST 2016]
  Issuer: C=PT, L=Lisbon, O=IST, OU=DEI, CN=DistributedSystems
  SerialNumber: [    e012b535 b8ce9382]

]
  Algorithm: [SHA256withRSA]
  Signature:
0000: 26 0A 45 7B D7 52 8A 8F   BE 4A 66 D8 54 FC 68 C3  &.E..R...Jf.T.h.
0010: 07 08 D8 44 DB D3 C7 BB   DF C4 0D 18 28 67 D4 30  ...D........(g.0
0020: 15 3D 66 17 A9 74 76 FA   56 61 99 2F 46 EE 96 DF  .=f..tv.Va./F...
0030: 92 9C 25 F4 7B D3 39 73   40 C1 8C B4 3A EF A5 23  ..%...9s@...:..#
0040: 95 06 4F 35 39 79 13 AF   44 7A 82 C4 E5 E8 E9 7E  ..O59y..Dz......
0050: C7 A5 C8 A5 C4 BB ED 1A   FA EF C1 B2 80 1F 7F A8  ................
0060: 1E 67 EE 56 2D 28 B8 55   1C 80 E9 2B 0E 59 12 B2  .g.V-(.U...+.Y..
0070: 35 B6 86 94 01 F9 F0 BF   61 5F BB 14 74 1B 12 C7  5.......a_..t...
0080: 81 90 F4 53 6B A9 C1 C8   D3 2F 83 09 D4 1F B0 76  ...Sk..../.....v
0090: B6 4A 83 1F DD F0 36 BD   FC F0 E8 D3 60 E9 88 74  .J....6.....`..t
00A0: D6 0D F4 92 ED A0 27 B1   B0 8E 0F E0 B8 04 6B F9  ......'.......k.
00B0: D5 FF E2 7E A2 E7 08 E1   08 9D 2D 17 14 A9 B8 44  ..........-....D
00C0: 33 63 DB 1C 96 0A D4 46   0F FF 5D 88 86 36 B6 A8  3c.....F..]..6..
00D0: 0A F2 97 30 17 3B B1 DB   4F AE DF 35 08 8E 82 58  ...0.;..O..5...X
00E0: 42 5B E2 F8 4D CE BB E9   D7 07 1F C3 00 5C C4 78  B[..M........\.x
00F0: AA 02 86 4D CF D2 66 FE   47 80 7C CB E6 0C DD 2F  ...M..f.G....../

]
Caught exception in handleMessage: java.lang.NullPointerException
Continue normal processing...
Inbound SOAP message:
<S:Envelope xmlns:S="http://schemas.xmlsoap.org/soap/envelope/" xmlns:SOAP-ENV="http://schemas.xmlsoap.org/soap/envelope/"><SOAP-ENV:Header><d:myHeader xmlns:d="http://demo">IEGRPc962kg+hlwcSZ2tSpA/WIcuXLqc0Dt7tLnzsnmUSvYpBqSIurGK1XLkdJJnolwU1ulBn8cRy8yeKQudj1ii32rLCNrXQGPfqq0SKVsY+8CYkqoYxnYwDqFYEl0EezEFgQSz7OjxY4aVj1euEZYHz++LcOLfwQiDMwW4lieRNRRjFR5PLHA2WUnZyRq5RqCjD8YuH+rStV8GhqlQV7OeWUsmNARh5MVGHtH+58I6kOZsLVMToLR62YfvGebEvxrvRQNGPFfQjNAB+4jGiqSE5ChIZqqakMhQeCu9sKG4WDyxqy7SEGSFyTBa5vBwBnxlytVku0XJXTwN2vsbag==</d:myHeader><e:myRequestHeader xmlns:e="urn:example">UpaTransporter1</e:myRequestHeader><e:myID xmlns:e="http://demo">7f3ba95a-559e-4c7f-8cd4-fe9855e47fa2</e:myID><d:myHeader1 xmlns:d="http://demo">kGvXt9Ch9eLTpWpGqsN/YX4xnzvqi+uatGAwp8kXkcjHErn81+oRwwz7cVwJW9jNpKPDHhiZ3c6wnZhQReSzBE0p4bgFrjtx8Kn6GjcyKNSq03f2vUeixyOsEbkx35FrUbL8z79Tj7QKCtFpbpRg4RpwJqupIRoqIAZQyxxsMF7NQWXmeBHLCNYRa6O7+Zc+cOzl6HbRb1un91zAr/zvY1tkVSyog8sCoWK1z5B4GSpQT5OOGXhn2Oji5PQkGk09EeiNQZ/v18n+Vz0nCSQW9DpBOnqNjAYF49Aos1hQfCkbN3e+TF9toI0jOTleyvN3oXHv8rCQVcj3Ij+Z6brwnA==</d:myHeader1></SOAP-ENV:Header><S:Body><ns2:jobStatusResponse xmlns:ns2="http://ws.transporter.upa.pt/"><return><companyName>UpaTransporter1</companyName><jobIdentifier>0</jobIdentifier><jobOrigin>Lisboa</jobOrigin><jobDestination>Coimbra</jobDestination><jobPrice>5</jobPrice><jobState>ACCEPTED</jobState></return></ns2:jobStatusResponse></S:Body></S:Envelope>
Outbound SOAP message:
<S:Envelope xmlns:S="http://schemas.xmlsoap.org/soap/envelope/" xmlns:SOAP-ENV="http://schemas.xmlsoap.org/soap/envelope/"><SOAP-ENV:Header/><S:Body><ns2:jobStatus xmlns:ns2="http://ws.transporter.upa.pt/"><id>0</id></ns2:jobStatus></S:Body></S:Envelope>
AddHeaderHandler: Handling message.
Text:
[S:Body: null]
Bytes:
5B533A426F64793A206E756C6C5D
Signing ...
Caught exception in handleMessage: java.lang.NullPointerException
Continue normal processing...
AddHeaderHandler: Handling message.
Text:
[S:Body: null]
Bytes:
5B533A426F64793A206E756C6C5D
got 'UpaTransporter1'
Contacting UDDI at http://localhost:9090
Looking for 'Ca'
Found http://localhost:8090/ca-ws/endpoint
Creating stub ...
Setting endpoint address ...
[
[
  Version: V1
  Subject: CN=DistributedSystems, OU=DEI, O=IST, L=Lisbon, ST=Lisbon, C=PT
  Signature Algorithm: SHA256withRSA, OID = 1.2.840.113549.1.1.11

  Key:  Sun RSA public key, 2048 bits
  modulus: 26667733344901105960569751727828569487214718708670945411188295642815606009560465347954545110592222944090982918465809468419238097364240524173209724878583398722100079734240131613765957603945675438531277654589865657668875533447087897042522082820053362269921081494634218619103722283987100002127744495735659330377296158667180517233635226043251542377330609155607362306352555072875158429670985653207961321353434474546723452521700302196843309492385382168858877968545394718449793701241526884292374101949696866959127615458759504166010855854580719538864213377660845095685904776645547354617687492052899918169806504259680521841033
  public exponent: 65537
  Validity: [From: Thu May 12 17:06:51 WEST 2016,
               To: Wed Aug 10 17:06:51 WEST 2016]
  Issuer: C=PT, L=Lisbon, O=IST, OU=DEI, CN=DistributedSystems
  SerialNumber: [    e012b535 b8ce9382]

]
  Algorithm: [SHA256withRSA]
  Signature:
0000: 26 0A 45 7B D7 52 8A 8F   BE 4A 66 D8 54 FC 68 C3  &.E..R...Jf.T.h.
0010: 07 08 D8 44 DB D3 C7 BB   DF C4 0D 18 28 67 D4 30  ...D........(g.0
0020: 15 3D 66 17 A9 74 76 FA   56 61 99 2F 46 EE 96 DF  .=f..tv.Va./F...
0030: 92 9C 25 F4 7B D3 39 73   40 C1 8C B4 3A EF A5 23  ..%...9s@...:..#
0040: 95 06 4F 35 39 79 13 AF   44 7A 82 C4 E5 E8 E9 7E  ..O59y..Dz......
0050: C7 A5 C8 A5 C4 BB ED 1A   FA EF C1 B2 80 1F 7F A8  ................
0060: 1E 67 EE 56 2D 28 B8 55   1C 80 E9 2B 0E 59 12 B2  .g.V-(.U...+.Y..
0070: 35 B6 86 94 01 F9 F0 BF   61 5F BB 14 74 1B 12 C7  5.......a_..t...
0080: 81 90 F4 53 6B A9 C1 C8   D3 2F 83 09 D4 1F B0 76  ...Sk..../.....v
0090: B6 4A 83 1F DD F0 36 BD   FC F0 E8 D3 60 E9 88 74  .J....6.....`..t
00A0: D6 0D F4 92 ED A0 27 B1   B0 8E 0F E0 B8 04 6B F9  ......'.......k.
00B0: D5 FF E2 7E A2 E7 08 E1   08 9D 2D 17 14 A9 B8 44  ..........-....D
00C0: 33 63 DB 1C 96 0A D4 46   0F FF 5D 88 86 36 B6 A8  3c.....F..]..6..
00D0: 0A F2 97 30 17 3B B1 DB   4F AE DF 35 08 8E 82 58  ...0.;..O..5...X
00E0: 42 5B E2 F8 4D CE BB E9   D7 07 1F C3 00 5C C4 78  B[..M........\.x
00F0: AA 02 86 4D CF D2 66 FE   47 80 7C CB E6 0C DD 2F  ...M..f.G....../

]
Caught exception in handleMessage: java.lang.NullPointerException
Continue normal processing...
Inbound SOAP message:
<S:Envelope xmlns:S="http://schemas.xmlsoap.org/soap/envelope/" xmlns:SOAP-ENV="http://schemas.xmlsoap.org/soap/envelope/"><SOAP-ENV:Header><d:myHeader xmlns:d="http://demo">IEGRPc962kg+hlwcSZ2tSpA/WIcuXLqc0Dt7tLnzsnmUSvYpBqSIurGK1XLkdJJnolwU1ulBn8cRy8yeKQudj1ii32rLCNrXQGPfqq0SKVsY+8CYkqoYxnYwDqFYEl0EezEFgQSz7OjxY4aVj1euEZYHz++LcOLfwQiDMwW4lieRNRRjFR5PLHA2WUnZyRq5RqCjD8YuH+rStV8GhqlQV7OeWUsmNARh5MVGHtH+58I6kOZsLVMToLR62YfvGebEvxrvRQNGPFfQjNAB+4jGiqSE5ChIZqqakMhQeCu9sKG4WDyxqy7SEGSFyTBa5vBwBnxlytVku0XJXTwN2vsbag==</d:myHeader><e:myRequestHeader xmlns:e="urn:example">UpaTransporter1</e:myRequestHeader><e:myID xmlns:e="http://demo">6da66a9f-4dfb-43cb-aaac-d27128f109af</e:myID><d:myHeader1 xmlns:d="http://demo">FH5EBmkhbnOH8XgzWvSxkjDrypM5Zq+xEp2r8loGQkICf0FSMoEZCC9POrojMhsHwwD2V/J/qBaxVDG27wnHukW/rl0P+ri0lPGBuSlu3uzkZnZjCYlNg9RDD9Ld3qfGM+xLFNBEHt2D4covo/DNzTTi+//yYTeMIaN6NyUSG/pEbo9x7gyEMs2TdjMckJfvXIEBsYxcWtEuiEejNhMcnmBDf4jgORk/nakDATsiaadZ//gCPKQdjDLN3jd3Hw5Q9ASvz80qLHgqbvVJiBlMC8+qYcZb4aJoAP0jJN+RFGmDUk8BVF5Th9sWD1ZNsEjkOMyosGnazmHQ7SLx36zsHg==</d:myHeader1></SOAP-ENV:Header><S:Body><ns2:jobStatusResponse xmlns:ns2="http://ws.transporter.upa.pt/"><return><companyName>UpaTransporter1</companyName><jobIdentifier>0</jobIdentifier><jobOrigin>Lisboa</jobOrigin><jobDestination>Coimbra</jobDestination><jobPrice>5</jobPrice><jobState>HEADING</jobState></return></ns2:jobStatusResponse></S:Body></S:Envelope>
Outbound SOAP message:
<S:Envelope xmlns:S="http://schemas.xmlsoap.org/soap/envelope/" xmlns:SOAP-ENV="http://schemas.xmlsoap.org/soap/envelope/"><SOAP-ENV:Header/><S:Body><ns2:jobStatus xmlns:ns2="http://ws.transporter.upa.pt/"><id>0</id></ns2:jobStatus></S:Body></S:Envelope>
AddHeaderHandler: Handling message.
Text:
[S:Body: null]
Bytes:
5B533A426F64793A206E756C6C5D
Signing ...
Caught exception in handleMessage: java.lang.NullPointerException
Continue normal processing...
AddHeaderHandler: Handling message.
Text:
[S:Body: null]
Bytes:
5B533A426F64793A206E756C6C5D
got 'UpaTransporter1'
Contacting UDDI at http://localhost:9090
Looking for 'Ca'
Found http://localhost:8090/ca-ws/endpoint
Creating stub ...
Setting endpoint address ...
[
[
  Version: V1
  Subject: CN=DistributedSystems, OU=DEI, O=IST, L=Lisbon, ST=Lisbon, C=PT
  Signature Algorithm: SHA256withRSA, OID = 1.2.840.113549.1.1.11

  Key:  Sun RSA public key, 2048 bits
  modulus: 26667733344901105960569751727828569487214718708670945411188295642815606009560465347954545110592222944090982918465809468419238097364240524173209724878583398722100079734240131613765957603945675438531277654589865657668875533447087897042522082820053362269921081494634218619103722283987100002127744495735659330377296158667180517233635226043251542377330609155607362306352555072875158429670985653207961321353434474546723452521700302196843309492385382168858877968545394718449793701241526884292374101949696866959127615458759504166010855854580719538864213377660845095685904776645547354617687492052899918169806504259680521841033
  public exponent: 65537
  Validity: [From: Thu May 12 17:06:51 WEST 2016,
               To: Wed Aug 10 17:06:51 WEST 2016]
  Issuer: C=PT, L=Lisbon, O=IST, OU=DEI, CN=DistributedSystems
  SerialNumber: [    e012b535 b8ce9382]

]
  Algorithm: [SHA256withRSA]
  Signature:
0000: 26 0A 45 7B D7 52 8A 8F   BE 4A 66 D8 54 FC 68 C3  &.E..R...Jf.T.h.
0010: 07 08 D8 44 DB D3 C7 BB   DF C4 0D 18 28 67 D4 30  ...D........(g.0
0020: 15 3D 66 17 A9 74 76 FA   56 61 99 2F 46 EE 96 DF  .=f..tv.Va./F...
0030: 92 9C 25 F4 7B D3 39 73   40 C1 8C B4 3A EF A5 23  ..%...9s@...:..#
0040: 95 06 4F 35 39 79 13 AF   44 7A 82 C4 E5 E8 E9 7E  ..O59y..Dz......
0050: C7 A5 C8 A5 C4 BB ED 1A   FA EF C1 B2 80 1F 7F A8  ................
0060: 1E 67 EE 56 2D 28 B8 55   1C 80 E9 2B 0E 59 12 B2  .g.V-(.U...+.Y..
0070: 35 B6 86 94 01 F9 F0 BF   61 5F BB 14 74 1B 12 C7  5.......a_..t...
0080: 81 90 F4 53 6B A9 C1 C8   D3 2F 83 09 D4 1F B0 76  ...Sk..../.....v
0090: B6 4A 83 1F DD F0 36 BD   FC F0 E8 D3 60 E9 88 74  .J....6.....`..t
00A0: D6 0D F4 92 ED A0 27 B1   B0 8E 0F E0 B8 04 6B F9  ......'.......k.
00B0: D5 FF E2 7E A2 E7 08 E1   08 9D 2D 17 14 A9 B8 44  ..........-....D
00C0: 33 63 DB 1C 96 0A D4 46   0F FF 5D 88 86 36 B6 A8  3c.....F..]..6..
00D0: 0A F2 97 30 17 3B B1 DB   4F AE DF 35 08 8E 82 58  ...0.;..O..5...X
00E0: 42 5B E2 F8 4D CE BB E9   D7 07 1F C3 00 5C C4 78  B[..M........\.x
00F0: AA 02 86 4D CF D2 66 FE   47 80 7C CB E6 0C DD 2F  ...M..f.G....../

]
Caught exception in handleMessage: java.lang.NullPointerException
Continue normal processing...
Inbound SOAP message:
<S:Envelope xmlns:S="http://schemas.xmlsoap.org/soap/envelope/" xmlns:SOAP-ENV="http://schemas.xmlsoap.org/soap/envelope/"><SOAP-ENV:Header><d:myHeader xmlns:d="http://demo">IEGRPc962kg+hlwcSZ2tSpA/WIcuXLqc0Dt7tLnzsnmUSvYpBqSIurGK1XLkdJJnolwU1ulBn8cRy8yeKQudj1ii32rLCNrXQGPfqq0SKVsY+8CYkqoYxnYwDqFYEl0EezEFgQSz7OjxY4aVj1euEZYHz++LcOLfwQiDMwW4lieRNRRjFR5PLHA2WUnZyRq5RqCjD8YuH+rStV8GhqlQV7OeWUsmNARh5MVGHtH+58I6kOZsLVMToLR62YfvGebEvxrvRQNGPFfQjNAB+4jGiqSE5ChIZqqakMhQeCu9sKG4WDyxqy7SEGSFyTBa5vBwBnxlytVku0XJXTwN2vsbag==</d:myHeader><e:myRequestHeader xmlns:e="urn:example">UpaTransporter1</e:myRequestHeader><e:myID xmlns:e="http://demo">12900876-6aa5-47e3-9a28-4958d6403b85</e:myID><d:myHeader1 xmlns:d="http://demo">GAnkAsaLyED7wYA1Uy+74InQQ/gOtEsSrE4PhCIJWgKLL99V8j92yEhretpZj6/ohF8Vne0j7oB96Th1yAKnkgxkOFSR/XJFW11iA0F37oekRlb95j5ZA8J7ZRamFxwcpggZYTksK5w+HoWA0wH9cSmBi8rCYdueCBp7OoO90VlxxJ3g7dPP0X2UC2mPjqyS1q++2yV5qxXs0Q9uQNDMDrTLkf2nk53fHvTw1sYhY3AW6FfwJASeLStv6VFIn2uzh0gLF6XwXpZSnFWi5clB0Ta0PDyM/swa/NDKQrJKn5r2DAwa72x+2Axkv5FwoMBhr/NiT4lVJqvRAAJMXdMAnw==</d:myHeader1></SOAP-ENV:Header><S:Body><ns2:jobStatusResponse xmlns:ns2="http://ws.transporter.upa.pt/"><return><companyName>UpaTransporter1</companyName><jobIdentifier>0</jobIdentifier><jobOrigin>Lisboa</jobOrigin><jobDestination>Coimbra</jobDestination><jobPrice>5</jobPrice><jobState>HEADING</jobState></return></ns2:jobStatusResponse></S:Body></S:Envelope>
Outbound SOAP message:
<S:Envelope xmlns:S="http://schemas.xmlsoap.org/soap/envelope/" xmlns:SOAP-ENV="http://schemas.xmlsoap.org/soap/envelope/"><SOAP-ENV:Header/><S:Body><ns2:jobStatus xmlns:ns2="http://ws.transporter.upa.pt/"><id>0</id></ns2:jobStatus></S:Body></S:Envelope>
AddHeaderHandler: Handling message.
Text:
[S:Body: null]
Bytes:
5B533A426F64793A206E756C6C5D
Signing ...
Caught exception in handleMessage: java.lang.NullPointerException
Continue normal processing...
AddHeaderHandler: Handling message.
Text:
[S:Body: null]
Bytes:
5B533A426F64793A206E756C6C5D
got 'UpaTransporter1'
Contacting UDDI at http://localhost:9090
Looking for 'Ca'
Found http://localhost:8090/ca-ws/endpoint
Creating stub ...
Setting endpoint address ...
[
[
  Version: V1
  Subject: CN=DistributedSystems, OU=DEI, O=IST, L=Lisbon, ST=Lisbon, C=PT
  Signature Algorithm: SHA256withRSA, OID = 1.2.840.113549.1.1.11

  Key:  Sun RSA public key, 2048 bits
  modulus: 26667733344901105960569751727828569487214718708670945411188295642815606009560465347954545110592222944090982918465809468419238097364240524173209724878583398722100079734240131613765957603945675438531277654589865657668875533447087897042522082820053362269921081494634218619103722283987100002127744495735659330377296158667180517233635226043251542377330609155607362306352555072875158429670985653207961321353434474546723452521700302196843309492385382168858877968545394718449793701241526884292374101949696866959127615458759504166010855854580719538864213377660845095685904776645547354617687492052899918169806504259680521841033
  public exponent: 65537
  Validity: [From: Thu May 12 17:06:51 WEST 2016,
               To: Wed Aug 10 17:06:51 WEST 2016]
  Issuer: C=PT, L=Lisbon, O=IST, OU=DEI, CN=DistributedSystems
  SerialNumber: [    e012b535 b8ce9382]

]
  Algorithm: [SHA256withRSA]
  Signature:
0000: 26 0A 45 7B D7 52 8A 8F   BE 4A 66 D8 54 FC 68 C3  &.E..R...Jf.T.h.
0010: 07 08 D8 44 DB D3 C7 BB   DF C4 0D 18 28 67 D4 30  ...D........(g.0
0020: 15 3D 66 17 A9 74 76 FA   56 61 99 2F 46 EE 96 DF  .=f..tv.Va./F...
0030: 92 9C 25 F4 7B D3 39 73   40 C1 8C B4 3A EF A5 23  ..%...9s@...:..#
0040: 95 06 4F 35 39 79 13 AF   44 7A 82 C4 E5 E8 E9 7E  ..O59y..Dz......
0050: C7 A5 C8 A5 C4 BB ED 1A   FA EF C1 B2 80 1F 7F A8  ................
0060: 1E 67 EE 56 2D 28 B8 55   1C 80 E9 2B 0E 59 12 B2  .g.V-(.U...+.Y..
0070: 35 B6 86 94 01 F9 F0 BF   61 5F BB 14 74 1B 12 C7  5.......a_..t...
0080: 81 90 F4 53 6B A9 C1 C8   D3 2F 83 09 D4 1F B0 76  ...Sk..../.....v
0090: B6 4A 83 1F DD F0 36 BD   FC F0 E8 D3 60 E9 88 74  .J....6.....`..t
00A0: D6 0D F4 92 ED A0 27 B1   B0 8E 0F E0 B8 04 6B F9  ......'.......k.
00B0: D5 FF E2 7E A2 E7 08 E1   08 9D 2D 17 14 A9 B8 44  ..........-....D
00C0: 33 63 DB 1C 96 0A D4 46   0F FF 5D 88 86 36 B6 A8  3c.....F..]..6..
00D0: 0A F2 97 30 17 3B B1 DB   4F AE DF 35 08 8E 82 58  ...0.;..O..5...X
00E0: 42 5B E2 F8 4D CE BB E9   D7 07 1F C3 00 5C C4 78  B[..M........\.x
00F0: AA 02 86 4D CF D2 66 FE   47 80 7C CB E6 0C DD 2F  ...M..f.G....../

]
Caught exception in handleMessage: java.lang.NullPointerException
Continue normal processing...
Inbound SOAP message:
<S:Envelope xmlns:S="http://schemas.xmlsoap.org/soap/envelope/" xmlns:SOAP-ENV="http://schemas.xmlsoap.org/soap/envelope/"><SOAP-ENV:Header><d:myHeader xmlns:d="http://demo">IEGRPc962kg+hlwcSZ2tSpA/WIcuXLqc0Dt7tLnzsnmUSvYpBqSIurGK1XLkdJJnolwU1ulBn8cRy8yeKQudj1ii32rLCNrXQGPfqq0SKVsY+8CYkqoYxnYwDqFYEl0EezEFgQSz7OjxY4aVj1euEZYHz++LcOLfwQiDMwW4lieRNRRjFR5PLHA2WUnZyRq5RqCjD8YuH+rStV8GhqlQV7OeWUsmNARh5MVGHtH+58I6kOZsLVMToLR62YfvGebEvxrvRQNGPFfQjNAB+4jGiqSE5ChIZqqakMhQeCu9sKG4WDyxqy7SEGSFyTBa5vBwBnxlytVku0XJXTwN2vsbag==</d:myHeader><e:myRequestHeader xmlns:e="urn:example">UpaTransporter1</e:myRequestHeader><e:myID xmlns:e="http://demo">1bc0c6fb-b375-4d04-ba6f-a17127a8aceb</e:myID><d:myHeader1 xmlns:d="http://demo">xOtpg8ahS5NyMKlrYPLWA+dfFlKNSSGn/CJwCZNSQVGfT9gMoZfnxkNxVJJlldT3ZUePuXDtFcUB16NmiemxTLAMsXUoFC4piz/VvVCSjkfB7nWAeL6U27dkib7XJTjUntuIqN1uDiLz4pNEOB5D+QpC+N28yjQi7xqqAkZI5w+57MzXQ4Rjg1EZZytlYUXPBfn4vVinDzsr3xsLspwjJtEhZ5BpKuf9uFSvC2RDRGG4qlcm6+Ufc8bWBGadOXBXuvdvCrtvgEFjmUKE54JxcSBpLod9ohyYwebDX+1w0M/DF4oPnuX6CwrUls/7EyVoPJzlYPdeHckDmQESMlwyBw==</d:myHeader1></SOAP-ENV:Header><S:Body><ns2:jobStatusResponse xmlns:ns2="http://ws.transporter.upa.pt/"><return><companyName>UpaTransporter1</companyName><jobIdentifier>0</jobIdentifier><jobOrigin>Lisboa</jobOrigin><jobDestination>Coimbra</jobDestination><jobPrice>5</jobPrice><jobState>HEADING</jobState></return></ns2:jobStatusResponse></S:Body></S:Envelope>
Outbound SOAP message:
<S:Envelope xmlns:S="http://schemas.xmlsoap.org/soap/envelope/" xmlns:SOAP-ENV="http://schemas.xmlsoap.org/soap/envelope/"><SOAP-ENV:Header/><S:Body><ns2:jobStatus xmlns:ns2="http://ws.transporter.upa.pt/"><id>0</id></ns2:jobStatus></S:Body></S:Envelope>
AddHeaderHandler: Handling message.
Text:
[S:Body: null]
Bytes:
5B533A426F64793A206E756C6C5D
Signing ...
Caught exception in handleMessage: java.lang.NullPointerException
Continue normal processing...
AddHeaderHandler: Handling message.
Text:
[S:Body: null]
Bytes:
5B533A426F64793A206E756C6C5D
got 'UpaTransporter1'
Contacting UDDI at http://localhost:9090
Looking for 'Ca'
Found http://localhost:8090/ca-ws/endpoint
Creating stub ...
Setting endpoint address ...
[
[
  Version: V1
  Subject: CN=DistributedSystems, OU=DEI, O=IST, L=Lisbon, ST=Lisbon, C=PT
  Signature Algorithm: SHA256withRSA, OID = 1.2.840.113549.1.1.11

  Key:  Sun RSA public key, 2048 bits
  modulus: 26667733344901105960569751727828569487214718708670945411188295642815606009560465347954545110592222944090982918465809468419238097364240524173209724878583398722100079734240131613765957603945675438531277654589865657668875533447087897042522082820053362269921081494634218619103722283987100002127744495735659330377296158667180517233635226043251542377330609155607362306352555072875158429670985653207961321353434474546723452521700302196843309492385382168858877968545394718449793701241526884292374101949696866959127615458759504166010855854580719538864213377660845095685904776645547354617687492052899918169806504259680521841033
  public exponent: 65537
  Validity: [From: Thu May 12 17:06:51 WEST 2016,
               To: Wed Aug 10 17:06:51 WEST 2016]
  Issuer: C=PT, L=Lisbon, O=IST, OU=DEI, CN=DistributedSystems
  SerialNumber: [    e012b535 b8ce9382]

]
  Algorithm: [SHA256withRSA]
  Signature:
0000: 26 0A 45 7B D7 52 8A 8F   BE 4A 66 D8 54 FC 68 C3  &.E..R...Jf.T.h.
0010: 07 08 D8 44 DB D3 C7 BB   DF C4 0D 18 28 67 D4 30  ...D........(g.0
0020: 15 3D 66 17 A9 74 76 FA   56 61 99 2F 46 EE 96 DF  .=f..tv.Va./F...
0030: 92 9C 25 F4 7B D3 39 73   40 C1 8C B4 3A EF A5 23  ..%...9s@...:..#
0040: 95 06 4F 35 39 79 13 AF   44 7A 82 C4 E5 E8 E9 7E  ..O59y..Dz......
0050: C7 A5 C8 A5 C4 BB ED 1A   FA EF C1 B2 80 1F 7F A8  ................
0060: 1E 67 EE 56 2D 28 B8 55   1C 80 E9 2B 0E 59 12 B2  .g.V-(.U...+.Y..
0070: 35 B6 86 94 01 F9 F0 BF   61 5F BB 14 74 1B 12 C7  5.......a_..t...
0080: 81 90 F4 53 6B A9 C1 C8   D3 2F 83 09 D4 1F B0 76  ...Sk..../.....v
0090: B6 4A 83 1F DD F0 36 BD   FC F0 E8 D3 60 E9 88 74  .J....6.....`..t
00A0: D6 0D F4 92 ED A0 27 B1   B0 8E 0F E0 B8 04 6B F9  ......'.......k.
00B0: D5 FF E2 7E A2 E7 08 E1   08 9D 2D 17 14 A9 B8 44  ..........-....D
00C0: 33 63 DB 1C 96 0A D4 46   0F FF 5D 88 86 36 B6 A8  3c.....F..]..6..
00D0: 0A F2 97 30 17 3B B1 DB   4F AE DF 35 08 8E 82 58  ...0.;..O..5...X
00E0: 42 5B E2 F8 4D CE BB E9   D7 07 1F C3 00 5C C4 78  B[..M........\.x
00F0: AA 02 86 4D CF D2 66 FE   47 80 7C CB E6 0C DD 2F  ...M..f.G....../

]
Caught exception in handleMessage: java.lang.NullPointerException
Continue normal processing...
Inbound SOAP message:
<S:Envelope xmlns:S="http://schemas.xmlsoap.org/soap/envelope/" xmlns:SOAP-ENV="http://schemas.xmlsoap.org/soap/envelope/"><SOAP-ENV:Header><d:myHeader xmlns:d="http://demo">IEGRPc962kg+hlwcSZ2tSpA/WIcuXLqc0Dt7tLnzsnmUSvYpBqSIurGK1XLkdJJnolwU1ulBn8cRy8yeKQudj1ii32rLCNrXQGPfqq0SKVsY+8CYkqoYxnYwDqFYEl0EezEFgQSz7OjxY4aVj1euEZYHz++LcOLfwQiDMwW4lieRNRRjFR5PLHA2WUnZyRq5RqCjD8YuH+rStV8GhqlQV7OeWUsmNARh5MVGHtH+58I6kOZsLVMToLR62YfvGebEvxrvRQNGPFfQjNAB+4jGiqSE5ChIZqqakMhQeCu9sKG4WDyxqy7SEGSFyTBa5vBwBnxlytVku0XJXTwN2vsbag==</d:myHeader><e:myRequestHeader xmlns:e="urn:example">UpaTransporter1</e:myRequestHeader><e:myID xmlns:e="http://demo">8e0bed54-643d-4604-9186-f6686ee762b1</e:myID><d:myHeader1 xmlns:d="http://demo">xhrbRllwv3YZtPfTmWNY4R997Bdriqa8B2fjb00e+NzIaEOC5+bI7mDK5CDA5+OGT9us8fqzFYF3n0DITgSQOxb9UsYBizPV/SLgdIFLgxSag/YRUu4OBnCXWnkldhwQUH48S/ffwac6Qh2yR/VcFDTYLOblYtl9F7lQYZNLrotX7ftRKYsx796u7uCfLhAqthzX2WVB9bP3GC83UEYb2DSvxzAj1hSsTHz/Wh/6gR7u0j/4PVDePv1Y9lzUufy0AsKaOj2dSi+RqyKaynmCfm/Q0QVyLhMQtxLjkv6TZ3INgx2lTdh0IqYlDtM0FtAMaUl/rVZD+QMOe216sAgb8Q==</d:myHeader1></SOAP-ENV:Header><S:Body><ns2:jobStatusResponse xmlns:ns2="http://ws.transporter.upa.pt/"><return><companyName>UpaTransporter1</companyName><jobIdentifier>0</jobIdentifier><jobOrigin>Lisboa</jobOrigin><jobDestination>Coimbra</jobDestination><jobPrice>5</jobPrice><jobState>HEADING</jobState></return></ns2:jobStatusResponse></S:Body></S:Envelope>
Outbound SOAP message:
<S:Envelope xmlns:S="http://schemas.xmlsoap.org/soap/envelope/" xmlns:SOAP-ENV="http://schemas.xmlsoap.org/soap/envelope/"><SOAP-ENV:Header/><S:Body><ns2:jobStatus xmlns:ns2="http://ws.transporter.upa.pt/"><id>0</id></ns2:jobStatus></S:Body></S:Envelope>
AddHeaderHandler: Handling message.
Text:
[S:Body: null]
Bytes:
5B533A426F64793A206E756C6C5D
Signing ...
Caught exception in handleMessage: java.lang.NullPointerException
Continue normal processing...
AddHeaderHandler: Handling message.
Text:
[S:Body: null]
Bytes:
5B533A426F64793A206E756C6C5D
got 'UpaTransporter1'
Contacting UDDI at http://localhost:9090
Looking for 'Ca'
Found http://localhost:8090/ca-ws/endpoint
Creating stub ...
Setting endpoint address ...
[
[
  Version: V1
  Subject: CN=DistributedSystems, OU=DEI, O=IST, L=Lisbon, ST=Lisbon, C=PT
  Signature Algorithm: SHA256withRSA, OID = 1.2.840.113549.1.1.11

  Key:  Sun RSA public key, 2048 bits
  modulus: 26667733344901105960569751727828569487214718708670945411188295642815606009560465347954545110592222944090982918465809468419238097364240524173209724878583398722100079734240131613765957603945675438531277654589865657668875533447087897042522082820053362269921081494634218619103722283987100002127744495735659330377296158667180517233635226043251542377330609155607362306352555072875158429670985653207961321353434474546723452521700302196843309492385382168858877968545394718449793701241526884292374101949696866959127615458759504166010855854580719538864213377660845095685904776645547354617687492052899918169806504259680521841033
  public exponent: 65537
  Validity: [From: Thu May 12 17:06:51 WEST 2016,
               To: Wed Aug 10 17:06:51 WEST 2016]
  Issuer: C=PT, L=Lisbon, O=IST, OU=DEI, CN=DistributedSystems
  SerialNumber: [    e012b535 b8ce9382]

]
  Algorithm: [SHA256withRSA]
  Signature:
0000: 26 0A 45 7B D7 52 8A 8F   BE 4A 66 D8 54 FC 68 C3  &.E..R...Jf.T.h.
0010: 07 08 D8 44 DB D3 C7 BB   DF C4 0D 18 28 67 D4 30  ...D........(g.0
0020: 15 3D 66 17 A9 74 76 FA   56 61 99 2F 46 EE 96 DF  .=f..tv.Va./F...
0030: 92 9C 25 F4 7B D3 39 73   40 C1 8C B4 3A EF A5 23  ..%...9s@...:..#
0040: 95 06 4F 35 39 79 13 AF   44 7A 82 C4 E5 E8 E9 7E  ..O59y..Dz......
0050: C7 A5 C8 A5 C4 BB ED 1A   FA EF C1 B2 80 1F 7F A8  ................
0060: 1E 67 EE 56 2D 28 B8 55   1C 80 E9 2B 0E 59 12 B2  .g.V-(.U...+.Y..
0070: 35 B6 86 94 01 F9 F0 BF   61 5F BB 14 74 1B 12 C7  5.......a_..t...
0080: 81 90 F4 53 6B A9 C1 C8   D3 2F 83 09 D4 1F B0 76  ...Sk..../.....v
0090: B6 4A 83 1F DD F0 36 BD   FC F0 E8 D3 60 E9 88 74  .J....6.....`..t
00A0: D6 0D F4 92 ED A0 27 B1   B0 8E 0F E0 B8 04 6B F9  ......'.......k.
00B0: D5 FF E2 7E A2 E7 08 E1   08 9D 2D 17 14 A9 B8 44  ..........-....D
00C0: 33 63 DB 1C 96 0A D4 46   0F FF 5D 88 86 36 B6 A8  3c.....F..]..6..
00D0: 0A F2 97 30 17 3B B1 DB   4F AE DF 35 08 8E 82 58  ...0.;..O..5...X
00E0: 42 5B E2 F8 4D CE BB E9   D7 07 1F C3 00 5C C4 78  B[..M........\.x
00F0: AA 02 86 4D CF D2 66 FE   47 80 7C CB E6 0C DD 2F  ...M..f.G....../

]
Caught exception in handleMessage: java.lang.NullPointerException
Continue normal processing...
Inbound SOAP message:
<S:Envelope xmlns:S="http://schemas.xmlsoap.org/soap/envelope/" xmlns:SOAP-ENV="http://schemas.xmlsoap.org/soap/envelope/"><SOAP-ENV:Header><d:myHeader xmlns:d="http://demo">IEGRPc962kg+hlwcSZ2tSpA/WIcuXLqc0Dt7tLnzsnmUSvYpBqSIurGK1XLkdJJnolwU1ulBn8cRy8yeKQudj1ii32rLCNrXQGPfqq0SKVsY+8CYkqoYxnYwDqFYEl0EezEFgQSz7OjxY4aVj1euEZYHz++LcOLfwQiDMwW4lieRNRRjFR5PLHA2WUnZyRq5RqCjD8YuH+rStV8GhqlQV7OeWUsmNARh5MVGHtH+58I6kOZsLVMToLR62YfvGebEvxrvRQNGPFfQjNAB+4jGiqSE5ChIZqqakMhQeCu9sKG4WDyxqy7SEGSFyTBa5vBwBnxlytVku0XJXTwN2vsbag==</d:myHeader><e:myRequestHeader xmlns:e="urn:example">UpaTransporter1</e:myRequestHeader><e:myID xmlns:e="http://demo">305d2560-2762-4959-b62b-e070a2c9a430</e:myID><d:myHeader1 xmlns:d="http://demo">vgxJE0AoBj4JS7ccXjDylGnkoOLt2cfxorFh79kiNNKEYcZkaiekWp7PyDOm9+RT6wNofxCzOW0EJTm6ml51k2SVZGAA/+T6/FZQLSkMiZAxL3MRTfd7uOgAEmHQqezIJAPPKL3vJpbp82b6+LcJCleIW7aexOiYF1N83Lkp1WUqANQoQsG6q/8eun2PZktY8BtxdkGFTsWgLyXQWBLMRklOWrfm2eJuq6/9q56L3uWdYAZU8+1LWB47470ywcfW9eqYAVV6+zh6SRcgqiZlwAR0n3mFxidfdhrETOefZ/vT70Upr4qdIz8447k6KoXyrSw0hKLVbUP6avC7mx4B0w==</d:myHeader1></SOAP-ENV:Header><S:Body><ns2:jobStatusResponse xmlns:ns2="http://ws.transporter.upa.pt/"><return><companyName>UpaTransporter1</companyName><jobIdentifier>0</jobIdentifier><jobOrigin>Lisboa</jobOrigin><jobDestination>Coimbra</jobDestination><jobPrice>5</jobPrice><jobState>HEADING</jobState></return></ns2:jobStatusResponse></S:Body></S:Envelope>
Outbound SOAP message:
<S:Envelope xmlns:S="http://schemas.xmlsoap.org/soap/envelope/" xmlns:SOAP-ENV="http://schemas.xmlsoap.org/soap/envelope/"><SOAP-ENV:Header/><S:Body><ns2:jobStatus xmlns:ns2="http://ws.transporter.upa.pt/"><id>0</id></ns2:jobStatus></S:Body></S:Envelope>
AddHeaderHandler: Handling message.
Text:
[S:Body: null]
Bytes:
5B533A426F64793A206E756C6C5D
Signing ...
Caught exception in handleMessage: java.lang.NullPointerException
Continue normal processing...
AddHeaderHandler: Handling message.
Text:
[S:Body: null]
Bytes:
5B533A426F64793A206E756C6C5D
got 'UpaTransporter1'
Contacting UDDI at http://localhost:9090
Looking for 'Ca'
Found http://localhost:8090/ca-ws/endpoint
Creating stub ...
Setting endpoint address ...
[
[
  Version: V1
  Subject: CN=DistributedSystems, OU=DEI, O=IST, L=Lisbon, ST=Lisbon, C=PT
  Signature Algorithm: SHA256withRSA, OID = 1.2.840.113549.1.1.11

  Key:  Sun RSA public key, 2048 bits
  modulus: 26667733344901105960569751727828569487214718708670945411188295642815606009560465347954545110592222944090982918465809468419238097364240524173209724878583398722100079734240131613765957603945675438531277654589865657668875533447087897042522082820053362269921081494634218619103722283987100002127744495735659330377296158667180517233635226043251542377330609155607362306352555072875158429670985653207961321353434474546723452521700302196843309492385382168858877968545394718449793701241526884292374101949696866959127615458759504166010855854580719538864213377660845095685904776645547354617687492052899918169806504259680521841033
  public exponent: 65537
  Validity: [From: Thu May 12 17:06:51 WEST 2016,
               To: Wed Aug 10 17:06:51 WEST 2016]
  Issuer: C=PT, L=Lisbon, O=IST, OU=DEI, CN=DistributedSystems
  SerialNumber: [    e012b535 b8ce9382]

]
  Algorithm: [SHA256withRSA]
  Signature:
0000: 26 0A 45 7B D7 52 8A 8F   BE 4A 66 D8 54 FC 68 C3  &.E..R...Jf.T.h.
0010: 07 08 D8 44 DB D3 C7 BB   DF C4 0D 18 28 67 D4 30  ...D........(g.0
0020: 15 3D 66 17 A9 74 76 FA   56 61 99 2F 46 EE 96 DF  .=f..tv.Va./F...
0030: 92 9C 25 F4 7B D3 39 73   40 C1 8C B4 3A EF A5 23  ..%...9s@...:..#
0040: 95 06 4F 35 39 79 13 AF   44 7A 82 C4 E5 E8 E9 7E  ..O59y..Dz......
0050: C7 A5 C8 A5 C4 BB ED 1A   FA EF C1 B2 80 1F 7F A8  ................
0060: 1E 67 EE 56 2D 28 B8 55   1C 80 E9 2B 0E 59 12 B2  .g.V-(.U...+.Y..
0070: 35 B6 86 94 01 F9 F0 BF   61 5F BB 14 74 1B 12 C7  5.......a_..t...
0080: 81 90 F4 53 6B A9 C1 C8   D3 2F 83 09 D4 1F B0 76  ...Sk..../.....v
0090: B6 4A 83 1F DD F0 36 BD   FC F0 E8 D3 60 E9 88 74  .J....6.....`..t
00A0: D6 0D F4 92 ED A0 27 B1   B0 8E 0F E0 B8 04 6B F9  ......'.......k.
00B0: D5 FF E2 7E A2 E7 08 E1   08 9D 2D 17 14 A9 B8 44  ..........-....D
00C0: 33 63 DB 1C 96 0A D4 46   0F FF 5D 88 86 36 B6 A8  3c.....F..]..6..
00D0: 0A F2 97 30 17 3B B1 DB   4F AE DF 35 08 8E 82 58  ...0.;..O..5...X
00E0: 42 5B E2 F8 4D CE BB E9   D7 07 1F C3 00 5C C4 78  B[..M........\.x
00F0: AA 02 86 4D CF D2 66 FE   47 80 7C CB E6 0C DD 2F  ...M..f.G....../

]
Caught exception in handleMessage: java.lang.NullPointerException
Continue normal processing...
Inbound SOAP message:
<S:Envelope xmlns:S="http://schemas.xmlsoap.org/soap/envelope/" xmlns:SOAP-ENV="http://schemas.xmlsoap.org/soap/envelope/"><SOAP-ENV:Header><d:myHeader xmlns:d="http://demo">IEGRPc962kg+hlwcSZ2tSpA/WIcuXLqc0Dt7tLnzsnmUSvYpBqSIurGK1XLkdJJnolwU1ulBn8cRy8yeKQudj1ii32rLCNrXQGPfqq0SKVsY+8CYkqoYxnYwDqFYEl0EezEFgQSz7OjxY4aVj1euEZYHz++LcOLfwQiDMwW4lieRNRRjFR5PLHA2WUnZyRq5RqCjD8YuH+rStV8GhqlQV7OeWUsmNARh5MVGHtH+58I6kOZsLVMToLR62YfvGebEvxrvRQNGPFfQjNAB+4jGiqSE5ChIZqqakMhQeCu9sKG4WDyxqy7SEGSFyTBa5vBwBnxlytVku0XJXTwN2vsbag==</d:myHeader><e:myRequestHeader xmlns:e="urn:example">UpaTransporter1</e:myRequestHeader><e:myID xmlns:e="http://demo">c1614bb3-1108-4286-b87a-ba9ffd4eaf0c</e:myID><d:myHeader1 xmlns:d="http://demo">d9EBMkdLyQeUAUNKkKq3N46GPjYZNbP/duC2YuSWEOGRMraz0QJh9H/lQNWYRFK587i1UlBbQdgwL81G1acJDzNHOOf0/vOHKUf/whLwsZcMULaMMa4Lxt3W/2iJnTCpDSuIip9+ApD7VYXzES34SBfQjsCyJAxAUSBmFVFOQEE3yQB4my5FO0ezgetdHIlpEHRNfYohHurwPM8o5LWfb82WrTsIMhn4nVuBBrMFQF+MMrHFdkD/NDy4IOgWvQrpUH7WW9nJbB6af7LXmIqw0Iz4GGZ37R9yaVLUoPk812L5DoJx3YieuQUhm14a8GXZdljm87bbPOkVTdJyCqvg2A==</d:myHeader1></SOAP-ENV:Header><S:Body><ns2:jobStatusResponse xmlns:ns2="http://ws.transporter.upa.pt/"><return><companyName>UpaTransporter1</companyName><jobIdentifier>0</jobIdentifier><jobOrigin>Lisboa</jobOrigin><jobDestination>Coimbra</jobDestination><jobPrice>5</jobPrice><jobState>HEADING</jobState></return></ns2:jobStatusResponse></S:Body></S:Envelope>
Outbound SOAP message:
<S:Envelope xmlns:S="http://schemas.xmlsoap.org/soap/envelope/" xmlns:SOAP-ENV="http://schemas.xmlsoap.org/soap/envelope/"><SOAP-ENV:Header/><S:Body><ns2:jobStatus xmlns:ns2="http://ws.transporter.upa.pt/"><id>0</id></ns2:jobStatus></S:Body></S:Envelope>
AddHeaderHandler: Handling message.
Text:
[S:Body: null]
Bytes:
5B533A426F64793A206E756C6C5D
Signing ...
Caught exception in handleMessage: java.lang.NullPointerException
Continue normal processing...
AddHeaderHandler: Handling message.
Text:
[S:Body: null]
Bytes:
5B533A426F64793A206E756C6C5D
got 'UpaTransporter1'
Contacting UDDI at http://localhost:9090
Looking for 'Ca'
Found http://localhost:8090/ca-ws/endpoint
Creating stub ...
Setting endpoint address ...
[
[
  Version: V1
  Subject: CN=DistributedSystems, OU=DEI, O=IST, L=Lisbon, ST=Lisbon, C=PT
  Signature Algorithm: SHA256withRSA, OID = 1.2.840.113549.1.1.11

  Key:  Sun RSA public key, 2048 bits
  modulus: 26667733344901105960569751727828569487214718708670945411188295642815606009560465347954545110592222944090982918465809468419238097364240524173209724878583398722100079734240131613765957603945675438531277654589865657668875533447087897042522082820053362269921081494634218619103722283987100002127744495735659330377296158667180517233635226043251542377330609155607362306352555072875158429670985653207961321353434474546723452521700302196843309492385382168858877968545394718449793701241526884292374101949696866959127615458759504166010855854580719538864213377660845095685904776645547354617687492052899918169806504259680521841033
  public exponent: 65537
  Validity: [From: Thu May 12 17:06:51 WEST 2016,
               To: Wed Aug 10 17:06:51 WEST 2016]
  Issuer: C=PT, L=Lisbon, O=IST, OU=DEI, CN=DistributedSystems
  SerialNumber: [    e012b535 b8ce9382]

]
  Algorithm: [SHA256withRSA]
  Signature:
0000: 26 0A 45 7B D7 52 8A 8F   BE 4A 66 D8 54 FC 68 C3  &.E..R...Jf.T.h.
0010: 07 08 D8 44 DB D3 C7 BB   DF C4 0D 18 28 67 D4 30  ...D........(g.0
0020: 15 3D 66 17 A9 74 76 FA   56 61 99 2F 46 EE 96 DF  .=f..tv.Va./F...
0030: 92 9C 25 F4 7B D3 39 73   40 C1 8C B4 3A EF A5 23  ..%...9s@...:..#
0040: 95 06 4F 35 39 79 13 AF   44 7A 82 C4 E5 E8 E9 7E  ..O59y..Dz......
0050: C7 A5 C8 A5 C4 BB ED 1A   FA EF C1 B2 80 1F 7F A8  ................
0060: 1E 67 EE 56 2D 28 B8 55   1C 80 E9 2B 0E 59 12 B2  .g.V-(.U...+.Y..
0070: 35 B6 86 94 01 F9 F0 BF   61 5F BB 14 74 1B 12 C7  5.......a_..t...
0080: 81 90 F4 53 6B A9 C1 C8   D3 2F 83 09 D4 1F B0 76  ...Sk..../.....v
0090: B6 4A 83 1F DD F0 36 BD   FC F0 E8 D3 60 E9 88 74  .J....6.....`..t
00A0: D6 0D F4 92 ED A0 27 B1   B0 8E 0F E0 B8 04 6B F9  ......'.......k.
00B0: D5 FF E2 7E A2 E7 08 E1   08 9D 2D 17 14 A9 B8 44  ..........-....D
00C0: 33 63 DB 1C 96 0A D4 46   0F FF 5D 88 86 36 B6 A8  3c.....F..]..6..
00D0: 0A F2 97 30 17 3B B1 DB   4F AE DF 35 08 8E 82 58  ...0.;..O..5...X
00E0: 42 5B E2 F8 4D CE BB E9   D7 07 1F C3 00 5C C4 78  B[..M........\.x
00F0: AA 02 86 4D CF D2 66 FE   47 80 7C CB E6 0C DD 2F  ...M..f.G....../

]
Caught exception in handleMessage: java.lang.NullPointerException
Continue normal processing...
Inbound SOAP message:
<S:Envelope xmlns:S="http://schemas.xmlsoap.org/soap/envelope/" xmlns:SOAP-ENV="http://schemas.xmlsoap.org/soap/envelope/"><SOAP-ENV:Header><d:myHeader xmlns:d="http://demo">IEGRPc962kg+hlwcSZ2tSpA/WIcuXLqc0Dt7tLnzsnmUSvYpBqSIurGK1XLkdJJnolwU1ulBn8cRy8yeKQudj1ii32rLCNrXQGPfqq0SKVsY+8CYkqoYxnYwDqFYEl0EezEFgQSz7OjxY4aVj1euEZYHz++LcOLfwQiDMwW4lieRNRRjFR5PLHA2WUnZyRq5RqCjD8YuH+rStV8GhqlQV7OeWUsmNARh5MVGHtH+58I6kOZsLVMToLR62YfvGebEvxrvRQNGPFfQjNAB+4jGiqSE5ChIZqqakMhQeCu9sKG4WDyxqy7SEGSFyTBa5vBwBnxlytVku0XJXTwN2vsbag==</d:myHeader><e:myRequestHeader xmlns:e="urn:example">UpaTransporter1</e:myRequestHeader><e:myID xmlns:e="http://demo">42836d6e-df35-45c6-9a69-9d7a67a69d6b</e:myID><d:myHeader1 xmlns:d="http://demo">VyFFK38uDiCrFUu6lu3Jzcc+tjSdoQppVN7k8WAHFskxLNfVVdgkrWGX48g5kp7ftmW6w1mN9hF9UdwasBR6BkiZL2mb98kEQi9Das+OHE/IS0o3csMQc8vBVrIRkPz4nxeWQBWnvA2oJTzpe6xYZN/HC0m5fVUL9n6HAUKqtrkNIwHNSP6QLWxIFtAf5N7eGqdiKd49w134sfCnZa9RTj+DUUH2BTAqJs7pqvNPy7hNJak2mvfnFeSvyI3MWowfMazy+PjKsqY30WmmuyDHyl+/pvWOLOAeQwd/tiLSbgyRahPe4x5BMoTCRWvBivkFNhgMmCF5682Y1yP/Iz+Tkg==</d:myHeader1></SOAP-ENV:Header><S:Body><ns2:jobStatusResponse xmlns:ns2="http://ws.transporter.upa.pt/"><return><companyName>UpaTransporter1</companyName><jobIdentifier>0</jobIdentifier><jobOrigin>Lisboa</jobOrigin><jobDestination>Coimbra</jobDestination><jobPrice>5</jobPrice><jobState>HEADING</jobState></return></ns2:jobStatusResponse></S:Body></S:Envelope>
Outbound SOAP message:
<S:Envelope xmlns:S="http://schemas.xmlsoap.org/soap/envelope/" xmlns:SOAP-ENV="http://schemas.xmlsoap.org/soap/envelope/"><SOAP-ENV:Header/><S:Body><ns2:jobStatus xmlns:ns2="http://ws.transporter.upa.pt/"><id>0</id></ns2:jobStatus></S:Body></S:Envelope>
AddHeaderHandler: Handling message.
Text:
[S:Body: null]
Bytes:
5B533A426F64793A206E756C6C5D
Signing ...
Caught exception in handleMessage: java.lang.NullPointerException
Continue normal processing...
AddHeaderHandler: Handling message.
Text:
[S:Body: null]
Bytes:
5B533A426F64793A206E756C6C5D
got 'UpaTransporter1'
Contacting UDDI at http://localhost:9090
Looking for 'Ca'
Found http://localhost:8090/ca-ws/endpoint
Creating stub ...
Setting endpoint address ...
[
[
  Version: V1
  Subject: CN=DistributedSystems, OU=DEI, O=IST, L=Lisbon, ST=Lisbon, C=PT
  Signature Algorithm: SHA256withRSA, OID = 1.2.840.113549.1.1.11

  Key:  Sun RSA public key, 2048 bits
  modulus: 26667733344901105960569751727828569487214718708670945411188295642815606009560465347954545110592222944090982918465809468419238097364240524173209724878583398722100079734240131613765957603945675438531277654589865657668875533447087897042522082820053362269921081494634218619103722283987100002127744495735659330377296158667180517233635226043251542377330609155607362306352555072875158429670985653207961321353434474546723452521700302196843309492385382168858877968545394718449793701241526884292374101949696866959127615458759504166010855854580719538864213377660845095685904776645547354617687492052899918169806504259680521841033
  public exponent: 65537
  Validity: [From: Thu May 12 17:06:51 WEST 2016,
               To: Wed Aug 10 17:06:51 WEST 2016]
  Issuer: C=PT, L=Lisbon, O=IST, OU=DEI, CN=DistributedSystems
  SerialNumber: [    e012b535 b8ce9382]

]
  Algorithm: [SHA256withRSA]
  Signature:
0000: 26 0A 45 7B D7 52 8A 8F   BE 4A 66 D8 54 FC 68 C3  &.E..R...Jf.T.h.
0010: 07 08 D8 44 DB D3 C7 BB   DF C4 0D 18 28 67 D4 30  ...D........(g.0
0020: 15 3D 66 17 A9 74 76 FA   56 61 99 2F 46 EE 96 DF  .=f..tv.Va./F...
0030: 92 9C 25 F4 7B D3 39 73   40 C1 8C B4 3A EF A5 23  ..%...9s@...:..#
0040: 95 06 4F 35 39 79 13 AF   44 7A 82 C4 E5 E8 E9 7E  ..O59y..Dz......
0050: C7 A5 C8 A5 C4 BB ED 1A   FA EF C1 B2 80 1F 7F A8  ................
0060: 1E 67 EE 56 2D 28 B8 55   1C 80 E9 2B 0E 59 12 B2  .g.V-(.U...+.Y..
0070: 35 B6 86 94 01 F9 F0 BF   61 5F BB 14 74 1B 12 C7  5.......a_..t...
0080: 81 90 F4 53 6B A9 C1 C8   D3 2F 83 09 D4 1F B0 76  ...Sk..../.....v
0090: B6 4A 83 1F DD F0 36 BD   FC F0 E8 D3 60 E9 88 74  .J....6.....`..t
00A0: D6 0D F4 92 ED A0 27 B1   B0 8E 0F E0 B8 04 6B F9  ......'.......k.
00B0: D5 FF E2 7E A2 E7 08 E1   08 9D 2D 17 14 A9 B8 44  ..........-....D
00C0: 33 63 DB 1C 96 0A D4 46   0F FF 5D 88 86 36 B6 A8  3c.....F..]..6..
00D0: 0A F2 97 30 17 3B B1 DB   4F AE DF 35 08 8E 82 58  ...0.;..O..5...X
00E0: 42 5B E2 F8 4D CE BB E9   D7 07 1F C3 00 5C C4 78  B[..M........\.x
00F0: AA 02 86 4D CF D2 66 FE   47 80 7C CB E6 0C DD 2F  ...M..f.G....../

]
Caught exception in handleMessage: java.lang.NullPointerException
Continue normal processing...
Inbound SOAP message:
<S:Envelope xmlns:S="http://schemas.xmlsoap.org/soap/envelope/" xmlns:SOAP-ENV="http://schemas.xmlsoap.org/soap/envelope/"><SOAP-ENV:Header><d:myHeader xmlns:d="http://demo">IEGRPc962kg+hlwcSZ2tSpA/WIcuXLqc0Dt7tLnzsnmUSvYpBqSIurGK1XLkdJJnolwU1ulBn8cRy8yeKQudj1ii32rLCNrXQGPfqq0SKVsY+8CYkqoYxnYwDqFYEl0EezEFgQSz7OjxY4aVj1euEZYHz++LcOLfwQiDMwW4lieRNRRjFR5PLHA2WUnZyRq5RqCjD8YuH+rStV8GhqlQV7OeWUsmNARh5MVGHtH+58I6kOZsLVMToLR62YfvGebEvxrvRQNGPFfQjNAB+4jGiqSE5ChIZqqakMhQeCu9sKG4WDyxqy7SEGSFyTBa5vBwBnxlytVku0XJXTwN2vsbag==</d:myHeader><e:myRequestHeader xmlns:e="urn:example">UpaTransporter1</e:myRequestHeader><e:myID xmlns:e="http://demo">3ad658a3-fa07-4479-b687-4ceccaa8c728</e:myID><d:myHeader1 xmlns:d="http://demo">iT7luLjS0WEa1029abMNafF5wPJQKUivaBCtJSeeXmdFZMi/gYwM8NgVxqea4Lsq/dGbsHXfTIq2NIMyFk0XT11XfThh2LBVUu4j9YJw4z/RmLzQn03slyiJ/FuY5/ZO3lmxHpdDfO4W4UX2LwK0IVBDfw4Elkj+rGJ60bQ+uQNohamPV0FP4jI8CeVD+sc7Oo9LfT2wHavV/QV7V9YIibENfvVe1Zu5f9j8CixiYUxg0B/kCLD6WSNWBWN07gM/6/v9VDYCLzJ9T5IPdbbwzMi+7gy9Gh/7N8RHoGXJBTWR6TI0Vo9j012p995TXknbAMauNljYtgfQKpJV7pwxRg==</d:myHeader1></SOAP-ENV:Header><S:Body><ns2:jobStatusResponse xmlns:ns2="http://ws.transporter.upa.pt/"><return><companyName>UpaTransporter1</companyName><jobIdentifier>0</jobIdentifier><jobOrigin>Lisboa</jobOrigin><jobDestination>Coimbra</jobDestination><jobPrice>5</jobPrice><jobState>HEADING</jobState></return></ns2:jobStatusResponse></S:Body></S:Envelope>
Outbound SOAP message:
<S:Envelope xmlns:S="http://schemas.xmlsoap.org/soap/envelope/" xmlns:SOAP-ENV="http://schemas.xmlsoap.org/soap/envelope/"><SOAP-ENV:Header/><S:Body><ns2:jobStatus xmlns:ns2="http://ws.transporter.upa.pt/"><id>0</id></ns2:jobStatus></S:Body></S:Envelope>
AddHeaderHandler: Handling message.
Text:
[S:Body: null]
Bytes:
5B533A426F64793A206E756C6C5D
Signing ...
Caught exception in handleMessage: java.lang.NullPointerException
Continue normal processing...
AddHeaderHandler: Handling message.
Text:
[S:Body: null]
Bytes:
5B533A426F64793A206E756C6C5D
got 'UpaTransporter1'
Contacting UDDI at http://localhost:9090
Looking for 'Ca'
Found http://localhost:8090/ca-ws/endpoint
Creating stub ...
Setting endpoint address ...
[
[
  Version: V1
  Subject: CN=DistributedSystems, OU=DEI, O=IST, L=Lisbon, ST=Lisbon, C=PT
  Signature Algorithm: SHA256withRSA, OID = 1.2.840.113549.1.1.11

  Key:  Sun RSA public key, 2048 bits
  modulus: 26667733344901105960569751727828569487214718708670945411188295642815606009560465347954545110592222944090982918465809468419238097364240524173209724878583398722100079734240131613765957603945675438531277654589865657668875533447087897042522082820053362269921081494634218619103722283987100002127744495735659330377296158667180517233635226043251542377330609155607362306352555072875158429670985653207961321353434474546723452521700302196843309492385382168858877968545394718449793701241526884292374101949696866959127615458759504166010855854580719538864213377660845095685904776645547354617687492052899918169806504259680521841033
  public exponent: 65537
  Validity: [From: Thu May 12 17:06:51 WEST 2016,
               To: Wed Aug 10 17:06:51 WEST 2016]
  Issuer: C=PT, L=Lisbon, O=IST, OU=DEI, CN=DistributedSystems
  SerialNumber: [    e012b535 b8ce9382]

]
  Algorithm: [SHA256withRSA]
  Signature:
0000: 26 0A 45 7B D7 52 8A 8F   BE 4A 66 D8 54 FC 68 C3  &.E..R...Jf.T.h.
0010: 07 08 D8 44 DB D3 C7 BB   DF C4 0D 18 28 67 D4 30  ...D........(g.0
0020: 15 3D 66 17 A9 74 76 FA   56 61 99 2F 46 EE 96 DF  .=f..tv.Va./F...
0030: 92 9C 25 F4 7B D3 39 73   40 C1 8C B4 3A EF A5 23  ..%...9s@...:..#
0040: 95 06 4F 35 39 79 13 AF   44 7A 82 C4 E5 E8 E9 7E  ..O59y..Dz......
0050: C7 A5 C8 A5 C4 BB ED 1A   FA EF C1 B2 80 1F 7F A8  ................
0060: 1E 67 EE 56 2D 28 B8 55   1C 80 E9 2B 0E 59 12 B2  .g.V-(.U...+.Y..
0070: 35 B6 86 94 01 F9 F0 BF   61 5F BB 14 74 1B 12 C7  5.......a_..t...
0080: 81 90 F4 53 6B A9 C1 C8   D3 2F 83 09 D4 1F B0 76  ...Sk..../.....v
0090: B6 4A 83 1F DD F0 36 BD   FC F0 E8 D3 60 E9 88 74  .J....6.....`..t
00A0: D6 0D F4 92 ED A0 27 B1   B0 8E 0F E0 B8 04 6B F9  ......'.......k.
00B0: D5 FF E2 7E A2 E7 08 E1   08 9D 2D 17 14 A9 B8 44  ..........-....D
00C0: 33 63 DB 1C 96 0A D4 46   0F FF 5D 88 86 36 B6 A8  3c.....F..]..6..
00D0: 0A F2 97 30 17 3B B1 DB   4F AE DF 35 08 8E 82 58  ...0.;..O..5...X
00E0: 42 5B E2 F8 4D CE BB E9   D7 07 1F C3 00 5C C4 78  B[..M........\.x
00F0: AA 02 86 4D CF D2 66 FE   47 80 7C CB E6 0C DD 2F  ...M..f.G....../

]
Caught exception in handleMessage: java.lang.NullPointerException
Continue normal processing...
Inbound SOAP message:
<S:Envelope xmlns:S="http://schemas.xmlsoap.org/soap/envelope/" xmlns:SOAP-ENV="http://schemas.xmlsoap.org/soap/envelope/"><SOAP-ENV:Header><d:myHeader xmlns:d="http://demo">IEGRPc962kg+hlwcSZ2tSpA/WIcuXLqc0Dt7tLnzsnmUSvYpBqSIurGK1XLkdJJnolwU1ulBn8cRy8yeKQudj1ii32rLCNrXQGPfqq0SKVsY+8CYkqoYxnYwDqFYEl0EezEFgQSz7OjxY4aVj1euEZYHz++LcOLfwQiDMwW4lieRNRRjFR5PLHA2WUnZyRq5RqCjD8YuH+rStV8GhqlQV7OeWUsmNARh5MVGHtH+58I6kOZsLVMToLR62YfvGebEvxrvRQNGPFfQjNAB+4jGiqSE5ChIZqqakMhQeCu9sKG4WDyxqy7SEGSFyTBa5vBwBnxlytVku0XJXTwN2vsbag==</d:myHeader><e:myRequestHeader xmlns:e="urn:example">UpaTransporter1</e:myRequestHeader><e:myID xmlns:e="http://demo">1712cccb-1d97-4d1e-ab00-1773a16c46ee</e:myID><d:myHeader1 xmlns:d="http://demo">sxu/XtZtd3szzo1iBM/A1huOTZXGvijBfsMP+UxTo4dvkWxzbQYQ8VToqm7H0hvWcqfz8ojrrbYRFC6Dv9RH13xvVNLlJ7yUpJjZBknryDX615lQ/k2BUakcz9xvmU2uf9zNhm68exMpTcUj9pdKbFvS0OX7oAxV5mLznJx6dY9+JflsrzADJq2eon9enCgO/dhsOp+UYD8/bm5U6x28OsP4BQ09ntv9/KBDZDxavE+LSL5OKRpCZKZlYKhCSKw+M6lZKIlL6HJ19GbqMAmOiWfIn8nD2ouDNPedABFmVLr9TPW5jg0DIxnXDaojEK+FnxKiu1ddET8IfwUSb21ciw==</d:myHeader1></SOAP-ENV:Header><S:Body><ns2:jobStatusResponse xmlns:ns2="http://ws.transporter.upa.pt/"><return><companyName>UpaTransporter1</companyName><jobIdentifier>0</jobIdentifier><jobOrigin>Lisboa</jobOrigin><jobDestination>Coimbra</jobDestination><jobPrice>5</jobPrice><jobState>HEADING</jobState></return></ns2:jobStatusResponse></S:Body></S:Envelope>
Outbound SOAP message:
<S:Envelope xmlns:S="http://schemas.xmlsoap.org/soap/envelope/" xmlns:SOAP-ENV="http://schemas.xmlsoap.org/soap/envelope/"><SOAP-ENV:Header/><S:Body><ns2:jobStatus xmlns:ns2="http://ws.transporter.upa.pt/"><id>0</id></ns2:jobStatus></S:Body></S:Envelope>
AddHeaderHandler: Handling message.
Text:
[S:Body: null]
Bytes:
5B533A426F64793A206E756C6C5D
Signing ...
Caught exception in handleMessage: java.lang.NullPointerException
Continue normal processing...
AddHeaderHandler: Handling message.
Text:
[S:Body: null]
Bytes:
5B533A426F64793A206E756C6C5D
got 'UpaTransporter1'
Contacting UDDI at http://localhost:9090
Looking for 'Ca'
Found http://localhost:8090/ca-ws/endpoint
Creating stub ...
Setting endpoint address ...
[
[
  Version: V1
  Subject: CN=DistributedSystems, OU=DEI, O=IST, L=Lisbon, ST=Lisbon, C=PT
  Signature Algorithm: SHA256withRSA, OID = 1.2.840.113549.1.1.11

  Key:  Sun RSA public key, 2048 bits
  modulus: 26667733344901105960569751727828569487214718708670945411188295642815606009560465347954545110592222944090982918465809468419238097364240524173209724878583398722100079734240131613765957603945675438531277654589865657668875533447087897042522082820053362269921081494634218619103722283987100002127744495735659330377296158667180517233635226043251542377330609155607362306352555072875158429670985653207961321353434474546723452521700302196843309492385382168858877968545394718449793701241526884292374101949696866959127615458759504166010855854580719538864213377660845095685904776645547354617687492052899918169806504259680521841033
  public exponent: 65537
  Validity: [From: Thu May 12 17:06:51 WEST 2016,
               To: Wed Aug 10 17:06:51 WEST 2016]
  Issuer: C=PT, L=Lisbon, O=IST, OU=DEI, CN=DistributedSystems
  SerialNumber: [    e012b535 b8ce9382]

]
  Algorithm: [SHA256withRSA]
  Signature:
0000: 26 0A 45 7B D7 52 8A 8F   BE 4A 66 D8 54 FC 68 C3  &.E..R...Jf.T.h.
0010: 07 08 D8 44 DB D3 C7 BB   DF C4 0D 18 28 67 D4 30  ...D........(g.0
0020: 15 3D 66 17 A9 74 76 FA   56 61 99 2F 46 EE 96 DF  .=f..tv.Va./F...
0030: 92 9C 25 F4 7B D3 39 73   40 C1 8C B4 3A EF A5 23  ..%...9s@...:..#
0040: 95 06 4F 35 39 79 13 AF   44 7A 82 C4 E5 E8 E9 7E  ..O59y..Dz......
0050: C7 A5 C8 A5 C4 BB ED 1A   FA EF C1 B2 80 1F 7F A8  ................
0060: 1E 67 EE 56 2D 28 B8 55   1C 80 E9 2B 0E 59 12 B2  .g.V-(.U...+.Y..
0070: 35 B6 86 94 01 F9 F0 BF   61 5F BB 14 74 1B 12 C7  5.......a_..t...
0080: 81 90 F4 53 6B A9 C1 C8   D3 2F 83 09 D4 1F B0 76  ...Sk..../.....v
0090: B6 4A 83 1F DD F0 36 BD   FC F0 E8 D3 60 E9 88 74  .J....6.....`..t
00A0: D6 0D F4 92 ED A0 27 B1   B0 8E 0F E0 B8 04 6B F9  ......'.......k.
00B0: D5 FF E2 7E A2 E7 08 E1   08 9D 2D 17 14 A9 B8 44  ..........-....D
00C0: 33 63 DB 1C 96 0A D4 46   0F FF 5D 88 86 36 B6 A8  3c.....F..]..6..
00D0: 0A F2 97 30 17 3B B1 DB   4F AE DF 35 08 8E 82 58  ...0.;..O..5...X
00E0: 42 5B E2 F8 4D CE BB E9   D7 07 1F C3 00 5C C4 78  B[..M........\.x
00F0: AA 02 86 4D CF D2 66 FE   47 80 7C CB E6 0C DD 2F  ...M..f.G....../

]
Caught exception in handleMessage: java.lang.NullPointerException
Continue normal processing...
Inbound SOAP message:
<S:Envelope xmlns:S="http://schemas.xmlsoap.org/soap/envelope/" xmlns:SOAP-ENV="http://schemas.xmlsoap.org/soap/envelope/"><SOAP-ENV:Header><d:myHeader xmlns:d="http://demo">IEGRPc962kg+hlwcSZ2tSpA/WIcuXLqc0Dt7tLnzsnmUSvYpBqSIurGK1XLkdJJnolwU1ulBn8cRy8yeKQudj1ii32rLCNrXQGPfqq0SKVsY+8CYkqoYxnYwDqFYEl0EezEFgQSz7OjxY4aVj1euEZYHz++LcOLfwQiDMwW4lieRNRRjFR5PLHA2WUnZyRq5RqCjD8YuH+rStV8GhqlQV7OeWUsmNARh5MVGHtH+58I6kOZsLVMToLR62YfvGebEvxrvRQNGPFfQjNAB+4jGiqSE5ChIZqqakMhQeCu9sKG4WDyxqy7SEGSFyTBa5vBwBnxlytVku0XJXTwN2vsbag==</d:myHeader><e:myRequestHeader xmlns:e="urn:example">UpaTransporter1</e:myRequestHeader><e:myID xmlns:e="http://demo">42b40153-1847-4bc6-9b4a-fb11ff230ced</e:myID><d:myHeader1 xmlns:d="http://demo">E/6/rj1WZ49+MYN4D5EY64+F5YmikPHybX/H73vd9eC0WFRSOec8L0yq8cVmFQIHX3TiOKZkeSRx44j1bID2KOhW/PDhRW+2gQVN+CSORlwxUFu/2aYVDWhc22xyL61AjaNmhvkl9x8oog3yDB91Uy3+75hoLbPyhco+iiBnQrFLTd0MYCuH01LENTeXUdR5EE90lj1OgPe/Q2y2eq119OlsQ2dRRgHc7wJK6sTKcTsEoJH3vRBQjYfggkYLc0wBO45OBv4ogAYBrOlybqZN/bFP6cuNn5xY2N7Yp3okW8N3T/t5OpTc6tPjnZIwSEj0KraoUiqnMvEA7OQgxNVy+A==</d:myHeader1></SOAP-ENV:Header><S:Body><ns2:jobStatusResponse xmlns:ns2="http://ws.transporter.upa.pt/"><return><companyName>UpaTransporter1</companyName><jobIdentifier>0</jobIdentifier><jobOrigin>Lisboa</jobOrigin><jobDestination>Coimbra</jobDestination><jobPrice>5</jobPrice><jobState>HEADING</jobState></return></ns2:jobStatusResponse></S:Body></S:Envelope>
Outbound SOAP message:
<S:Envelope xmlns:S="http://schemas.xmlsoap.org/soap/envelope/" xmlns:SOAP-ENV="http://schemas.xmlsoap.org/soap/envelope/"><SOAP-ENV:Header/><S:Body><ns2:jobStatus xmlns:ns2="http://ws.transporter.upa.pt/"><id>0</id></ns2:jobStatus></S:Body></S:Envelope>
AddHeaderHandler: Handling message.
Text:
[S:Body: null]
Bytes:
5B533A426F64793A206E756C6C5D
Signing ...
Caught exception in handleMessage: java.lang.NullPointerException
Continue normal processing...
AddHeaderHandler: Handling message.
Text:
[S:Body: null]
Bytes:
5B533A426F64793A206E756C6C5D
got 'UpaTransporter1'
Contacting UDDI at http://localhost:9090
Looking for 'Ca'
Found http://localhost:8090/ca-ws/endpoint
Creating stub ...
Setting endpoint address ...
[
[
  Version: V1
  Subject: CN=DistributedSystems, OU=DEI, O=IST, L=Lisbon, ST=Lisbon, C=PT
  Signature Algorithm: SHA256withRSA, OID = 1.2.840.113549.1.1.11

  Key:  Sun RSA public key, 2048 bits
  modulus: 26667733344901105960569751727828569487214718708670945411188295642815606009560465347954545110592222944090982918465809468419238097364240524173209724878583398722100079734240131613765957603945675438531277654589865657668875533447087897042522082820053362269921081494634218619103722283987100002127744495735659330377296158667180517233635226043251542377330609155607362306352555072875158429670985653207961321353434474546723452521700302196843309492385382168858877968545394718449793701241526884292374101949696866959127615458759504166010855854580719538864213377660845095685904776645547354617687492052899918169806504259680521841033
  public exponent: 65537
  Validity: [From: Thu May 12 17:06:51 WEST 2016,
               To: Wed Aug 10 17:06:51 WEST 2016]
  Issuer: C=PT, L=Lisbon, O=IST, OU=DEI, CN=DistributedSystems
  SerialNumber: [    e012b535 b8ce9382]

]
  Algorithm: [SHA256withRSA]
  Signature:
0000: 26 0A 45 7B D7 52 8A 8F   BE 4A 66 D8 54 FC 68 C3  &.E..R...Jf.T.h.
0010: 07 08 D8 44 DB D3 C7 BB   DF C4 0D 18 28 67 D4 30  ...D........(g.0
0020: 15 3D 66 17 A9 74 76 FA   56 61 99 2F 46 EE 96 DF  .=f..tv.Va./F...
0030: 92 9C 25 F4 7B D3 39 73   40 C1 8C B4 3A EF A5 23  ..%...9s@...:..#
0040: 95 06 4F 35 39 79 13 AF   44 7A 82 C4 E5 E8 E9 7E  ..O59y..Dz......
0050: C7 A5 C8 A5 C4 BB ED 1A   FA EF C1 B2 80 1F 7F A8  ................
0060: 1E 67 EE 56 2D 28 B8 55   1C 80 E9 2B 0E 59 12 B2  .g.V-(.U...+.Y..
0070: 35 B6 86 94 01 F9 F0 BF   61 5F BB 14 74 1B 12 C7  5.......a_..t...
0080: 81 90 F4 53 6B A9 C1 C8   D3 2F 83 09 D4 1F B0 76  ...Sk..../.....v
0090: B6 4A 83 1F DD F0 36 BD   FC F0 E8 D3 60 E9 88 74  .J....6.....`..t
00A0: D6 0D F4 92 ED A0 27 B1   B0 8E 0F E0 B8 04 6B F9  ......'.......k.
00B0: D5 FF E2 7E A2 E7 08 E1   08 9D 2D 17 14 A9 B8 44  ..........-....D
00C0: 33 63 DB 1C 96 0A D4 46   0F FF 5D 88 86 36 B6 A8  3c.....F..]..6..
00D0: 0A F2 97 30 17 3B B1 DB   4F AE DF 35 08 8E 82 58  ...0.;..O..5...X
00E0: 42 5B E2 F8 4D CE BB E9   D7 07 1F C3 00 5C C4 78  B[..M........\.x
00F0: AA 02 86 4D CF D2 66 FE   47 80 7C CB E6 0C DD 2F  ...M..f.G....../

]
Caught exception in handleMessage: java.lang.NullPointerException
Continue normal processing...
Inbound SOAP message:
<S:Envelope xmlns:S="http://schemas.xmlsoap.org/soap/envelope/" xmlns:SOAP-ENV="http://schemas.xmlsoap.org/soap/envelope/"><SOAP-ENV:Header><d:myHeader xmlns:d="http://demo">IEGRPc962kg+hlwcSZ2tSpA/WIcuXLqc0Dt7tLnzsnmUSvYpBqSIurGK1XLkdJJnolwU1ulBn8cRy8yeKQudj1ii32rLCNrXQGPfqq0SKVsY+8CYkqoYxnYwDqFYEl0EezEFgQSz7OjxY4aVj1euEZYHz++LcOLfwQiDMwW4lieRNRRjFR5PLHA2WUnZyRq5RqCjD8YuH+rStV8GhqlQV7OeWUsmNARh5MVGHtH+58I6kOZsLVMToLR62YfvGebEvxrvRQNGPFfQjNAB+4jGiqSE5ChIZqqakMhQeCu9sKG4WDyxqy7SEGSFyTBa5vBwBnxlytVku0XJXTwN2vsbag==</d:myHeader><e:myRequestHeader xmlns:e="urn:example">UpaTransporter1</e:myRequestHeader><e:myID xmlns:e="http://demo">070f73e8-17ae-45f3-908a-77aa5ad66769</e:myID><d:myHeader1 xmlns:d="http://demo">qBJCw1llKXT5mfTVNslDpWp12krwEQNWfckovPuZiJ8ba81/5eNYjjwyT4Sj0GsgXC4/KRq7+B0ZNbqhbsAKB8MZkDIozSdU8mkv4Cq6kSFgJhPkLC5jjAsSinUdSZXNio1ICT40cWY8rJLGEY3o45iDvoSt1RmzBbnLkpGFzkAz2EJnyFtk/KcR4e1+qaQQ8OKoUdXUwZGCyXAg9KVOiEwB/SG+hr1LNnauinnI/LxpqLsKfTQOJRU4rdxWCk9xUiKdJiNJHNopdPVoj+d2xwg3aKCWCf08JkDl0jiULNK3eKGwrhWkS5Q4m/yl/D3Xcqme54oHueiGqhxzrNG3rg==</d:myHeader1></SOAP-ENV:Header><S:Body><ns2:jobStatusResponse xmlns:ns2="http://ws.transporter.upa.pt/"><return><companyName>UpaTransporter1</companyName><jobIdentifier>0</jobIdentifier><jobOrigin>Lisboa</jobOrigin><jobDestination>Coimbra</jobDestination><jobPrice>5</jobPrice><jobState>HEADING</jobState></return></ns2:jobStatusResponse></S:Body></S:Envelope>
Outbound SOAP message:
<S:Envelope xmlns:S="http://schemas.xmlsoap.org/soap/envelope/" xmlns:SOAP-ENV="http://schemas.xmlsoap.org/soap/envelope/"><SOAP-ENV:Header/><S:Body><ns2:jobStatus xmlns:ns2="http://ws.transporter.upa.pt/"><id>0</id></ns2:jobStatus></S:Body></S:Envelope>
AddHeaderHandler: Handling message.
Text:
[S:Body: null]
Bytes:
5B533A426F64793A206E756C6C5D
Signing ...
Caught exception in handleMessage: java.lang.NullPointerException
Continue normal processing...
AddHeaderHandler: Handling message.
Text:
[S:Body: null]
Bytes:
5B533A426F64793A206E756C6C5D
got 'UpaTransporter1'
Contacting UDDI at http://localhost:9090
Looking for 'Ca'
Found http://localhost:8090/ca-ws/endpoint
Creating stub ...
Setting endpoint address ...
[
[
  Version: V1
  Subject: CN=DistributedSystems, OU=DEI, O=IST, L=Lisbon, ST=Lisbon, C=PT
  Signature Algorithm: SHA256withRSA, OID = 1.2.840.113549.1.1.11

  Key:  Sun RSA public key, 2048 bits
  modulus: 26667733344901105960569751727828569487214718708670945411188295642815606009560465347954545110592222944090982918465809468419238097364240524173209724878583398722100079734240131613765957603945675438531277654589865657668875533447087897042522082820053362269921081494634218619103722283987100002127744495735659330377296158667180517233635226043251542377330609155607362306352555072875158429670985653207961321353434474546723452521700302196843309492385382168858877968545394718449793701241526884292374101949696866959127615458759504166010855854580719538864213377660845095685904776645547354617687492052899918169806504259680521841033
  public exponent: 65537
  Validity: [From: Thu May 12 17:06:51 WEST 2016,
               To: Wed Aug 10 17:06:51 WEST 2016]
  Issuer: C=PT, L=Lisbon, O=IST, OU=DEI, CN=DistributedSystems
  SerialNumber: [    e012b535 b8ce9382]

]
  Algorithm: [SHA256withRSA]
  Signature:
0000: 26 0A 45 7B D7 52 8A 8F   BE 4A 66 D8 54 FC 68 C3  &.E..R...Jf.T.h.
0010: 07 08 D8 44 DB D3 C7 BB   DF C4 0D 18 28 67 D4 30  ...D........(g.0
0020: 15 3D 66 17 A9 74 76 FA   56 61 99 2F 46 EE 96 DF  .=f..tv.Va./F...
0030: 92 9C 25 F4 7B D3 39 73   40 C1 8C B4 3A EF A5 23  ..%...9s@...:..#
0040: 95 06 4F 35 39 79 13 AF   44 7A 82 C4 E5 E8 E9 7E  ..O59y..Dz......
0050: C7 A5 C8 A5 C4 BB ED 1A   FA EF C1 B2 80 1F 7F A8  ................
0060: 1E 67 EE 56 2D 28 B8 55   1C 80 E9 2B 0E 59 12 B2  .g.V-(.U...+.Y..
0070: 35 B6 86 94 01 F9 F0 BF   61 5F BB 14 74 1B 12 C7  5.......a_..t...
0080: 81 90 F4 53 6B A9 C1 C8   D3 2F 83 09 D4 1F B0 76  ...Sk..../.....v
0090: B6 4A 83 1F DD F0 36 BD   FC F0 E8 D3 60 E9 88 74  .J....6.....`..t
00A0: D6 0D F4 92 ED A0 27 B1   B0 8E 0F E0 B8 04 6B F9  ......'.......k.
00B0: D5 FF E2 7E A2 E7 08 E1   08 9D 2D 17 14 A9 B8 44  ..........-....D
00C0: 33 63 DB 1C 96 0A D4 46   0F FF 5D 88 86 36 B6 A8  3c.....F..]..6..
00D0: 0A F2 97 30 17 3B B1 DB   4F AE DF 35 08 8E 82 58  ...0.;..O..5...X
00E0: 42 5B E2 F8 4D CE BB E9   D7 07 1F C3 00 5C C4 78  B[..M........\.x
00F0: AA 02 86 4D CF D2 66 FE   47 80 7C CB E6 0C DD 2F  ...M..f.G....../

]
Caught exception in handleMessage: java.lang.NullPointerException
Continue normal processing...
Inbound SOAP message:
<S:Envelope xmlns:S="http://schemas.xmlsoap.org/soap/envelope/" xmlns:SOAP-ENV="http://schemas.xmlsoap.org/soap/envelope/"><SOAP-ENV:Header><d:myHeader xmlns:d="http://demo">IEGRPc962kg+hlwcSZ2tSpA/WIcuXLqc0Dt7tLnzsnmUSvYpBqSIurGK1XLkdJJnolwU1ulBn8cRy8yeKQudj1ii32rLCNrXQGPfqq0SKVsY+8CYkqoYxnYwDqFYEl0EezEFgQSz7OjxY4aVj1euEZYHz++LcOLfwQiDMwW4lieRNRRjFR5PLHA2WUnZyRq5RqCjD8YuH+rStV8GhqlQV7OeWUsmNARh5MVGHtH+58I6kOZsLVMToLR62YfvGebEvxrvRQNGPFfQjNAB+4jGiqSE5ChIZqqakMhQeCu9sKG4WDyxqy7SEGSFyTBa5vBwBnxlytVku0XJXTwN2vsbag==</d:myHeader><e:myRequestHeader xmlns:e="urn:example">UpaTransporter1</e:myRequestHeader><e:myID xmlns:e="http://demo">c6711882-d078-42c4-901b-a97b28a470bf</e:myID><d:myHeader1 xmlns:d="http://demo">nc97tq5Li6wba+O/7IC50xQsAImpAjJouXZvL7pNR2xaRlaT1CvdiOivxx46GrGTOPpKjnxNEPtVIY+wPHnjqGo1gKuAlb3b5kPRuzrTvhHKvOVq7/9uww6uqLkTaiPLBRRtle3odeZmkIOvGGbMc5TTV6aBqb9FQLuQNlVSPiiALGyV7awOBHkbUguHQag6jEqUz65K8uIl7X4B67TCxTHjtpPQ6z9bQv/1hYNtoenYl9kgX5kckSQHMCkqB+WcfeeZR4F24+GCidD9LN7H2UfJwrB9k8MGbo3vngMT/UEyvJtNbbtwP1upvv8PMta1MNNxSvPShM0ePCJHdUF3fA==</d:myHeader1></SOAP-ENV:Header><S:Body><ns2:jobStatusResponse xmlns:ns2="http://ws.transporter.upa.pt/"><return><companyName>UpaTransporter1</companyName><jobIdentifier>0</jobIdentifier><jobOrigin>Lisboa</jobOrigin><jobDestination>Coimbra</jobDestination><jobPrice>5</jobPrice><jobState>HEADING</jobState></return></ns2:jobStatusResponse></S:Body></S:Envelope>
Outbound SOAP message:
<S:Envelope xmlns:S="http://schemas.xmlsoap.org/soap/envelope/" xmlns:SOAP-ENV="http://schemas.xmlsoap.org/soap/envelope/"><SOAP-ENV:Header/><S:Body><ns2:jobStatus xmlns:ns2="http://ws.transporter.upa.pt/"><id>0</id></ns2:jobStatus></S:Body></S:Envelope>
AddHeaderHandler: Handling message.
Text:
[S:Body: null]
Bytes:
5B533A426F64793A206E756C6C5D
Signing ...
Caught exception in handleMessage: java.lang.NullPointerException
Continue normal processing...
AddHeaderHandler: Handling message.
Text:
[S:Body: null]
Bytes:
5B533A426F64793A206E756C6C5D
got 'UpaTransporter1'
Contacting UDDI at http://localhost:9090
Looking for 'Ca'
Found http://localhost:8090/ca-ws/endpoint
Creating stub ...
Setting endpoint address ...
[
[
  Version: V1
  Subject: CN=DistributedSystems, OU=DEI, O=IST, L=Lisbon, ST=Lisbon, C=PT
  Signature Algorithm: SHA256withRSA, OID = 1.2.840.113549.1.1.11

  Key:  Sun RSA public key, 2048 bits
  modulus: 26667733344901105960569751727828569487214718708670945411188295642815606009560465347954545110592222944090982918465809468419238097364240524173209724878583398722100079734240131613765957603945675438531277654589865657668875533447087897042522082820053362269921081494634218619103722283987100002127744495735659330377296158667180517233635226043251542377330609155607362306352555072875158429670985653207961321353434474546723452521700302196843309492385382168858877968545394718449793701241526884292374101949696866959127615458759504166010855854580719538864213377660845095685904776645547354617687492052899918169806504259680521841033
  public exponent: 65537
  Validity: [From: Thu May 12 17:06:51 WEST 2016,
               To: Wed Aug 10 17:06:51 WEST 2016]
  Issuer: C=PT, L=Lisbon, O=IST, OU=DEI, CN=DistributedSystems
  SerialNumber: [    e012b535 b8ce9382]

]
  Algorithm: [SHA256withRSA]
  Signature:
0000: 26 0A 45 7B D7 52 8A 8F   BE 4A 66 D8 54 FC 68 C3  &.E..R...Jf.T.h.
0010: 07 08 D8 44 DB D3 C7 BB   DF C4 0D 18 28 67 D4 30  ...D........(g.0
0020: 15 3D 66 17 A9 74 76 FA   56 61 99 2F 46 EE 96 DF  .=f..tv.Va./F...
0030: 92 9C 25 F4 7B D3 39 73   40 C1 8C B4 3A EF A5 23  ..%...9s@...:..#
0040: 95 06 4F 35 39 79 13 AF   44 7A 82 C4 E5 E8 E9 7E  ..O59y..Dz......
0050: C7 A5 C8 A5 C4 BB ED 1A   FA EF C1 B2 80 1F 7F A8  ................
0060: 1E 67 EE 56 2D 28 B8 55   1C 80 E9 2B 0E 59 12 B2  .g.V-(.U...+.Y..
0070: 35 B6 86 94 01 F9 F0 BF   61 5F BB 14 74 1B 12 C7  5.......a_..t...
0080: 81 90 F4 53 6B A9 C1 C8   D3 2F 83 09 D4 1F B0 76  ...Sk..../.....v
0090: B6 4A 83 1F DD F0 36 BD   FC F0 E8 D3 60 E9 88 74  .J....6.....`..t
00A0: D6 0D F4 92 ED A0 27 B1   B0 8E 0F E0 B8 04 6B F9  ......'.......k.
00B0: D5 FF E2 7E A2 E7 08 E1   08 9D 2D 17 14 A9 B8 44  ..........-....D
00C0: 33 63 DB 1C 96 0A D4 46   0F FF 5D 88 86 36 B6 A8  3c.....F..]..6..
00D0: 0A F2 97 30 17 3B B1 DB   4F AE DF 35 08 8E 82 58  ...0.;..O..5...X
00E0: 42 5B E2 F8 4D CE BB E9   D7 07 1F C3 00 5C C4 78  B[..M........\.x
00F0: AA 02 86 4D CF D2 66 FE   47 80 7C CB E6 0C DD 2F  ...M..f.G....../

]
Caught exception in handleMessage: java.lang.NullPointerException
Continue normal processing...
Inbound SOAP message:
<S:Envelope xmlns:S="http://schemas.xmlsoap.org/soap/envelope/" xmlns:SOAP-ENV="http://schemas.xmlsoap.org/soap/envelope/"><SOAP-ENV:Header><d:myHeader xmlns:d="http://demo">IEGRPc962kg+hlwcSZ2tSpA/WIcuXLqc0Dt7tLnzsnmUSvYpBqSIurGK1XLkdJJnolwU1ulBn8cRy8yeKQudj1ii32rLCNrXQGPfqq0SKVsY+8CYkqoYxnYwDqFYEl0EezEFgQSz7OjxY4aVj1euEZYHz++LcOLfwQiDMwW4lieRNRRjFR5PLHA2WUnZyRq5RqCjD8YuH+rStV8GhqlQV7OeWUsmNARh5MVGHtH+58I6kOZsLVMToLR62YfvGebEvxrvRQNGPFfQjNAB+4jGiqSE5ChIZqqakMhQeCu9sKG4WDyxqy7SEGSFyTBa5vBwBnxlytVku0XJXTwN2vsbag==</d:myHeader><e:myRequestHeader xmlns:e="urn:example">UpaTransporter1</e:myRequestHeader><e:myID xmlns:e="http://demo">4855df6f-4479-49b8-b4d0-cb13c286e097</e:myID><d:myHeader1 xmlns:d="http://demo">q8Ol0R0u5yl2O6uvb2nB40VrhczxFm4mJqGTEXqikwrsLUqB+XLKIqKioxKxbt2JDQxXPDFnbPlEeL9oeNllz7Zh4nh/E1fpfyTt7XEVWiLN8ctYbcrTPJZiGmjHcxk4b0zhT4onJZI3/YpMpaEO5+jYOKQOAfg+okA0y2LR/pL53bSGqWZ3/wNm2zZRAzQcQVGbSPc/SaVi8Upd6mis5tRJNfj3w40BFZ/XikfKzPvAGSb0MMopqoaQt2HXaIlFT0sSU+D47LwLX4cTf9X2SvQkL3+LfJnbsyt2k+agdxS+WtQgkRuTv7D1ryPO9EUkml+uMBOxC+KpxK/SD919lg==</d:myHeader1></SOAP-ENV:Header><S:Body><ns2:jobStatusResponse xmlns:ns2="http://ws.transporter.upa.pt/"><return><companyName>UpaTransporter1</companyName><jobIdentifier>0</jobIdentifier><jobOrigin>Lisboa</jobOrigin><jobDestination>Coimbra</jobDestination><jobPrice>5</jobPrice><jobState>HEADING</jobState></return></ns2:jobStatusResponse></S:Body></S:Envelope>
Outbound SOAP message:
<S:Envelope xmlns:S="http://schemas.xmlsoap.org/soap/envelope/" xmlns:SOAP-ENV="http://schemas.xmlsoap.org/soap/envelope/"><SOAP-ENV:Header/><S:Body><ns2:jobStatus xmlns:ns2="http://ws.transporter.upa.pt/"><id>0</id></ns2:jobStatus></S:Body></S:Envelope>
AddHeaderHandler: Handling message.
Text:
[S:Body: null]
Bytes:
5B533A426F64793A206E756C6C5D
Signing ...
Caught exception in handleMessage: java.lang.NullPointerException
Continue normal processing...
AddHeaderHandler: Handling message.
Text:
[S:Body: null]
Bytes:
5B533A426F64793A206E756C6C5D
got 'UpaTransporter1'
Contacting UDDI at http://localhost:9090
Looking for 'Ca'
Found http://localhost:8090/ca-ws/endpoint
Creating stub ...
Setting endpoint address ...
[
[
  Version: V1
  Subject: CN=DistributedSystems, OU=DEI, O=IST, L=Lisbon, ST=Lisbon, C=PT
  Signature Algorithm: SHA256withRSA, OID = 1.2.840.113549.1.1.11

  Key:  Sun RSA public key, 2048 bits
  modulus: 26667733344901105960569751727828569487214718708670945411188295642815606009560465347954545110592222944090982918465809468419238097364240524173209724878583398722100079734240131613765957603945675438531277654589865657668875533447087897042522082820053362269921081494634218619103722283987100002127744495735659330377296158667180517233635226043251542377330609155607362306352555072875158429670985653207961321353434474546723452521700302196843309492385382168858877968545394718449793701241526884292374101949696866959127615458759504166010855854580719538864213377660845095685904776645547354617687492052899918169806504259680521841033
  public exponent: 65537
  Validity: [From: Thu May 12 17:06:51 WEST 2016,
               To: Wed Aug 10 17:06:51 WEST 2016]
  Issuer: C=PT, L=Lisbon, O=IST, OU=DEI, CN=DistributedSystems
  SerialNumber: [    e012b535 b8ce9382]

]
  Algorithm: [SHA256withRSA]
  Signature:
0000: 26 0A 45 7B D7 52 8A 8F   BE 4A 66 D8 54 FC 68 C3  &.E..R...Jf.T.h.
0010: 07 08 D8 44 DB D3 C7 BB   DF C4 0D 18 28 67 D4 30  ...D........(g.0
0020: 15 3D 66 17 A9 74 76 FA   56 61 99 2F 46 EE 96 DF  .=f..tv.Va./F...
0030: 92 9C 25 F4 7B D3 39 73   40 C1 8C B4 3A EF A5 23  ..%...9s@...:..#
0040: 95 06 4F 35 39 79 13 AF   44 7A 82 C4 E5 E8 E9 7E  ..O59y..Dz......
0050: C7 A5 C8 A5 C4 BB ED 1A   FA EF C1 B2 80 1F 7F A8  ................
0060: 1E 67 EE 56 2D 28 B8 55   1C 80 E9 2B 0E 59 12 B2  .g.V-(.U...+.Y..
0070: 35 B6 86 94 01 F9 F0 BF   61 5F BB 14 74 1B 12 C7  5.......a_..t...
0080: 81 90 F4 53 6B A9 C1 C8   D3 2F 83 09 D4 1F B0 76  ...Sk..../.....v
0090: B6 4A 83 1F DD F0 36 BD   FC F0 E8 D3 60 E9 88 74  .J....6.....`..t
00A0: D6 0D F4 92 ED A0 27 B1   B0 8E 0F E0 B8 04 6B F9  ......'.......k.
00B0: D5 FF E2 7E A2 E7 08 E1   08 9D 2D 17 14 A9 B8 44  ..........-....D
00C0: 33 63 DB 1C 96 0A D4 46   0F FF 5D 88 86 36 B6 A8  3c.....F..]..6..
00D0: 0A F2 97 30 17 3B B1 DB   4F AE DF 35 08 8E 82 58  ...0.;..O..5...X
00E0: 42 5B E2 F8 4D CE BB E9   D7 07 1F C3 00 5C C4 78  B[..M........\.x
00F0: AA 02 86 4D CF D2 66 FE   47 80 7C CB E6 0C DD 2F  ...M..f.G....../

]
Caught exception in handleMessage: java.lang.NullPointerException
Continue normal processing...
Inbound SOAP message:
<S:Envelope xmlns:S="http://schemas.xmlsoap.org/soap/envelope/" xmlns:SOAP-ENV="http://schemas.xmlsoap.org/soap/envelope/"><SOAP-ENV:Header><d:myHeader xmlns:d="http://demo">IEGRPc962kg+hlwcSZ2tSpA/WIcuXLqc0Dt7tLnzsnmUSvYpBqSIurGK1XLkdJJnolwU1ulBn8cRy8yeKQudj1ii32rLCNrXQGPfqq0SKVsY+8CYkqoYxnYwDqFYEl0EezEFgQSz7OjxY4aVj1euEZYHz++LcOLfwQiDMwW4lieRNRRjFR5PLHA2WUnZyRq5RqCjD8YuH+rStV8GhqlQV7OeWUsmNARh5MVGHtH+58I6kOZsLVMToLR62YfvGebEvxrvRQNGPFfQjNAB+4jGiqSE5ChIZqqakMhQeCu9sKG4WDyxqy7SEGSFyTBa5vBwBnxlytVku0XJXTwN2vsbag==</d:myHeader><e:myRequestHeader xmlns:e="urn:example">UpaTransporter1</e:myRequestHeader><e:myID xmlns:e="http://demo">0fc45602-acc6-41f6-9555-8f1bfd319461</e:myID><d:myHeader1 xmlns:d="http://demo">Veoj3il4ETyhlU1FIY/EUr4T2W/cJz07L6VuYdumgHrElD7qyJH0MQABe7HT+AsaECg5XoFUMcIVav2QtA5FJMro15iPhwS4Ko3glGYMRCwImYQRJeTvkRQgZLzYEC/tcb0vBtkWPPPSw03tDEIaKrq/zpd9CoLSfLAJgNjrYo+3YvBB30AYEsjXURc7NdZQz6DRU8woHB5Z9YHOz2xGOBYUGN0I35QEpK4wL7XLadDkGVHbsoimtFKMbaWPuJmzkcj2TblleNZ/D4TziUP8kIh5QyEsB3E3kWonIrl1AKUO6T/XYqzhD4k+zXZKYT0u1ZkFHVt0bMIRM1OpReyDfQ==</d:myHeader1></SOAP-ENV:Header><S:Body><ns2:jobStatusResponse xmlns:ns2="http://ws.transporter.upa.pt/"><return><companyName>UpaTransporter1</companyName><jobIdentifier>0</jobIdentifier><jobOrigin>Lisboa</jobOrigin><jobDestination>Coimbra</jobDestination><jobPrice>5</jobPrice><jobState>HEADING</jobState></return></ns2:jobStatusResponse></S:Body></S:Envelope>
Outbound SOAP message:
<S:Envelope xmlns:S="http://schemas.xmlsoap.org/soap/envelope/" xmlns:SOAP-ENV="http://schemas.xmlsoap.org/soap/envelope/"><SOAP-ENV:Header/><S:Body><ns2:jobStatus xmlns:ns2="http://ws.transporter.upa.pt/"><id>0</id></ns2:jobStatus></S:Body></S:Envelope>
AddHeaderHandler: Handling message.
Text:
[S:Body: null]
Bytes:
5B533A426F64793A206E756C6C5D
Signing ...
Caught exception in handleMessage: java.lang.NullPointerException
Continue normal processing...
AddHeaderHandler: Handling message.
Text:
[S:Body: null]
Bytes:
5B533A426F64793A206E756C6C5D
got 'UpaTransporter1'
Contacting UDDI at http://localhost:9090
Looking for 'Ca'
Found http://localhost:8090/ca-ws/endpoint
Creating stub ...
Setting endpoint address ...
[
[
  Version: V1
  Subject: CN=DistributedSystems, OU=DEI, O=IST, L=Lisbon, ST=Lisbon, C=PT
  Signature Algorithm: SHA256withRSA, OID = 1.2.840.113549.1.1.11

  Key:  Sun RSA public key, 2048 bits
  modulus: 26667733344901105960569751727828569487214718708670945411188295642815606009560465347954545110592222944090982918465809468419238097364240524173209724878583398722100079734240131613765957603945675438531277654589865657668875533447087897042522082820053362269921081494634218619103722283987100002127744495735659330377296158667180517233635226043251542377330609155607362306352555072875158429670985653207961321353434474546723452521700302196843309492385382168858877968545394718449793701241526884292374101949696866959127615458759504166010855854580719538864213377660845095685904776645547354617687492052899918169806504259680521841033
  public exponent: 65537
  Validity: [From: Thu May 12 17:06:51 WEST 2016,
               To: Wed Aug 10 17:06:51 WEST 2016]
  Issuer: C=PT, L=Lisbon, O=IST, OU=DEI, CN=DistributedSystems
  SerialNumber: [    e012b535 b8ce9382]

]
  Algorithm: [SHA256withRSA]
  Signature:
0000: 26 0A 45 7B D7 52 8A 8F   BE 4A 66 D8 54 FC 68 C3  &.E..R...Jf.T.h.
0010: 07 08 D8 44 DB D3 C7 BB   DF C4 0D 18 28 67 D4 30  ...D........(g.0
0020: 15 3D 66 17 A9 74 76 FA   56 61 99 2F 46 EE 96 DF  .=f..tv.Va./F...
0030: 92 9C 25 F4 7B D3 39 73   40 C1 8C B4 3A EF A5 23  ..%...9s@...:..#
0040: 95 06 4F 35 39 79 13 AF   44 7A 82 C4 E5 E8 E9 7E  ..O59y..Dz......
0050: C7 A5 C8 A5 C4 BB ED 1A   FA EF C1 B2 80 1F 7F A8  ................
0060: 1E 67 EE 56 2D 28 B8 55   1C 80 E9 2B 0E 59 12 B2  .g.V-(.U...+.Y..
0070: 35 B6 86 94 01 F9 F0 BF   61 5F BB 14 74 1B 12 C7  5.......a_..t...
0080: 81 90 F4 53 6B A9 C1 C8   D3 2F 83 09 D4 1F B0 76  ...Sk..../.....v
0090: B6 4A 83 1F DD F0 36 BD   FC F0 E8 D3 60 E9 88 74  .J....6.....`..t
00A0: D6 0D F4 92 ED A0 27 B1   B0 8E 0F E0 B8 04 6B F9  ......'.......k.
00B0: D5 FF E2 7E A2 E7 08 E1   08 9D 2D 17 14 A9 B8 44  ..........-....D
00C0: 33 63 DB 1C 96 0A D4 46   0F FF 5D 88 86 36 B6 A8  3c.....F..]..6..
00D0: 0A F2 97 30 17 3B B1 DB   4F AE DF 35 08 8E 82 58  ...0.;..O..5...X
00E0: 42 5B E2 F8 4D CE BB E9   D7 07 1F C3 00 5C C4 78  B[..M........\.x
00F0: AA 02 86 4D CF D2 66 FE   47 80 7C CB E6 0C DD 2F  ...M..f.G....../

]
Caught exception in handleMessage: java.lang.NullPointerException
Continue normal processing...
Inbound SOAP message:
<S:Envelope xmlns:S="http://schemas.xmlsoap.org/soap/envelope/" xmlns:SOAP-ENV="http://schemas.xmlsoap.org/soap/envelope/"><SOAP-ENV:Header><d:myHeader xmlns:d="http://demo">IEGRPc962kg+hlwcSZ2tSpA/WIcuXLqc0Dt7tLnzsnmUSvYpBqSIurGK1XLkdJJnolwU1ulBn8cRy8yeKQudj1ii32rLCNrXQGPfqq0SKVsY+8CYkqoYxnYwDqFYEl0EezEFgQSz7OjxY4aVj1euEZYHz++LcOLfwQiDMwW4lieRNRRjFR5PLHA2WUnZyRq5RqCjD8YuH+rStV8GhqlQV7OeWUsmNARh5MVGHtH+58I6kOZsLVMToLR62YfvGebEvxrvRQNGPFfQjNAB+4jGiqSE5ChIZqqakMhQeCu9sKG4WDyxqy7SEGSFyTBa5vBwBnxlytVku0XJXTwN2vsbag==</d:myHeader><e:myRequestHeader xmlns:e="urn:example">UpaTransporter1</e:myRequestHeader><e:myID xmlns:e="http://demo">8190c60d-6a1b-4354-825f-cd96217e9ee2</e:myID><d:myHeader1 xmlns:d="http://demo">kPzauDp6uEEwORzDDdf6Gg6BtJMjd83E1ic122/pMzJt2mVzjwRjHGVG9cSWFpuA+0dEGR5EvL1eiUK8r/WrDL/suSKgWRF1fEK8OQJfjOeFkXzz3yO9fm/yFyVXlxl96Y2GT7HllmV8VzreY8aZvL/eajnQiCwWx/TDO70SvuE+mYTHgRHDwpZE+xYm7JMo6Kf2PA9/tHjHB8YnY3bwUaf6UtndkloXZ7+N/RW85iDGsr6r/H5zd2gRntsL4E/cxFebSLxuYTFTVw5s46MguQ9fkVx9p3piWO97jxTPEf9TtSDYJvjCQIBaFTUZP7ZYslmXGL3r2zjrxs8ld+K/Ew==</d:myHeader1></SOAP-ENV:Header><S:Body><ns2:jobStatusResponse xmlns:ns2="http://ws.transporter.upa.pt/"><return><companyName>UpaTransporter1</companyName><jobIdentifier>0</jobIdentifier><jobOrigin>Lisboa</jobOrigin><jobDestination>Coimbra</jobDestination><jobPrice>5</jobPrice><jobState>HEADING</jobState></return></ns2:jobStatusResponse></S:Body></S:Envelope>
Outbound SOAP message:
<S:Envelope xmlns:S="http://schemas.xmlsoap.org/soap/envelope/" xmlns:SOAP-ENV="http://schemas.xmlsoap.org/soap/envelope/"><SOAP-ENV:Header/><S:Body><ns2:jobStatus xmlns:ns2="http://ws.transporter.upa.pt/"><id>0</id></ns2:jobStatus></S:Body></S:Envelope>
AddHeaderHandler: Handling message.
Text:
[S:Body: null]
Bytes:
5B533A426F64793A206E756C6C5D
Signing ...
Caught exception in handleMessage: java.lang.NullPointerException
Continue normal processing...
AddHeaderHandler: Handling message.
Text:
[S:Body: null]
Bytes:
5B533A426F64793A206E756C6C5D
got 'UpaTransporter1'
Contacting UDDI at http://localhost:9090
Looking for 'Ca'
Found http://localhost:8090/ca-ws/endpoint
Creating stub ...
Setting endpoint address ...
[
[
  Version: V1
  Subject: CN=DistributedSystems, OU=DEI, O=IST, L=Lisbon, ST=Lisbon, C=PT
  Signature Algorithm: SHA256withRSA, OID = 1.2.840.113549.1.1.11

  Key:  Sun RSA public key, 2048 bits
  modulus: 26667733344901105960569751727828569487214718708670945411188295642815606009560465347954545110592222944090982918465809468419238097364240524173209724878583398722100079734240131613765957603945675438531277654589865657668875533447087897042522082820053362269921081494634218619103722283987100002127744495735659330377296158667180517233635226043251542377330609155607362306352555072875158429670985653207961321353434474546723452521700302196843309492385382168858877968545394718449793701241526884292374101949696866959127615458759504166010855854580719538864213377660845095685904776645547354617687492052899918169806504259680521841033
  public exponent: 65537
  Validity: [From: Thu May 12 17:06:51 WEST 2016,
               To: Wed Aug 10 17:06:51 WEST 2016]
  Issuer: C=PT, L=Lisbon, O=IST, OU=DEI, CN=DistributedSystems
  SerialNumber: [    e012b535 b8ce9382]

]
  Algorithm: [SHA256withRSA]
  Signature:
0000: 26 0A 45 7B D7 52 8A 8F   BE 4A 66 D8 54 FC 68 C3  &.E..R...Jf.T.h.
0010: 07 08 D8 44 DB D3 C7 BB   DF C4 0D 18 28 67 D4 30  ...D........(g.0
0020: 15 3D 66 17 A9 74 76 FA   56 61 99 2F 46 EE 96 DF  .=f..tv.Va./F...
0030: 92 9C 25 F4 7B D3 39 73   40 C1 8C B4 3A EF A5 23  ..%...9s@...:..#
0040: 95 06 4F 35 39 79 13 AF   44 7A 82 C4 E5 E8 E9 7E  ..O59y..Dz......
0050: C7 A5 C8 A5 C4 BB ED 1A   FA EF C1 B2 80 1F 7F A8  ................
0060: 1E 67 EE 56 2D 28 B8 55   1C 80 E9 2B 0E 59 12 B2  .g.V-(.U...+.Y..
0070: 35 B6 86 94 01 F9 F0 BF   61 5F BB 14 74 1B 12 C7  5.......a_..t...
0080: 81 90 F4 53 6B A9 C1 C8   D3 2F 83 09 D4 1F B0 76  ...Sk..../.....v
0090: B6 4A 83 1F DD F0 36 BD   FC F0 E8 D3 60 E9 88 74  .J....6.....`..t
00A0: D6 0D F4 92 ED A0 27 B1   B0 8E 0F E0 B8 04 6B F9  ......'.......k.
00B0: D5 FF E2 7E A2 E7 08 E1   08 9D 2D 17 14 A9 B8 44  ..........-....D
00C0: 33 63 DB 1C 96 0A D4 46   0F FF 5D 88 86 36 B6 A8  3c.....F..]..6..
00D0: 0A F2 97 30 17 3B B1 DB   4F AE DF 35 08 8E 82 58  ...0.;..O..5...X
00E0: 42 5B E2 F8 4D CE BB E9   D7 07 1F C3 00 5C C4 78  B[..M........\.x
00F0: AA 02 86 4D CF D2 66 FE   47 80 7C CB E6 0C DD 2F  ...M..f.G....../

]
Caught exception in handleMessage: java.lang.NullPointerException
Continue normal processing...
Inbound SOAP message:
<S:Envelope xmlns:S="http://schemas.xmlsoap.org/soap/envelope/" xmlns:SOAP-ENV="http://schemas.xmlsoap.org/soap/envelope/"><SOAP-ENV:Header><d:myHeader xmlns:d="http://demo">IEGRPc962kg+hlwcSZ2tSpA/WIcuXLqc0Dt7tLnzsnmUSvYpBqSIurGK1XLkdJJnolwU1ulBn8cRy8yeKQudj1ii32rLCNrXQGPfqq0SKVsY+8CYkqoYxnYwDqFYEl0EezEFgQSz7OjxY4aVj1euEZYHz++LcOLfwQiDMwW4lieRNRRjFR5PLHA2WUnZyRq5RqCjD8YuH+rStV8GhqlQV7OeWUsmNARh5MVGHtH+58I6kOZsLVMToLR62YfvGebEvxrvRQNGPFfQjNAB+4jGiqSE5ChIZqqakMhQeCu9sKG4WDyxqy7SEGSFyTBa5vBwBnxlytVku0XJXTwN2vsbag==</d:myHeader><e:myRequestHeader xmlns:e="urn:example">UpaTransporter1</e:myRequestHeader><e:myID xmlns:e="http://demo">58ef04b0-1a33-4bfe-96ef-993d0587c8e5</e:myID><d:myHeader1 xmlns:d="http://demo">wD+N8EN5KP30jQ9dZ8YgLCv0OCOo031kuTecO1ZVcsizO8rPaXZJHam7mYJpGVZD8UmHEzovUdgg408SibAp8oRyYn3MfDNn6OioeGSEiT3XH18UU0zFtpMd6nrMdzTBN0Kke0ezonycdQHWnrfu05+wGKHBAEGH8iqQ+h8hTidu+e/EJjEzZ6LjRSgaw7ICWl0JkV3m3o5Spy7FMFn3butKobZQNZYDAJvE/3JOvy0otNHqaCps34NIObBSSFBje3larpFEK9FaWc+KXSAT+Z/IztsUdhl9kH1Cx7e3qCapTej8JaAJ/8y0MH/a3uJLG5w2Tt1bo/iRkrjTCNHuTA==</d:myHeader1></SOAP-ENV:Header><S:Body><ns2:jobStatusResponse xmlns:ns2="http://ws.transporter.upa.pt/"><return><companyName>UpaTransporter1</companyName><jobIdentifier>0</jobIdentifier><jobOrigin>Lisboa</jobOrigin><jobDestination>Coimbra</jobDestination><jobPrice>5</jobPrice><jobState>HEADING</jobState></return></ns2:jobStatusResponse></S:Body></S:Envelope>
Outbound SOAP message:
<S:Envelope xmlns:S="http://schemas.xmlsoap.org/soap/envelope/" xmlns:SOAP-ENV="http://schemas.xmlsoap.org/soap/envelope/"><SOAP-ENV:Header/><S:Body><ns2:jobStatus xmlns:ns2="http://ws.transporter.upa.pt/"><id>0</id></ns2:jobStatus></S:Body></S:Envelope>
AddHeaderHandler: Handling message.
Text:
[S:Body: null]
Bytes:
5B533A426F64793A206E756C6C5D
Signing ...
Caught exception in handleMessage: java.lang.NullPointerException
Continue normal processing...
AddHeaderHandler: Handling message.
Text:
[S:Body: null]
Bytes:
5B533A426F64793A206E756C6C5D
got 'UpaTransporter1'
Contacting UDDI at http://localhost:9090
Looking for 'Ca'
Found http://localhost:8090/ca-ws/endpoint
Creating stub ...
Setting endpoint address ...
[
[
  Version: V1
  Subject: CN=DistributedSystems, OU=DEI, O=IST, L=Lisbon, ST=Lisbon, C=PT
  Signature Algorithm: SHA256withRSA, OID = 1.2.840.113549.1.1.11

  Key:  Sun RSA public key, 2048 bits
  modulus: 26667733344901105960569751727828569487214718708670945411188295642815606009560465347954545110592222944090982918465809468419238097364240524173209724878583398722100079734240131613765957603945675438531277654589865657668875533447087897042522082820053362269921081494634218619103722283987100002127744495735659330377296158667180517233635226043251542377330609155607362306352555072875158429670985653207961321353434474546723452521700302196843309492385382168858877968545394718449793701241526884292374101949696866959127615458759504166010855854580719538864213377660845095685904776645547354617687492052899918169806504259680521841033
  public exponent: 65537
  Validity: [From: Thu May 12 17:06:51 WEST 2016,
               To: Wed Aug 10 17:06:51 WEST 2016]
  Issuer: C=PT, L=Lisbon, O=IST, OU=DEI, CN=DistributedSystems
  SerialNumber: [    e012b535 b8ce9382]

]
  Algorithm: [SHA256withRSA]
  Signature:
0000: 26 0A 45 7B D7 52 8A 8F   BE 4A 66 D8 54 FC 68 C3  &.E..R...Jf.T.h.
0010: 07 08 D8 44 DB D3 C7 BB   DF C4 0D 18 28 67 D4 30  ...D........(g.0
0020: 15 3D 66 17 A9 74 76 FA   56 61 99 2F 46 EE 96 DF  .=f..tv.Va./F...
0030: 92 9C 25 F4 7B D3 39 73   40 C1 8C B4 3A EF A5 23  ..%...9s@...:..#
0040: 95 06 4F 35 39 79 13 AF   44 7A 82 C4 E5 E8 E9 7E  ..O59y..Dz......
0050: C7 A5 C8 A5 C4 BB ED 1A   FA EF C1 B2 80 1F 7F A8  ................
0060: 1E 67 EE 56 2D 28 B8 55   1C 80 E9 2B 0E 59 12 B2  .g.V-(.U...+.Y..
0070: 35 B6 86 94 01 F9 F0 BF   61 5F BB 14 74 1B 12 C7  5.......a_..t...
0080: 81 90 F4 53 6B A9 C1 C8   D3 2F 83 09 D4 1F B0 76  ...Sk..../.....v
0090: B6 4A 83 1F DD F0 36 BD   FC F0 E8 D3 60 E9 88 74  .J....6.....`..t
00A0: D6 0D F4 92 ED A0 27 B1   B0 8E 0F E0 B8 04 6B F9  ......'.......k.
00B0: D5 FF E2 7E A2 E7 08 E1   08 9D 2D 17 14 A9 B8 44  ..........-....D
00C0: 33 63 DB 1C 96 0A D4 46   0F FF 5D 88 86 36 B6 A8  3c.....F..]..6..
00D0: 0A F2 97 30 17 3B B1 DB   4F AE DF 35 08 8E 82 58  ...0.;..O..5...X
00E0: 42 5B E2 F8 4D CE BB E9   D7 07 1F C3 00 5C C4 78  B[..M........\.x
00F0: AA 02 86 4D CF D2 66 FE   47 80 7C CB E6 0C DD 2F  ...M..f.G....../

]
Caught exception in handleMessage: java.lang.NullPointerException
Continue normal processing...
Inbound SOAP message:
<S:Envelope xmlns:S="http://schemas.xmlsoap.org/soap/envelope/" xmlns:SOAP-ENV="http://schemas.xmlsoap.org/soap/envelope/"><SOAP-ENV:Header><d:myHeader xmlns:d="http://demo">IEGRPc962kg+hlwcSZ2tSpA/WIcuXLqc0Dt7tLnzsnmUSvYpBqSIurGK1XLkdJJnolwU1ulBn8cRy8yeKQudj1ii32rLCNrXQGPfqq0SKVsY+8CYkqoYxnYwDqFYEl0EezEFgQSz7OjxY4aVj1euEZYHz++LcOLfwQiDMwW4lieRNRRjFR5PLHA2WUnZyRq5RqCjD8YuH+rStV8GhqlQV7OeWUsmNARh5MVGHtH+58I6kOZsLVMToLR62YfvGebEvxrvRQNGPFfQjNAB+4jGiqSE5ChIZqqakMhQeCu9sKG4WDyxqy7SEGSFyTBa5vBwBnxlytVku0XJXTwN2vsbag==</d:myHeader><e:myRequestHeader xmlns:e="urn:example">UpaTransporter1</e:myRequestHeader><e:myID xmlns:e="http://demo">33be4c36-a131-47af-990d-6d0abae390dc</e:myID><d:myHeader1 xmlns:d="http://demo">llm2/8j667QFg+jClPptYwq/YzG3XAGBrvzvDug7IhmXvQw4V4thFi/exsSWRpu/DKW+YQBhFiXAIGUlpkiXuS9X4kLtj/eEpN3D8ejdAkAueeJaU5yaVENKtQcFje8AYPx+2oH0aDt98mPKGchXV7TMuxioB2DIFjSIQugjK/gNBwD2QlLJ8KTQjkPGsCW660xdg7ntau71Agqc5FAtKV6OxIYvqSMTahQhMddMv4IR1z80+W8maoST8t0loPzCP6U6dfhncR13/uWYgVLNZ2ksIPxvSsbshpXFC/8vaqcmXt+FyTP4DlBep+CwzbFkqSTD2BWjDAS44M2L3QC3/Q==</d:myHeader1></SOAP-ENV:Header><S:Body><ns2:jobStatusResponse xmlns:ns2="http://ws.transporter.upa.pt/"><return><companyName>UpaTransporter1</companyName><jobIdentifier>0</jobIdentifier><jobOrigin>Lisboa</jobOrigin><jobDestination>Coimbra</jobDestination><jobPrice>5</jobPrice><jobState>HEADING</jobState></return></ns2:jobStatusResponse></S:Body></S:Envelope>
Outbound SOAP message:
<S:Envelope xmlns:S="http://schemas.xmlsoap.org/soap/envelope/" xmlns:SOAP-ENV="http://schemas.xmlsoap.org/soap/envelope/"><SOAP-ENV:Header/><S:Body><ns2:jobStatus xmlns:ns2="http://ws.transporter.upa.pt/"><id>0</id></ns2:jobStatus></S:Body></S:Envelope>
AddHeaderHandler: Handling message.
Text:
[S:Body: null]
Bytes:
5B533A426F64793A206E756C6C5D
Signing ...
Caught exception in handleMessage: java.lang.NullPointerException
Continue normal processing...
AddHeaderHandler: Handling message.
Text:
[S:Body: null]
Bytes:
5B533A426F64793A206E756C6C5D
got 'UpaTransporter1'
Contacting UDDI at http://localhost:9090
Looking for 'Ca'
Found http://localhost:8090/ca-ws/endpoint
Creating stub ...
Setting endpoint address ...
[
[
  Version: V1
  Subject: CN=DistributedSystems, OU=DEI, O=IST, L=Lisbon, ST=Lisbon, C=PT
  Signature Algorithm: SHA256withRSA, OID = 1.2.840.113549.1.1.11

  Key:  Sun RSA public key, 2048 bits
  modulus: 26667733344901105960569751727828569487214718708670945411188295642815606009560465347954545110592222944090982918465809468419238097364240524173209724878583398722100079734240131613765957603945675438531277654589865657668875533447087897042522082820053362269921081494634218619103722283987100002127744495735659330377296158667180517233635226043251542377330609155607362306352555072875158429670985653207961321353434474546723452521700302196843309492385382168858877968545394718449793701241526884292374101949696866959127615458759504166010855854580719538864213377660845095685904776645547354617687492052899918169806504259680521841033
  public exponent: 65537
  Validity: [From: Thu May 12 17:06:51 WEST 2016,
               To: Wed Aug 10 17:06:51 WEST 2016]
  Issuer: C=PT, L=Lisbon, O=IST, OU=DEI, CN=DistributedSystems
  SerialNumber: [    e012b535 b8ce9382]

]
  Algorithm: [SHA256withRSA]
  Signature:
0000: 26 0A 45 7B D7 52 8A 8F   BE 4A 66 D8 54 FC 68 C3  &.E..R...Jf.T.h.
0010: 07 08 D8 44 DB D3 C7 BB   DF C4 0D 18 28 67 D4 30  ...D........(g.0
0020: 15 3D 66 17 A9 74 76 FA   56 61 99 2F 46 EE 96 DF  .=f..tv.Va./F...
0030: 92 9C 25 F4 7B D3 39 73   40 C1 8C B4 3A EF A5 23  ..%...9s@...:..#
0040: 95 06 4F 35 39 79 13 AF   44 7A 82 C4 E5 E8 E9 7E  ..O59y..Dz......
0050: C7 A5 C8 A5 C4 BB ED 1A   FA EF C1 B2 80 1F 7F A8  ................
0060: 1E 67 EE 56 2D 28 B8 55   1C 80 E9 2B 0E 59 12 B2  .g.V-(.U...+.Y..
0070: 35 B6 86 94 01 F9 F0 BF   61 5F BB 14 74 1B 12 C7  5.......a_..t...
0080: 81 90 F4 53 6B A9 C1 C8   D3 2F 83 09 D4 1F B0 76  ...Sk..../.....v
0090: B6 4A 83 1F DD F0 36 BD   FC F0 E8 D3 60 E9 88 74  .J....6.....`..t
00A0: D6 0D F4 92 ED A0 27 B1   B0 8E 0F E0 B8 04 6B F9  ......'.......k.
00B0: D5 FF E2 7E A2 E7 08 E1   08 9D 2D 17 14 A9 B8 44  ..........-....D
00C0: 33 63 DB 1C 96 0A D4 46   0F FF 5D 88 86 36 B6 A8  3c.....F..]..6..
00D0: 0A F2 97 30 17 3B B1 DB   4F AE DF 35 08 8E 82 58  ...0.;..O..5...X
00E0: 42 5B E2 F8 4D CE BB E9   D7 07 1F C3 00 5C C4 78  B[..M........\.x
00F0: AA 02 86 4D CF D2 66 FE   47 80 7C CB E6 0C DD 2F  ...M..f.G....../

]
Caught exception in handleMessage: java.lang.NullPointerException
Continue normal processing...
Inbound SOAP message:
<S:Envelope xmlns:S="http://schemas.xmlsoap.org/soap/envelope/" xmlns:SOAP-ENV="http://schemas.xmlsoap.org/soap/envelope/"><SOAP-ENV:Header><d:myHeader xmlns:d="http://demo">IEGRPc962kg+hlwcSZ2tSpA/WIcuXLqc0Dt7tLnzsnmUSvYpBqSIurGK1XLkdJJnolwU1ulBn8cRy8yeKQudj1ii32rLCNrXQGPfqq0SKVsY+8CYkqoYxnYwDqFYEl0EezEFgQSz7OjxY4aVj1euEZYHz++LcOLfwQiDMwW4lieRNRRjFR5PLHA2WUnZyRq5RqCjD8YuH+rStV8GhqlQV7OeWUsmNARh5MVGHtH+58I6kOZsLVMToLR62YfvGebEvxrvRQNGPFfQjNAB+4jGiqSE5ChIZqqakMhQeCu9sKG4WDyxqy7SEGSFyTBa5vBwBnxlytVku0XJXTwN2vsbag==</d:myHeader><e:myRequestHeader xmlns:e="urn:example">UpaTransporter1</e:myRequestHeader><e:myID xmlns:e="http://demo">0e6798c9-04b9-4929-91a6-fa14d155acfb</e:myID><d:myHeader1 xmlns:d="http://demo">AMld97biU45OkS0uEVxzxPqaKA7bad2M4KKoDjF3jDMn71R3pykRmpW2ftL6xDMzdIVhC5ZNoHk3KjW9KRPdKXVOc9pLRVqy7CLwnCdyzSeM5n1wNMe4N0aIp7k3yqX4C5+HzO1RKex7OXYOUpEy4Djjuln01XXbI05o5g+LoFuD9hoHWijBMAIr7r4PMpFfsEOqzlCeXon7J1qGb40gnANc6jsbig3CHU+d6p0zpepXW51LTvs4zy04Kz24jrfne2WKl0xl0BVW4D46x/VfC6EveSMxvyzahBOkavdzJLau915QENRSFsZoNsJkmsdZUNWq1wvEZcuB2OjlECNRgA==</d:myHeader1></SOAP-ENV:Header><S:Body><ns2:jobStatusResponse xmlns:ns2="http://ws.transporter.upa.pt/"><return><companyName>UpaTransporter1</companyName><jobIdentifier>0</jobIdentifier><jobOrigin>Lisboa</jobOrigin><jobDestination>Coimbra</jobDestination><jobPrice>5</jobPrice><jobState>HEADING</jobState></return></ns2:jobStatusResponse></S:Body></S:Envelope>
Outbound SOAP message:
<S:Envelope xmlns:S="http://schemas.xmlsoap.org/soap/envelope/" xmlns:SOAP-ENV="http://schemas.xmlsoap.org/soap/envelope/"><SOAP-ENV:Header/><S:Body><ns2:jobStatus xmlns:ns2="http://ws.transporter.upa.pt/"><id>0</id></ns2:jobStatus></S:Body></S:Envelope>
AddHeaderHandler: Handling message.
Text:
[S:Body: null]
Bytes:
5B533A426F64793A206E756C6C5D
Signing ...
Caught exception in handleMessage: java.lang.NullPointerException
Continue normal processing...
AddHeaderHandler: Handling message.
Text:
[S:Body: null]
Bytes:
5B533A426F64793A206E756C6C5D
got 'UpaTransporter1'
Contacting UDDI at http://localhost:9090
Looking for 'Ca'
Found http://localhost:8090/ca-ws/endpoint
Creating stub ...
Setting endpoint address ...
[
[
  Version: V1
  Subject: CN=DistributedSystems, OU=DEI, O=IST, L=Lisbon, ST=Lisbon, C=PT
  Signature Algorithm: SHA256withRSA, OID = 1.2.840.113549.1.1.11

  Key:  Sun RSA public key, 2048 bits
  modulus: 26667733344901105960569751727828569487214718708670945411188295642815606009560465347954545110592222944090982918465809468419238097364240524173209724878583398722100079734240131613765957603945675438531277654589865657668875533447087897042522082820053362269921081494634218619103722283987100002127744495735659330377296158667180517233635226043251542377330609155607362306352555072875158429670985653207961321353434474546723452521700302196843309492385382168858877968545394718449793701241526884292374101949696866959127615458759504166010855854580719538864213377660845095685904776645547354617687492052899918169806504259680521841033
  public exponent: 65537
  Validity: [From: Thu May 12 17:06:51 WEST 2016,
               To: Wed Aug 10 17:06:51 WEST 2016]
  Issuer: C=PT, L=Lisbon, O=IST, OU=DEI, CN=DistributedSystems
  SerialNumber: [    e012b535 b8ce9382]

]
  Algorithm: [SHA256withRSA]
  Signature:
0000: 26 0A 45 7B D7 52 8A 8F   BE 4A 66 D8 54 FC 68 C3  &.E..R...Jf.T.h.
0010: 07 08 D8 44 DB D3 C7 BB   DF C4 0D 18 28 67 D4 30  ...D........(g.0
0020: 15 3D 66 17 A9 74 76 FA   56 61 99 2F 46 EE 96 DF  .=f..tv.Va./F...
0030: 92 9C 25 F4 7B D3 39 73   40 C1 8C B4 3A EF A5 23  ..%...9s@...:..#
0040: 95 06 4F 35 39 79 13 AF   44 7A 82 C4 E5 E8 E9 7E  ..O59y..Dz......
0050: C7 A5 C8 A5 C4 BB ED 1A   FA EF C1 B2 80 1F 7F A8  ................
0060: 1E 67 EE 56 2D 28 B8 55   1C 80 E9 2B 0E 59 12 B2  .g.V-(.U...+.Y..
0070: 35 B6 86 94 01 F9 F0 BF   61 5F BB 14 74 1B 12 C7  5.......a_..t...
0080: 81 90 F4 53 6B A9 C1 C8   D3 2F 83 09 D4 1F B0 76  ...Sk..../.....v
0090: B6 4A 83 1F DD F0 36 BD   FC F0 E8 D3 60 E9 88 74  .J....6.....`..t
00A0: D6 0D F4 92 ED A0 27 B1   B0 8E 0F E0 B8 04 6B F9  ......'.......k.
00B0: D5 FF E2 7E A2 E7 08 E1   08 9D 2D 17 14 A9 B8 44  ..........-....D
00C0: 33 63 DB 1C 96 0A D4 46   0F FF 5D 88 86 36 B6 A8  3c.....F..]..6..
00D0: 0A F2 97 30 17 3B B1 DB   4F AE DF 35 08 8E 82 58  ...0.;..O..5...X
00E0: 42 5B E2 F8 4D CE BB E9   D7 07 1F C3 00 5C C4 78  B[..M........\.x
00F0: AA 02 86 4D CF D2 66 FE   47 80 7C CB E6 0C DD 2F  ...M..f.G....../

]
Caught exception in handleMessage: java.lang.NullPointerException
Continue normal processing...
Inbound SOAP message:
<S:Envelope xmlns:S="http://schemas.xmlsoap.org/soap/envelope/" xmlns:SOAP-ENV="http://schemas.xmlsoap.org/soap/envelope/"><SOAP-ENV:Header><d:myHeader xmlns:d="http://demo">IEGRPc962kg+hlwcSZ2tSpA/WIcuXLqc0Dt7tLnzsnmUSvYpBqSIurGK1XLkdJJnolwU1ulBn8cRy8yeKQudj1ii32rLCNrXQGPfqq0SKVsY+8CYkqoYxnYwDqFYEl0EezEFgQSz7OjxY4aVj1euEZYHz++LcOLfwQiDMwW4lieRNRRjFR5PLHA2WUnZyRq5RqCjD8YuH+rStV8GhqlQV7OeWUsmNARh5MVGHtH+58I6kOZsLVMToLR62YfvGebEvxrvRQNGPFfQjNAB+4jGiqSE5ChIZqqakMhQeCu9sKG4WDyxqy7SEGSFyTBa5vBwBnxlytVku0XJXTwN2vsbag==</d:myHeader><e:myRequestHeader xmlns:e="urn:example">UpaTransporter1</e:myRequestHeader><e:myID xmlns:e="http://demo">4ad605ba-28d3-4548-9792-c6379982d9b5</e:myID><d:myHeader1 xmlns:d="http://demo">lvRHWsOtai+5cV++2LvboMXt68IMAHJnEEaEIlwIrat1aqRtCJeor4HdTXDEPKxaK8ysKumySdfXuyCaNJ34nRNsbcy/zDztb2EVqHD5Unn7+JwlRE7+Y3wM1L5Q9dVolEy3ZvuGYySukLMpVbI1DWyJIiLYIupgVBpgqU4crYj0RNNPembfu28ZJlHDPr5aeDn8FMe0Unp5zSoQ4oGNM9Xhunf1wC1OQbfIWWaQYqHtZX0jgAXpjG9znBpP7sD6nVRVl09EJxEp4sYHI5nrzNXeT5hAb6SghjZ4xKLgXairT2i3J5PeBX4KPzXdXs8n0NLTaSAAcGhqeYiimvNd9w==</d:myHeader1></SOAP-ENV:Header><S:Body><ns2:jobStatusResponse xmlns:ns2="http://ws.transporter.upa.pt/"><return><companyName>UpaTransporter1</companyName><jobIdentifier>0</jobIdentifier><jobOrigin>Lisboa</jobOrigin><jobDestination>Coimbra</jobDestination><jobPrice>5</jobPrice><jobState>HEADING</jobState></return></ns2:jobStatusResponse></S:Body></S:Envelope>
Outbound SOAP message:
<S:Envelope xmlns:S="http://schemas.xmlsoap.org/soap/envelope/" xmlns:SOAP-ENV="http://schemas.xmlsoap.org/soap/envelope/"><SOAP-ENV:Header/><S:Body><ns2:jobStatus xmlns:ns2="http://ws.transporter.upa.pt/"><id>0</id></ns2:jobStatus></S:Body></S:Envelope>
AddHeaderHandler: Handling message.
Text:
[S:Body: null]
Bytes:
5B533A426F64793A206E756C6C5D
Signing ...
Caught exception in handleMessage: java.lang.NullPointerException
Continue normal processing...
AddHeaderHandler: Handling message.
Text:
[S:Body: null]
Bytes:
5B533A426F64793A206E756C6C5D
got 'UpaTransporter1'
Contacting UDDI at http://localhost:9090
Looking for 'Ca'
Found http://localhost:8090/ca-ws/endpoint
Creating stub ...
Setting endpoint address ...
[
[
  Version: V1
  Subject: CN=DistributedSystems, OU=DEI, O=IST, L=Lisbon, ST=Lisbon, C=PT
  Signature Algorithm: SHA256withRSA, OID = 1.2.840.113549.1.1.11

  Key:  Sun RSA public key, 2048 bits
  modulus: 26667733344901105960569751727828569487214718708670945411188295642815606009560465347954545110592222944090982918465809468419238097364240524173209724878583398722100079734240131613765957603945675438531277654589865657668875533447087897042522082820053362269921081494634218619103722283987100002127744495735659330377296158667180517233635226043251542377330609155607362306352555072875158429670985653207961321353434474546723452521700302196843309492385382168858877968545394718449793701241526884292374101949696866959127615458759504166010855854580719538864213377660845095685904776645547354617687492052899918169806504259680521841033
  public exponent: 65537
  Validity: [From: Thu May 12 17:06:51 WEST 2016,
               To: Wed Aug 10 17:06:51 WEST 2016]
  Issuer: C=PT, L=Lisbon, O=IST, OU=DEI, CN=DistributedSystems
  SerialNumber: [    e012b535 b8ce9382]

]
  Algorithm: [SHA256withRSA]
  Signature:
0000: 26 0A 45 7B D7 52 8A 8F   BE 4A 66 D8 54 FC 68 C3  &.E..R...Jf.T.h.
0010: 07 08 D8 44 DB D3 C7 BB   DF C4 0D 18 28 67 D4 30  ...D........(g.0
0020: 15 3D 66 17 A9 74 76 FA   56 61 99 2F 46 EE 96 DF  .=f..tv.Va./F...
0030: 92 9C 25 F4 7B D3 39 73   40 C1 8C B4 3A EF A5 23  ..%...9s@...:..#
0040: 95 06 4F 35 39 79 13 AF   44 7A 82 C4 E5 E8 E9 7E  ..O59y..Dz......
0050: C7 A5 C8 A5 C4 BB ED 1A   FA EF C1 B2 80 1F 7F A8  ................
0060: 1E 67 EE 56 2D 28 B8 55   1C 80 E9 2B 0E 59 12 B2  .g.V-(.U...+.Y..
0070: 35 B6 86 94 01 F9 F0 BF   61 5F BB 14 74 1B 12 C7  5.......a_..t...
0080: 81 90 F4 53 6B A9 C1 C8   D3 2F 83 09 D4 1F B0 76  ...Sk..../.....v
0090: B6 4A 83 1F DD F0 36 BD   FC F0 E8 D3 60 E9 88 74  .J....6.....`..t
00A0: D6 0D F4 92 ED A0 27 B1   B0 8E 0F E0 B8 04 6B F9  ......'.......k.
00B0: D5 FF E2 7E A2 E7 08 E1   08 9D 2D 17 14 A9 B8 44  ..........-....D
00C0: 33 63 DB 1C 96 0A D4 46   0F FF 5D 88 86 36 B6 A8  3c.....F..]..6..
00D0: 0A F2 97 30 17 3B B1 DB   4F AE DF 35 08 8E 82 58  ...0.;..O..5...X
00E0: 42 5B E2 F8 4D CE BB E9   D7 07 1F C3 00 5C C4 78  B[..M........\.x
00F0: AA 02 86 4D CF D2 66 FE   47 80 7C CB E6 0C DD 2F  ...M..f.G....../

]
Caught exception in handleMessage: java.lang.NullPointerException
Continue normal processing...
Inbound SOAP message:
<S:Envelope xmlns:S="http://schemas.xmlsoap.org/soap/envelope/" xmlns:SOAP-ENV="http://schemas.xmlsoap.org/soap/envelope/"><SOAP-ENV:Header><d:myHeader xmlns:d="http://demo">IEGRPc962kg+hlwcSZ2tSpA/WIcuXLqc0Dt7tLnzsnmUSvYpBqSIurGK1XLkdJJnolwU1ulBn8cRy8yeKQudj1ii32rLCNrXQGPfqq0SKVsY+8CYkqoYxnYwDqFYEl0EezEFgQSz7OjxY4aVj1euEZYHz++LcOLfwQiDMwW4lieRNRRjFR5PLHA2WUnZyRq5RqCjD8YuH+rStV8GhqlQV7OeWUsmNARh5MVGHtH+58I6kOZsLVMToLR62YfvGebEvxrvRQNGPFfQjNAB+4jGiqSE5ChIZqqakMhQeCu9sKG4WDyxqy7SEGSFyTBa5vBwBnxlytVku0XJXTwN2vsbag==</d:myHeader><e:myRequestHeader xmlns:e="urn:example">UpaTransporter1</e:myRequestHeader><e:myID xmlns:e="http://demo">d8216342-53aa-4637-8a54-c475cf5c5212</e:myID><d:myHeader1 xmlns:d="http://demo">TIhmrlRQbx/8mtA5++SA3/3PUeW7XAuJjSUvVDBeo1LLJ/6MjMovjqz3IIDJ1QYaLhgPLKB0ipWJKG8L0pU4XRh3U/+SG2773VetE7ZjlV8aRqX75MGja/UknnDhgH5RpaKxpm5SPnpu6O92jcy78ATJBXwpTMJb5OCxKReYsD9dGm9pwCi0HPRfsT3sX+x3TWeiqn1u8BZTCxWo+WAEHi6mkMbJXFjwGDOm/WVze0rkKwHf6cXVGbnwoOYmEZ9QGRX4A9jHPi6baX3faUjo0nv5f9qL5uf/aTYc00yj7b9NmmxFX7eK8ub9F/EfYs4bf+bAks1nK+nmqhcCh+oacQ==</d:myHeader1></SOAP-ENV:Header><S:Body><ns2:jobStatusResponse xmlns:ns2="http://ws.transporter.upa.pt/"><return><companyName>UpaTransporter1</companyName><jobIdentifier>0</jobIdentifier><jobOrigin>Lisboa</jobOrigin><jobDestination>Coimbra</jobDestination><jobPrice>5</jobPrice><jobState>ONGOING</jobState></return></ns2:jobStatusResponse></S:Body></S:Envelope>
Outbound SOAP message:
<S:Envelope xmlns:S="http://schemas.xmlsoap.org/soap/envelope/" xmlns:SOAP-ENV="http://schemas.xmlsoap.org/soap/envelope/"><SOAP-ENV:Header/><S:Body><ns2:jobStatus xmlns:ns2="http://ws.transporter.upa.pt/"><id>0</id></ns2:jobStatus></S:Body></S:Envelope>
AddHeaderHandler: Handling message.
Text:
[S:Body: null]
Bytes:
5B533A426F64793A206E756C6C5D
Signing ...
Caught exception in handleMessage: java.lang.NullPointerException
Continue normal processing...
AddHeaderHandler: Handling message.
Text:
[S:Body: null]
Bytes:
5B533A426F64793A206E756C6C5D
got 'UpaTransporter1'
Contacting UDDI at http://localhost:9090
Looking for 'Ca'
Found http://localhost:8090/ca-ws/endpoint
Creating stub ...
Setting endpoint address ...
[
[
  Version: V1
  Subject: CN=DistributedSystems, OU=DEI, O=IST, L=Lisbon, ST=Lisbon, C=PT
  Signature Algorithm: SHA256withRSA, OID = 1.2.840.113549.1.1.11

  Key:  Sun RSA public key, 2048 bits
  modulus: 26667733344901105960569751727828569487214718708670945411188295642815606009560465347954545110592222944090982918465809468419238097364240524173209724878583398722100079734240131613765957603945675438531277654589865657668875533447087897042522082820053362269921081494634218619103722283987100002127744495735659330377296158667180517233635226043251542377330609155607362306352555072875158429670985653207961321353434474546723452521700302196843309492385382168858877968545394718449793701241526884292374101949696866959127615458759504166010855854580719538864213377660845095685904776645547354617687492052899918169806504259680521841033
  public exponent: 65537
  Validity: [From: Thu May 12 17:06:51 WEST 2016,
               To: Wed Aug 10 17:06:51 WEST 2016]
  Issuer: C=PT, L=Lisbon, O=IST, OU=DEI, CN=DistributedSystems
  SerialNumber: [    e012b535 b8ce9382]

]
  Algorithm: [SHA256withRSA]
  Signature:
0000: 26 0A 45 7B D7 52 8A 8F   BE 4A 66 D8 54 FC 68 C3  &.E..R...Jf.T.h.
0010: 07 08 D8 44 DB D3 C7 BB   DF C4 0D 18 28 67 D4 30  ...D........(g.0
0020: 15 3D 66 17 A9 74 76 FA   56 61 99 2F 46 EE 96 DF  .=f..tv.Va./F...
0030: 92 9C 25 F4 7B D3 39 73   40 C1 8C B4 3A EF A5 23  ..%...9s@...:..#
0040: 95 06 4F 35 39 79 13 AF   44 7A 82 C4 E5 E8 E9 7E  ..O59y..Dz......
0050: C7 A5 C8 A5 C4 BB ED 1A   FA EF C1 B2 80 1F 7F A8  ................
0060: 1E 67 EE 56 2D 28 B8 55   1C 80 E9 2B 0E 59 12 B2  .g.V-(.U...+.Y..
0070: 35 B6 86 94 01 F9 F0 BF   61 5F BB 14 74 1B 12 C7  5.......a_..t...
0080: 81 90 F4 53 6B A9 C1 C8   D3 2F 83 09 D4 1F B0 76  ...Sk..../.....v
0090: B6 4A 83 1F DD F0 36 BD   FC F0 E8 D3 60 E9 88 74  .J....6.....`..t
00A0: D6 0D F4 92 ED A0 27 B1   B0 8E 0F E0 B8 04 6B F9  ......'.......k.
00B0: D5 FF E2 7E A2 E7 08 E1   08 9D 2D 17 14 A9 B8 44  ..........-....D
00C0: 33 63 DB 1C 96 0A D4 46   0F FF 5D 88 86 36 B6 A8  3c.....F..]..6..
00D0: 0A F2 97 30 17 3B B1 DB   4F AE DF 35 08 8E 82 58  ...0.;..O..5...X
00E0: 42 5B E2 F8 4D CE BB E9   D7 07 1F C3 00 5C C4 78  B[..M........\.x
00F0: AA 02 86 4D CF D2 66 FE   47 80 7C CB E6 0C DD 2F  ...M..f.G....../

]
Caught exception in handleMessage: java.lang.NullPointerException
Continue normal processing...
Inbound SOAP message:
<S:Envelope xmlns:S="http://schemas.xmlsoap.org/soap/envelope/" xmlns:SOAP-ENV="http://schemas.xmlsoap.org/soap/envelope/"><SOAP-ENV:Header><d:myHeader xmlns:d="http://demo">IEGRPc962kg+hlwcSZ2tSpA/WIcuXLqc0Dt7tLnzsnmUSvYpBqSIurGK1XLkdJJnolwU1ulBn8cRy8yeKQudj1ii32rLCNrXQGPfqq0SKVsY+8CYkqoYxnYwDqFYEl0EezEFgQSz7OjxY4aVj1euEZYHz++LcOLfwQiDMwW4lieRNRRjFR5PLHA2WUnZyRq5RqCjD8YuH+rStV8GhqlQV7OeWUsmNARh5MVGHtH+58I6kOZsLVMToLR62YfvGebEvxrvRQNGPFfQjNAB+4jGiqSE5ChIZqqakMhQeCu9sKG4WDyxqy7SEGSFyTBa5vBwBnxlytVku0XJXTwN2vsbag==</d:myHeader><e:myRequestHeader xmlns:e="urn:example">UpaTransporter1</e:myRequestHeader><e:myID xmlns:e="http://demo">216bc67d-e919-4767-bba7-2db11a0fe5bf</e:myID><d:myHeader1 xmlns:d="http://demo">NkFTULN1vrWF0BOHUt7P9gLktTfGYG3SXbDa5X15iy5oKud6Yg0kGy7AmtvCqH7VZTVAaUU50DbQuRGRvjifEgeEdDcNFKckzec32rBOKcafXu3NQ5Tl+9HNVBYzBgpXX50T1lnNweFYSvQiSLGUH0nsX61azGSTwKG7jbjOWphwewERbQ0FVNGBdP1CrdKeWappWMRPWqwEKjDDna+o+kRamUe/6qZlj88aWYaKLJMI3KNSHtGDBkngBW58HNgzh4h6RtZRXkiynAwyFakdn88RiSN1LJcQrd70Xk3vjVcWycSIydnejmaX2y61sEBOtkVV3fQYSAZzq0LFMryYuA==</d:myHeader1></SOAP-ENV:Header><S:Body><ns2:jobStatusResponse xmlns:ns2="http://ws.transporter.upa.pt/"><return><companyName>UpaTransporter1</companyName><jobIdentifier>0</jobIdentifier><jobOrigin>Lisboa</jobOrigin><jobDestination>Coimbra</jobDestination><jobPrice>5</jobPrice><jobState>ONGOING</jobState></return></ns2:jobStatusResponse></S:Body></S:Envelope>
Outbound SOAP message:
<S:Envelope xmlns:S="http://schemas.xmlsoap.org/soap/envelope/" xmlns:SOAP-ENV="http://schemas.xmlsoap.org/soap/envelope/"><SOAP-ENV:Header/><S:Body><ns2:jobStatus xmlns:ns2="http://ws.transporter.upa.pt/"><id>0</id></ns2:jobStatus></S:Body></S:Envelope>
AddHeaderHandler: Handling message.
Text:
[S:Body: null]
Bytes:
5B533A426F64793A206E756C6C5D
Signing ...
Caught exception in handleMessage: java.lang.NullPointerException
Continue normal processing...
AddHeaderHandler: Handling message.
Text:
[S:Body: null]
Bytes:
5B533A426F64793A206E756C6C5D
got 'UpaTransporter1'
Contacting UDDI at http://localhost:9090
Looking for 'Ca'
Found http://localhost:8090/ca-ws/endpoint
Creating stub ...
Setting endpoint address ...
[
[
  Version: V1
  Subject: CN=DistributedSystems, OU=DEI, O=IST, L=Lisbon, ST=Lisbon, C=PT
  Signature Algorithm: SHA256withRSA, OID = 1.2.840.113549.1.1.11

  Key:  Sun RSA public key, 2048 bits
  modulus: 26667733344901105960569751727828569487214718708670945411188295642815606009560465347954545110592222944090982918465809468419238097364240524173209724878583398722100079734240131613765957603945675438531277654589865657668875533447087897042522082820053362269921081494634218619103722283987100002127744495735659330377296158667180517233635226043251542377330609155607362306352555072875158429670985653207961321353434474546723452521700302196843309492385382168858877968545394718449793701241526884292374101949696866959127615458759504166010855854580719538864213377660845095685904776645547354617687492052899918169806504259680521841033
  public exponent: 65537
  Validity: [From: Thu May 12 17:06:51 WEST 2016,
               To: Wed Aug 10 17:06:51 WEST 2016]
  Issuer: C=PT, L=Lisbon, O=IST, OU=DEI, CN=DistributedSystems
  SerialNumber: [    e012b535 b8ce9382]

]
  Algorithm: [SHA256withRSA]
  Signature:
0000: 26 0A 45 7B D7 52 8A 8F   BE 4A 66 D8 54 FC 68 C3  &.E..R...Jf.T.h.
0010: 07 08 D8 44 DB D3 C7 BB   DF C4 0D 18 28 67 D4 30  ...D........(g.0
0020: 15 3D 66 17 A9 74 76 FA   56 61 99 2F 46 EE 96 DF  .=f..tv.Va./F...
0030: 92 9C 25 F4 7B D3 39 73   40 C1 8C B4 3A EF A5 23  ..%...9s@...:..#
0040: 95 06 4F 35 39 79 13 AF   44 7A 82 C4 E5 E8 E9 7E  ..O59y..Dz......
0050: C7 A5 C8 A5 C4 BB ED 1A   FA EF C1 B2 80 1F 7F A8  ................
0060: 1E 67 EE 56 2D 28 B8 55   1C 80 E9 2B 0E 59 12 B2  .g.V-(.U...+.Y..
0070: 35 B6 86 94 01 F9 F0 BF   61 5F BB 14 74 1B 12 C7  5.......a_..t...
0080: 81 90 F4 53 6B A9 C1 C8   D3 2F 83 09 D4 1F B0 76  ...Sk..../.....v
0090: B6 4A 83 1F DD F0 36 BD   FC F0 E8 D3 60 E9 88 74  .J....6.....`..t
00A0: D6 0D F4 92 ED A0 27 B1   B0 8E 0F E0 B8 04 6B F9  ......'.......k.
00B0: D5 FF E2 7E A2 E7 08 E1   08 9D 2D 17 14 A9 B8 44  ..........-....D
00C0: 33 63 DB 1C 96 0A D4 46   0F FF 5D 88 86 36 B6 A8  3c.....F..]..6..
00D0: 0A F2 97 30 17 3B B1 DB   4F AE DF 35 08 8E 82 58  ...0.;..O..5...X
00E0: 42 5B E2 F8 4D CE BB E9   D7 07 1F C3 00 5C C4 78  B[..M........\.x
00F0: AA 02 86 4D CF D2 66 FE   47 80 7C CB E6 0C DD 2F  ...M..f.G....../

]
Caught exception in handleMessage: java.lang.NullPointerException
Continue normal processing...
Inbound SOAP message:
<S:Envelope xmlns:S="http://schemas.xmlsoap.org/soap/envelope/" xmlns:SOAP-ENV="http://schemas.xmlsoap.org/soap/envelope/"><SOAP-ENV:Header><d:myHeader xmlns:d="http://demo">IEGRPc962kg+hlwcSZ2tSpA/WIcuXLqc0Dt7tLnzsnmUSvYpBqSIurGK1XLkdJJnolwU1ulBn8cRy8yeKQudj1ii32rLCNrXQGPfqq0SKVsY+8CYkqoYxnYwDqFYEl0EezEFgQSz7OjxY4aVj1euEZYHz++LcOLfwQiDMwW4lieRNRRjFR5PLHA2WUnZyRq5RqCjD8YuH+rStV8GhqlQV7OeWUsmNARh5MVGHtH+58I6kOZsLVMToLR62YfvGebEvxrvRQNGPFfQjNAB+4jGiqSE5ChIZqqakMhQeCu9sKG4WDyxqy7SEGSFyTBa5vBwBnxlytVku0XJXTwN2vsbag==</d:myHeader><e:myRequestHeader xmlns:e="urn:example">UpaTransporter1</e:myRequestHeader><e:myID xmlns:e="http://demo">b02dc8b4-ffd9-4d20-a329-9d7c477588a8</e:myID><d:myHeader1 xmlns:d="http://demo">yESMPKOlpU6Yzwasug9nEdyM6LvpY/HEzkKYAOK7hZHt9HEydKkWObIAWM/BGsTuB9DWpiqOywQxzYtJHGxDf9SbLNe55TWiRgzxLJ/qNw/lHzYI/9qeXDCVgSXqS90rQXwQAiVANUPVkewAGehEV13bnUHNuHdS3Y3wq8LA6vEeejwxcNdd1YLeps7m6jWRFGfsu7CRs1H2X4QxY5d2aMsdO5wSoLTNbFtPMpuFlrF+iVPCZw/UzMhCftpfxJZVTEV4uYAvnGQRh+0lnyACjTymZ9qvEBqQ9Qemjpa3vHZB66UpdaC8nA9+167N/wW8RNWpRiv3G1j5AIeZteL6Nw==</d:myHeader1></SOAP-ENV:Header><S:Body><ns2:jobStatusResponse xmlns:ns2="http://ws.transporter.upa.pt/"><return><companyName>UpaTransporter1</companyName><jobIdentifier>0</jobIdentifier><jobOrigin>Lisboa</jobOrigin><jobDestination>Coimbra</jobDestination><jobPrice>5</jobPrice><jobState>ONGOING</jobState></return></ns2:jobStatusResponse></S:Body></S:Envelope>
Outbound SOAP message:
<S:Envelope xmlns:S="http://schemas.xmlsoap.org/soap/envelope/" xmlns:SOAP-ENV="http://schemas.xmlsoap.org/soap/envelope/"><SOAP-ENV:Header/><S:Body><ns2:jobStatus xmlns:ns2="http://ws.transporter.upa.pt/"><id>0</id></ns2:jobStatus></S:Body></S:Envelope>
AddHeaderHandler: Handling message.
Text:
[S:Body: null]
Bytes:
5B533A426F64793A206E756C6C5D
Signing ...
Caught exception in handleMessage: java.lang.NullPointerException
Continue normal processing...
AddHeaderHandler: Handling message.
Text:
[S:Body: null]
Bytes:
5B533A426F64793A206E756C6C5D
got 'UpaTransporter1'
Contacting UDDI at http://localhost:9090
Looking for 'Ca'
Found http://localhost:8090/ca-ws/endpoint
Creating stub ...
Setting endpoint address ...
[
[
  Version: V1
  Subject: CN=DistributedSystems, OU=DEI, O=IST, L=Lisbon, ST=Lisbon, C=PT
  Signature Algorithm: SHA256withRSA, OID = 1.2.840.113549.1.1.11

  Key:  Sun RSA public key, 2048 bits
  modulus: 26667733344901105960569751727828569487214718708670945411188295642815606009560465347954545110592222944090982918465809468419238097364240524173209724878583398722100079734240131613765957603945675438531277654589865657668875533447087897042522082820053362269921081494634218619103722283987100002127744495735659330377296158667180517233635226043251542377330609155607362306352555072875158429670985653207961321353434474546723452521700302196843309492385382168858877968545394718449793701241526884292374101949696866959127615458759504166010855854580719538864213377660845095685904776645547354617687492052899918169806504259680521841033
  public exponent: 65537
  Validity: [From: Thu May 12 17:06:51 WEST 2016,
               To: Wed Aug 10 17:06:51 WEST 2016]
  Issuer: C=PT, L=Lisbon, O=IST, OU=DEI, CN=DistributedSystems
  SerialNumber: [    e012b535 b8ce9382]

]
  Algorithm: [SHA256withRSA]
  Signature:
0000: 26 0A 45 7B D7 52 8A 8F   BE 4A 66 D8 54 FC 68 C3  &.E..R...Jf.T.h.
0010: 07 08 D8 44 DB D3 C7 BB   DF C4 0D 18 28 67 D4 30  ...D........(g.0
0020: 15 3D 66 17 A9 74 76 FA   56 61 99 2F 46 EE 96 DF  .=f..tv.Va./F...
0030: 92 9C 25 F4 7B D3 39 73   40 C1 8C B4 3A EF A5 23  ..%...9s@...:..#
0040: 95 06 4F 35 39 79 13 AF   44 7A 82 C4 E5 E8 E9 7E  ..O59y..Dz......
0050: C7 A5 C8 A5 C4 BB ED 1A   FA EF C1 B2 80 1F 7F A8  ................
0060: 1E 67 EE 56 2D 28 B8 55   1C 80 E9 2B 0E 59 12 B2  .g.V-(.U...+.Y..
0070: 35 B6 86 94 01 F9 F0 BF   61 5F BB 14 74 1B 12 C7  5.......a_..t...
0080: 81 90 F4 53 6B A9 C1 C8   D3 2F 83 09 D4 1F B0 76  ...Sk..../.....v
0090: B6 4A 83 1F DD F0 36 BD   FC F0 E8 D3 60 E9 88 74  .J....6.....`..t
00A0: D6 0D F4 92 ED A0 27 B1   B0 8E 0F E0 B8 04 6B F9  ......'.......k.
00B0: D5 FF E2 7E A2 E7 08 E1   08 9D 2D 17 14 A9 B8 44  ..........-....D
00C0: 33 63 DB 1C 96 0A D4 46   0F FF 5D 88 86 36 B6 A8  3c.....F..]..6..
00D0: 0A F2 97 30 17 3B B1 DB   4F AE DF 35 08 8E 82 58  ...0.;..O..5...X
00E0: 42 5B E2 F8 4D CE BB E9   D7 07 1F C3 00 5C C4 78  B[..M........\.x
00F0: AA 02 86 4D CF D2 66 FE   47 80 7C CB E6 0C DD 2F  ...M..f.G....../

]
Caught exception in handleMessage: java.lang.NullPointerException
Continue normal processing...
Inbound SOAP message:
<S:Envelope xmlns:S="http://schemas.xmlsoap.org/soap/envelope/" xmlns:SOAP-ENV="http://schemas.xmlsoap.org/soap/envelope/"><SOAP-ENV:Header><d:myHeader xmlns:d="http://demo">IEGRPc962kg+hlwcSZ2tSpA/WIcuXLqc0Dt7tLnzsnmUSvYpBqSIurGK1XLkdJJnolwU1ulBn8cRy8yeKQudj1ii32rLCNrXQGPfqq0SKVsY+8CYkqoYxnYwDqFYEl0EezEFgQSz7OjxY4aVj1euEZYHz++LcOLfwQiDMwW4lieRNRRjFR5PLHA2WUnZyRq5RqCjD8YuH+rStV8GhqlQV7OeWUsmNARh5MVGHtH+58I6kOZsLVMToLR62YfvGebEvxrvRQNGPFfQjNAB+4jGiqSE5ChIZqqakMhQeCu9sKG4WDyxqy7SEGSFyTBa5vBwBnxlytVku0XJXTwN2vsbag==</d:myHeader><e:myRequestHeader xmlns:e="urn:example">UpaTransporter1</e:myRequestHeader><e:myID xmlns:e="http://demo">067bf129-7bcd-4736-b322-3bbf21234599</e:myID><d:myHeader1 xmlns:d="http://demo">wxL9dLGD7R3ejSiqpBbbSnnkAO7NYPfNZRVZUvuhs6k/Oe1WS6sGcmCrwUdjPRrHvwGQPR6m5p+gjMVwj2eaBv0HtyZZOvBDwUL4sJepBY9PD5MMWERqiUVq2+io/Hsv56z9SXiroJxwkiQ/acyDvAxh74WzzQ8+xAkaMfnRHaU5NqcPPb9xQKOgTVB8AvmCDTFc02fYSAL9XJB/DAlfySJ95ZF7ENlZUcpW4LDEIsl6EBXXZu9wLQhXcKBkgF+VJfnSiIcYbS4oN9iJFXtE2n1MLGHMZfoXw8YDQWn+YhpYhTllPtJ8vlCKUnEfpuLdHLnNmf6v9dhRqxEXyaDKLg==</d:myHeader1></SOAP-ENV:Header><S:Body><ns2:jobStatusResponse xmlns:ns2="http://ws.transporter.upa.pt/"><return><companyName>UpaTransporter1</companyName><jobIdentifier>0</jobIdentifier><jobOrigin>Lisboa</jobOrigin><jobDestination>Coimbra</jobDestination><jobPrice>5</jobPrice><jobState>ONGOING</jobState></return></ns2:jobStatusResponse></S:Body></S:Envelope>
Outbound SOAP message:
<S:Envelope xmlns:S="http://schemas.xmlsoap.org/soap/envelope/" xmlns:SOAP-ENV="http://schemas.xmlsoap.org/soap/envelope/"><SOAP-ENV:Header/><S:Body><ns2:jobStatus xmlns:ns2="http://ws.transporter.upa.pt/"><id>0</id></ns2:jobStatus></S:Body></S:Envelope>
AddHeaderHandler: Handling message.
Text:
[S:Body: null]
Bytes:
5B533A426F64793A206E756C6C5D
Signing ...
Caught exception in handleMessage: java.lang.NullPointerException
Continue normal processing...
AddHeaderHandler: Handling message.
Text:
[S:Body: null]
Bytes:
5B533A426F64793A206E756C6C5D
got 'UpaTransporter1'
Contacting UDDI at http://localhost:9090
Looking for 'Ca'
Found http://localhost:8090/ca-ws/endpoint
Creating stub ...
Setting endpoint address ...
[
[
  Version: V1
  Subject: CN=DistributedSystems, OU=DEI, O=IST, L=Lisbon, ST=Lisbon, C=PT
  Signature Algorithm: SHA256withRSA, OID = 1.2.840.113549.1.1.11

  Key:  Sun RSA public key, 2048 bits
  modulus: 26667733344901105960569751727828569487214718708670945411188295642815606009560465347954545110592222944090982918465809468419238097364240524173209724878583398722100079734240131613765957603945675438531277654589865657668875533447087897042522082820053362269921081494634218619103722283987100002127744495735659330377296158667180517233635226043251542377330609155607362306352555072875158429670985653207961321353434474546723452521700302196843309492385382168858877968545394718449793701241526884292374101949696866959127615458759504166010855854580719538864213377660845095685904776645547354617687492052899918169806504259680521841033
  public exponent: 65537
  Validity: [From: Thu May 12 17:06:51 WEST 2016,
               To: Wed Aug 10 17:06:51 WEST 2016]
  Issuer: C=PT, L=Lisbon, O=IST, OU=DEI, CN=DistributedSystems
  SerialNumber: [    e012b535 b8ce9382]

]
  Algorithm: [SHA256withRSA]
  Signature:
0000: 26 0A 45 7B D7 52 8A 8F   BE 4A 66 D8 54 FC 68 C3  &.E..R...Jf.T.h.
0010: 07 08 D8 44 DB D3 C7 BB   DF C4 0D 18 28 67 D4 30  ...D........(g.0
0020: 15 3D 66 17 A9 74 76 FA   56 61 99 2F 46 EE 96 DF  .=f..tv.Va./F...
0030: 92 9C 25 F4 7B D3 39 73   40 C1 8C B4 3A EF A5 23  ..%...9s@...:..#
0040: 95 06 4F 35 39 79 13 AF   44 7A 82 C4 E5 E8 E9 7E  ..O59y..Dz......
0050: C7 A5 C8 A5 C4 BB ED 1A   FA EF C1 B2 80 1F 7F A8  ................
0060: 1E 67 EE 56 2D 28 B8 55   1C 80 E9 2B 0E 59 12 B2  .g.V-(.U...+.Y..
0070: 35 B6 86 94 01 F9 F0 BF   61 5F BB 14 74 1B 12 C7  5.......a_..t...
0080: 81 90 F4 53 6B A9 C1 C8   D3 2F 83 09 D4 1F B0 76  ...Sk..../.....v
0090: B6 4A 83 1F DD F0 36 BD   FC F0 E8 D3 60 E9 88 74  .J....6.....`..t
00A0: D6 0D F4 92 ED A0 27 B1   B0 8E 0F E0 B8 04 6B F9  ......'.......k.
00B0: D5 FF E2 7E A2 E7 08 E1   08 9D 2D 17 14 A9 B8 44  ..........-....D
00C0: 33 63 DB 1C 96 0A D4 46   0F FF 5D 88 86 36 B6 A8  3c.....F..]..6..
00D0: 0A F2 97 30 17 3B B1 DB   4F AE DF 35 08 8E 82 58  ...0.;..O..5...X
00E0: 42 5B E2 F8 4D CE BB E9   D7 07 1F C3 00 5C C4 78  B[..M........\.x
00F0: AA 02 86 4D CF D2 66 FE   47 80 7C CB E6 0C DD 2F  ...M..f.G....../

]
Caught exception in handleMessage: java.lang.NullPointerException
Continue normal processing...
Inbound SOAP message:
<S:Envelope xmlns:S="http://schemas.xmlsoap.org/soap/envelope/" xmlns:SOAP-ENV="http://schemas.xmlsoap.org/soap/envelope/"><SOAP-ENV:Header><d:myHeader xmlns:d="http://demo">IEGRPc962kg+hlwcSZ2tSpA/WIcuXLqc0Dt7tLnzsnmUSvYpBqSIurGK1XLkdJJnolwU1ulBn8cRy8yeKQudj1ii32rLCNrXQGPfqq0SKVsY+8CYkqoYxnYwDqFYEl0EezEFgQSz7OjxY4aVj1euEZYHz++LcOLfwQiDMwW4lieRNRRjFR5PLHA2WUnZyRq5RqCjD8YuH+rStV8GhqlQV7OeWUsmNARh5MVGHtH+58I6kOZsLVMToLR62YfvGebEvxrvRQNGPFfQjNAB+4jGiqSE5ChIZqqakMhQeCu9sKG4WDyxqy7SEGSFyTBa5vBwBnxlytVku0XJXTwN2vsbag==</d:myHeader><e:myRequestHeader xmlns:e="urn:example">UpaTransporter1</e:myRequestHeader><e:myID xmlns:e="http://demo">7700abd7-406c-4d79-b472-2902241ad39b</e:myID><d:myHeader1 xmlns:d="http://demo">NZCHbMIgtnLhBrldmZMBHkIFAA9oKbG4+w3eSvFbxgK3rSAM69ZxE3TNAtifmt/GA/2IMOqHs5JhGt9xLDVddQ6j9RRig9srKeBidZ1U9zdOREhkl/29yXDnO8TQIcgV9ZPGBLKZ6AouUGfyjAu8Mn95wsE40bUsxgP3ErcN07U7PKo4NMbl1LCzUY1FvQkThODADBBKQTivwUWR56cigt/Ywdi3pt/oHTjKHXeBuZDJSZG94c1PdLfE7cbALU/IN1S8TaEDgHr6T8SMUU3zjWpUkg4viOw2QzdoZQxVm7ID8RQtsg9BJ6VlA+GJ27e2cpWnAPcRGg49wfIipdO+8g==</d:myHeader1></SOAP-ENV:Header><S:Body><ns2:jobStatusResponse xmlns:ns2="http://ws.transporter.upa.pt/"><return><companyName>UpaTransporter1</companyName><jobIdentifier>0</jobIdentifier><jobOrigin>Lisboa</jobOrigin><jobDestination>Coimbra</jobDestination><jobPrice>5</jobPrice><jobState>ONGOING</jobState></return></ns2:jobStatusResponse></S:Body></S:Envelope>
Outbound SOAP message:
<S:Envelope xmlns:S="http://schemas.xmlsoap.org/soap/envelope/" xmlns:SOAP-ENV="http://schemas.xmlsoap.org/soap/envelope/"><SOAP-ENV:Header/><S:Body><ns2:jobStatus xmlns:ns2="http://ws.transporter.upa.pt/"><id>0</id></ns2:jobStatus></S:Body></S:Envelope>
AddHeaderHandler: Handling message.
Text:
[S:Body: null]
Bytes:
5B533A426F64793A206E756C6C5D
Signing ...
Caught exception in handleMessage: java.lang.NullPointerException
Continue normal processing...
AddHeaderHandler: Handling message.
Text:
[S:Body: null]
Bytes:
5B533A426F64793A206E756C6C5D
got 'UpaTransporter1'
Contacting UDDI at http://localhost:9090
Looking for 'Ca'
Found http://localhost:8090/ca-ws/endpoint
Creating stub ...
Setting endpoint address ...
[
[
  Version: V1
  Subject: CN=DistributedSystems, OU=DEI, O=IST, L=Lisbon, ST=Lisbon, C=PT
  Signature Algorithm: SHA256withRSA, OID = 1.2.840.113549.1.1.11

  Key:  Sun RSA public key, 2048 bits
  modulus: 26667733344901105960569751727828569487214718708670945411188295642815606009560465347954545110592222944090982918465809468419238097364240524173209724878583398722100079734240131613765957603945675438531277654589865657668875533447087897042522082820053362269921081494634218619103722283987100002127744495735659330377296158667180517233635226043251542377330609155607362306352555072875158429670985653207961321353434474546723452521700302196843309492385382168858877968545394718449793701241526884292374101949696866959127615458759504166010855854580719538864213377660845095685904776645547354617687492052899918169806504259680521841033
  public exponent: 65537
  Validity: [From: Thu May 12 17:06:51 WEST 2016,
               To: Wed Aug 10 17:06:51 WEST 2016]
  Issuer: C=PT, L=Lisbon, O=IST, OU=DEI, CN=DistributedSystems
  SerialNumber: [    e012b535 b8ce9382]

]
  Algorithm: [SHA256withRSA]
  Signature:
0000: 26 0A 45 7B D7 52 8A 8F   BE 4A 66 D8 54 FC 68 C3  &.E..R...Jf.T.h.
0010: 07 08 D8 44 DB D3 C7 BB   DF C4 0D 18 28 67 D4 30  ...D........(g.0
0020: 15 3D 66 17 A9 74 76 FA   56 61 99 2F 46 EE 96 DF  .=f..tv.Va./F...
0030: 92 9C 25 F4 7B D3 39 73   40 C1 8C B4 3A EF A5 23  ..%...9s@...:..#
0040: 95 06 4F 35 39 79 13 AF   44 7A 82 C4 E5 E8 E9 7E  ..O59y..Dz......
0050: C7 A5 C8 A5 C4 BB ED 1A   FA EF C1 B2 80 1F 7F A8  ................
0060: 1E 67 EE 56 2D 28 B8 55   1C 80 E9 2B 0E 59 12 B2  .g.V-(.U...+.Y..
0070: 35 B6 86 94 01 F9 F0 BF   61 5F BB 14 74 1B 12 C7  5.......a_..t...
0080: 81 90 F4 53 6B A9 C1 C8   D3 2F 83 09 D4 1F B0 76  ...Sk..../.....v
0090: B6 4A 83 1F DD F0 36 BD   FC F0 E8 D3 60 E9 88 74  .J....6.....`..t
00A0: D6 0D F4 92 ED A0 27 B1   B0 8E 0F E0 B8 04 6B F9  ......'.......k.
00B0: D5 FF E2 7E A2 E7 08 E1   08 9D 2D 17 14 A9 B8 44  ..........-....D
00C0: 33 63 DB 1C 96 0A D4 46   0F FF 5D 88 86 36 B6 A8  3c.....F..]..6..
00D0: 0A F2 97 30 17 3B B1 DB   4F AE DF 35 08 8E 82 58  ...0.;..O..5...X
00E0: 42 5B E2 F8 4D CE BB E9   D7 07 1F C3 00 5C C4 78  B[..M........\.x
00F0: AA 02 86 4D CF D2 66 FE   47 80 7C CB E6 0C DD 2F  ...M..f.G....../

]
Caught exception in handleMessage: java.lang.NullPointerException
Continue normal processing...
Inbound SOAP message:
<S:Envelope xmlns:S="http://schemas.xmlsoap.org/soap/envelope/" xmlns:SOAP-ENV="http://schemas.xmlsoap.org/soap/envelope/"><SOAP-ENV:Header><d:myHeader xmlns:d="http://demo">IEGRPc962kg+hlwcSZ2tSpA/WIcuXLqc0Dt7tLnzsnmUSvYpBqSIurGK1XLkdJJnolwU1ulBn8cRy8yeKQudj1ii32rLCNrXQGPfqq0SKVsY+8CYkqoYxnYwDqFYEl0EezEFgQSz7OjxY4aVj1euEZYHz++LcOLfwQiDMwW4lieRNRRjFR5PLHA2WUnZyRq5RqCjD8YuH+rStV8GhqlQV7OeWUsmNARh5MVGHtH+58I6kOZsLVMToLR62YfvGebEvxrvRQNGPFfQjNAB+4jGiqSE5ChIZqqakMhQeCu9sKG4WDyxqy7SEGSFyTBa5vBwBnxlytVku0XJXTwN2vsbag==</d:myHeader><e:myRequestHeader xmlns:e="urn:example">UpaTransporter1</e:myRequestHeader><e:myID xmlns:e="http://demo">b8b1c7f1-7fe3-480e-a7b7-0e98dc238aed</e:myID><d:myHeader1 xmlns:d="http://demo">CgWvFrDJt0nGybmN8xD84VFu56o2J7cs3NyaEj6eW+a8s/AQd1qui14gzjOKdD8/EZz6O40Cxl2IXGDg8HYlhdrhaI0Uqt894WAcqIxvDKgjqALJoliuty9XW+f65DxckXsJaAdHrRRKpThR7IbZpsKuoBpCLAAzdlg+bZ5RQBw/4XMr9cODsRXyC6OCEDZAimJlzV/6keKvYJH57qdPI9yE5D46P4C4CJyuue23SSFrQdaOx4bCrFI3ImLgD+V8mwfrJ+fgvKNOLlmBG+xAF2ArrVhnQDzr3mGXLHzEwajoNtox6r10RlQxcWP8cgnyyQEkZoQpomJUfzZaIrIYUQ==</d:myHeader1></SOAP-ENV:Header><S:Body><ns2:jobStatusResponse xmlns:ns2="http://ws.transporter.upa.pt/"><return><companyName>UpaTransporter1</companyName><jobIdentifier>0</jobIdentifier><jobOrigin>Lisboa</jobOrigin><jobDestination>Coimbra</jobDestination><jobPrice>5</jobPrice><jobState>ONGOING</jobState></return></ns2:jobStatusResponse></S:Body></S:Envelope>
Outbound SOAP message:
<S:Envelope xmlns:S="http://schemas.xmlsoap.org/soap/envelope/" xmlns:SOAP-ENV="http://schemas.xmlsoap.org/soap/envelope/"><SOAP-ENV:Header/><S:Body><ns2:jobStatus xmlns:ns2="http://ws.transporter.upa.pt/"><id>0</id></ns2:jobStatus></S:Body></S:Envelope>
AddHeaderHandler: Handling message.
Text:
[S:Body: null]
Bytes:
5B533A426F64793A206E756C6C5D
Signing ...
Caught exception in handleMessage: java.lang.NullPointerException
Continue normal processing...
AddHeaderHandler: Handling message.
Text:
[S:Body: null]
Bytes:
5B533A426F64793A206E756C6C5D
got 'UpaTransporter1'
Contacting UDDI at http://localhost:9090
Looking for 'Ca'
Found http://localhost:8090/ca-ws/endpoint
Creating stub ...
Setting endpoint address ...
[
[
  Version: V1
  Subject: CN=DistributedSystems, OU=DEI, O=IST, L=Lisbon, ST=Lisbon, C=PT
  Signature Algorithm: SHA256withRSA, OID = 1.2.840.113549.1.1.11

  Key:  Sun RSA public key, 2048 bits
  modulus: 26667733344901105960569751727828569487214718708670945411188295642815606009560465347954545110592222944090982918465809468419238097364240524173209724878583398722100079734240131613765957603945675438531277654589865657668875533447087897042522082820053362269921081494634218619103722283987100002127744495735659330377296158667180517233635226043251542377330609155607362306352555072875158429670985653207961321353434474546723452521700302196843309492385382168858877968545394718449793701241526884292374101949696866959127615458759504166010855854580719538864213377660845095685904776645547354617687492052899918169806504259680521841033
  public exponent: 65537
  Validity: [From: Thu May 12 17:06:51 WEST 2016,
               To: Wed Aug 10 17:06:51 WEST 2016]
  Issuer: C=PT, L=Lisbon, O=IST, OU=DEI, CN=DistributedSystems
  SerialNumber: [    e012b535 b8ce9382]

]
  Algorithm: [SHA256withRSA]
  Signature:
0000: 26 0A 45 7B D7 52 8A 8F   BE 4A 66 D8 54 FC 68 C3  &.E..R...Jf.T.h.
0010: 07 08 D8 44 DB D3 C7 BB   DF C4 0D 18 28 67 D4 30  ...D........(g.0
0020: 15 3D 66 17 A9 74 76 FA   56 61 99 2F 46 EE 96 DF  .=f..tv.Va./F...
0030: 92 9C 25 F4 7B D3 39 73   40 C1 8C B4 3A EF A5 23  ..%...9s@...:..#
0040: 95 06 4F 35 39 79 13 AF   44 7A 82 C4 E5 E8 E9 7E  ..O59y..Dz......
0050: C7 A5 C8 A5 C4 BB ED 1A   FA EF C1 B2 80 1F 7F A8  ................
0060: 1E 67 EE 56 2D 28 B8 55   1C 80 E9 2B 0E 59 12 B2  .g.V-(.U...+.Y..
0070: 35 B6 86 94 01 F9 F0 BF   61 5F BB 14 74 1B 12 C7  5.......a_..t...
0080: 81 90 F4 53 6B A9 C1 C8   D3 2F 83 09 D4 1F B0 76  ...Sk..../.....v
0090: B6 4A 83 1F DD F0 36 BD   FC F0 E8 D3 60 E9 88 74  .J....6.....`..t
00A0: D6 0D F4 92 ED A0 27 B1   B0 8E 0F E0 B8 04 6B F9  ......'.......k.
00B0: D5 FF E2 7E A2 E7 08 E1   08 9D 2D 17 14 A9 B8 44  ..........-....D
00C0: 33 63 DB 1C 96 0A D4 46   0F FF 5D 88 86 36 B6 A8  3c.....F..]..6..
00D0: 0A F2 97 30 17 3B B1 DB   4F AE DF 35 08 8E 82 58  ...0.;..O..5...X
00E0: 42 5B E2 F8 4D CE BB E9   D7 07 1F C3 00 5C C4 78  B[..M........\.x
00F0: AA 02 86 4D CF D2 66 FE   47 80 7C CB E6 0C DD 2F  ...M..f.G....../

]
Caught exception in handleMessage: java.lang.NullPointerException
Continue normal processing...
Inbound SOAP message:
<S:Envelope xmlns:S="http://schemas.xmlsoap.org/soap/envelope/" xmlns:SOAP-ENV="http://schemas.xmlsoap.org/soap/envelope/"><SOAP-ENV:Header><d:myHeader xmlns:d="http://demo">IEGRPc962kg+hlwcSZ2tSpA/WIcuXLqc0Dt7tLnzsnmUSvYpBqSIurGK1XLkdJJnolwU1ulBn8cRy8yeKQudj1ii32rLCNrXQGPfqq0SKVsY+8CYkqoYxnYwDqFYEl0EezEFgQSz7OjxY4aVj1euEZYHz++LcOLfwQiDMwW4lieRNRRjFR5PLHA2WUnZyRq5RqCjD8YuH+rStV8GhqlQV7OeWUsmNARh5MVGHtH+58I6kOZsLVMToLR62YfvGebEvxrvRQNGPFfQjNAB+4jGiqSE5ChIZqqakMhQeCu9sKG4WDyxqy7SEGSFyTBa5vBwBnxlytVku0XJXTwN2vsbag==</d:myHeader><e:myRequestHeader xmlns:e="urn:example">UpaTransporter1</e:myRequestHeader><e:myID xmlns:e="http://demo">47f06190-8300-4aab-81c8-81de5a4bcd68</e:myID><d:myHeader1 xmlns:d="http://demo">mVuFC695+gb89ws0Qwd2rvvCh1FvH4hUeNn2/lodpiSlwmcutgbF3whQmI4SY9vEob2/hi1Gq7lfVHfio2UQj0AQBEyOGDe3BLBPJe9A6TlNkj9i3fTcz7hgb9p8ZBIpPQtIAWQp1uIaW3suFQc3BOrReCrlkk3jDIgJx8DIWxIJCi5gOn2tRFsT14VyRiAZFOV0BeGZfRIH+ZBD5Nn9Nz0IOGBzq9Zj+NS8S5BDJIA0Q5gR/unHXZm2xqHYbASN3guULoTFDwuXndfXRQHyZ9C5Ynk20gWOGolcLST4acnCe416WnjTitszNJYux42fyRlXk5VXFb/Fuwv6rJuWgw==</d:myHeader1></SOAP-ENV:Header><S:Body><ns2:jobStatusResponse xmlns:ns2="http://ws.transporter.upa.pt/"><return><companyName>UpaTransporter1</companyName><jobIdentifier>0</jobIdentifier><jobOrigin>Lisboa</jobOrigin><jobDestination>Coimbra</jobDestination><jobPrice>5</jobPrice><jobState>ONGOING</jobState></return></ns2:jobStatusResponse></S:Body></S:Envelope>
Outbound SOAP message:
<S:Envelope xmlns:S="http://schemas.xmlsoap.org/soap/envelope/" xmlns:SOAP-ENV="http://schemas.xmlsoap.org/soap/envelope/"><SOAP-ENV:Header/><S:Body><ns2:jobStatus xmlns:ns2="http://ws.transporter.upa.pt/"><id>0</id></ns2:jobStatus></S:Body></S:Envelope>
AddHeaderHandler: Handling message.
Text:
[S:Body: null]
Bytes:
5B533A426F64793A206E756C6C5D
Signing ...
Caught exception in handleMessage: java.lang.NullPointerException
Continue normal processing...
AddHeaderHandler: Handling message.
Text:
[S:Body: null]
Bytes:
5B533A426F64793A206E756C6C5D
got 'UpaTransporter1'
Contacting UDDI at http://localhost:9090
Looking for 'Ca'
Found http://localhost:8090/ca-ws/endpoint
Creating stub ...
Setting endpoint address ...
[
[
  Version: V1
  Subject: CN=DistributedSystems, OU=DEI, O=IST, L=Lisbon, ST=Lisbon, C=PT
  Signature Algorithm: SHA256withRSA, OID = 1.2.840.113549.1.1.11

  Key:  Sun RSA public key, 2048 bits
  modulus: 26667733344901105960569751727828569487214718708670945411188295642815606009560465347954545110592222944090982918465809468419238097364240524173209724878583398722100079734240131613765957603945675438531277654589865657668875533447087897042522082820053362269921081494634218619103722283987100002127744495735659330377296158667180517233635226043251542377330609155607362306352555072875158429670985653207961321353434474546723452521700302196843309492385382168858877968545394718449793701241526884292374101949696866959127615458759504166010855854580719538864213377660845095685904776645547354617687492052899918169806504259680521841033
  public exponent: 65537
  Validity: [From: Thu May 12 17:06:51 WEST 2016,
               To: Wed Aug 10 17:06:51 WEST 2016]
  Issuer: C=PT, L=Lisbon, O=IST, OU=DEI, CN=DistributedSystems
  SerialNumber: [    e012b535 b8ce9382]

]
  Algorithm: [SHA256withRSA]
  Signature:
0000: 26 0A 45 7B D7 52 8A 8F   BE 4A 66 D8 54 FC 68 C3  &.E..R...Jf.T.h.
0010: 07 08 D8 44 DB D3 C7 BB   DF C4 0D 18 28 67 D4 30  ...D........(g.0
0020: 15 3D 66 17 A9 74 76 FA   56 61 99 2F 46 EE 96 DF  .=f..tv.Va./F...
0030: 92 9C 25 F4 7B D3 39 73   40 C1 8C B4 3A EF A5 23  ..%...9s@...:..#
0040: 95 06 4F 35 39 79 13 AF   44 7A 82 C4 E5 E8 E9 7E  ..O59y..Dz......
0050: C7 A5 C8 A5 C4 BB ED 1A   FA EF C1 B2 80 1F 7F A8  ................
0060: 1E 67 EE 56 2D 28 B8 55   1C 80 E9 2B 0E 59 12 B2  .g.V-(.U...+.Y..
0070: 35 B6 86 94 01 F9 F0 BF   61 5F BB 14 74 1B 12 C7  5.......a_..t...
0080: 81 90 F4 53 6B A9 C1 C8   D3 2F 83 09 D4 1F B0 76  ...Sk..../.....v
0090: B6 4A 83 1F DD F0 36 BD   FC F0 E8 D3 60 E9 88 74  .J....6.....`..t
00A0: D6 0D F4 92 ED A0 27 B1   B0 8E 0F E0 B8 04 6B F9  ......'.......k.
00B0: D5 FF E2 7E A2 E7 08 E1   08 9D 2D 17 14 A9 B8 44  ..........-....D
00C0: 33 63 DB 1C 96 0A D4 46   0F FF 5D 88 86 36 B6 A8  3c.....F..]..6..
00D0: 0A F2 97 30 17 3B B1 DB   4F AE DF 35 08 8E 82 58  ...0.;..O..5...X
00E0: 42 5B E2 F8 4D CE BB E9   D7 07 1F C3 00 5C C4 78  B[..M........\.x
00F0: AA 02 86 4D CF D2 66 FE   47 80 7C CB E6 0C DD 2F  ...M..f.G....../

]
Caught exception in handleMessage: java.lang.NullPointerException
Continue normal processing...
Inbound SOAP message:
<S:Envelope xmlns:S="http://schemas.xmlsoap.org/soap/envelope/" xmlns:SOAP-ENV="http://schemas.xmlsoap.org/soap/envelope/"><SOAP-ENV:Header><d:myHeader xmlns:d="http://demo">IEGRPc962kg+hlwcSZ2tSpA/WIcuXLqc0Dt7tLnzsnmUSvYpBqSIurGK1XLkdJJnolwU1ulBn8cRy8yeKQudj1ii32rLCNrXQGPfqq0SKVsY+8CYkqoYxnYwDqFYEl0EezEFgQSz7OjxY4aVj1euEZYHz++LcOLfwQiDMwW4lieRNRRjFR5PLHA2WUnZyRq5RqCjD8YuH+rStV8GhqlQV7OeWUsmNARh5MVGHtH+58I6kOZsLVMToLR62YfvGebEvxrvRQNGPFfQjNAB+4jGiqSE5ChIZqqakMhQeCu9sKG4WDyxqy7SEGSFyTBa5vBwBnxlytVku0XJXTwN2vsbag==</d:myHeader><e:myRequestHeader xmlns:e="urn:example">UpaTransporter1</e:myRequestHeader><e:myID xmlns:e="http://demo">3ae4f693-f780-4f4c-8bc1-fa38d971f3c4</e:myID><d:myHeader1 xmlns:d="http://demo">pPd0sU2zuOBdpR8tHDqJtNbEAGX4U+qQK0dUncY4YHRifdWiGFnuHjLrPVtZhqn/gXb4X+13YQlT3HkPqtfizuteBgWz+sPITOCpOHy/W0YCq+xxcAEFp+dg6lojQgLFespCXyaeH40E0lXglEsvppe05HJyXEM4pzdgZGVskIymb7qw6td2Zwu1TSMiHOkyc5NxtWpi+U7CclyGEGZ0RUmcaoEKg35iuZeQ7143WdQ/KvlH1sWFsW/XaRVxfa79MVHEodHg8D/78Zfa/i/gQ1ej2VOIM6Ft7oFHzIoLuNbEs9fKxC9MEf+Zm9NV+4xZDWdD3KWNiupG0qo9M83JIQ==</d:myHeader1></SOAP-ENV:Header><S:Body><ns2:jobStatusResponse xmlns:ns2="http://ws.transporter.upa.pt/"><return><companyName>UpaTransporter1</companyName><jobIdentifier>0</jobIdentifier><jobOrigin>Lisboa</jobOrigin><jobDestination>Coimbra</jobDestination><jobPrice>5</jobPrice><jobState>ONGOING</jobState></return></ns2:jobStatusResponse></S:Body></S:Envelope>
Outbound SOAP message:
<S:Envelope xmlns:S="http://schemas.xmlsoap.org/soap/envelope/" xmlns:SOAP-ENV="http://schemas.xmlsoap.org/soap/envelope/"><SOAP-ENV:Header/><S:Body><ns2:jobStatus xmlns:ns2="http://ws.transporter.upa.pt/"><id>0</id></ns2:jobStatus></S:Body></S:Envelope>
AddHeaderHandler: Handling message.
Text:
[S:Body: null]
Bytes:
5B533A426F64793A206E756C6C5D
Signing ...
Caught exception in handleMessage: java.lang.NullPointerException
Continue normal processing...
AddHeaderHandler: Handling message.
Text:
[S:Body: null]
Bytes:
5B533A426F64793A206E756C6C5D
got 'UpaTransporter1'
Contacting UDDI at http://localhost:9090
Looking for 'Ca'
Found http://localhost:8090/ca-ws/endpoint
Creating stub ...
Setting endpoint address ...
[
[
  Version: V1
  Subject: CN=DistributedSystems, OU=DEI, O=IST, L=Lisbon, ST=Lisbon, C=PT
  Signature Algorithm: SHA256withRSA, OID = 1.2.840.113549.1.1.11

  Key:  Sun RSA public key, 2048 bits
  modulus: 26667733344901105960569751727828569487214718708670945411188295642815606009560465347954545110592222944090982918465809468419238097364240524173209724878583398722100079734240131613765957603945675438531277654589865657668875533447087897042522082820053362269921081494634218619103722283987100002127744495735659330377296158667180517233635226043251542377330609155607362306352555072875158429670985653207961321353434474546723452521700302196843309492385382168858877968545394718449793701241526884292374101949696866959127615458759504166010855854580719538864213377660845095685904776645547354617687492052899918169806504259680521841033
  public exponent: 65537
  Validity: [From: Thu May 12 17:06:51 WEST 2016,
               To: Wed Aug 10 17:06:51 WEST 2016]
  Issuer: C=PT, L=Lisbon, O=IST, OU=DEI, CN=DistributedSystems
  SerialNumber: [    e012b535 b8ce9382]

]
  Algorithm: [SHA256withRSA]
  Signature:
0000: 26 0A 45 7B D7 52 8A 8F   BE 4A 66 D8 54 FC 68 C3  &.E..R...Jf.T.h.
0010: 07 08 D8 44 DB D3 C7 BB   DF C4 0D 18 28 67 D4 30  ...D........(g.0
0020: 15 3D 66 17 A9 74 76 FA   56 61 99 2F 46 EE 96 DF  .=f..tv.Va./F...
0030: 92 9C 25 F4 7B D3 39 73   40 C1 8C B4 3A EF A5 23  ..%...9s@...:..#
0040: 95 06 4F 35 39 79 13 AF   44 7A 82 C4 E5 E8 E9 7E  ..O59y..Dz......
0050: C7 A5 C8 A5 C4 BB ED 1A   FA EF C1 B2 80 1F 7F A8  ................
0060: 1E 67 EE 56 2D 28 B8 55   1C 80 E9 2B 0E 59 12 B2  .g.V-(.U...+.Y..
0070: 35 B6 86 94 01 F9 F0 BF   61 5F BB 14 74 1B 12 C7  5.......a_..t...
0080: 81 90 F4 53 6B A9 C1 C8   D3 2F 83 09 D4 1F B0 76  ...Sk..../.....v
0090: B6 4A 83 1F DD F0 36 BD   FC F0 E8 D3 60 E9 88 74  .J....6.....`..t
00A0: D6 0D F4 92 ED A0 27 B1   B0 8E 0F E0 B8 04 6B F9  ......'.......k.
00B0: D5 FF E2 7E A2 E7 08 E1   08 9D 2D 17 14 A9 B8 44  ..........-....D
00C0: 33 63 DB 1C 96 0A D4 46   0F FF 5D 88 86 36 B6 A8  3c.....F..]..6..
00D0: 0A F2 97 30 17 3B B1 DB   4F AE DF 35 08 8E 82 58  ...0.;..O..5...X
00E0: 42 5B E2 F8 4D CE BB E9   D7 07 1F C3 00 5C C4 78  B[..M........\.x
00F0: AA 02 86 4D CF D2 66 FE   47 80 7C CB E6 0C DD 2F  ...M..f.G....../

]
Caught exception in handleMessage: java.lang.NullPointerException
Continue normal processing...
Inbound SOAP message:
<S:Envelope xmlns:S="http://schemas.xmlsoap.org/soap/envelope/" xmlns:SOAP-ENV="http://schemas.xmlsoap.org/soap/envelope/"><SOAP-ENV:Header><d:myHeader xmlns:d="http://demo">IEGRPc962kg+hlwcSZ2tSpA/WIcuXLqc0Dt7tLnzsnmUSvYpBqSIurGK1XLkdJJnolwU1ulBn8cRy8yeKQudj1ii32rLCNrXQGPfqq0SKVsY+8CYkqoYxnYwDqFYEl0EezEFgQSz7OjxY4aVj1euEZYHz++LcOLfwQiDMwW4lieRNRRjFR5PLHA2WUnZyRq5RqCjD8YuH+rStV8GhqlQV7OeWUsmNARh5MVGHtH+58I6kOZsLVMToLR62YfvGebEvxrvRQNGPFfQjNAB+4jGiqSE5ChIZqqakMhQeCu9sKG4WDyxqy7SEGSFyTBa5vBwBnxlytVku0XJXTwN2vsbag==</d:myHeader><e:myRequestHeader xmlns:e="urn:example">UpaTransporter1</e:myRequestHeader><e:myID xmlns:e="http://demo">c214e2a4-2ea7-4f4d-9c5e-04804cc0997a</e:myID><d:myHeader1 xmlns:d="http://demo">LvYB1jp61jM1H//nWRWMc0TlZ1v1OuC2GxFmrj+85960rJaYro3e3Wt/hLPij4nJ1D3VbEqezuC3bp7IpA+D5dOlgdaL5cZzDnzbxG39qiaImoUDi4PGjhlgBeR2uLFK6oxyrJTvpphLul9Vr9zVKM9OBkYIKVT4kOrDdGPa+tAXbRlsMHdGmVeEyuCZltKSND/jRPJNqpX+1OSDPBs+TsLy1WfDhWegYL9z0cCrqgbbbUuWhngG116KXj6YN/9UGUlV6g/s2szq2hT44gC4i8rEBoKq9puTfbQV9ET9Sy/s3OpvW9QbQ17wr1q9CYuWeWajc4EdcsivqLCRwBQzlg==</d:myHeader1></SOAP-ENV:Header><S:Body><ns2:jobStatusResponse xmlns:ns2="http://ws.transporter.upa.pt/"><return><companyName>UpaTransporter1</companyName><jobIdentifier>0</jobIdentifier><jobOrigin>Lisboa</jobOrigin><jobDestination>Coimbra</jobDestination><jobPrice>5</jobPrice><jobState>ONGOING</jobState></return></ns2:jobStatusResponse></S:Body></S:Envelope>
Outbound SOAP message:
<S:Envelope xmlns:S="http://schemas.xmlsoap.org/soap/envelope/" xmlns:SOAP-ENV="http://schemas.xmlsoap.org/soap/envelope/"><SOAP-ENV:Header/><S:Body><ns2:jobStatus xmlns:ns2="http://ws.transporter.upa.pt/"><id>0</id></ns2:jobStatus></S:Body></S:Envelope>
AddHeaderHandler: Handling message.
Text:
[S:Body: null]
Bytes:
5B533A426F64793A206E756C6C5D
Signing ...
Caught exception in handleMessage: java.lang.NullPointerException
Continue normal processing...
AddHeaderHandler: Handling message.
Text:
[S:Body: null]
Bytes:
5B533A426F64793A206E756C6C5D
got 'UpaTransporter1'
Contacting UDDI at http://localhost:9090
Looking for 'Ca'
Found http://localhost:8090/ca-ws/endpoint
Creating stub ...
Setting endpoint address ...
[
[
  Version: V1
  Subject: CN=DistributedSystems, OU=DEI, O=IST, L=Lisbon, ST=Lisbon, C=PT
  Signature Algorithm: SHA256withRSA, OID = 1.2.840.113549.1.1.11

  Key:  Sun RSA public key, 2048 bits
  modulus: 26667733344901105960569751727828569487214718708670945411188295642815606009560465347954545110592222944090982918465809468419238097364240524173209724878583398722100079734240131613765957603945675438531277654589865657668875533447087897042522082820053362269921081494634218619103722283987100002127744495735659330377296158667180517233635226043251542377330609155607362306352555072875158429670985653207961321353434474546723452521700302196843309492385382168858877968545394718449793701241526884292374101949696866959127615458759504166010855854580719538864213377660845095685904776645547354617687492052899918169806504259680521841033
  public exponent: 65537
  Validity: [From: Thu May 12 17:06:51 WEST 2016,
               To: Wed Aug 10 17:06:51 WEST 2016]
  Issuer: C=PT, L=Lisbon, O=IST, OU=DEI, CN=DistributedSystems
  SerialNumber: [    e012b535 b8ce9382]

]
  Algorithm: [SHA256withRSA]
  Signature:
0000: 26 0A 45 7B D7 52 8A 8F   BE 4A 66 D8 54 FC 68 C3  &.E..R...Jf.T.h.
0010: 07 08 D8 44 DB D3 C7 BB   DF C4 0D 18 28 67 D4 30  ...D........(g.0
0020: 15 3D 66 17 A9 74 76 FA   56 61 99 2F 46 EE 96 DF  .=f..tv.Va./F...
0030: 92 9C 25 F4 7B D3 39 73   40 C1 8C B4 3A EF A5 23  ..%...9s@...:..#
0040: 95 06 4F 35 39 79 13 AF   44 7A 82 C4 E5 E8 E9 7E  ..O59y..Dz......
0050: C7 A5 C8 A5 C4 BB ED 1A   FA EF C1 B2 80 1F 7F A8  ................
0060: 1E 67 EE 56 2D 28 B8 55   1C 80 E9 2B 0E 59 12 B2  .g.V-(.U...+.Y..
0070: 35 B6 86 94 01 F9 F0 BF   61 5F BB 14 74 1B 12 C7  5.......a_..t...
0080: 81 90 F4 53 6B A9 C1 C8   D3 2F 83 09 D4 1F B0 76  ...Sk..../.....v
0090: B6 4A 83 1F DD F0 36 BD   FC F0 E8 D3 60 E9 88 74  .J....6.....`..t
00A0: D6 0D F4 92 ED A0 27 B1   B0 8E 0F E0 B8 04 6B F9  ......'.......k.
00B0: D5 FF E2 7E A2 E7 08 E1   08 9D 2D 17 14 A9 B8 44  ..........-....D
00C0: 33 63 DB 1C 96 0A D4 46   0F FF 5D 88 86 36 B6 A8  3c.....F..]..6..
00D0: 0A F2 97 30 17 3B B1 DB   4F AE DF 35 08 8E 82 58  ...0.;..O..5...X
00E0: 42 5B E2 F8 4D CE BB E9   D7 07 1F C3 00 5C C4 78  B[..M........\.x
00F0: AA 02 86 4D CF D2 66 FE   47 80 7C CB E6 0C DD 2F  ...M..f.G....../

]
Caught exception in handleMessage: java.lang.NullPointerException
Continue normal processing...
Inbound SOAP message:
<S:Envelope xmlns:S="http://schemas.xmlsoap.org/soap/envelope/" xmlns:SOAP-ENV="http://schemas.xmlsoap.org/soap/envelope/"><SOAP-ENV:Header><d:myHeader xmlns:d="http://demo">IEGRPc962kg+hlwcSZ2tSpA/WIcuXLqc0Dt7tLnzsnmUSvYpBqSIurGK1XLkdJJnolwU1ulBn8cRy8yeKQudj1ii32rLCNrXQGPfqq0SKVsY+8CYkqoYxnYwDqFYEl0EezEFgQSz7OjxY4aVj1euEZYHz++LcOLfwQiDMwW4lieRNRRjFR5PLHA2WUnZyRq5RqCjD8YuH+rStV8GhqlQV7OeWUsmNARh5MVGHtH+58I6kOZsLVMToLR62YfvGebEvxrvRQNGPFfQjNAB+4jGiqSE5ChIZqqakMhQeCu9sKG4WDyxqy7SEGSFyTBa5vBwBnxlytVku0XJXTwN2vsbag==</d:myHeader><e:myRequestHeader xmlns:e="urn:example">UpaTransporter1</e:myRequestHeader><e:myID xmlns:e="http://demo">73c02b91-637f-4123-a244-3423698dc7ff</e:myID><d:myHeader1 xmlns:d="http://demo">oJ6/sdoaqVaIRg6TKLUpJuCPeFkktliJH3Kz7y34HQqghaha7WxbKDCAEWsxoDa7B+1HKKBM4ockafzWXhANfYasAyVhToNlm/07kFcWm7O9Sak3JDD5dWr1HN1EfRQlw5arSWoNVmwb9FgV2rFRs2t6M198XH/X3gcNm4wgfI1kVEjKFtHDyDdXwMvfwUUEQPvRBWVEN3BpSRnRJCVKjGbDwH8MkH6P4gJ3t30D3g+OBGVzi31RQ1pP6z43pjmrzpCutiFn4bHWoxIFssyrRExQz+JqoZQ8GIMWa4m1owxOtWVUYkmUm3bs00h/7UgCGRvq1mbJBuYKN5X5eKCYJQ==</d:myHeader1></SOAP-ENV:Header><S:Body><ns2:jobStatusResponse xmlns:ns2="http://ws.transporter.upa.pt/"><return><companyName>UpaTransporter1</companyName><jobIdentifier>0</jobIdentifier><jobOrigin>Lisboa</jobOrigin><jobDestination>Coimbra</jobDestination><jobPrice>5</jobPrice><jobState>ONGOING</jobState></return></ns2:jobStatusResponse></S:Body></S:Envelope>
Outbound SOAP message:
<S:Envelope xmlns:S="http://schemas.xmlsoap.org/soap/envelope/" xmlns:SOAP-ENV="http://schemas.xmlsoap.org/soap/envelope/"><SOAP-ENV:Header/><S:Body><ns2:jobStatus xmlns:ns2="http://ws.transporter.upa.pt/"><id>0</id></ns2:jobStatus></S:Body></S:Envelope>
AddHeaderHandler: Handling message.
Text:
[S:Body: null]
Bytes:
5B533A426F64793A206E756C6C5D
Signing ...
Caught exception in handleMessage: java.lang.NullPointerException
Continue normal processing...
AddHeaderHandler: Handling message.
Text:
[S:Body: null]
Bytes:
5B533A426F64793A206E756C6C5D
got 'UpaTransporter1'
Contacting UDDI at http://localhost:9090
Looking for 'Ca'
Found http://localhost:8090/ca-ws/endpoint
Creating stub ...
Setting endpoint address ...
[
[
  Version: V1
  Subject: CN=DistributedSystems, OU=DEI, O=IST, L=Lisbon, ST=Lisbon, C=PT
  Signature Algorithm: SHA256withRSA, OID = 1.2.840.113549.1.1.11

  Key:  Sun RSA public key, 2048 bits
  modulus: 26667733344901105960569751727828569487214718708670945411188295642815606009560465347954545110592222944090982918465809468419238097364240524173209724878583398722100079734240131613765957603945675438531277654589865657668875533447087897042522082820053362269921081494634218619103722283987100002127744495735659330377296158667180517233635226043251542377330609155607362306352555072875158429670985653207961321353434474546723452521700302196843309492385382168858877968545394718449793701241526884292374101949696866959127615458759504166010855854580719538864213377660845095685904776645547354617687492052899918169806504259680521841033
  public exponent: 65537
  Validity: [From: Thu May 12 17:06:51 WEST 2016,
               To: Wed Aug 10 17:06:51 WEST 2016]
  Issuer: C=PT, L=Lisbon, O=IST, OU=DEI, CN=DistributedSystems
  SerialNumber: [    e012b535 b8ce9382]

]
  Algorithm: [SHA256withRSA]
  Signature:
0000: 26 0A 45 7B D7 52 8A 8F   BE 4A 66 D8 54 FC 68 C3  &.E..R...Jf.T.h.
0010: 07 08 D8 44 DB D3 C7 BB   DF C4 0D 18 28 67 D4 30  ...D........(g.0
0020: 15 3D 66 17 A9 74 76 FA   56 61 99 2F 46 EE 96 DF  .=f..tv.Va./F...
0030: 92 9C 25 F4 7B D3 39 73   40 C1 8C B4 3A EF A5 23  ..%...9s@...:..#
0040: 95 06 4F 35 39 79 13 AF   44 7A 82 C4 E5 E8 E9 7E  ..O59y..Dz......
0050: C7 A5 C8 A5 C4 BB ED 1A   FA EF C1 B2 80 1F 7F A8  ................
0060: 1E 67 EE 56 2D 28 B8 55   1C 80 E9 2B 0E 59 12 B2  .g.V-(.U...+.Y..
0070: 35 B6 86 94 01 F9 F0 BF   61 5F BB 14 74 1B 12 C7  5.......a_..t...
0080: 81 90 F4 53 6B A9 C1 C8   D3 2F 83 09 D4 1F B0 76  ...Sk..../.....v
0090: B6 4A 83 1F DD F0 36 BD   FC F0 E8 D3 60 E9 88 74  .J....6.....`..t
00A0: D6 0D F4 92 ED A0 27 B1   B0 8E 0F E0 B8 04 6B F9  ......'.......k.
00B0: D5 FF E2 7E A2 E7 08 E1   08 9D 2D 17 14 A9 B8 44  ..........-....D
00C0: 33 63 DB 1C 96 0A D4 46   0F FF 5D 88 86 36 B6 A8  3c.....F..]..6..
00D0: 0A F2 97 30 17 3B B1 DB   4F AE DF 35 08 8E 82 58  ...0.;..O..5...X
00E0: 42 5B E2 F8 4D CE BB E9   D7 07 1F C3 00 5C C4 78  B[..M........\.x
00F0: AA 02 86 4D CF D2 66 FE   47 80 7C CB E6 0C DD 2F  ...M..f.G....../

]
Caught exception in handleMessage: java.lang.NullPointerException
Continue normal processing...
Inbound SOAP message:
<S:Envelope xmlns:S="http://schemas.xmlsoap.org/soap/envelope/" xmlns:SOAP-ENV="http://schemas.xmlsoap.org/soap/envelope/"><SOAP-ENV:Header><d:myHeader xmlns:d="http://demo">IEGRPc962kg+hlwcSZ2tSpA/WIcuXLqc0Dt7tLnzsnmUSvYpBqSIurGK1XLkdJJnolwU1ulBn8cRy8yeKQudj1ii32rLCNrXQGPfqq0SKVsY+8CYkqoYxnYwDqFYEl0EezEFgQSz7OjxY4aVj1euEZYHz++LcOLfwQiDMwW4lieRNRRjFR5PLHA2WUnZyRq5RqCjD8YuH+rStV8GhqlQV7OeWUsmNARh5MVGHtH+58I6kOZsLVMToLR62YfvGebEvxrvRQNGPFfQjNAB+4jGiqSE5ChIZqqakMhQeCu9sKG4WDyxqy7SEGSFyTBa5vBwBnxlytVku0XJXTwN2vsbag==</d:myHeader><e:myRequestHeader xmlns:e="urn:example">UpaTransporter1</e:myRequestHeader><e:myID xmlns:e="http://demo">3cd7470c-6877-4d21-9fbe-baffac03c8ad</e:myID><d:myHeader1 xmlns:d="http://demo">PlHZmS6ocLhDtgo2dO8Mo7WnebwZOg4oi90mvX6H330SDLvjpcqfHACg9PX1l31m/cc/i5g5/K7NKKor0AsZ1YmoWuei5qwyFb8IVcmGsEp7D/pGAFejCHmVFtp4g5xVVCxGI/FAA/cPSna4QTVTPeQNvoSg1JK3hR3bIzvWXvWGENKtCDTS8R7vEJIjfsrKGgKlzXlU6a+Fkpb2auImQkn+dOIf0CnkQbKH8ZqcIrtL/8ELAXzPipSBOw9hsvtyX1zovWcen7pw07as/jQjVezx9iSwkLgP4kLaAQp5wAFiqyEgV6vKHM07hiGR1AXaymZg7dovUYSY2l9dDjiimw==</d:myHeader1></SOAP-ENV:Header><S:Body><ns2:jobStatusResponse xmlns:ns2="http://ws.transporter.upa.pt/"><return><companyName>UpaTransporter1</companyName><jobIdentifier>0</jobIdentifier><jobOrigin>Lisboa</jobOrigin><jobDestination>Coimbra</jobDestination><jobPrice>5</jobPrice><jobState>ONGOING</jobState></return></ns2:jobStatusResponse></S:Body></S:Envelope>
Outbound SOAP message:
<S:Envelope xmlns:S="http://schemas.xmlsoap.org/soap/envelope/" xmlns:SOAP-ENV="http://schemas.xmlsoap.org/soap/envelope/"><SOAP-ENV:Header/><S:Body><ns2:jobStatus xmlns:ns2="http://ws.transporter.upa.pt/"><id>0</id></ns2:jobStatus></S:Body></S:Envelope>
AddHeaderHandler: Handling message.
Text:
[S:Body: null]
Bytes:
5B533A426F64793A206E756C6C5D
Signing ...
Caught exception in handleMessage: java.lang.NullPointerException
Continue normal processing...
AddHeaderHandler: Handling message.
Text:
[S:Body: null]
Bytes:
5B533A426F64793A206E756C6C5D
got 'UpaTransporter1'
Contacting UDDI at http://localhost:9090
Looking for 'Ca'
Found http://localhost:8090/ca-ws/endpoint
Creating stub ...
Setting endpoint address ...
[
[
  Version: V1
  Subject: CN=DistributedSystems, OU=DEI, O=IST, L=Lisbon, ST=Lisbon, C=PT
  Signature Algorithm: SHA256withRSA, OID = 1.2.840.113549.1.1.11

  Key:  Sun RSA public key, 2048 bits
  modulus: 26667733344901105960569751727828569487214718708670945411188295642815606009560465347954545110592222944090982918465809468419238097364240524173209724878583398722100079734240131613765957603945675438531277654589865657668875533447087897042522082820053362269921081494634218619103722283987100002127744495735659330377296158667180517233635226043251542377330609155607362306352555072875158429670985653207961321353434474546723452521700302196843309492385382168858877968545394718449793701241526884292374101949696866959127615458759504166010855854580719538864213377660845095685904776645547354617687492052899918169806504259680521841033
  public exponent: 65537
  Validity: [From: Thu May 12 17:06:51 WEST 2016,
               To: Wed Aug 10 17:06:51 WEST 2016]
  Issuer: C=PT, L=Lisbon, O=IST, OU=DEI, CN=DistributedSystems
  SerialNumber: [    e012b535 b8ce9382]

]
  Algorithm: [SHA256withRSA]
  Signature:
0000: 26 0A 45 7B D7 52 8A 8F   BE 4A 66 D8 54 FC 68 C3  &.E..R...Jf.T.h.
0010: 07 08 D8 44 DB D3 C7 BB   DF C4 0D 18 28 67 D4 30  ...D........(g.0
0020: 15 3D 66 17 A9 74 76 FA   56 61 99 2F 46 EE 96 DF  .=f..tv.Va./F...
0030: 92 9C 25 F4 7B D3 39 73   40 C1 8C B4 3A EF A5 23  ..%...9s@...:..#
0040: 95 06 4F 35 39 79 13 AF   44 7A 82 C4 E5 E8 E9 7E  ..O59y..Dz......
0050: C7 A5 C8 A5 C4 BB ED 1A   FA EF C1 B2 80 1F 7F A8  ................
0060: 1E 67 EE 56 2D 28 B8 55   1C 80 E9 2B 0E 59 12 B2  .g.V-(.U...+.Y..
0070: 35 B6 86 94 01 F9 F0 BF   61 5F BB 14 74 1B 12 C7  5.......a_..t...
0080: 81 90 F4 53 6B A9 C1 C8   D3 2F 83 09 D4 1F B0 76  ...Sk..../.....v
0090: B6 4A 83 1F DD F0 36 BD   FC F0 E8 D3 60 E9 88 74  .J....6.....`..t
00A0: D6 0D F4 92 ED A0 27 B1   B0 8E 0F E0 B8 04 6B F9  ......'.......k.
00B0: D5 FF E2 7E A2 E7 08 E1   08 9D 2D 17 14 A9 B8 44  ..........-....D
00C0: 33 63 DB 1C 96 0A D4 46   0F FF 5D 88 86 36 B6 A8  3c.....F..]..6..
00D0: 0A F2 97 30 17 3B B1 DB   4F AE DF 35 08 8E 82 58  ...0.;..O..5...X
00E0: 42 5B E2 F8 4D CE BB E9   D7 07 1F C3 00 5C C4 78  B[..M........\.x
00F0: AA 02 86 4D CF D2 66 FE   47 80 7C CB E6 0C DD 2F  ...M..f.G....../

]
Caught exception in handleMessage: java.lang.NullPointerException
Continue normal processing...
Inbound SOAP message:
<S:Envelope xmlns:S="http://schemas.xmlsoap.org/soap/envelope/" xmlns:SOAP-ENV="http://schemas.xmlsoap.org/soap/envelope/"><SOAP-ENV:Header><d:myHeader xmlns:d="http://demo">IEGRPc962kg+hlwcSZ2tSpA/WIcuXLqc0Dt7tLnzsnmUSvYpBqSIurGK1XLkdJJnolwU1ulBn8cRy8yeKQudj1ii32rLCNrXQGPfqq0SKVsY+8CYkqoYxnYwDqFYEl0EezEFgQSz7OjxY4aVj1euEZYHz++LcOLfwQiDMwW4lieRNRRjFR5PLHA2WUnZyRq5RqCjD8YuH+rStV8GhqlQV7OeWUsmNARh5MVGHtH+58I6kOZsLVMToLR62YfvGebEvxrvRQNGPFfQjNAB+4jGiqSE5ChIZqqakMhQeCu9sKG4WDyxqy7SEGSFyTBa5vBwBnxlytVku0XJXTwN2vsbag==</d:myHeader><e:myRequestHeader xmlns:e="urn:example">UpaTransporter1</e:myRequestHeader><e:myID xmlns:e="http://demo">69a38c70-624a-4985-aca1-f9e719995c16</e:myID><d:myHeader1 xmlns:d="http://demo">uegsqoWk1oMmN2VCTnpqxBrdbhrNFIavnqTjbzCVKwrUbKmU0ixyeIHFgzbYbTRHIJ9q9oR1DdVSoJ/b409LPwijRlkZM4arMF0crsHcR/4wNBqryXYkiI2JntZDtuxCP+mzw2JAZT8C8xUcj52y1BvX5/PVDN3JXWkRY4c/T3M4OaN7laTo46dUUYuAnEs/g9c/Bnk1NfHcPPRhlXcDILipbiqGNyMHZ448CUzd1XTEVUf3khdPyUyHmWl5WRIAHzb/ijWnOja9KpaWc7VyhCCGovsQcYFrBhN8SW4qraWYwDMhoX7vproLB7bhl0rzbl00I+G8woiXjJhYn5XeNw==</d:myHeader1></SOAP-ENV:Header><S:Body><ns2:jobStatusResponse xmlns:ns2="http://ws.transporter.upa.pt/"><return><companyName>UpaTransporter1</companyName><jobIdentifier>0</jobIdentifier><jobOrigin>Lisboa</jobOrigin><jobDestination>Coimbra</jobDestination><jobPrice>5</jobPrice><jobState>ONGOING</jobState></return></ns2:jobStatusResponse></S:Body></S:Envelope>
Outbound SOAP message:
<S:Envelope xmlns:S="http://schemas.xmlsoap.org/soap/envelope/" xmlns:SOAP-ENV="http://schemas.xmlsoap.org/soap/envelope/"><SOAP-ENV:Header/><S:Body><ns2:jobStatus xmlns:ns2="http://ws.transporter.upa.pt/"><id>0</id></ns2:jobStatus></S:Body></S:Envelope>
AddHeaderHandler: Handling message.
Text:
[S:Body: null]
Bytes:
5B533A426F64793A206E756C6C5D
Signing ...
Caught exception in handleMessage: java.lang.NullPointerException
Continue normal processing...
AddHeaderHandler: Handling message.
Text:
[S:Body: null]
Bytes:
5B533A426F64793A206E756C6C5D
got 'UpaTransporter1'
Contacting UDDI at http://localhost:9090
Looking for 'Ca'
Found http://localhost:8090/ca-ws/endpoint
Creating stub ...
Setting endpoint address ...
[
[
  Version: V1
  Subject: CN=DistributedSystems, OU=DEI, O=IST, L=Lisbon, ST=Lisbon, C=PT
  Signature Algorithm: SHA256withRSA, OID = 1.2.840.113549.1.1.11

  Key:  Sun RSA public key, 2048 bits
  modulus: 26667733344901105960569751727828569487214718708670945411188295642815606009560465347954545110592222944090982918465809468419238097364240524173209724878583398722100079734240131613765957603945675438531277654589865657668875533447087897042522082820053362269921081494634218619103722283987100002127744495735659330377296158667180517233635226043251542377330609155607362306352555072875158429670985653207961321353434474546723452521700302196843309492385382168858877968545394718449793701241526884292374101949696866959127615458759504166010855854580719538864213377660845095685904776645547354617687492052899918169806504259680521841033
  public exponent: 65537
  Validity: [From: Thu May 12 17:06:51 WEST 2016,
               To: Wed Aug 10 17:06:51 WEST 2016]
  Issuer: C=PT, L=Lisbon, O=IST, OU=DEI, CN=DistributedSystems
  SerialNumber: [    e012b535 b8ce9382]

]
  Algorithm: [SHA256withRSA]
  Signature:
0000: 26 0A 45 7B D7 52 8A 8F   BE 4A 66 D8 54 FC 68 C3  &.E..R...Jf.T.h.
0010: 07 08 D8 44 DB D3 C7 BB   DF C4 0D 18 28 67 D4 30  ...D........(g.0
0020: 15 3D 66 17 A9 74 76 FA   56 61 99 2F 46 EE 96 DF  .=f..tv.Va./F...
0030: 92 9C 25 F4 7B D3 39 73   40 C1 8C B4 3A EF A5 23  ..%...9s@...:..#
0040: 95 06 4F 35 39 79 13 AF   44 7A 82 C4 E5 E8 E9 7E  ..O59y..Dz......
0050: C7 A5 C8 A5 C4 BB ED 1A   FA EF C1 B2 80 1F 7F A8  ................
0060: 1E 67 EE 56 2D 28 B8 55   1C 80 E9 2B 0E 59 12 B2  .g.V-(.U...+.Y..
0070: 35 B6 86 94 01 F9 F0 BF   61 5F BB 14 74 1B 12 C7  5.......a_..t...
0080: 81 90 F4 53 6B A9 C1 C8   D3 2F 83 09 D4 1F B0 76  ...Sk..../.....v
0090: B6 4A 83 1F DD F0 36 BD   FC F0 E8 D3 60 E9 88 74  .J....6.....`..t
00A0: D6 0D F4 92 ED A0 27 B1   B0 8E 0F E0 B8 04 6B F9  ......'.......k.
00B0: D5 FF E2 7E A2 E7 08 E1   08 9D 2D 17 14 A9 B8 44  ..........-....D
00C0: 33 63 DB 1C 96 0A D4 46   0F FF 5D 88 86 36 B6 A8  3c.....F..]..6..
00D0: 0A F2 97 30 17 3B B1 DB   4F AE DF 35 08 8E 82 58  ...0.;..O..5...X
00E0: 42 5B E2 F8 4D CE BB E9   D7 07 1F C3 00 5C C4 78  B[..M........\.x
00F0: AA 02 86 4D CF D2 66 FE   47 80 7C CB E6 0C DD 2F  ...M..f.G....../

]
Caught exception in handleMessage: java.lang.NullPointerException
Continue normal processing...
Inbound SOAP message:
<S:Envelope xmlns:S="http://schemas.xmlsoap.org/soap/envelope/" xmlns:SOAP-ENV="http://schemas.xmlsoap.org/soap/envelope/"><SOAP-ENV:Header><d:myHeader xmlns:d="http://demo">IEGRPc962kg+hlwcSZ2tSpA/WIcuXLqc0Dt7tLnzsnmUSvYpBqSIurGK1XLkdJJnolwU1ulBn8cRy8yeKQudj1ii32rLCNrXQGPfqq0SKVsY+8CYkqoYxnYwDqFYEl0EezEFgQSz7OjxY4aVj1euEZYHz++LcOLfwQiDMwW4lieRNRRjFR5PLHA2WUnZyRq5RqCjD8YuH+rStV8GhqlQV7OeWUsmNARh5MVGHtH+58I6kOZsLVMToLR62YfvGebEvxrvRQNGPFfQjNAB+4jGiqSE5ChIZqqakMhQeCu9sKG4WDyxqy7SEGSFyTBa5vBwBnxlytVku0XJXTwN2vsbag==</d:myHeader><e:myRequestHeader xmlns:e="urn:example">UpaTransporter1</e:myRequestHeader><e:myID xmlns:e="http://demo">a479169c-ca57-4156-9ec8-979b2e0e0ec3</e:myID><d:myHeader1 xmlns:d="http://demo">s3G+1boToVFCEli01nrX/XrxZKmLwVvcLS6y0e9DCiaSxl9Jpf5BEj/JyenWfBWprTJiuP/SAKbaaqPYcUpCma3BFlLyCdjnfPocVDoqBiCUH4GZknzi1G8jRC8kZ0GC+WeERwRij53P2a6WdTNoNk46rc4dIqvJ5YXfgsEIcZjhSlwpj1gQMWlHjdUfvVEI65Eeq4+XorvAHaL6CDwtBXrMU6sRDeKRxm8K/ws94x9GVfXXiBlSvGuhU28brTDdx8Foe2KKKfMaAOiI3OOoZq7SbE0tCpH/037VldZ9MIFO4XYC/CsgS7Lw2dbWSDctiCIsBprJANUxbJhw705WEw==</d:myHeader1></SOAP-ENV:Header><S:Body><ns2:jobStatusResponse xmlns:ns2="http://ws.transporter.upa.pt/"><return><companyName>UpaTransporter1</companyName><jobIdentifier>0</jobIdentifier><jobOrigin>Lisboa</jobOrigin><jobDestination>Coimbra</jobDestination><jobPrice>5</jobPrice><jobState>ONGOING</jobState></return></ns2:jobStatusResponse></S:Body></S:Envelope>
Outbound SOAP message:
<S:Envelope xmlns:S="http://schemas.xmlsoap.org/soap/envelope/" xmlns:SOAP-ENV="http://schemas.xmlsoap.org/soap/envelope/"><SOAP-ENV:Header/><S:Body><ns2:jobStatus xmlns:ns2="http://ws.transporter.upa.pt/"><id>0</id></ns2:jobStatus></S:Body></S:Envelope>
AddHeaderHandler: Handling message.
Text:
[S:Body: null]
Bytes:
5B533A426F64793A206E756C6C5D
Signing ...
Caught exception in handleMessage: java.lang.NullPointerException
Continue normal processing...
AddHeaderHandler: Handling message.
Text:
[S:Body: null]
Bytes:
5B533A426F64793A206E756C6C5D
got 'UpaTransporter1'
Contacting UDDI at http://localhost:9090
Looking for 'Ca'
Found http://localhost:8090/ca-ws/endpoint
Creating stub ...
Setting endpoint address ...
[
[
  Version: V1
  Subject: CN=DistributedSystems, OU=DEI, O=IST, L=Lisbon, ST=Lisbon, C=PT
  Signature Algorithm: SHA256withRSA, OID = 1.2.840.113549.1.1.11

  Key:  Sun RSA public key, 2048 bits
  modulus: 26667733344901105960569751727828569487214718708670945411188295642815606009560465347954545110592222944090982918465809468419238097364240524173209724878583398722100079734240131613765957603945675438531277654589865657668875533447087897042522082820053362269921081494634218619103722283987100002127744495735659330377296158667180517233635226043251542377330609155607362306352555072875158429670985653207961321353434474546723452521700302196843309492385382168858877968545394718449793701241526884292374101949696866959127615458759504166010855854580719538864213377660845095685904776645547354617687492052899918169806504259680521841033
  public exponent: 65537
  Validity: [From: Thu May 12 17:06:51 WEST 2016,
               To: Wed Aug 10 17:06:51 WEST 2016]
  Issuer: C=PT, L=Lisbon, O=IST, OU=DEI, CN=DistributedSystems
  SerialNumber: [    e012b535 b8ce9382]

]
  Algorithm: [SHA256withRSA]
  Signature:
0000: 26 0A 45 7B D7 52 8A 8F   BE 4A 66 D8 54 FC 68 C3  &.E..R...Jf.T.h.
0010: 07 08 D8 44 DB D3 C7 BB   DF C4 0D 18 28 67 D4 30  ...D........(g.0
0020: 15 3D 66 17 A9 74 76 FA   56 61 99 2F 46 EE 96 DF  .=f..tv.Va./F...
0030: 92 9C 25 F4 7B D3 39 73   40 C1 8C B4 3A EF A5 23  ..%...9s@...:..#
0040: 95 06 4F 35 39 79 13 AF   44 7A 82 C4 E5 E8 E9 7E  ..O59y..Dz......
0050: C7 A5 C8 A5 C4 BB ED 1A   FA EF C1 B2 80 1F 7F A8  ................
0060: 1E 67 EE 56 2D 28 B8 55   1C 80 E9 2B 0E 59 12 B2  .g.V-(.U...+.Y..
0070: 35 B6 86 94 01 F9 F0 BF   61 5F BB 14 74 1B 12 C7  5.......a_..t...
0080: 81 90 F4 53 6B A9 C1 C8   D3 2F 83 09 D4 1F B0 76  ...Sk..../.....v
0090: B6 4A 83 1F DD F0 36 BD   FC F0 E8 D3 60 E9 88 74  .J....6.....`..t
00A0: D6 0D F4 92 ED A0 27 B1   B0 8E 0F E0 B8 04 6B F9  ......'.......k.
00B0: D5 FF E2 7E A2 E7 08 E1   08 9D 2D 17 14 A9 B8 44  ..........-....D
00C0: 33 63 DB 1C 96 0A D4 46   0F FF 5D 88 86 36 B6 A8  3c.....F..]..6..
00D0: 0A F2 97 30 17 3B B1 DB   4F AE DF 35 08 8E 82 58  ...0.;..O..5...X
00E0: 42 5B E2 F8 4D CE BB E9   D7 07 1F C3 00 5C C4 78  B[..M........\.x
00F0: AA 02 86 4D CF D2 66 FE   47 80 7C CB E6 0C DD 2F  ...M..f.G....../

]
Caught exception in handleMessage: java.lang.NullPointerException
Continue normal processing...
Inbound SOAP message:
<S:Envelope xmlns:S="http://schemas.xmlsoap.org/soap/envelope/" xmlns:SOAP-ENV="http://schemas.xmlsoap.org/soap/envelope/"><SOAP-ENV:Header><d:myHeader xmlns:d="http://demo">IEGRPc962kg+hlwcSZ2tSpA/WIcuXLqc0Dt7tLnzsnmUSvYpBqSIurGK1XLkdJJnolwU1ulBn8cRy8yeKQudj1ii32rLCNrXQGPfqq0SKVsY+8CYkqoYxnYwDqFYEl0EezEFgQSz7OjxY4aVj1euEZYHz++LcOLfwQiDMwW4lieRNRRjFR5PLHA2WUnZyRq5RqCjD8YuH+rStV8GhqlQV7OeWUsmNARh5MVGHtH+58I6kOZsLVMToLR62YfvGebEvxrvRQNGPFfQjNAB+4jGiqSE5ChIZqqakMhQeCu9sKG4WDyxqy7SEGSFyTBa5vBwBnxlytVku0XJXTwN2vsbag==</d:myHeader><e:myRequestHeader xmlns:e="urn:example">UpaTransporter1</e:myRequestHeader><e:myID xmlns:e="http://demo">aa596274-9b59-4b66-b2df-8f9c71fdc5a2</e:myID><d:myHeader1 xmlns:d="http://demo">EuPfMeC6kF/Z8iMn4h1vT3H+M7eKXfPcYpzTd6RpU9LOdHcfBW3qvLh++9hUXPJFgI8L7iloRxDUsQ51GlxAOk2D/3S6hR06XFRTWtacvpzqRh3jWULMMwnZRqarkf0KE+mO1OZDpYNiVyNJw7pjZxH21tVHB+I+vwLtuJw2E/lvSuiUikpOe/Y8Q/Z8yyGS8rxqfxuCqNCrN0aL6GNQSZwTdmlVdMl0ZywOPx0PRXwU1eTtWGinLwMVNKstSodS7bkrwMeabAyjrrefkkSrIstaJdc9/NP/1ujkgMKhWTT5Z/eZr61FzWE1KQCrMiHnRWIonPlLA4VAj0q8uTrHLg==</d:myHeader1></SOAP-ENV:Header><S:Body><ns2:jobStatusResponse xmlns:ns2="http://ws.transporter.upa.pt/"><return><companyName>UpaTransporter1</companyName><jobIdentifier>0</jobIdentifier><jobOrigin>Lisboa</jobOrigin><jobDestination>Coimbra</jobDestination><jobPrice>5</jobPrice><jobState>ONGOING</jobState></return></ns2:jobStatusResponse></S:Body></S:Envelope>
Outbound SOAP message:
<S:Envelope xmlns:S="http://schemas.xmlsoap.org/soap/envelope/" xmlns:SOAP-ENV="http://schemas.xmlsoap.org/soap/envelope/"><SOAP-ENV:Header/><S:Body><ns2:jobStatus xmlns:ns2="http://ws.transporter.upa.pt/"><id>0</id></ns2:jobStatus></S:Body></S:Envelope>
AddHeaderHandler: Handling message.
Text:
[S:Body: null]
Bytes:
5B533A426F64793A206E756C6C5D
Signing ...
Caught exception in handleMessage: java.lang.NullPointerException
Continue normal processing...
AddHeaderHandler: Handling message.
Text:
[S:Body: null]
Bytes:
5B533A426F64793A206E756C6C5D
got 'UpaTransporter1'
Contacting UDDI at http://localhost:9090
Looking for 'Ca'
Found http://localhost:8090/ca-ws/endpoint
Creating stub ...
Setting endpoint address ...
[
[
  Version: V1
  Subject: CN=DistributedSystems, OU=DEI, O=IST, L=Lisbon, ST=Lisbon, C=PT
  Signature Algorithm: SHA256withRSA, OID = 1.2.840.113549.1.1.11

  Key:  Sun RSA public key, 2048 bits
  modulus: 26667733344901105960569751727828569487214718708670945411188295642815606009560465347954545110592222944090982918465809468419238097364240524173209724878583398722100079734240131613765957603945675438531277654589865657668875533447087897042522082820053362269921081494634218619103722283987100002127744495735659330377296158667180517233635226043251542377330609155607362306352555072875158429670985653207961321353434474546723452521700302196843309492385382168858877968545394718449793701241526884292374101949696866959127615458759504166010855854580719538864213377660845095685904776645547354617687492052899918169806504259680521841033
  public exponent: 65537
  Validity: [From: Thu May 12 17:06:51 WEST 2016,
               To: Wed Aug 10 17:06:51 WEST 2016]
  Issuer: C=PT, L=Lisbon, O=IST, OU=DEI, CN=DistributedSystems
  SerialNumber: [    e012b535 b8ce9382]

]
  Algorithm: [SHA256withRSA]
  Signature:
0000: 26 0A 45 7B D7 52 8A 8F   BE 4A 66 D8 54 FC 68 C3  &.E..R...Jf.T.h.
0010: 07 08 D8 44 DB D3 C7 BB   DF C4 0D 18 28 67 D4 30  ...D........(g.0
0020: 15 3D 66 17 A9 74 76 FA   56 61 99 2F 46 EE 96 DF  .=f..tv.Va./F...
0030: 92 9C 25 F4 7B D3 39 73   40 C1 8C B4 3A EF A5 23  ..%...9s@...:..#
0040: 95 06 4F 35 39 79 13 AF   44 7A 82 C4 E5 E8 E9 7E  ..O59y..Dz......
0050: C7 A5 C8 A5 C4 BB ED 1A   FA EF C1 B2 80 1F 7F A8  ................
0060: 1E 67 EE 56 2D 28 B8 55   1C 80 E9 2B 0E 59 12 B2  .g.V-(.U...+.Y..
0070: 35 B6 86 94 01 F9 F0 BF   61 5F BB 14 74 1B 12 C7  5.......a_..t...
0080: 81 90 F4 53 6B A9 C1 C8   D3 2F 83 09 D4 1F B0 76  ...Sk..../.....v
0090: B6 4A 83 1F DD F0 36 BD   FC F0 E8 D3 60 E9 88 74  .J....6.....`..t
00A0: D6 0D F4 92 ED A0 27 B1   B0 8E 0F E0 B8 04 6B F9  ......'.......k.
00B0: D5 FF E2 7E A2 E7 08 E1   08 9D 2D 17 14 A9 B8 44  ..........-....D
00C0: 33 63 DB 1C 96 0A D4 46   0F FF 5D 88 86 36 B6 A8  3c.....F..]..6..
00D0: 0A F2 97 30 17 3B B1 DB   4F AE DF 35 08 8E 82 58  ...0.;..O..5...X
00E0: 42 5B E2 F8 4D CE BB E9   D7 07 1F C3 00 5C C4 78  B[..M........\.x
00F0: AA 02 86 4D CF D2 66 FE   47 80 7C CB E6 0C DD 2F  ...M..f.G....../

]
Caught exception in handleMessage: java.lang.NullPointerException
Continue normal processing...
Inbound SOAP message:
<S:Envelope xmlns:S="http://schemas.xmlsoap.org/soap/envelope/" xmlns:SOAP-ENV="http://schemas.xmlsoap.org/soap/envelope/"><SOAP-ENV:Header><d:myHeader xmlns:d="http://demo">IEGRPc962kg+hlwcSZ2tSpA/WIcuXLqc0Dt7tLnzsnmUSvYpBqSIurGK1XLkdJJnolwU1ulBn8cRy8yeKQudj1ii32rLCNrXQGPfqq0SKVsY+8CYkqoYxnYwDqFYEl0EezEFgQSz7OjxY4aVj1euEZYHz++LcOLfwQiDMwW4lieRNRRjFR5PLHA2WUnZyRq5RqCjD8YuH+rStV8GhqlQV7OeWUsmNARh5MVGHtH+58I6kOZsLVMToLR62YfvGebEvxrvRQNGPFfQjNAB+4jGiqSE5ChIZqqakMhQeCu9sKG4WDyxqy7SEGSFyTBa5vBwBnxlytVku0XJXTwN2vsbag==</d:myHeader><e:myRequestHeader xmlns:e="urn:example">UpaTransporter1</e:myRequestHeader><e:myID xmlns:e="http://demo">630c3eb0-5f16-4d83-b6ab-a876089c63a8</e:myID><d:myHeader1 xmlns:d="http://demo">l/le8Za0wvvmrtzG6L3SSo9vOmJJIOMS1gL+nOY305lpijfHJMjxDgPHUZJ21ie8MowPCVDsNryriwZ4vrg6HRFCVoU7SS/lr+FyeSEmNlLrkNanmLrfSgCt4CGmxvzVJLkM79qEESDQuVSzaUa2rQ+u7w/df1lCqxnuOwAmVrTZ5O01SXFU0uafutODkVj/Nl4uemzOvt7KdoG0RSJgGVMmP3LIl5Vv17fehTPT+6RymgEmUmW+mUj9fMlOzdUK8Bd/i/8m/8RehI5Lujyj/tIGmNbn/m2mBq/X1cawlGE/yFJbjUYe46C7gi4i2WREIH9HoJALOyTokpjdHwEAOA==</d:myHeader1></SOAP-ENV:Header><S:Body><ns2:jobStatusResponse xmlns:ns2="http://ws.transporter.upa.pt/"><return><companyName>UpaTransporter1</companyName><jobIdentifier>0</jobIdentifier><jobOrigin>Lisboa</jobOrigin><jobDestination>Coimbra</jobDestination><jobPrice>5</jobPrice><jobState>ONGOING</jobState></return></ns2:jobStatusResponse></S:Body></S:Envelope>
Outbound SOAP message:
<S:Envelope xmlns:S="http://schemas.xmlsoap.org/soap/envelope/" xmlns:SOAP-ENV="http://schemas.xmlsoap.org/soap/envelope/"><SOAP-ENV:Header/><S:Body><ns2:jobStatus xmlns:ns2="http://ws.transporter.upa.pt/"><id>0</id></ns2:jobStatus></S:Body></S:Envelope>
AddHeaderHandler: Handling message.
Text:
[S:Body: null]
Bytes:
5B533A426F64793A206E756C6C5D
Signing ...
Caught exception in handleMessage: java.lang.NullPointerException
Continue normal processing...
AddHeaderHandler: Handling message.
Text:
[S:Body: null]
Bytes:
5B533A426F64793A206E756C6C5D
got 'UpaTransporter1'
Contacting UDDI at http://localhost:9090
Looking for 'Ca'
Found http://localhost:8090/ca-ws/endpoint
Creating stub ...
Setting endpoint address ...
[
[
  Version: V1
  Subject: CN=DistributedSystems, OU=DEI, O=IST, L=Lisbon, ST=Lisbon, C=PT
  Signature Algorithm: SHA256withRSA, OID = 1.2.840.113549.1.1.11

  Key:  Sun RSA public key, 2048 bits
  modulus: 26667733344901105960569751727828569487214718708670945411188295642815606009560465347954545110592222944090982918465809468419238097364240524173209724878583398722100079734240131613765957603945675438531277654589865657668875533447087897042522082820053362269921081494634218619103722283987100002127744495735659330377296158667180517233635226043251542377330609155607362306352555072875158429670985653207961321353434474546723452521700302196843309492385382168858877968545394718449793701241526884292374101949696866959127615458759504166010855854580719538864213377660845095685904776645547354617687492052899918169806504259680521841033
  public exponent: 65537
  Validity: [From: Thu May 12 17:06:51 WEST 2016,
               To: Wed Aug 10 17:06:51 WEST 2016]
  Issuer: C=PT, L=Lisbon, O=IST, OU=DEI, CN=DistributedSystems
  SerialNumber: [    e012b535 b8ce9382]

]
  Algorithm: [SHA256withRSA]
  Signature:
0000: 26 0A 45 7B D7 52 8A 8F   BE 4A 66 D8 54 FC 68 C3  &.E..R...Jf.T.h.
0010: 07 08 D8 44 DB D3 C7 BB   DF C4 0D 18 28 67 D4 30  ...D........(g.0
0020: 15 3D 66 17 A9 74 76 FA   56 61 99 2F 46 EE 96 DF  .=f..tv.Va./F...
0030: 92 9C 25 F4 7B D3 39 73   40 C1 8C B4 3A EF A5 23  ..%...9s@...:..#
0040: 95 06 4F 35 39 79 13 AF   44 7A 82 C4 E5 E8 E9 7E  ..O59y..Dz......
0050: C7 A5 C8 A5 C4 BB ED 1A   FA EF C1 B2 80 1F 7F A8  ................
0060: 1E 67 EE 56 2D 28 B8 55   1C 80 E9 2B 0E 59 12 B2  .g.V-(.U...+.Y..
0070: 35 B6 86 94 01 F9 F0 BF   61 5F BB 14 74 1B 12 C7  5.......a_..t...
0080: 81 90 F4 53 6B A9 C1 C8   D3 2F 83 09 D4 1F B0 76  ...Sk..../.....v
0090: B6 4A 83 1F DD F0 36 BD   FC F0 E8 D3 60 E9 88 74  .J....6.....`..t
00A0: D6 0D F4 92 ED A0 27 B1   B0 8E 0F E0 B8 04 6B F9  ......'.......k.
00B0: D5 FF E2 7E A2 E7 08 E1   08 9D 2D 17 14 A9 B8 44  ..........-....D
00C0: 33 63 DB 1C 96 0A D4 46   0F FF 5D 88 86 36 B6 A8  3c.....F..]..6..
00D0: 0A F2 97 30 17 3B B1 DB   4F AE DF 35 08 8E 82 58  ...0.;..O..5...X
00E0: 42 5B E2 F8 4D CE BB E9   D7 07 1F C3 00 5C C4 78  B[..M........\.x
00F0: AA 02 86 4D CF D2 66 FE   47 80 7C CB E6 0C DD 2F  ...M..f.G....../

]
Caught exception in handleMessage: java.lang.NullPointerException
Continue normal processing...
Inbound SOAP message:
<S:Envelope xmlns:S="http://schemas.xmlsoap.org/soap/envelope/" xmlns:SOAP-ENV="http://schemas.xmlsoap.org/soap/envelope/"><SOAP-ENV:Header><d:myHeader xmlns:d="http://demo">IEGRPc962kg+hlwcSZ2tSpA/WIcuXLqc0Dt7tLnzsnmUSvYpBqSIurGK1XLkdJJnolwU1ulBn8cRy8yeKQudj1ii32rLCNrXQGPfqq0SKVsY+8CYkqoYxnYwDqFYEl0EezEFgQSz7OjxY4aVj1euEZYHz++LcOLfwQiDMwW4lieRNRRjFR5PLHA2WUnZyRq5RqCjD8YuH+rStV8GhqlQV7OeWUsmNARh5MVGHtH+58I6kOZsLVMToLR62YfvGebEvxrvRQNGPFfQjNAB+4jGiqSE5ChIZqqakMhQeCu9sKG4WDyxqy7SEGSFyTBa5vBwBnxlytVku0XJXTwN2vsbag==</d:myHeader><e:myRequestHeader xmlns:e="urn:example">UpaTransporter1</e:myRequestHeader><e:myID xmlns:e="http://demo">8a6cf61c-f417-4c7f-9de4-d73efcfd7e19</e:myID><d:myHeader1 xmlns:d="http://demo">je5EtbEDQAtCcQn6wDtKwbIirF6njpaAE72YmofCmS+LaX5q3JhX/5nSljNTStD6xKrvf61X9MjyaMKMjD1QJA9cCAol7sTfjtagvD+JrlmTxkhhz6pAxO0GQm1LRz5ZJpDTDP6fgaOXEMH5GJWFwlY2OQrSpZdOqYwlQx2KwZrREzb77IubTXvRJQegc6CY2knX4d/RPyT23p3hG0MbM8uuDO2XTE2eCUgR2/4peNJzum4QdR8Hpy+imqZQqOt0u0yg1RgxS6a/h0jeDP28DU4fvXnvxO6pgJAzZJtG3MHmzNGIGTpSu5tKLvNWHEl69bFIS3n539VPEGKmWLjxdA==</d:myHeader1></SOAP-ENV:Header><S:Body><ns2:jobStatusResponse xmlns:ns2="http://ws.transporter.upa.pt/"><return><companyName>UpaTransporter1</companyName><jobIdentifier>0</jobIdentifier><jobOrigin>Lisboa</jobOrigin><jobDestination>Coimbra</jobDestination><jobPrice>5</jobPrice><jobState>ONGOING</jobState></return></ns2:jobStatusResponse></S:Body></S:Envelope>
Outbound SOAP message:
<S:Envelope xmlns:S="http://schemas.xmlsoap.org/soap/envelope/" xmlns:SOAP-ENV="http://schemas.xmlsoap.org/soap/envelope/"><SOAP-ENV:Header/><S:Body><ns2:jobStatus xmlns:ns2="http://ws.transporter.upa.pt/"><id>0</id></ns2:jobStatus></S:Body></S:Envelope>
AddHeaderHandler: Handling message.
Text:
[S:Body: null]
Bytes:
5B533A426F64793A206E756C6C5D
Signing ...
Caught exception in handleMessage: java.lang.NullPointerException
Continue normal processing...
AddHeaderHandler: Handling message.
Text:
[S:Body: null]
Bytes:
5B533A426F64793A206E756C6C5D
got 'UpaTransporter1'
Contacting UDDI at http://localhost:9090
Looking for 'Ca'
Found http://localhost:8090/ca-ws/endpoint
Creating stub ...
Setting endpoint address ...
[
[
  Version: V1
  Subject: CN=DistributedSystems, OU=DEI, O=IST, L=Lisbon, ST=Lisbon, C=PT
  Signature Algorithm: SHA256withRSA, OID = 1.2.840.113549.1.1.11

  Key:  Sun RSA public key, 2048 bits
  modulus: 26667733344901105960569751727828569487214718708670945411188295642815606009560465347954545110592222944090982918465809468419238097364240524173209724878583398722100079734240131613765957603945675438531277654589865657668875533447087897042522082820053362269921081494634218619103722283987100002127744495735659330377296158667180517233635226043251542377330609155607362306352555072875158429670985653207961321353434474546723452521700302196843309492385382168858877968545394718449793701241526884292374101949696866959127615458759504166010855854580719538864213377660845095685904776645547354617687492052899918169806504259680521841033
  public exponent: 65537
  Validity: [From: Thu May 12 17:06:51 WEST 2016,
               To: Wed Aug 10 17:06:51 WEST 2016]
  Issuer: C=PT, L=Lisbon, O=IST, OU=DEI, CN=DistributedSystems
  SerialNumber: [    e012b535 b8ce9382]

]
  Algorithm: [SHA256withRSA]
  Signature:
0000: 26 0A 45 7B D7 52 8A 8F   BE 4A 66 D8 54 FC 68 C3  &.E..R...Jf.T.h.
0010: 07 08 D8 44 DB D3 C7 BB   DF C4 0D 18 28 67 D4 30  ...D........(g.0
0020: 15 3D 66 17 A9 74 76 FA   56 61 99 2F 46 EE 96 DF  .=f..tv.Va./F...
0030: 92 9C 25 F4 7B D3 39 73   40 C1 8C B4 3A EF A5 23  ..%...9s@...:..#
0040: 95 06 4F 35 39 79 13 AF   44 7A 82 C4 E5 E8 E9 7E  ..O59y..Dz......
0050: C7 A5 C8 A5 C4 BB ED 1A   FA EF C1 B2 80 1F 7F A8  ................
0060: 1E 67 EE 56 2D 28 B8 55   1C 80 E9 2B 0E 59 12 B2  .g.V-(.U...+.Y..
0070: 35 B6 86 94 01 F9 F0 BF   61 5F BB 14 74 1B 12 C7  5.......a_..t...
0080: 81 90 F4 53 6B A9 C1 C8   D3 2F 83 09 D4 1F B0 76  ...Sk..../.....v
0090: B6 4A 83 1F DD F0 36 BD   FC F0 E8 D3 60 E9 88 74  .J....6.....`..t
00A0: D6 0D F4 92 ED A0 27 B1   B0 8E 0F E0 B8 04 6B F9  ......'.......k.
00B0: D5 FF E2 7E A2 E7 08 E1   08 9D 2D 17 14 A9 B8 44  ..........-....D
00C0: 33 63 DB 1C 96 0A D4 46   0F FF 5D 88 86 36 B6 A8  3c.....F..]..6..
00D0: 0A F2 97 30 17 3B B1 DB   4F AE DF 35 08 8E 82 58  ...0.;..O..5...X
00E0: 42 5B E2 F8 4D CE BB E9   D7 07 1F C3 00 5C C4 78  B[..M........\.x
00F0: AA 02 86 4D CF D2 66 FE   47 80 7C CB E6 0C DD 2F  ...M..f.G....../

]
Caught exception in handleMessage: java.lang.NullPointerException
Continue normal processing...
Inbound SOAP message:
<S:Envelope xmlns:S="http://schemas.xmlsoap.org/soap/envelope/" xmlns:SOAP-ENV="http://schemas.xmlsoap.org/soap/envelope/"><SOAP-ENV:Header><d:myHeader xmlns:d="http://demo">IEGRPc962kg+hlwcSZ2tSpA/WIcuXLqc0Dt7tLnzsnmUSvYpBqSIurGK1XLkdJJnolwU1ulBn8cRy8yeKQudj1ii32rLCNrXQGPfqq0SKVsY+8CYkqoYxnYwDqFYEl0EezEFgQSz7OjxY4aVj1euEZYHz++LcOLfwQiDMwW4lieRNRRjFR5PLHA2WUnZyRq5RqCjD8YuH+rStV8GhqlQV7OeWUsmNARh5MVGHtH+58I6kOZsLVMToLR62YfvGebEvxrvRQNGPFfQjNAB+4jGiqSE5ChIZqqakMhQeCu9sKG4WDyxqy7SEGSFyTBa5vBwBnxlytVku0XJXTwN2vsbag==</d:myHeader><e:myRequestHeader xmlns:e="urn:example">UpaTransporter1</e:myRequestHeader><e:myID xmlns:e="http://demo">31955189-7652-4b64-948a-931be9b1a18d</e:myID><d:myHeader1 xmlns:d="http://demo">BPv8ld3m6ZpupuAqefvw67NJffWzhoS0p7lcvWL6R08IlbSSWBlraBJxnfltPMLYjYzl260wxDgqLre8MosSbLMIj6yDuzo9AZpHAJehyIntr+BxK61DzKfbIpZVGReDw3X1/TG7nHCUbR/4Ov2rHwJ0WE/tXY1lNV4sueaC7elVQl53GZDB1F/0jV8BnYt3ea9N13DrDRZL8cKrJmrOPYSuKpy9LmdhwhHLinYj9x0XS3T5pTxOfR+D5hB8gX+p9uJ+kOr3J0DGI0f88O5UvEKcCbm3/+Y9UWM/mEHngS4QBRPFPNPPl4qkXJx6VCyhQ8XO9GcDEULPoEvfLHSWiw==</d:myHeader1></SOAP-ENV:Header><S:Body><ns2:jobStatusResponse xmlns:ns2="http://ws.transporter.upa.pt/"><return><companyName>UpaTransporter1</companyName><jobIdentifier>0</jobIdentifier><jobOrigin>Lisboa</jobOrigin><jobDestination>Coimbra</jobDestination><jobPrice>5</jobPrice><jobState>ONGOING</jobState></return></ns2:jobStatusResponse></S:Body></S:Envelope>
Outbound SOAP message:
<S:Envelope xmlns:S="http://schemas.xmlsoap.org/soap/envelope/" xmlns:SOAP-ENV="http://schemas.xmlsoap.org/soap/envelope/"><SOAP-ENV:Header/><S:Body><ns2:jobStatus xmlns:ns2="http://ws.transporter.upa.pt/"><id>0</id></ns2:jobStatus></S:Body></S:Envelope>
AddHeaderHandler: Handling message.
Text:
[S:Body: null]
Bytes:
5B533A426F64793A206E756C6C5D
Signing ...
Caught exception in handleMessage: java.lang.NullPointerException
Continue normal processing...
AddHeaderHandler: Handling message.
Text:
[S:Body: null]
Bytes:
5B533A426F64793A206E756C6C5D
got 'UpaTransporter1'
Contacting UDDI at http://localhost:9090
Looking for 'Ca'
Found http://localhost:8090/ca-ws/endpoint
Creating stub ...
Setting endpoint address ...
[
[
  Version: V1
  Subject: CN=DistributedSystems, OU=DEI, O=IST, L=Lisbon, ST=Lisbon, C=PT
  Signature Algorithm: SHA256withRSA, OID = 1.2.840.113549.1.1.11

  Key:  Sun RSA public key, 2048 bits
  modulus: 26667733344901105960569751727828569487214718708670945411188295642815606009560465347954545110592222944090982918465809468419238097364240524173209724878583398722100079734240131613765957603945675438531277654589865657668875533447087897042522082820053362269921081494634218619103722283987100002127744495735659330377296158667180517233635226043251542377330609155607362306352555072875158429670985653207961321353434474546723452521700302196843309492385382168858877968545394718449793701241526884292374101949696866959127615458759504166010855854580719538864213377660845095685904776645547354617687492052899918169806504259680521841033
  public exponent: 65537
  Validity: [From: Thu May 12 17:06:51 WEST 2016,
               To: Wed Aug 10 17:06:51 WEST 2016]
  Issuer: C=PT, L=Lisbon, O=IST, OU=DEI, CN=DistributedSystems
  SerialNumber: [    e012b535 b8ce9382]

]
  Algorithm: [SHA256withRSA]
  Signature:
0000: 26 0A 45 7B D7 52 8A 8F   BE 4A 66 D8 54 FC 68 C3  &.E..R...Jf.T.h.
0010: 07 08 D8 44 DB D3 C7 BB   DF C4 0D 18 28 67 D4 30  ...D........(g.0
0020: 15 3D 66 17 A9 74 76 FA   56 61 99 2F 46 EE 96 DF  .=f..tv.Va./F...
0030: 92 9C 25 F4 7B D3 39 73   40 C1 8C B4 3A EF A5 23  ..%...9s@...:..#
0040: 95 06 4F 35 39 79 13 AF   44 7A 82 C4 E5 E8 E9 7E  ..O59y..Dz......
0050: C7 A5 C8 A5 C4 BB ED 1A   FA EF C1 B2 80 1F 7F A8  ................
0060: 1E 67 EE 56 2D 28 B8 55   1C 80 E9 2B 0E 59 12 B2  .g.V-(.U...+.Y..
0070: 35 B6 86 94 01 F9 F0 BF   61 5F BB 14 74 1B 12 C7  5.......a_..t...
0080: 81 90 F4 53 6B A9 C1 C8   D3 2F 83 09 D4 1F B0 76  ...Sk..../.....v
0090: B6 4A 83 1F DD F0 36 BD   FC F0 E8 D3 60 E9 88 74  .J....6.....`..t
00A0: D6 0D F4 92 ED A0 27 B1   B0 8E 0F E0 B8 04 6B F9  ......'.......k.
00B0: D5 FF E2 7E A2 E7 08 E1   08 9D 2D 17 14 A9 B8 44  ..........-....D
00C0: 33 63 DB 1C 96 0A D4 46   0F FF 5D 88 86 36 B6 A8  3c.....F..]..6..
00D0: 0A F2 97 30 17 3B B1 DB   4F AE DF 35 08 8E 82 58  ...0.;..O..5...X
00E0: 42 5B E2 F8 4D CE BB E9   D7 07 1F C3 00 5C C4 78  B[..M........\.x
00F0: AA 02 86 4D CF D2 66 FE   47 80 7C CB E6 0C DD 2F  ...M..f.G....../

]
Caught exception in handleMessage: java.lang.NullPointerException
Continue normal processing...
Inbound SOAP message:
<S:Envelope xmlns:S="http://schemas.xmlsoap.org/soap/envelope/" xmlns:SOAP-ENV="http://schemas.xmlsoap.org/soap/envelope/"><SOAP-ENV:Header><d:myHeader xmlns:d="http://demo">IEGRPc962kg+hlwcSZ2tSpA/WIcuXLqc0Dt7tLnzsnmUSvYpBqSIurGK1XLkdJJnolwU1ulBn8cRy8yeKQudj1ii32rLCNrXQGPfqq0SKVsY+8CYkqoYxnYwDqFYEl0EezEFgQSz7OjxY4aVj1euEZYHz++LcOLfwQiDMwW4lieRNRRjFR5PLHA2WUnZyRq5RqCjD8YuH+rStV8GhqlQV7OeWUsmNARh5MVGHtH+58I6kOZsLVMToLR62YfvGebEvxrvRQNGPFfQjNAB+4jGiqSE5ChIZqqakMhQeCu9sKG4WDyxqy7SEGSFyTBa5vBwBnxlytVku0XJXTwN2vsbag==</d:myHeader><e:myRequestHeader xmlns:e="urn:example">UpaTransporter1</e:myRequestHeader><e:myID xmlns:e="http://demo">97383598-7d1e-45af-9c81-767f4eb429fa</e:myID><d:myHeader1 xmlns:d="http://demo">SzPQeW3I2Nc9Eodj0DVnHGMiNwk+KHHaQdkV2Hiho27huBLdXJ6zkIukDFW0l7bQoufbQ1JwrGTZj5W5QJpDmhoLUEUilBv/m/pMR/GpN4cqBMnRWseIr1HfFcK1pbCGLh4fvwkkxrm+2Vzo/Tt9r+D2PYog57Pfi5GiCk99Gb6WXnSlnINgTV1KyjgzvmWF9fZkBwJce4rI0dyniNk4FQQnQ9An4Pcd3UVZycjO1DfKHBjjDk4qcRX/fc8e4O3Dg7lROJiZge4AfuHn4KY2iyLlN2VHftr9OxEFF3kgwLhuVjVO2nz0c7ud2F6lLthxHuAtqoBipDT6DKVBvVveEA==</d:myHeader1></SOAP-ENV:Header><S:Body><ns2:jobStatusResponse xmlns:ns2="http://ws.transporter.upa.pt/"><return><companyName>UpaTransporter1</companyName><jobIdentifier>0</jobIdentifier><jobOrigin>Lisboa</jobOrigin><jobDestination>Coimbra</jobDestination><jobPrice>5</jobPrice><jobState>ONGOING</jobState></return></ns2:jobStatusResponse></S:Body></S:Envelope>
Outbound SOAP message:
<S:Envelope xmlns:S="http://schemas.xmlsoap.org/soap/envelope/" xmlns:SOAP-ENV="http://schemas.xmlsoap.org/soap/envelope/"><SOAP-ENV:Header/><S:Body><ns2:jobStatus xmlns:ns2="http://ws.transporter.upa.pt/"><id>0</id></ns2:jobStatus></S:Body></S:Envelope>
AddHeaderHandler: Handling message.
Text:
[S:Body: null]
Bytes:
5B533A426F64793A206E756C6C5D
Signing ...
Caught exception in handleMessage: java.lang.NullPointerException
Continue normal processing...
AddHeaderHandler: Handling message.
Text:
[S:Body: null]
Bytes:
5B533A426F64793A206E756C6C5D
got 'UpaTransporter1'
Contacting UDDI at http://localhost:9090
Looking for 'Ca'
Found http://localhost:8090/ca-ws/endpoint
Creating stub ...
Setting endpoint address ...
[
[
  Version: V1
  Subject: CN=DistributedSystems, OU=DEI, O=IST, L=Lisbon, ST=Lisbon, C=PT
  Signature Algorithm: SHA256withRSA, OID = 1.2.840.113549.1.1.11

  Key:  Sun RSA public key, 2048 bits
  modulus: 26667733344901105960569751727828569487214718708670945411188295642815606009560465347954545110592222944090982918465809468419238097364240524173209724878583398722100079734240131613765957603945675438531277654589865657668875533447087897042522082820053362269921081494634218619103722283987100002127744495735659330377296158667180517233635226043251542377330609155607362306352555072875158429670985653207961321353434474546723452521700302196843309492385382168858877968545394718449793701241526884292374101949696866959127615458759504166010855854580719538864213377660845095685904776645547354617687492052899918169806504259680521841033
  public exponent: 65537
  Validity: [From: Thu May 12 17:06:51 WEST 2016,
               To: Wed Aug 10 17:06:51 WEST 2016]
  Issuer: C=PT, L=Lisbon, O=IST, OU=DEI, CN=DistributedSystems
  SerialNumber: [    e012b535 b8ce9382]

]
  Algorithm: [SHA256withRSA]
  Signature:
0000: 26 0A 45 7B D7 52 8A 8F   BE 4A 66 D8 54 FC 68 C3  &.E..R...Jf.T.h.
0010: 07 08 D8 44 DB D3 C7 BB   DF C4 0D 18 28 67 D4 30  ...D........(g.0
0020: 15 3D 66 17 A9 74 76 FA   56 61 99 2F 46 EE 96 DF  .=f..tv.Va./F...
0030: 92 9C 25 F4 7B D3 39 73   40 C1 8C B4 3A EF A5 23  ..%...9s@...:..#
0040: 95 06 4F 35 39 79 13 AF   44 7A 82 C4 E5 E8 E9 7E  ..O59y..Dz......
0050: C7 A5 C8 A5 C4 BB ED 1A   FA EF C1 B2 80 1F 7F A8  ................
0060: 1E 67 EE 56 2D 28 B8 55   1C 80 E9 2B 0E 59 12 B2  .g.V-(.U...+.Y..
0070: 35 B6 86 94 01 F9 F0 BF   61 5F BB 14 74 1B 12 C7  5.......a_..t...
0080: 81 90 F4 53 6B A9 C1 C8   D3 2F 83 09 D4 1F B0 76  ...Sk..../.....v
0090: B6 4A 83 1F DD F0 36 BD   FC F0 E8 D3 60 E9 88 74  .J....6.....`..t
00A0: D6 0D F4 92 ED A0 27 B1   B0 8E 0F E0 B8 04 6B F9  ......'.......k.
00B0: D5 FF E2 7E A2 E7 08 E1   08 9D 2D 17 14 A9 B8 44  ..........-....D
00C0: 33 63 DB 1C 96 0A D4 46   0F FF 5D 88 86 36 B6 A8  3c.....F..]..6..
00D0: 0A F2 97 30 17 3B B1 DB   4F AE DF 35 08 8E 82 58  ...0.;..O..5...X
00E0: 42 5B E2 F8 4D CE BB E9   D7 07 1F C3 00 5C C4 78  B[..M........\.x
00F0: AA 02 86 4D CF D2 66 FE   47 80 7C CB E6 0C DD 2F  ...M..f.G....../

]
Caught exception in handleMessage: java.lang.NullPointerException
Continue normal processing...
Inbound SOAP message:
<S:Envelope xmlns:S="http://schemas.xmlsoap.org/soap/envelope/" xmlns:SOAP-ENV="http://schemas.xmlsoap.org/soap/envelope/"><SOAP-ENV:Header><d:myHeader xmlns:d="http://demo">IEGRPc962kg+hlwcSZ2tSpA/WIcuXLqc0Dt7tLnzsnmUSvYpBqSIurGK1XLkdJJnolwU1ulBn8cRy8yeKQudj1ii32rLCNrXQGPfqq0SKVsY+8CYkqoYxnYwDqFYEl0EezEFgQSz7OjxY4aVj1euEZYHz++LcOLfwQiDMwW4lieRNRRjFR5PLHA2WUnZyRq5RqCjD8YuH+rStV8GhqlQV7OeWUsmNARh5MVGHtH+58I6kOZsLVMToLR62YfvGebEvxrvRQNGPFfQjNAB+4jGiqSE5ChIZqqakMhQeCu9sKG4WDyxqy7SEGSFyTBa5vBwBnxlytVku0XJXTwN2vsbag==</d:myHeader><e:myRequestHeader xmlns:e="urn:example">UpaTransporter1</e:myRequestHeader><e:myID xmlns:e="http://demo">640cd1d6-3a08-41b3-9f43-d1ecc9846104</e:myID><d:myHeader1 xmlns:d="http://demo">OC5G7pcmsIA7n4LCJl+6nGXb4lENErdIMBpPOjOfHFacELUfFm6iSY02cZYpM4fP/lz5lijaGOzkkwzJdBn7r7Cl/IEafvhxpvHEWX4g+AxQwc2syvdrA2UnFA+R/kwOyEQ8ITflZcw0GEbea6aKa73a4MGWreegfnwjUxUV6hPVjSUOqpBe4q3jbj80Fb3vjaB+Kfa81JBCnsrcZNvMUkeNMeE/8pXPP5OlTEHT5R21tutcqbfipVQ1/dAk48KfzUdXQNC+5KjUu2H4r+RdkaB0343+QWbb/zBOHo7N0+rijl1IelHpK3AsO63Qv1tBc/hbkcm0dSGXlCbun+5Lgw==</d:myHeader1></SOAP-ENV:Header><S:Body><ns2:jobStatusResponse xmlns:ns2="http://ws.transporter.upa.pt/"><return><companyName>UpaTransporter1</companyName><jobIdentifier>0</jobIdentifier><jobOrigin>Lisboa</jobOrigin><jobDestination>Coimbra</jobDestination><jobPrice>5</jobPrice><jobState>ONGOING</jobState></return></ns2:jobStatusResponse></S:Body></S:Envelope>
Outbound SOAP message:
<S:Envelope xmlns:S="http://schemas.xmlsoap.org/soap/envelope/" xmlns:SOAP-ENV="http://schemas.xmlsoap.org/soap/envelope/"><SOAP-ENV:Header/><S:Body><ns2:jobStatus xmlns:ns2="http://ws.transporter.upa.pt/"><id>0</id></ns2:jobStatus></S:Body></S:Envelope>
AddHeaderHandler: Handling message.
Text:
[S:Body: null]
Bytes:
5B533A426F64793A206E756C6C5D
Signing ...
Caught exception in handleMessage: java.lang.NullPointerException
Continue normal processing...
AddHeaderHandler: Handling message.
Text:
[S:Body: null]
Bytes:
5B533A426F64793A206E756C6C5D
got 'UpaTransporter1'
Contacting UDDI at http://localhost:9090
Looking for 'Ca'
Found http://localhost:8090/ca-ws/endpoint
Creating stub ...
Setting endpoint address ...
[
[
  Version: V1
  Subject: CN=DistributedSystems, OU=DEI, O=IST, L=Lisbon, ST=Lisbon, C=PT
  Signature Algorithm: SHA256withRSA, OID = 1.2.840.113549.1.1.11

  Key:  Sun RSA public key, 2048 bits
  modulus: 26667733344901105960569751727828569487214718708670945411188295642815606009560465347954545110592222944090982918465809468419238097364240524173209724878583398722100079734240131613765957603945675438531277654589865657668875533447087897042522082820053362269921081494634218619103722283987100002127744495735659330377296158667180517233635226043251542377330609155607362306352555072875158429670985653207961321353434474546723452521700302196843309492385382168858877968545394718449793701241526884292374101949696866959127615458759504166010855854580719538864213377660845095685904776645547354617687492052899918169806504259680521841033
  public exponent: 65537
  Validity: [From: Thu May 12 17:06:51 WEST 2016,
               To: Wed Aug 10 17:06:51 WEST 2016]
  Issuer: C=PT, L=Lisbon, O=IST, OU=DEI, CN=DistributedSystems
  SerialNumber: [    e012b535 b8ce9382]

]
  Algorithm: [SHA256withRSA]
  Signature:
0000: 26 0A 45 7B D7 52 8A 8F   BE 4A 66 D8 54 FC 68 C3  &.E..R...Jf.T.h.
0010: 07 08 D8 44 DB D3 C7 BB   DF C4 0D 18 28 67 D4 30  ...D........(g.0
0020: 15 3D 66 17 A9 74 76 FA   56 61 99 2F 46 EE 96 DF  .=f..tv.Va./F...
0030: 92 9C 25 F4 7B D3 39 73   40 C1 8C B4 3A EF A5 23  ..%...9s@...:..#
0040: 95 06 4F 35 39 79 13 AF   44 7A 82 C4 E5 E8 E9 7E  ..O59y..Dz......
0050: C7 A5 C8 A5 C4 BB ED 1A   FA EF C1 B2 80 1F 7F A8  ................
0060: 1E 67 EE 56 2D 28 B8 55   1C 80 E9 2B 0E 59 12 B2  .g.V-(.U...+.Y..
0070: 35 B6 86 94 01 F9 F0 BF   61 5F BB 14 74 1B 12 C7  5.......a_..t...
0080: 81 90 F4 53 6B A9 C1 C8   D3 2F 83 09 D4 1F B0 76  ...Sk..../.....v
0090: B6 4A 83 1F DD F0 36 BD   FC F0 E8 D3 60 E9 88 74  .J....6.....`..t
00A0: D6 0D F4 92 ED A0 27 B1   B0 8E 0F E0 B8 04 6B F9  ......'.......k.
00B0: D5 FF E2 7E A2 E7 08 E1   08 9D 2D 17 14 A9 B8 44  ..........-....D
00C0: 33 63 DB 1C 96 0A D4 46   0F FF 5D 88 86 36 B6 A8  3c.....F..]..6..
00D0: 0A F2 97 30 17 3B B1 DB   4F AE DF 35 08 8E 82 58  ...0.;..O..5...X
00E0: 42 5B E2 F8 4D CE BB E9   D7 07 1F C3 00 5C C4 78  B[..M........\.x
00F0: AA 02 86 4D CF D2 66 FE   47 80 7C CB E6 0C DD 2F  ...M..f.G....../

]
Caught exception in handleMessage: java.lang.NullPointerException
Continue normal processing...
Inbound SOAP message:
<S:Envelope xmlns:S="http://schemas.xmlsoap.org/soap/envelope/" xmlns:SOAP-ENV="http://schemas.xmlsoap.org/soap/envelope/"><SOAP-ENV:Header><d:myHeader xmlns:d="http://demo">IEGRPc962kg+hlwcSZ2tSpA/WIcuXLqc0Dt7tLnzsnmUSvYpBqSIurGK1XLkdJJnolwU1ulBn8cRy8yeKQudj1ii32rLCNrXQGPfqq0SKVsY+8CYkqoYxnYwDqFYEl0EezEFgQSz7OjxY4aVj1euEZYHz++LcOLfwQiDMwW4lieRNRRjFR5PLHA2WUnZyRq5RqCjD8YuH+rStV8GhqlQV7OeWUsmNARh5MVGHtH+58I6kOZsLVMToLR62YfvGebEvxrvRQNGPFfQjNAB+4jGiqSE5ChIZqqakMhQeCu9sKG4WDyxqy7SEGSFyTBa5vBwBnxlytVku0XJXTwN2vsbag==</d:myHeader><e:myRequestHeader xmlns:e="urn:example">UpaTransporter1</e:myRequestHeader><e:myID xmlns:e="http://demo">a356b38f-a765-4270-82d3-f89a79aba68a</e:myID><d:myHeader1 xmlns:d="http://demo">jLnGSK2IeYlFWkLZ2EnZj6tyPtus5M2Urc3C365DtULMTBwNo0NIQcYDDZxQcuqOLipStkvedcJE6TLMpQEI42EzCHA3IWK6/2mFxpcWybawLCR7xwYERLvMtsseekV2YfJ0IerF0W1sL/P04sAIOnyuTSsK6+pkHkvUZwG/GlffcQFYd4gN3/HI46IMpjqSCJEBoT8KgRah5l+/4/27l5O/O2K3HsRAkbPsRqmcWTZQ8A8UNVWMmc2aWbIO2I9Kfag8vVqp9PmGOGk0u7x54ozkUYQ3bSOHnsJd8fH6BI2PgqlV8aCvZyq5QkwLLmoYGvpKgUoc0aW01+fKtRGO0A==</d:myHeader1></SOAP-ENV:Header><S:Body><ns2:jobStatusResponse xmlns:ns2="http://ws.transporter.upa.pt/"><return><companyName>UpaTransporter1</companyName><jobIdentifier>0</jobIdentifier><jobOrigin>Lisboa</jobOrigin><jobDestination>Coimbra</jobDestination><jobPrice>5</jobPrice><jobState>ONGOING</jobState></return></ns2:jobStatusResponse></S:Body></S:Envelope>
Outbound SOAP message:
<S:Envelope xmlns:S="http://schemas.xmlsoap.org/soap/envelope/" xmlns:SOAP-ENV="http://schemas.xmlsoap.org/soap/envelope/"><SOAP-ENV:Header/><S:Body><ns2:jobStatus xmlns:ns2="http://ws.transporter.upa.pt/"><id>0</id></ns2:jobStatus></S:Body></S:Envelope>
AddHeaderHandler: Handling message.
Text:
[S:Body: null]
Bytes:
5B533A426F64793A206E756C6C5D
Signing ...
Caught exception in handleMessage: java.lang.NullPointerException
Continue normal processing...
AddHeaderHandler: Handling message.
Text:
[S:Body: null]
Bytes:
5B533A426F64793A206E756C6C5D
got 'UpaTransporter1'
Contacting UDDI at http://localhost:9090
Looking for 'Ca'
Found http://localhost:8090/ca-ws/endpoint
Creating stub ...
Setting endpoint address ...
[
[
  Version: V1
  Subject: CN=DistributedSystems, OU=DEI, O=IST, L=Lisbon, ST=Lisbon, C=PT
  Signature Algorithm: SHA256withRSA, OID = 1.2.840.113549.1.1.11

  Key:  Sun RSA public key, 2048 bits
  modulus: 26667733344901105960569751727828569487214718708670945411188295642815606009560465347954545110592222944090982918465809468419238097364240524173209724878583398722100079734240131613765957603945675438531277654589865657668875533447087897042522082820053362269921081494634218619103722283987100002127744495735659330377296158667180517233635226043251542377330609155607362306352555072875158429670985653207961321353434474546723452521700302196843309492385382168858877968545394718449793701241526884292374101949696866959127615458759504166010855854580719538864213377660845095685904776645547354617687492052899918169806504259680521841033
  public exponent: 65537
  Validity: [From: Thu May 12 17:06:51 WEST 2016,
               To: Wed Aug 10 17:06:51 WEST 2016]
  Issuer: C=PT, L=Lisbon, O=IST, OU=DEI, CN=DistributedSystems
  SerialNumber: [    e012b535 b8ce9382]

]
  Algorithm: [SHA256withRSA]
  Signature:
0000: 26 0A 45 7B D7 52 8A 8F   BE 4A 66 D8 54 FC 68 C3  &.E..R...Jf.T.h.
0010: 07 08 D8 44 DB D3 C7 BB   DF C4 0D 18 28 67 D4 30  ...D........(g.0
0020: 15 3D 66 17 A9 74 76 FA   56 61 99 2F 46 EE 96 DF  .=f..tv.Va./F...
0030: 92 9C 25 F4 7B D3 39 73   40 C1 8C B4 3A EF A5 23  ..%...9s@...:..#
0040: 95 06 4F 35 39 79 13 AF   44 7A 82 C4 E5 E8 E9 7E  ..O59y..Dz......
0050: C7 A5 C8 A5 C4 BB ED 1A   FA EF C1 B2 80 1F 7F A8  ................
0060: 1E 67 EE 56 2D 28 B8 55   1C 80 E9 2B 0E 59 12 B2  .g.V-(.U...+.Y..
0070: 35 B6 86 94 01 F9 F0 BF   61 5F BB 14 74 1B 12 C7  5.......a_..t...
0080: 81 90 F4 53 6B A9 C1 C8   D3 2F 83 09 D4 1F B0 76  ...Sk..../.....v
0090: B6 4A 83 1F DD F0 36 BD   FC F0 E8 D3 60 E9 88 74  .J....6.....`..t
00A0: D6 0D F4 92 ED A0 27 B1   B0 8E 0F E0 B8 04 6B F9  ......'.......k.
00B0: D5 FF E2 7E A2 E7 08 E1   08 9D 2D 17 14 A9 B8 44  ..........-....D
00C0: 33 63 DB 1C 96 0A D4 46   0F FF 5D 88 86 36 B6 A8  3c.....F..]..6..
00D0: 0A F2 97 30 17 3B B1 DB   4F AE DF 35 08 8E 82 58  ...0.;..O..5...X
00E0: 42 5B E2 F8 4D CE BB E9   D7 07 1F C3 00 5C C4 78  B[..M........\.x
00F0: AA 02 86 4D CF D2 66 FE   47 80 7C CB E6 0C DD 2F  ...M..f.G....../

]
Caught exception in handleMessage: java.lang.NullPointerException
Continue normal processing...
Inbound SOAP message:
<S:Envelope xmlns:S="http://schemas.xmlsoap.org/soap/envelope/" xmlns:SOAP-ENV="http://schemas.xmlsoap.org/soap/envelope/"><SOAP-ENV:Header><d:myHeader xmlns:d="http://demo">IEGRPc962kg+hlwcSZ2tSpA/WIcuXLqc0Dt7tLnzsnmUSvYpBqSIurGK1XLkdJJnolwU1ulBn8cRy8yeKQudj1ii32rLCNrXQGPfqq0SKVsY+8CYkqoYxnYwDqFYEl0EezEFgQSz7OjxY4aVj1euEZYHz++LcOLfwQiDMwW4lieRNRRjFR5PLHA2WUnZyRq5RqCjD8YuH+rStV8GhqlQV7OeWUsmNARh5MVGHtH+58I6kOZsLVMToLR62YfvGebEvxrvRQNGPFfQjNAB+4jGiqSE5ChIZqqakMhQeCu9sKG4WDyxqy7SEGSFyTBa5vBwBnxlytVku0XJXTwN2vsbag==</d:myHeader><e:myRequestHeader xmlns:e="urn:example">UpaTransporter1</e:myRequestHeader><e:myID xmlns:e="http://demo">4d31351b-6894-4420-a1ce-096b862daa2f</e:myID><d:myHeader1 xmlns:d="http://demo">vW7ZadrN3MExawf1I9NFiyuGLSf+8wmDGpZBG5t/XjTC0u66IrhYvMqX0SmeATAIi2EkwNAHVHroJomOMkel6rltHQcEcCnWfhYxI6BMzfxBUaR32sVZ57cFgMdRqrlO4fKxGOu+Npm7bdFLq+HRs9xIqOsxep+pRG0fckYItb3qOH5pZAtDecu8MVP1riXIukFA90fW88eA9fFXpFX2ieNRXDleoU0HytJie34GQjqnu8zNvJeBxLMTHZlUW6D6ZGYGB3Qo8fW8Ypre9gtbmZYmWOJp9yNDPPmzp7wO1G1LsrZBli6POekApv5ZXQq0zDIokEK9gymrfIOlzbVL7w==</d:myHeader1></SOAP-ENV:Header><S:Body><ns2:jobStatusResponse xmlns:ns2="http://ws.transporter.upa.pt/"><return><companyName>UpaTransporter1</companyName><jobIdentifier>0</jobIdentifier><jobOrigin>Lisboa</jobOrigin><jobDestination>Coimbra</jobDestination><jobPrice>5</jobPrice><jobState>ONGOING</jobState></return></ns2:jobStatusResponse></S:Body></S:Envelope>
Outbound SOAP message:
<S:Envelope xmlns:S="http://schemas.xmlsoap.org/soap/envelope/" xmlns:SOAP-ENV="http://schemas.xmlsoap.org/soap/envelope/"><SOAP-ENV:Header/><S:Body><ns2:jobStatus xmlns:ns2="http://ws.transporter.upa.pt/"><id>0</id></ns2:jobStatus></S:Body></S:Envelope>
AddHeaderHandler: Handling message.
Text:
[S:Body: null]
Bytes:
5B533A426F64793A206E756C6C5D
Signing ...
Caught exception in handleMessage: java.lang.NullPointerException
Continue normal processing...
AddHeaderHandler: Handling message.
Text:
[S:Body: null]
Bytes:
5B533A426F64793A206E756C6C5D
got 'UpaTransporter1'
Contacting UDDI at http://localhost:9090
Looking for 'Ca'
Found http://localhost:8090/ca-ws/endpoint
Creating stub ...
Setting endpoint address ...
[
[
  Version: V1
  Subject: CN=DistributedSystems, OU=DEI, O=IST, L=Lisbon, ST=Lisbon, C=PT
  Signature Algorithm: SHA256withRSA, OID = 1.2.840.113549.1.1.11

  Key:  Sun RSA public key, 2048 bits
  modulus: 26667733344901105960569751727828569487214718708670945411188295642815606009560465347954545110592222944090982918465809468419238097364240524173209724878583398722100079734240131613765957603945675438531277654589865657668875533447087897042522082820053362269921081494634218619103722283987100002127744495735659330377296158667180517233635226043251542377330609155607362306352555072875158429670985653207961321353434474546723452521700302196843309492385382168858877968545394718449793701241526884292374101949696866959127615458759504166010855854580719538864213377660845095685904776645547354617687492052899918169806504259680521841033
  public exponent: 65537
  Validity: [From: Thu May 12 17:06:51 WEST 2016,
               To: Wed Aug 10 17:06:51 WEST 2016]
  Issuer: C=PT, L=Lisbon, O=IST, OU=DEI, CN=DistributedSystems
  SerialNumber: [    e012b535 b8ce9382]

]
  Algorithm: [SHA256withRSA]
  Signature:
0000: 26 0A 45 7B D7 52 8A 8F   BE 4A 66 D8 54 FC 68 C3  &.E..R...Jf.T.h.
0010: 07 08 D8 44 DB D3 C7 BB   DF C4 0D 18 28 67 D4 30  ...D........(g.0
0020: 15 3D 66 17 A9 74 76 FA   56 61 99 2F 46 EE 96 DF  .=f..tv.Va./F...
0030: 92 9C 25 F4 7B D3 39 73   40 C1 8C B4 3A EF A5 23  ..%...9s@...:..#
0040: 95 06 4F 35 39 79 13 AF   44 7A 82 C4 E5 E8 E9 7E  ..O59y..Dz......
0050: C7 A5 C8 A5 C4 BB ED 1A   FA EF C1 B2 80 1F 7F A8  ................
0060: 1E 67 EE 56 2D 28 B8 55   1C 80 E9 2B 0E 59 12 B2  .g.V-(.U...+.Y..
0070: 35 B6 86 94 01 F9 F0 BF   61 5F BB 14 74 1B 12 C7  5.......a_..t...
0080: 81 90 F4 53 6B A9 C1 C8   D3 2F 83 09 D4 1F B0 76  ...Sk..../.....v
0090: B6 4A 83 1F DD F0 36 BD   FC F0 E8 D3 60 E9 88 74  .J....6.....`..t
00A0: D6 0D F4 92 ED A0 27 B1   B0 8E 0F E0 B8 04 6B F9  ......'.......k.
00B0: D5 FF E2 7E A2 E7 08 E1   08 9D 2D 17 14 A9 B8 44  ..........-....D
00C0: 33 63 DB 1C 96 0A D4 46   0F FF 5D 88 86 36 B6 A8  3c.....F..]..6..
00D0: 0A F2 97 30 17 3B B1 DB   4F AE DF 35 08 8E 82 58  ...0.;..O..5...X
00E0: 42 5B E2 F8 4D CE BB E9   D7 07 1F C3 00 5C C4 78  B[..M........\.x
00F0: AA 02 86 4D CF D2 66 FE   47 80 7C CB E6 0C DD 2F  ...M..f.G....../

]
Caught exception in handleMessage: java.lang.NullPointerException
Continue normal processing...
Inbound SOAP message:
<S:Envelope xmlns:S="http://schemas.xmlsoap.org/soap/envelope/" xmlns:SOAP-ENV="http://schemas.xmlsoap.org/soap/envelope/"><SOAP-ENV:Header><d:myHeader xmlns:d="http://demo">IEGRPc962kg+hlwcSZ2tSpA/WIcuXLqc0Dt7tLnzsnmUSvYpBqSIurGK1XLkdJJnolwU1ulBn8cRy8yeKQudj1ii32rLCNrXQGPfqq0SKVsY+8CYkqoYxnYwDqFYEl0EezEFgQSz7OjxY4aVj1euEZYHz++LcOLfwQiDMwW4lieRNRRjFR5PLHA2WUnZyRq5RqCjD8YuH+rStV8GhqlQV7OeWUsmNARh5MVGHtH+58I6kOZsLVMToLR62YfvGebEvxrvRQNGPFfQjNAB+4jGiqSE5ChIZqqakMhQeCu9sKG4WDyxqy7SEGSFyTBa5vBwBnxlytVku0XJXTwN2vsbag==</d:myHeader><e:myRequestHeader xmlns:e="urn:example">UpaTransporter1</e:myRequestHeader><e:myID xmlns:e="http://demo">7eee4140-75a7-409f-8839-13da533b93f1</e:myID><d:myHeader1 xmlns:d="http://demo">sD4wwQ1z/dMGftaRkxskKqEtS/pF/1KwlTJLHeyzjHiCVVd0MVVOq4HR7B1Xh2yOsim6EZI5QGNDmS5fwZcZyKWagN1HqqU7IqKkPHfKhcjtbK4066NEHVfpC5lyIAyFLUuxcxAARsk0nuAcODGUBRb8f/mVJXrZ4x6Hk3/vtb0YH7argCjhDre6xoJGi/cPKJWP6+MqGmCL/p85jyS7TJ4rDNDTUPIB2ONymstWRfUfnTdPwetPJAeBy2I3TNi4k+Bp5qf/tE8GXL3eua08bKJTz707eTVzGcyussPhoH4s5oiogyIRsyf4EQcapvCVl+k8EbldZ29FAEyrxZHuFQ==</d:myHeader1></SOAP-ENV:Header><S:Body><ns2:jobStatusResponse xmlns:ns2="http://ws.transporter.upa.pt/"><return><companyName>UpaTransporter1</companyName><jobIdentifier>0</jobIdentifier><jobOrigin>Lisboa</jobOrigin><jobDestination>Coimbra</jobDestination><jobPrice>5</jobPrice><jobState>ONGOING</jobState></return></ns2:jobStatusResponse></S:Body></S:Envelope>
Outbound SOAP message:
<S:Envelope xmlns:S="http://schemas.xmlsoap.org/soap/envelope/" xmlns:SOAP-ENV="http://schemas.xmlsoap.org/soap/envelope/"><SOAP-ENV:Header/><S:Body><ns2:jobStatus xmlns:ns2="http://ws.transporter.upa.pt/"><id>0</id></ns2:jobStatus></S:Body></S:Envelope>
AddHeaderHandler: Handling message.
Text:
[S:Body: null]
Bytes:
5B533A426F64793A206E756C6C5D
Signing ...
Caught exception in handleMessage: java.lang.NullPointerException
Continue normal processing...
AddHeaderHandler: Handling message.
Text:
[S:Body: null]
Bytes:
5B533A426F64793A206E756C6C5D
got 'UpaTransporter1'
Contacting UDDI at http://localhost:9090
Looking for 'Ca'
Found http://localhost:8090/ca-ws/endpoint
Creating stub ...
Setting endpoint address ...
[
[
  Version: V1
  Subject: CN=DistributedSystems, OU=DEI, O=IST, L=Lisbon, ST=Lisbon, C=PT
  Signature Algorithm: SHA256withRSA, OID = 1.2.840.113549.1.1.11

  Key:  Sun RSA public key, 2048 bits
  modulus: 26667733344901105960569751727828569487214718708670945411188295642815606009560465347954545110592222944090982918465809468419238097364240524173209724878583398722100079734240131613765957603945675438531277654589865657668875533447087897042522082820053362269921081494634218619103722283987100002127744495735659330377296158667180517233635226043251542377330609155607362306352555072875158429670985653207961321353434474546723452521700302196843309492385382168858877968545394718449793701241526884292374101949696866959127615458759504166010855854580719538864213377660845095685904776645547354617687492052899918169806504259680521841033
  public exponent: 65537
  Validity: [From: Thu May 12 17:06:51 WEST 2016,
               To: Wed Aug 10 17:06:51 WEST 2016]
  Issuer: C=PT, L=Lisbon, O=IST, OU=DEI, CN=DistributedSystems
  SerialNumber: [    e012b535 b8ce9382]

]
  Algorithm: [SHA256withRSA]
  Signature:
0000: 26 0A 45 7B D7 52 8A 8F   BE 4A 66 D8 54 FC 68 C3  &.E..R...Jf.T.h.
0010: 07 08 D8 44 DB D3 C7 BB   DF C4 0D 18 28 67 D4 30  ...D........(g.0
0020: 15 3D 66 17 A9 74 76 FA   56 61 99 2F 46 EE 96 DF  .=f..tv.Va./F...
0030: 92 9C 25 F4 7B D3 39 73   40 C1 8C B4 3A EF A5 23  ..%...9s@...:..#
0040: 95 06 4F 35 39 79 13 AF   44 7A 82 C4 E5 E8 E9 7E  ..O59y..Dz......
0050: C7 A5 C8 A5 C4 BB ED 1A   FA EF C1 B2 80 1F 7F A8  ................
0060: 1E 67 EE 56 2D 28 B8 55   1C 80 E9 2B 0E 59 12 B2  .g.V-(.U...+.Y..
0070: 35 B6 86 94 01 F9 F0 BF   61 5F BB 14 74 1B 12 C7  5.......a_..t...
0080: 81 90 F4 53 6B A9 C1 C8   D3 2F 83 09 D4 1F B0 76  ...Sk..../.....v
0090: B6 4A 83 1F DD F0 36 BD   FC F0 E8 D3 60 E9 88 74  .J....6.....`..t
00A0: D6 0D F4 92 ED A0 27 B1   B0 8E 0F E0 B8 04 6B F9  ......'.......k.
00B0: D5 FF E2 7E A2 E7 08 E1   08 9D 2D 17 14 A9 B8 44  ..........-....D
00C0: 33 63 DB 1C 96 0A D4 46   0F FF 5D 88 86 36 B6 A8  3c.....F..]..6..
00D0: 0A F2 97 30 17 3B B1 DB   4F AE DF 35 08 8E 82 58  ...0.;..O..5...X
00E0: 42 5B E2 F8 4D CE BB E9   D7 07 1F C3 00 5C C4 78  B[..M........\.x
00F0: AA 02 86 4D CF D2 66 FE   47 80 7C CB E6 0C DD 2F  ...M..f.G....../

]
Caught exception in handleMessage: java.lang.NullPointerException
Continue normal processing...
Inbound SOAP message:
<S:Envelope xmlns:S="http://schemas.xmlsoap.org/soap/envelope/" xmlns:SOAP-ENV="http://schemas.xmlsoap.org/soap/envelope/"><SOAP-ENV:Header><d:myHeader xmlns:d="http://demo">IEGRPc962kg+hlwcSZ2tSpA/WIcuXLqc0Dt7tLnzsnmUSvYpBqSIurGK1XLkdJJnolwU1ulBn8cRy8yeKQudj1ii32rLCNrXQGPfqq0SKVsY+8CYkqoYxnYwDqFYEl0EezEFgQSz7OjxY4aVj1euEZYHz++LcOLfwQiDMwW4lieRNRRjFR5PLHA2WUnZyRq5RqCjD8YuH+rStV8GhqlQV7OeWUsmNARh5MVGHtH+58I6kOZsLVMToLR62YfvGebEvxrvRQNGPFfQjNAB+4jGiqSE5ChIZqqakMhQeCu9sKG4WDyxqy7SEGSFyTBa5vBwBnxlytVku0XJXTwN2vsbag==</d:myHeader><e:myRequestHeader xmlns:e="urn:example">UpaTransporter1</e:myRequestHeader><e:myID xmlns:e="http://demo">6b0b4ecc-5f4b-45c8-8254-4c45ab4790a6</e:myID><d:myHeader1 xmlns:d="http://demo">poyI5HpPVK8x4d9IG9v89jIpKJDLMt65B0DzA20cWexY3tkat9ujoh9M6nSHPNskbaTZx8JUOGzqs+YFRqAf1XzlTn8wJGzk7zivn/MFCAzo9/3yFAFrLDCJOtVdOEEofHuHGH0Jakqd3rAzu/XHs63Foy3kMLwq1dkqu11fFw9u89IHVbHi6V46EeG8tbkBqZnonvkPYm4FhbOk3cJ8oUrdLVP8HZ75t6Dgfpt/QFhaKJhIAmKSJ2b/eQH10pNrLlXwXvKHGjGMTlwtBOypGy3vajlnha1qgVsLSe/WdUUw0EMkTWcFfBUdSVNdJcxJlLaamzl0C9XEzA21bAMLSA==</d:myHeader1></SOAP-ENV:Header><S:Body><ns2:jobStatusResponse xmlns:ns2="http://ws.transporter.upa.pt/"><return><companyName>UpaTransporter1</companyName><jobIdentifier>0</jobIdentifier><jobOrigin>Lisboa</jobOrigin><jobDestination>Coimbra</jobDestination><jobPrice>5</jobPrice><jobState>ONGOING</jobState></return></ns2:jobStatusResponse></S:Body></S:Envelope>
Outbound SOAP message:
<S:Envelope xmlns:S="http://schemas.xmlsoap.org/soap/envelope/" xmlns:SOAP-ENV="http://schemas.xmlsoap.org/soap/envelope/"><SOAP-ENV:Header/><S:Body><ns2:jobStatus xmlns:ns2="http://ws.transporter.upa.pt/"><id>0</id></ns2:jobStatus></S:Body></S:Envelope>
AddHeaderHandler: Handling message.
Text:
[S:Body: null]
Bytes:
5B533A426F64793A206E756C6C5D
Signing ...
Caught exception in handleMessage: java.lang.NullPointerException
Continue normal processing...
AddHeaderHandler: Handling message.
Text:
[S:Body: null]
Bytes:
5B533A426F64793A206E756C6C5D
got 'UpaTransporter1'
Contacting UDDI at http://localhost:9090
Looking for 'Ca'
Found http://localhost:8090/ca-ws/endpoint
Creating stub ...
Setting endpoint address ...
[
[
  Version: V1
  Subject: CN=DistributedSystems, OU=DEI, O=IST, L=Lisbon, ST=Lisbon, C=PT
  Signature Algorithm: SHA256withRSA, OID = 1.2.840.113549.1.1.11

  Key:  Sun RSA public key, 2048 bits
  modulus: 26667733344901105960569751727828569487214718708670945411188295642815606009560465347954545110592222944090982918465809468419238097364240524173209724878583398722100079734240131613765957603945675438531277654589865657668875533447087897042522082820053362269921081494634218619103722283987100002127744495735659330377296158667180517233635226043251542377330609155607362306352555072875158429670985653207961321353434474546723452521700302196843309492385382168858877968545394718449793701241526884292374101949696866959127615458759504166010855854580719538864213377660845095685904776645547354617687492052899918169806504259680521841033
  public exponent: 65537
  Validity: [From: Thu May 12 17:06:51 WEST 2016,
               To: Wed Aug 10 17:06:51 WEST 2016]
  Issuer: C=PT, L=Lisbon, O=IST, OU=DEI, CN=DistributedSystems
  SerialNumber: [    e012b535 b8ce9382]

]
  Algorithm: [SHA256withRSA]
  Signature:
0000: 26 0A 45 7B D7 52 8A 8F   BE 4A 66 D8 54 FC 68 C3  &.E..R...Jf.T.h.
0010: 07 08 D8 44 DB D3 C7 BB   DF C4 0D 18 28 67 D4 30  ...D........(g.0
0020: 15 3D 66 17 A9 74 76 FA   56 61 99 2F 46 EE 96 DF  .=f..tv.Va./F...
0030: 92 9C 25 F4 7B D3 39 73   40 C1 8C B4 3A EF A5 23  ..%...9s@...:..#
0040: 95 06 4F 35 39 79 13 AF   44 7A 82 C4 E5 E8 E9 7E  ..O59y..Dz......
0050: C7 A5 C8 A5 C4 BB ED 1A   FA EF C1 B2 80 1F 7F A8  ................
0060: 1E 67 EE 56 2D 28 B8 55   1C 80 E9 2B 0E 59 12 B2  .g.V-(.U...+.Y..
0070: 35 B6 86 94 01 F9 F0 BF   61 5F BB 14 74 1B 12 C7  5.......a_..t...
0080: 81 90 F4 53 6B A9 C1 C8   D3 2F 83 09 D4 1F B0 76  ...Sk..../.....v
0090: B6 4A 83 1F DD F0 36 BD   FC F0 E8 D3 60 E9 88 74  .J....6.....`..t
00A0: D6 0D F4 92 ED A0 27 B1   B0 8E 0F E0 B8 04 6B F9  ......'.......k.
00B0: D5 FF E2 7E A2 E7 08 E1   08 9D 2D 17 14 A9 B8 44  ..........-....D
00C0: 33 63 DB 1C 96 0A D4 46   0F FF 5D 88 86 36 B6 A8  3c.....F..]..6..
00D0: 0A F2 97 30 17 3B B1 DB   4F AE DF 35 08 8E 82 58  ...0.;..O..5...X
00E0: 42 5B E2 F8 4D CE BB E9   D7 07 1F C3 00 5C C4 78  B[..M........\.x
00F0: AA 02 86 4D CF D2 66 FE   47 80 7C CB E6 0C DD 2F  ...M..f.G....../

]
Caught exception in handleMessage: java.lang.NullPointerException
Continue normal processing...
Inbound SOAP message:
<S:Envelope xmlns:S="http://schemas.xmlsoap.org/soap/envelope/" xmlns:SOAP-ENV="http://schemas.xmlsoap.org/soap/envelope/"><SOAP-ENV:Header><d:myHeader xmlns:d="http://demo">IEGRPc962kg+hlwcSZ2tSpA/WIcuXLqc0Dt7tLnzsnmUSvYpBqSIurGK1XLkdJJnolwU1ulBn8cRy8yeKQudj1ii32rLCNrXQGPfqq0SKVsY+8CYkqoYxnYwDqFYEl0EezEFgQSz7OjxY4aVj1euEZYHz++LcOLfwQiDMwW4lieRNRRjFR5PLHA2WUnZyRq5RqCjD8YuH+rStV8GhqlQV7OeWUsmNARh5MVGHtH+58I6kOZsLVMToLR62YfvGebEvxrvRQNGPFfQjNAB+4jGiqSE5ChIZqqakMhQeCu9sKG4WDyxqy7SEGSFyTBa5vBwBnxlytVku0XJXTwN2vsbag==</d:myHeader><e:myRequestHeader xmlns:e="urn:example">UpaTransporter1</e:myRequestHeader><e:myID xmlns:e="http://demo">82e33f02-9e25-4ce0-abe9-23ed22d352ba</e:myID><d:myHeader1 xmlns:d="http://demo">D0iXhiZcLfSafBWwvoCxNv1Aee+73Vqxe/oPLnliE4eXh6gD94v/HZwLvi++OkldEm+IoGaSSfpor55NRWXri/o6LeQCGZOGMkBjjzASbOhQisSB0ZE0HhGjWO7JEYmElygq7PofcDm+5pZJt4KW3+TBaP+KOGG83cpnN7HJvaN/NTDNb7ZU4Y9zkSQ3TX/wymdFUSLjs8lUPvHazv2vFz8dP79zOwKxxNIaDdV8aUzOODcuuXmqBsEl3Hb34ODB/u5PFEYBXKGHYjeP+jkiTvsRlds9BxxOLul8JaoRK1zsc+mUmlmE5KhRqmoiPueOmvzGuCLUkEzz/tgqnDBC9g==</d:myHeader1></SOAP-ENV:Header><S:Body><ns2:jobStatusResponse xmlns:ns2="http://ws.transporter.upa.pt/"><return><companyName>UpaTransporter1</companyName><jobIdentifier>0</jobIdentifier><jobOrigin>Lisboa</jobOrigin><jobDestination>Coimbra</jobDestination><jobPrice>5</jobPrice><jobState>COMPLETED</jobState></return></ns2:jobStatusResponse></S:Body></S:Envelope>
Outbound SOAP message:
<S:Envelope xmlns:S="http://schemas.xmlsoap.org/soap/envelope/" xmlns:SOAP-ENV="http://schemas.xmlsoap.org/soap/envelope/"><SOAP-ENV:Header/><S:Body><ns2:clearJobs xmlns:ns2="http://ws.transporter.upa.pt/"/></S:Body></S:Envelope>
AddHeaderHandler: Handling message.
Text:
[S:Body: null]
Bytes:
5B533A426F64793A206E756C6C5D
Signing ...
Caught exception in handleMessage: java.lang.NullPointerException
Continue normal processing...
AddHeaderHandler: Handling message.
Text:
[S:Body: null]
Bytes:
5B533A426F64793A206E756C6C5D
got 'UpaTransporter1'
Contacting UDDI at http://localhost:9090
Looking for 'Ca'
Found http://localhost:8090/ca-ws/endpoint
Creating stub ...
Setting endpoint address ...
[
[
  Version: V1
  Subject: CN=DistributedSystems, OU=DEI, O=IST, L=Lisbon, ST=Lisbon, C=PT
  Signature Algorithm: SHA256withRSA, OID = 1.2.840.113549.1.1.11

  Key:  Sun RSA public key, 2048 bits
  modulus: 26667733344901105960569751727828569487214718708670945411188295642815606009560465347954545110592222944090982918465809468419238097364240524173209724878583398722100079734240131613765957603945675438531277654589865657668875533447087897042522082820053362269921081494634218619103722283987100002127744495735659330377296158667180517233635226043251542377330609155607362306352555072875158429670985653207961321353434474546723452521700302196843309492385382168858877968545394718449793701241526884292374101949696866959127615458759504166010855854580719538864213377660845095685904776645547354617687492052899918169806504259680521841033
  public exponent: 65537
  Validity: [From: Thu May 12 17:06:51 WEST 2016,
               To: Wed Aug 10 17:06:51 WEST 2016]
  Issuer: C=PT, L=Lisbon, O=IST, OU=DEI, CN=DistributedSystems
  SerialNumber: [    e012b535 b8ce9382]

]
  Algorithm: [SHA256withRSA]
  Signature:
0000: 26 0A 45 7B D7 52 8A 8F   BE 4A 66 D8 54 FC 68 C3  &.E..R...Jf.T.h.
0010: 07 08 D8 44 DB D3 C7 BB   DF C4 0D 18 28 67 D4 30  ...D........(g.0
0020: 15 3D 66 17 A9 74 76 FA   56 61 99 2F 46 EE 96 DF  .=f..tv.Va./F...
0030: 92 9C 25 F4 7B D3 39 73   40 C1 8C B4 3A EF A5 23  ..%...9s@...:..#
0040: 95 06 4F 35 39 79 13 AF   44 7A 82 C4 E5 E8 E9 7E  ..O59y..Dz......
0050: C7 A5 C8 A5 C4 BB ED 1A   FA EF C1 B2 80 1F 7F A8  ................
0060: 1E 67 EE 56 2D 28 B8 55   1C 80 E9 2B 0E 59 12 B2  .g.V-(.U...+.Y..
0070: 35 B6 86 94 01 F9 F0 BF   61 5F BB 14 74 1B 12 C7  5.......a_..t...
0080: 81 90 F4 53 6B A9 C1 C8   D3 2F 83 09 D4 1F B0 76  ...Sk..../.....v
0090: B6 4A 83 1F DD F0 36 BD   FC F0 E8 D3 60 E9 88 74  .J....6.....`..t
00A0: D6 0D F4 92 ED A0 27 B1   B0 8E 0F E0 B8 04 6B F9  ......'.......k.
00B0: D5 FF E2 7E A2 E7 08 E1   08 9D 2D 17 14 A9 B8 44  ..........-....D
00C0: 33 63 DB 1C 96 0A D4 46   0F FF 5D 88 86 36 B6 A8  3c.....F..]..6..
00D0: 0A F2 97 30 17 3B B1 DB   4F AE DF 35 08 8E 82 58  ...0.;..O..5...X
00E0: 42 5B E2 F8 4D CE BB E9   D7 07 1F C3 00 5C C4 78  B[..M........\.x
00F0: AA 02 86 4D CF D2 66 FE   47 80 7C CB E6 0C DD 2F  ...M..f.G....../

]
Caught exception in handleMessage: java.lang.NullPointerException
Continue normal processing...
Inbound SOAP message:
<S:Envelope xmlns:S="http://schemas.xmlsoap.org/soap/envelope/" xmlns:SOAP-ENV="http://schemas.xmlsoap.org/soap/envelope/"><SOAP-ENV:Header><d:myHeader xmlns:d="http://demo">IEGRPc962kg+hlwcSZ2tSpA/WIcuXLqc0Dt7tLnzsnmUSvYpBqSIurGK1XLkdJJnolwU1ulBn8cRy8yeKQudj1ii32rLCNrXQGPfqq0SKVsY+8CYkqoYxnYwDqFYEl0EezEFgQSz7OjxY4aVj1euEZYHz++LcOLfwQiDMwW4lieRNRRjFR5PLHA2WUnZyRq5RqCjD8YuH+rStV8GhqlQV7OeWUsmNARh5MVGHtH+58I6kOZsLVMToLR62YfvGebEvxrvRQNGPFfQjNAB+4jGiqSE5ChIZqqakMhQeCu9sKG4WDyxqy7SEGSFyTBa5vBwBnxlytVku0XJXTwN2vsbag==</d:myHeader><e:myRequestHeader xmlns:e="urn:example">UpaTransporter1</e:myRequestHeader><e:myID xmlns:e="http://demo">431f9f0c-951b-44ea-b88e-64756036d48a</e:myID><d:myHeader1 xmlns:d="http://demo">k+ybOwL0qI2JyQb24w9s+tLEjy3ieZChG4YopecnvyGG37pFu3DLb/iOfKgWlK77qwbBSB5fm0Mpvfo3jpL6chDvjyxMeFOa/PoJMvayvNDjJ4tJiWYOCfh/84WffPZH0i0XdICmu6oyAUb2QBuCPMmGzLpSozO2MOwkwIo4pdA3yp1BgmbmeXOrYYJlDW5ND7CF4XwFFJc2bly/6iJnUNhQAPJeyeoK1eJClSMI+nXO9gQZ2X6tDSZqJbU6toJK99RnA8xmOCuEHOWJHxbav7pEnwn1vrP+F9fC9+MGK0uHKDw5ODH2VJRNA/p68+qqULJZTK7TYZSVZVwi+speEA==</d:myHeader1></SOAP-ENV:Header><S:Body><ns2:clearJobsResponse xmlns:ns2="http://ws.transporter.upa.pt/"/></S:Body></S:Envelope>
Outbound SOAP message:
<S:Envelope xmlns:S="http://schemas.xmlsoap.org/soap/envelope/" xmlns:SOAP-ENV="http://schemas.xmlsoap.org/soap/envelope/"><SOAP-ENV:Header/><S:Body><ns2:clearJobs xmlns:ns2="http://ws.transporter.upa.pt/"/></S:Body></S:Envelope>
AddHeaderHandler: Handling message.
Text:
[S:Body: null]
Bytes:
5B533A426F64793A206E756C6C5D
Signing ...
Caught exception in handleMessage: java.lang.NullPointerException
Continue normal processing...
AddHeaderHandler: Handling message.
Text:
[S:Body: null]
Bytes:
5B533A426F64793A206E756C6C5D
got 'UpaTransporter2'
Contacting UDDI at http://localhost:9090
Looking for 'Ca'
Found http://localhost:8090/ca-ws/endpoint
Creating stub ...
Setting endpoint address ...
[
[
  Version: V1
  Subject: CN=DistributedSystems, OU=DEI, O=IST, L=Lisbon, ST=Lisbon, C=PT
  Signature Algorithm: SHA256withRSA, OID = 1.2.840.113549.1.1.11

  Key:  Sun RSA public key, 2048 bits
  modulus: 25568275295135741729890398195085678501983649880129487905030106685140177289903286732294645744855579311327015189111743766558986631597483403998109237816719509855548063671147591339594123266175393529105645816429377601032458565328722076895305386127848841298633245803012232759828738355805026754412531665838656336324366251175816132758537932293363822463762743223417287926544455008676851230515941569899422749704962262936966223451886693593210107952875334266292692267422916364876394640386681342404529536777747738674963918465384318869448033794531154822935036828216720723508755036573670690921840596563692976630497858923918569523983
  public exponent: 65537
  Validity: [From: Thu May 12 17:06:52 WEST 2016,
               To: Wed Aug 10 17:06:52 WEST 2016]
  Issuer: C=PT, L=Lisbon, O=IST, OU=DEI, CN=DistributedSystems
  SerialNumber: [    e012b535 b8ce9383]

]
  Algorithm: [SHA256withRSA]
  Signature:
0000: A1 1A 86 8F F3 1F E9 0B   7E 49 74 FD B9 2D 52 12  .........It..-R.
0010: 71 06 75 3B 53 B6 F0 72   0A 11 81 C4 C9 35 7D CC  q.u;S..r.....5..
0020: FE 35 53 EA C3 A5 BF AB   82 FF 93 35 EE 65 E1 7D  .5S........5.e..
0030: 3C 73 E7 46 E1 AA 68 88   24 C8 48 30 12 77 B3 D1  <s.F..h.$.H0.w..
0040: 33 99 D9 CD 1E 2F 02 6B   C0 B4 7B 1D 7A 70 15 EE  3..../.k....zp..
0050: 70 E6 A2 0D FB 3F E8 67   A0 E7 F7 DE 39 EB 24 0E  p....?.g....9.$.
0060: A8 8F D5 BC 1E 16 F3 1B   B0 24 60 8C A5 98 BF 1B  .........$`.....
0070: 19 FF 88 CE E7 67 27 32   D4 D7 0F 01 AA E6 C0 B7  .....g'2........
0080: 2C 01 92 83 A4 F5 68 94   4E 86 93 18 55 35 43 8C  ,.....h.N...U5C.
0090: 19 51 5A 66 22 48 B2 B7   AE D7 88 A6 C6 C7 D3 58  .QZf"H.........X
00A0: 43 CD 11 3F A6 4C BF 52   54 6D 58 E0 46 A4 DE 43  C..?.L.RTmX.F..C
00B0: A1 38 BC F2 EB AD 98 4F   DF EE E9 29 24 F0 E1 EC  .8.....O...)$...
00C0: E7 73 A4 6D 32 25 3E 92   5B 8C B4 38 53 49 28 95  .s.m2%>.[..8SI(.
00D0: FC B5 BC A9 BC C1 67 07   6C E4 49 02 D9 0E E4 39  ......g.l.I....9
00E0: 22 C7 25 10 61 55 5E DF   03 27 F0 68 9A 80 3F 3F  ".%.aU^..'.h..??
00F0: DF CA E8 E2 B5 56 83 D4   5A 16 76 1B 90 3D 02 E9  .....V..Z.v..=..

]
Caught exception in handleMessage: java.lang.NullPointerException
Continue normal processing...
Inbound SOAP message:
<S:Envelope xmlns:S="http://schemas.xmlsoap.org/soap/envelope/" xmlns:SOAP-ENV="http://schemas.xmlsoap.org/soap/envelope/"><SOAP-ENV:Header><d:myHeader xmlns:d="http://demo">prk3NihuNAGNVPflOSJ/ItuMxCFPj7vIeb4/W1cELPJJRTDZ89IR2i2txjcXrAfmEJ+Ffq//DAemATZKF3loDutpivZaprj1+WOfbFT2AAoPE9F452YJiNOCUNVRre9ZKwlxQfU5wK5anPi0ufNylMNmyzdiqyHULEEv5KTm4g/nzlnncEjYLwLB3xaM+t+eGnmXSqjwva2c1CVQVpCHloU44TzarA7y5SC14jG851gwOAD+yOU3GLlbWE+DOgxvhDuj3WaqXNjAshU9zPZeGBOkWQn9jOWRjWkw4MwNzuWGUrjyTjxrmRcDP9xafQxOt/X5GBBi0NvoL0Z8K+dhFw==</d:myHeader><e:myRequestHeader xmlns:e="urn:example">UpaTransporter2</e:myRequestHeader><e:myID xmlns:e="http://demo">1b839105-d686-4ab2-8e4e-2d68b4d4133e</e:myID><d:myHeader1 xmlns:d="http://demo">H3c1O+PQ6GZcdHreoR149IGVF4GUETe0T/R1RTQ1WvhU9rzs2pc94eHiPhBImevTNUNxmFFp4kApKRtZ/h+REljhoqvyMyKUR/q8g0XxjlWaVfBIaXlPD+OEcfoIO6iNWJ5NZvxtOlHECzPN+ElWdWmL3cB+SKoCXowtHIZ2Ng5ZnH1HxD3cdQ58gglPOTjjjZmkWs5ZhTw+Y71I6tPOZWS0yO4xM0JKB6EP7gX8Ey3p1tu+eQpsTk2GQS80cc63sdBQ0rhIdYngFjy17rASZynu6pYjG816MsrdliEe4Q6LxkBsMD+1RtlhSLZ30FqybL7NVh7Fm2UzJrwLDNxXJw==</d:myHeader1></SOAP-ENV:Header><S:Body><ns2:clearJobsResponse xmlns:ns2="http://ws.transporter.upa.pt/"/></S:Body></S:Envelope>
]]></system-out>
    <system-err><![CDATA[Keystore file <null.jks> not fount.
Certificate file <ca-certificate.pem.txt> not found.
Keystore file <null.jks> not fount.
Certificate file <ca-certificate.pem.txt> not found.
Keystore file <null.jks> not fount.
Certificate file <ca-certificate.pem.txt> not found.
Keystore file <null.jks> not fount.
Certificate file <ca-certificate.pem.txt> not found.
Keystore file <null.jks> not fount.
Certificate file <ca-certificate.pem.txt> not found.
Keystore file <null.jks> not fount.
Certificate file <ca-certificate.pem.txt> not found.
Keystore file <null.jks> not fount.
Certificate file <ca-certificate.pem.txt> not found.
Keystore file <null.jks> not fount.
Certificate file <ca-certificate.pem.txt> not found.
Keystore file <null.jks> not fount.
Certificate file <ca-certificate.pem.txt> not found.
Keystore file <null.jks> not fount.
Certificate file <ca-certificate.pem.txt> not found.
Keystore file <null.jks> not fount.
Certificate file <ca-certificate.pem.txt> not found.
Keystore file <null.jks> not fount.
Certificate file <ca-certificate.pem.txt> not found.
Keystore file <null.jks> not fount.
Certificate file <ca-certificate.pem.txt> not found.
Keystore file <null.jks> not fount.
Certificate file <ca-certificate.pem.txt> not found.
Keystore file <null.jks> not fount.
Certificate file <ca-certificate.pem.txt> not found.
Keystore file <null.jks> not fount.
Certificate file <ca-certificate.pem.txt> not found.
Keystore file <null.jks> not fount.
Certificate file <ca-certificate.pem.txt> not found.
Keystore file <null.jks> not fount.
Certificate file <ca-certificate.pem.txt> not found.
Keystore file <null.jks> not fount.
Certificate file <ca-certificate.pem.txt> not found.
Keystore file <null.jks> not fount.
Certificate file <ca-certificate.pem.txt> not found.
Keystore file <null.jks> not fount.
Certificate file <ca-certificate.pem.txt> not found.
Keystore file <null.jks> not fount.
Certificate file <ca-certificate.pem.txt> not found.
Keystore file <null.jks> not fount.
Certificate file <ca-certificate.pem.txt> not found.
Keystore file <null.jks> not fount.
Certificate file <ca-certificate.pem.txt> not found.
Keystore file <null.jks> not fount.
Certificate file <ca-certificate.pem.txt> not found.
Keystore file <null.jks> not fount.
Certificate file <ca-certificate.pem.txt> not found.
Keystore file <null.jks> not fount.
Certificate file <ca-certificate.pem.txt> not found.
Keystore file <null.jks> not fount.
Certificate file <ca-certificate.pem.txt> not found.
Keystore file <null.jks> not fount.
Certificate file <ca-certificate.pem.txt> not found.
Keystore file <null.jks> not fount.
Certificate file <ca-certificate.pem.txt> not found.
Keystore file <null.jks> not fount.
Certificate file <ca-certificate.pem.txt> not found.
Keystore file <null.jks> not fount.
Certificate file <ca-certificate.pem.txt> not found.
Keystore file <null.jks> not fount.
Certificate file <ca-certificate.pem.txt> not found.
Keystore file <null.jks> not fount.
Certificate file <ca-certificate.pem.txt> not found.
Keystore file <null.jks> not fount.
Certificate file <ca-certificate.pem.txt> not found.
Keystore file <null.jks> not fount.
Certificate file <ca-certificate.pem.txt> not found.
Keystore file <null.jks> not fount.
Certificate file <ca-certificate.pem.txt> not found.
Keystore file <null.jks> not fount.
Certificate file <ca-certificate.pem.txt> not found.
Keystore file <null.jks> not fount.
Certificate file <ca-certificate.pem.txt> not found.
Keystore file <null.jks> not fount.
Certificate file <ca-certificate.pem.txt> not found.
Keystore file <null.jks> not fount.
Certificate file <ca-certificate.pem.txt> not found.
Keystore file <null.jks> not fount.
Certificate file <ca-certificate.pem.txt> not found.
Keystore file <null.jks> not fount.
Certificate file <ca-certificate.pem.txt> not found.
Keystore file <null.jks> not fount.
Certificate file <ca-certificate.pem.txt> not found.
Keystore file <null.jks> not fount.
Certificate file <ca-certificate.pem.txt> not found.
Keystore file <null.jks> not fount.
Certificate file <ca-certificate.pem.txt> not found.
Keystore file <null.jks> not fount.
Certificate file <ca-certificate.pem.txt> not found.
Keystore file <null.jks> not fount.
Certificate file <ca-certificate.pem.txt> not found.
Keystore file <null.jks> not fount.
Certificate file <ca-certificate.pem.txt> not found.
Keystore file <null.jks> not fount.
Certificate file <ca-certificate.pem.txt> not found.
Keystore file <null.jks> not fount.
Certificate file <ca-certificate.pem.txt> not found.
Keystore file <null.jks> not fount.
Certificate file <ca-certificate.pem.txt> not found.
Keystore file <null.jks> not fount.
Certificate file <ca-certificate.pem.txt> not found.
Keystore file <null.jks> not fount.
Certificate file <ca-certificate.pem.txt> not found.
Keystore file <null.jks> not fount.
Certificate file <ca-certificate.pem.txt> not found.
Keystore file <null.jks> not fount.
Certificate file <ca-certificate.pem.txt> not found.
Keystore file <null.jks> not fount.
Certificate file <ca-certificate.pem.txt> not found.
Keystore file <null.jks> not fount.
Certificate file <ca-certificate.pem.txt> not found.
Keystore file <null.jks> not fount.
Certificate file <ca-certificate.pem.txt> not found.
Keystore file <null.jks> not fount.
Certificate file <ca-certificate.pem.txt> not found.
Keystore file <null.jks> not fount.
Certificate file <ca-certificate.pem.txt> not found.
Keystore file <null.jks> not fount.
Certificate file <ca-certificate.pem.txt> not found.
Keystore file <null.jks> not fount.
Certificate file <ca-certificate.pem.txt> not found.
Keystore file <null.jks> not fount.
Certificate file <ca-certificate.pem.txt> not found.
Keystore file <null.jks> not fount.
Certificate file <ca-certificate.pem.txt> not found.
Keystore file <null.jks> not fount.
Certificate file <ca-certificate.pem.txt> not found.
Keystore file <null.jks> not fount.
Certificate file <ca-certificate.pem.txt> not found.
Keystore file <null.jks> not fount.
Certificate file <ca-certificate.pem.txt> not found.
Keystore file <null.jks> not fount.
Certificate file <ca-certificate.pem.txt> not found.
Keystore file <null.jks> not fount.
Certificate file <ca-certificate.pem.txt> not found.
Keystore file <null.jks> not fount.
Certificate file <ca-certificate.pem.txt> not found.
Keystore file <null.jks> not fount.
Certificate file <ca-certificate.pem.txt> not found.
]]></system-err>
  </testcase>
  <testcase name="testJobStatus" classname="pt.upa.transporter.ws.it.ExampleIT" time="0.568"/>
  <testcase name="testListJobs" classname="pt.upa.transporter.ws.it.ExampleIT" time="2.095"/>
</testsuite>